{"@t":"2022-11-04T20:02:26.9375764Z","@mt":"Seq {SeqVersion} running on OS {OSCaption}","SeqVersion":"2022.1.7929","OSCaption":"Linux 5.10.124-linuxkit #1 SMP Thu Jun 30 08:19:10 UTC 2022","SourceContext":"Seq.Server.Features.Diagnostics.EnvironmentInformationWriter"}
{"@t":"2022-11-04T20:02:27.1783508Z","@mt":"Seq detected {TotalRAM} MB of RAM","TotalRAM":2081.394688,"SourceContext":"Seq.Server.Features.Diagnostics.EnvironmentInformationWriter"}
{"@t":"2022-11-04T20:02:27.6770757Z","@mt":"Opening event store at {StreamPath}","StreamPath":"/data/Stream/stream.flare","SourceContext":"Flare.Cluster.StorageNodeCoordinator"}
{"@t":"2022-11-04T20:02:28.5975317Z","@mt":"Ingestion enabled","SourceContext":"Flare.Cluster.StorageNodeCoordinator"}
{"@t":"2022-11-04T20:02:28.6237072Z","@mt":"Cache warm-up is required","SourceContext":"Flare.Cache.SegmentCache","OperationId":"518fb71b-890f-4ffe-94d8-b884945d7da6"}
{"@t":"2022-11-04T20:02:28.6431864Z","@mt":"Opening metastore {MetastorePath}","MetastorePath":"/data/Documents/metastore.flare","SourceContext":"Quince.Storage.Native.NativeDocumentStore"}
{"@t":"2022-11-04T20:02:28.8752729Z","@mt":"Storage subsystem available"}
{"@t":"2022-11-04T20:02:29.0492114Z","@mt":"Seq listening on {ListenUris}","ListenUris":["http://localhost/","https://localhost/","http://localhost:5341/","https://localhost:45341/"]}
{"@t":"2022-11-04T20:02:30.7663028Z","@mt":"Initial memory cache warm-up {Outcome} in {Elapsed:0.0} ms","@r":["2142.4"],"Outcome":"completed","Elapsed":2142.3957,"OperationId":"518fb71b-890f-4ffe-94d8-b884945d7da6"}
{"@t":"2022-11-04T20:02:30.7687534Z","@mt":"{WarmSegments} segments warmed up ({@Shared})","WarmSegments":1316,"Shared":{"Schemata":115,"Strings":2753},"SourceContext":"Flare.Cache.SegmentCache"}
{"@t":"2022-11-04T20:03:29.1218247Z","@mt":"{CollectionCount} more generation 2 garbage collection(s) occurred","CollectionCount":2,"SourceContext":"Seq.Server.Features.Diagnostics.GCLogger"}
{"@t":"2022-11-04T20:04:30.8219641Z","@mt":"Memory is overutilized, so cooling down segment {Segment} ({HotCount} events)","Segment":"2022-09-08T21:00:00.0000000Z","HotCount":268,"SourceContext":"Flare.Cache.SegmentCache"}
{"@t":"2022-11-04T20:04:30.8237869Z","@mt":"Memory is overutilized, so cooling down segment {Segment} ({HotCount} events)","Segment":"2022-09-08T22:00:00.0000000Z","HotCount":3,"SourceContext":"Flare.Cache.SegmentCache"}
{"@t":"2022-11-04T20:04:30.8243880Z","@mt":"Memory is overutilized, so cooling down segment {Segment} ({HotCount} events)","Segment":"2022-09-20T18:00:00.0000000Z","HotCount":1380,"SourceContext":"Flare.Cache.SegmentCache"}
{"@t":"2022-11-04T20:04:30.8249728Z","@mt":"Memory is overutilized, so cooling down segment {Segment} ({HotCount} events)","Segment":"2022-09-20T19:00:00.0000000Z","HotCount":130,"SourceContext":"Flare.Cache.SegmentCache"}
{"@t":"2022-11-04T20:04:30.8254825Z","@mt":"Memory is overutilized, so cooling down segment {Segment} ({HotCount} events)","Segment":"2022-09-22T16:00:00.0000000Z","HotCount":734,"SourceContext":"Flare.Cache.SegmentCache"}
{"@t":"2022-11-04T20:04:30.8259288Z","@mt":"Memory is overutilized, so cooling down segment {Segment} ({HotCount} events)","Segment":"2022-09-22T17:00:00.0000000Z","HotCount":4002,"SourceContext":"Flare.Cache.SegmentCache"}
{"@t":"2022-11-04T20:04:30.8306886Z","@mt":"Memory is overutilized, so cooling down segment {Segment} ({HotCount} events)","Segment":"2022-09-24T10:00:00.0000000Z","HotCount":732,"SourceContext":"Flare.Cache.SegmentCache"}
{"@t":"2022-11-04T20:04:30.8312142Z","@mt":"Memory is overutilized, so cooling down segment {Segment} ({HotCount} events)","Segment":"2022-09-24T11:00:00.0000000Z","HotCount":7,"SourceContext":"Flare.Cache.SegmentCache"}
{"@t":"2022-11-04T20:04:30.8316354Z","@mt":"Memory is overutilized, so cooling down segment {Segment} ({HotCount} events)","Segment":"2022-09-25T15:00:00.0000000Z","HotCount":156,"SourceContext":"Flare.Cache.SegmentCache"}
{"@t":"2022-11-04T20:04:30.8320356Z","@mt":"Memory is overutilized, so cooling down segment {Segment} ({HotCount} events)","Segment":"2022-09-27T14:00:00.0000000Z","HotCount":201,"SourceContext":"Flare.Cache.SegmentCache"}
{"@t":"2022-11-04T20:04:30.8327756Z","@mt":"Memory is overutilized, so cooling down segment {Segment} ({HotCount} events)","Segment":"2022-09-27T15:00:00.0000000Z","HotCount":6,"SourceContext":"Flare.Cache.SegmentCache"}
{"@t":"2022-11-04T20:04:30.8331232Z","@mt":"Memory is overutilized, so cooling down segment {Segment} ({HotCount} events)","Segment":"2022-09-29T15:00:00.0000000Z","HotCount":156,"SourceContext":"Flare.Cache.SegmentCache"}
{"@t":"2022-11-04T20:04:30.8334811Z","@mt":"Memory is overutilized, so cooling down segment {Segment} ({HotCount} events)","Segment":"2022-10-02T11:00:00.0000000Z","HotCount":468,"SourceContext":"Flare.Cache.SegmentCache"}
{"@t":"2022-11-04T20:04:30.8338171Z","@mt":"Memory is overutilized, so cooling down segment {Segment} ({HotCount} events)","Segment":"2022-10-04T17:00:00.0000000Z","HotCount":331,"SourceContext":"Flare.Cache.SegmentCache"}
{"@t":"2022-11-04T20:04:30.8340769Z","@mt":"Memory is overutilized, so cooling down segment {Segment} ({HotCount} events)","Segment":"2022-10-04T18:00:00.0000000Z","HotCount":161,"SourceContext":"Flare.Cache.SegmentCache"}
{"@t":"2022-11-04T20:04:30.8343143Z","@mt":"Memory is overutilized, so cooling down segment {Segment} ({HotCount} events)","Segment":"2022-10-08T16:00:00.0000000Z","HotCount":300,"SourceContext":"Flare.Cache.SegmentCache"}
{"@t":"2022-11-04T20:04:30.8346101Z","@mt":"Memory is overutilized, so cooling down segment {Segment} ({HotCount} events)","Segment":"2022-10-08T17:00:00.0000000Z","HotCount":187,"SourceContext":"Flare.Cache.SegmentCache"}
{"@t":"2022-11-04T20:04:30.8348651Z","@mt":"Memory is overutilized, so cooling down segment {Segment} ({HotCount} events)","Segment":"2022-10-09T10:00:00.0000000Z","HotCount":655,"SourceContext":"Flare.Cache.SegmentCache"}
{"@t":"2022-11-04T20:04:30.8351156Z","@mt":"Memory is overutilized, so cooling down segment {Segment} ({HotCount} events)","Segment":"2022-10-09T11:00:00.0000000Z","HotCount":774,"SourceContext":"Flare.Cache.SegmentCache"}
{"@t":"2022-11-04T20:04:30.8354482Z","@mt":"Memory is overutilized, so cooling down segment {Segment} ({HotCount} events)","Segment":"2022-10-11T17:00:00.0000000Z","HotCount":589,"SourceContext":"Flare.Cache.SegmentCache"}
{"@t":"2022-11-04T20:04:30.8357165Z","@mt":"Memory is overutilized, so cooling down segment {Segment} ({HotCount} events)","Segment":"2022-10-11T18:00:00.0000000Z","HotCount":806,"SourceContext":"Flare.Cache.SegmentCache"}
{"@t":"2022-11-04T20:04:30.8360535Z","@mt":"Memory is overutilized, so cooling down segment {Segment} ({HotCount} events)","Segment":"2022-10-12T17:00:00.0000000Z","HotCount":612,"SourceContext":"Flare.Cache.SegmentCache"}
{"@t":"2022-11-04T20:04:30.8363688Z","@mt":"Memory is overutilized, so cooling down segment {Segment} ({HotCount} events)","Segment":"2022-10-12T21:00:00.0000000Z","HotCount":268,"SourceContext":"Flare.Cache.SegmentCache"}
{"@t":"2022-11-04T20:04:30.8367578Z","@mt":"Memory is overutilized, so cooling down segment {Segment} ({HotCount} events)","Segment":"2022-10-12T22:00:00.0000000Z","HotCount":223,"SourceContext":"Flare.Cache.SegmentCache"}
{"@t":"2022-11-04T20:04:30.8371101Z","@mt":"Memory is overutilized, so cooling down segment {Segment} ({HotCount} events)","Segment":"2022-10-13T15:00:00.0000000Z","HotCount":369,"SourceContext":"Flare.Cache.SegmentCache"}
{"@t":"2022-11-04T20:04:30.8373693Z","@mt":"Memory is overutilized, so cooling down segment {Segment} ({HotCount} events)","Segment":"2022-10-13T16:00:00.0000000Z","HotCount":333,"SourceContext":"Flare.Cache.SegmentCache"}
{"@t":"2022-11-04T20:04:30.8376999Z","@mt":"Memory is overutilized, so cooling down segment {Segment} ({HotCount} events)","Segment":"2022-10-14T17:00:00.0000000Z","HotCount":11,"SourceContext":"Flare.Cache.SegmentCache"}
{"@t":"2022-11-04T20:04:30.8379567Z","@mt":"Memory is overutilized, so cooling down segment {Segment} ({HotCount} events)","Segment":"2022-10-14T18:00:00.0000000Z","HotCount":130,"SourceContext":"Flare.Cache.SegmentCache"}
{"@t":"2022-11-04T20:04:30.8387373Z","@mt":"Memory is overutilized, so cooling down segment {Segment} ({HotCount} events)","Segment":"2022-10-15T17:00:00.0000000Z","HotCount":799,"SourceContext":"Flare.Cache.SegmentCache"}
{"@t":"2022-11-04T20:04:30.8391251Z","@mt":"Memory is overutilized, so cooling down segment {Segment} ({HotCount} events)","Segment":"2022-10-15T18:00:00.0000000Z","HotCount":1320,"SourceContext":"Flare.Cache.SegmentCache"}
{"@t":"2022-11-04T20:04:30.8394228Z","@mt":"Memory is overutilized, so cooling down segment {Segment} ({HotCount} events)","Segment":"2022-10-15T19:00:00.0000000Z","HotCount":65,"SourceContext":"Flare.Cache.SegmentCache"}
{"@t":"2022-11-04T20:04:30.8398091Z","@mt":"Memory is overutilized, so cooling down segment {Segment} ({HotCount} events)","Segment":"2022-10-15T20:00:00.0000000Z","HotCount":325,"SourceContext":"Flare.Cache.SegmentCache"}
{"@t":"2022-11-04T20:04:30.8400923Z","@mt":"Memory is overutilized, so cooling down segment {Segment} ({HotCount} events)","Segment":"2022-10-17T13:00:00.0000000Z","HotCount":65,"SourceContext":"Flare.Cache.SegmentCache"}
{"@t":"2022-11-04T20:04:30.8404463Z","@mt":"Memory is overutilized, so cooling down segment {Segment} ({HotCount} events)","Segment":"2022-10-18T17:00:00.0000000Z","HotCount":223,"SourceContext":"Flare.Cache.SegmentCache"}
{"@t":"2022-11-04T20:04:30.8407196Z","@mt":"Memory is overutilized, so cooling down segment {Segment} ({HotCount} events)","Segment":"2022-10-18T18:00:00.0000000Z","HotCount":880,"SourceContext":"Flare.Cache.SegmentCache"}
{"@t":"2022-11-04T20:04:30.8410918Z","@mt":"Memory is overutilized, so cooling down segment {Segment} ({HotCount} events)","Segment":"2022-10-18T19:00:00.0000000Z","HotCount":27,"SourceContext":"Flare.Cache.SegmentCache"}
{"@t":"2022-11-04T20:04:30.8414842Z","@mt":"Memory is overutilized, so cooling down segment {Segment} ({HotCount} events)","Segment":"2022-10-19T14:00:00.0000000Z","HotCount":65,"SourceContext":"Flare.Cache.SegmentCache"}
{"@t":"2022-11-04T20:04:30.8418117Z","@mt":"Memory is overutilized, so cooling down segment {Segment} ({HotCount} events)","Segment":"2022-10-20T15:00:00.0000000Z","HotCount":211,"SourceContext":"Flare.Cache.SegmentCache"}
{"@t":"2022-11-04T20:04:30.8421440Z","@mt":"Memory is overutilized, so cooling down segment {Segment} ({HotCount} events)","Segment":"2022-10-20T16:00:00.0000000Z","HotCount":904,"SourceContext":"Flare.Cache.SegmentCache"}
{"@t":"2022-11-04T20:04:30.8425505Z","@mt":"Memory is overutilized, so cooling down segment {Segment} ({HotCount} events)","Segment":"2022-10-22T15:00:00.0000000Z","HotCount":116,"SourceContext":"Flare.Cache.SegmentCache"}
{"@t":"2022-11-04T20:04:30.8428632Z","@mt":"Memory is overutilized, so cooling down segment {Segment} ({HotCount} events)","Segment":"2022-10-22T16:00:00.0000000Z","HotCount":65,"SourceContext":"Flare.Cache.SegmentCache"}
{"@t":"2022-11-04T20:04:30.8431564Z","@mt":"Memory is overutilized, so cooling down segment {Segment} ({HotCount} events)","Segment":"2022-10-22T18:00:00.0000000Z","HotCount":273,"SourceContext":"Flare.Cache.SegmentCache"}
{"@t":"2022-11-04T20:04:30.8434384Z","@mt":"Memory is overutilized, so cooling down segment {Segment} ({HotCount} events)","Segment":"2022-10-24T16:00:00.0000000Z","HotCount":288,"SourceContext":"Flare.Cache.SegmentCache"}
{"@t":"2022-11-04T20:04:30.8437251Z","@mt":"Memory is overutilized, so cooling down segment {Segment} ({HotCount} events)","Segment":"2022-10-24T17:00:00.0000000Z","HotCount":452,"SourceContext":"Flare.Cache.SegmentCache"}
{"@t":"2022-11-04T20:04:30.8440961Z","@mt":"Memory is overutilized, so cooling down segment {Segment} ({HotCount} events)","Segment":"2022-10-24T19:00:00.0000000Z","HotCount":175,"SourceContext":"Flare.Cache.SegmentCache"}
{"@t":"2022-11-04T20:04:30.8443755Z","@mt":"Memory is overutilized, so cooling down segment {Segment} ({HotCount} events)","Segment":"2022-10-24T20:00:00.0000000Z","HotCount":20,"SourceContext":"Flare.Cache.SegmentCache"}
{"@t":"2022-11-04T20:04:30.8448125Z","@mt":"Memory is overutilized, so cooling down segment {Segment} ({HotCount} events)","Segment":"2022-10-25T19:00:00.0000000Z","HotCount":223,"SourceContext":"Flare.Cache.SegmentCache"}
{"@t":"2022-11-04T20:04:30.8454102Z","@mt":"Memory is overutilized, so cooling down segment {Segment} ({HotCount} events)","Segment":"2022-10-26T14:00:00.0000000Z","HotCount":223,"SourceContext":"Flare.Cache.SegmentCache"}
{"@t":"2022-11-04T20:04:30.8456947Z","@mt":"Memory is overutilized, so cooling down segment {Segment} ({HotCount} events)","Segment":"2022-10-26T15:00:00.0000000Z","HotCount":1301,"SourceContext":"Flare.Cache.SegmentCache"}
{"@t":"2022-11-04T20:04:30.8460516Z","@mt":"Memory is overutilized, so cooling down segment {Segment} ({HotCount} events)","Segment":"2022-10-26T20:00:00.0000000Z","HotCount":1571,"SourceContext":"Flare.Cache.SegmentCache"}
{"@t":"2022-11-04T20:04:30.8463557Z","@mt":"Memory is overutilized, so cooling down segment {Segment} ({HotCount} events)","Segment":"2022-10-26T21:00:00.0000000Z","HotCount":102,"SourceContext":"Flare.Cache.SegmentCache"}
{"@t":"2022-11-04T20:04:30.8466807Z","@mt":"Memory is overutilized, so cooling down segment {Segment} ({HotCount} events)","Segment":"2022-10-29T13:00:00.0000000Z","HotCount":541,"SourceContext":"Flare.Cache.SegmentCache"}
{"@t":"2022-11-04T20:04:30.8469660Z","@mt":"Memory is overutilized, so cooling down segment {Segment} ({HotCount} events)","Segment":"2022-10-29T14:00:00.0000000Z","HotCount":1316,"SourceContext":"Flare.Cache.SegmentCache"}
{"@t":"2022-11-04T20:04:30.8472712Z","@mt":"Memory is overutilized, so cooling down segment {Segment} ({HotCount} events)","Segment":"2022-10-30T11:00:00.0000000Z","HotCount":506,"SourceContext":"Flare.Cache.SegmentCache"}
{"@t":"2022-11-04T20:04:30.8475526Z","@mt":"Memory is overutilized, so cooling down segment {Segment} ({HotCount} events)","Segment":"2022-10-30T12:00:00.0000000Z","HotCount":152,"SourceContext":"Flare.Cache.SegmentCache"}
{"@t":"2022-11-04T20:04:30.8478773Z","@mt":"Memory is overutilized, so cooling down segment {Segment} ({HotCount} events)","Segment":"2022-10-30T16:00:00.0000000Z","HotCount":65,"SourceContext":"Flare.Cache.SegmentCache"}
{"@t":"2022-11-04T20:04:30.8482636Z","@mt":"Memory is overutilized, so cooling down segment {Segment} ({HotCount} events)","Segment":"2022-10-30T17:00:00.0000000Z","HotCount":1537,"SourceContext":"Flare.Cache.SegmentCache"}
{"@t":"2022-11-04T20:04:30.8485907Z","@mt":"Memory is overutilized, so cooling down segment {Segment} ({HotCount} events)","Segment":"2022-10-31T17:00:00.0000000Z","HotCount":65,"SourceContext":"Flare.Cache.SegmentCache"}
{"@t":"2022-11-04T20:04:30.8488717Z","@mt":"Memory is overutilized, so cooling down segment {Segment} ({HotCount} events)","Segment":"2022-11-01T18:00:00.0000000Z","HotCount":840,"SourceContext":"Flare.Cache.SegmentCache"}
{"@t":"2022-11-04T20:04:30.8492462Z","@mt":"Memory is overutilized, so cooling down segment {Segment} ({HotCount} events)","Segment":"2022-11-01T19:00:00.0000000Z","HotCount":649,"SourceContext":"Flare.Cache.SegmentCache"}
{"@t":"2022-11-04T20:04:30.8495149Z","@mt":"Memory is overutilized, so cooling down segment {Segment} ({HotCount} events)","Segment":"2022-11-02T16:00:00.0000000Z","HotCount":106,"SourceContext":"Flare.Cache.SegmentCache"}
{"@t":"2022-11-04T20:04:30.8498451Z","@mt":"Memory is overutilized, so cooling down segment {Segment} ({HotCount} events)","Segment":"2022-11-04T20:00:00.0000000Z","HotCount":189,"SourceContext":"Flare.Cache.SegmentCache"}
{"@t":"2022-11-04T20:05:29.1209655Z","@mt":"{CollectionCount} more generation 2 garbage collection(s) occurred","CollectionCount":1,"SourceContext":"Seq.Server.Features.Diagnostics.GCLogger"}
{"@t":"2022-11-04T20:07:29.1293696Z","@mt":"Metrics sampled","CacheDays":0,"CacheEvents":0,"SystemMemoryUtilization":0.7747725586585142,"ProcessWorkingSetBytes":304721920,"GCTotalHeapSizeBytes":20527048,"GCTotalFragmentedBytes":45648,"GCPauseTimePercentage":0.1,"GCGen0EnterHeapSizeBytes":57225720,"GCGen0ExitHeapSizeBytes":192,"GCGen0EnterFragmentedBytes":119192,"GCGen0ExitFragmentedBytes":0,"GCGen1EnterHeapSizeBytes":13828320,"GCGen1ExitHeapSizeBytes":3771976,"GCGen1EnterFragmentedBytes":292728,"GCGen1ExitFragmentedBytes":74616,"GCGen2EnterHeapSizeBytes":24548480,"GCGen2ExitHeapSizeBytes":25557984,"GCGen2EnterFragmentedBytes":1608,"GCGen2ExitFragmentedBytes":19808,"GCGen3EnterHeapSizeBytes":32465704,"GCGen3ExitHeapSizeBytes":21979888,"GCGen3EnterFragmentedBytes":352,"GCGen3ExitFragmentedBytes":320,"GCGen4EnterHeapSizeBytes":476856,"GCGen4ExitHeapSizeBytes":476856,"GCGen4EnterFragmentedBytes":0,"GCGen4ExitFragmentedBytes":0,"GCPause0DurationMs":7.245,"GCPause1DurationMs":7.245,"ProcessThreads":32,"ArrivedEventsPerMinute":22,"IngestedEventsPerMinute":22,"IngestedBytesPerMinute":19288,"InvalidPayloadsPerMinute":0,"UnauthorizedPayloadsPerMinute":0,"TotalWriteTimeLastMinute":"Flare.Diagnostics.Counters.RateCounter","BroadcastQueueCount":0,"BroadcastSubscriptionQueuesAggregateCount":0}
{"@t":"2022-11-04T20:12:29.1211600Z","@mt":"Metrics sampled","CacheDays":0,"CacheEvents":0,"SystemMemoryUtilization":0.7808475006543305,"ProcessWorkingSetBytes":306851840,"GCTotalHeapSizeBytes":20527048,"GCTotalFragmentedBytes":45648,"GCPauseTimePercentage":0.1,"GCGen0EnterHeapSizeBytes":57225720,"GCGen0ExitHeapSizeBytes":192,"GCGen0EnterFragmentedBytes":119192,"GCGen0ExitFragmentedBytes":0,"GCGen1EnterHeapSizeBytes":13828320,"GCGen1ExitHeapSizeBytes":3771976,"GCGen1EnterFragmentedBytes":292728,"GCGen1ExitFragmentedBytes":74616,"GCGen2EnterHeapSizeBytes":24548480,"GCGen2ExitHeapSizeBytes":25557984,"GCGen2EnterFragmentedBytes":1608,"GCGen2ExitFragmentedBytes":19808,"GCGen3EnterHeapSizeBytes":32465704,"GCGen3ExitHeapSizeBytes":21979888,"GCGen3EnterFragmentedBytes":352,"GCGen3ExitFragmentedBytes":320,"GCGen4EnterHeapSizeBytes":476856,"GCGen4ExitHeapSizeBytes":476856,"GCGen4EnterFragmentedBytes":0,"GCGen4ExitFragmentedBytes":0,"GCPause0DurationMs":7.245,"GCPause1DurationMs":7.245,"ProcessThreads":33,"ArrivedEventsPerMinute":0,"IngestedEventsPerMinute":0,"IngestedBytesPerMinute":0,"InvalidPayloadsPerMinute":0,"UnauthorizedPayloadsPerMinute":0,"TotalWriteTimeLastMinute":"Flare.Diagnostics.Counters.RateCounter","BroadcastQueueCount":0,"BroadcastSubscriptionQueuesAggregateCount":0}
{"@t":"2022-11-04T20:12:29.1235747Z","@mt":"Applying {Count} retention policies","Count":0,"SourceContext":"Seq.Server.Features.Retention.RetentionPolicyApplier"}
{"@t":"2022-11-04T20:12:29.1270859Z","@mt":"Retention processing and compaction took {Elapsed} ms; allocating {Allocation} ms for indexing","Elapsed":4.9267,"Allocation":599995.0733}
{"@t":"2022-11-04T20:12:29.1288827Z","@mt":"Beginning indexing","SourceContext":"Seq.Server.Features.Indexing.EventStoreIndexer"}
{"@t":"2022-11-04T20:12:29.3977671Z","@mt":"Wrote {IndexSetCount} index sets in {Elapsed:0.000} ms","@r":["268.000"],"IndexSetCount":0,"Elapsed":268,"SourceContext":"Seq.Server.Features.Indexing.EventStoreIndexer"}
{"@t":"2022-11-04T20:12:29.3982818Z","@mt":"Indexing took {Elapsed} ms; total iteration time was {Iteration} ms","Elapsed":270,"Iteration":275.5164}
{"@t":"2022-11-04T20:17:29.1207577Z","@mt":"Metrics sampled","CacheDays":0,"CacheEvents":0,"SystemMemoryUtilization":0.7848207134465407,"ProcessWorkingSetBytes":310300672,"GCTotalHeapSizeBytes":20527048,"GCTotalFragmentedBytes":45648,"GCPauseTimePercentage":0.1,"GCGen0EnterHeapSizeBytes":57225720,"GCGen0ExitHeapSizeBytes":192,"GCGen0EnterFragmentedBytes":119192,"GCGen0ExitFragmentedBytes":0,"GCGen1EnterHeapSizeBytes":13828320,"GCGen1ExitHeapSizeBytes":3771976,"GCGen1EnterFragmentedBytes":292728,"GCGen1ExitFragmentedBytes":74616,"GCGen2EnterHeapSizeBytes":24548480,"GCGen2ExitHeapSizeBytes":25557984,"GCGen2EnterFragmentedBytes":1608,"GCGen2ExitFragmentedBytes":19808,"GCGen3EnterHeapSizeBytes":32465704,"GCGen3ExitHeapSizeBytes":21979888,"GCGen3EnterFragmentedBytes":352,"GCGen3ExitFragmentedBytes":320,"GCGen4EnterHeapSizeBytes":476856,"GCGen4ExitHeapSizeBytes":476856,"GCGen4EnterFragmentedBytes":0,"GCGen4ExitFragmentedBytes":0,"GCPause0DurationMs":7.245,"GCPause1DurationMs":7.245,"ProcessThreads":31,"ArrivedEventsPerMinute":0,"IngestedEventsPerMinute":0,"IngestedBytesPerMinute":0,"InvalidPayloadsPerMinute":0,"UnauthorizedPayloadsPerMinute":0,"TotalWriteTimeLastMinute":"Flare.Diagnostics.Counters.RateCounter","BroadcastQueueCount":0,"BroadcastSubscriptionQueuesAggregateCount":0}
{"@t":"2022-11-04T20:22:27.5949980Z","@mt":"Termination signal received"}
{"@t":"2022-11-04T20:22:27.6228695Z","@mt":"Signalling for {Workers} worker task(s) to complete","Workers":3,"SourceContext":"Flare.Workers.WorkerPool"}
{"@t":"2022-11-04T20:22:28.2095210Z","@mt":"Work {WorkDescription} ({WorkId}) observed cancellation and completed","WorkDescription":"Manage event cache resources","WorkId":"cddb2845-6e9a-408b-aa14-c67e94e8a897","SourceContext":"Flare.Workers.WorkerPool"}
{"@t":"2022-11-04T20:22:28.4288576Z","@mt":"Work {WorkDescription} ({WorkId}) observed cancellation and completed","WorkDescription":"Monitor alerts and trigger notifications","WorkId":"934d7b92-2fd3-48de-8a40-be0d596e1435","SourceContext":"Flare.Workers.WorkerPool"}
{"@t":"2022-11-04T20:22:28.7298194Z","@mt":"Work {WorkDescription} ({WorkId}) observed cancellation and completed","WorkDescription":"Sample system memory","WorkId":"41e8db81-b7e4-4fc6-82fd-47a50eb48dd6","SourceContext":"Flare.Workers.WorkerPool"}
{"@t":"2022-11-04T20:22:28.8268913Z","@mt":"Stopping {Tasks} scheduled tasks","Tasks":15,"SourceContext":"Seq.Server.Tasks.TaskRunner"}
{"@t":"2022-11-04T20:22:28.8311304Z","@mt":"Stopping input channel","SourceContext":"Seq.Server.Features.Apps.Inputs.InputChannel"}
{"@t":"2022-11-04T20:22:29.3263378Z","@mt":"Shutting down input channel; {AcceptedCount} queued events will be written","AcceptedCount":0,"SourceContext":"Seq.Server.Features.Apps.Inputs.InputChannel"}
{"@t":"2022-11-04T20:22:29.3277888Z","@mt":"Stopping broadcast channel","SourceContext":"Flare.Broadcast.BroadcastChannel"}
{"@t":"2022-11-04T20:22:30.3247754Z","@mt":"Shutting down broadcast channel with {AllowableFlush} flushable event batches (+{Tolerance} tolerance)","AllowableFlush":0,"Tolerance":15,"SourceContext":"Flare.Broadcast.BroadcastChannel"}
{"@t":"2022-11-04T20:22:30.3285067Z","@mt":"Closing event store","SourceContext":"Flare.Cluster.StorageNodeCoordinator"}
{"@t":"2022-11-04T20:22:30.3297140Z","@mt":"Closing metastore","SourceContext":"Quince.Storage.Native.NativeDocumentStore"}
{"@t":"2022-11-04T20:22:30.3321010Z","@mt":"Server stopped cleanly"}
