{"@t":"2022-11-11T17:11:16.1657792Z","@mt":"Seq {SeqVersion} running on OS {OSCaption}","SeqVersion":"2022.1.7929","OSCaption":"Linux 5.15.49-linuxkit #1 SMP Tue Sep 13 07:51:46 UTC 2022","SourceContext":"Seq.Server.Features.Diagnostics.EnvironmentInformationWriter"}
{"@t":"2022-11-11T17:11:16.3137147Z","@mt":"Seq detected {TotalRAM} MB of RAM","TotalRAM":2080.894976,"SourceContext":"Seq.Server.Features.Diagnostics.EnvironmentInformationWriter"}
{"@t":"2022-11-11T17:11:16.8511921Z","@mt":"Opening event store at {StreamPath}","StreamPath":"/data/Stream/stream.flare","SourceContext":"Flare.Cluster.StorageNodeCoordinator"}
{"@t":"2022-11-11T17:11:17.8229152Z","@mt":"Ingestion enabled","SourceContext":"Flare.Cluster.StorageNodeCoordinator"}
{"@t":"2022-11-11T17:11:17.8301034Z","@mt":"Cache warm-up is required","SourceContext":"Flare.Cache.SegmentCache","OperationId":"6084fb3d-7256-4b25-9c12-bb4cd56e4e6b"}
{"@t":"2022-11-11T17:11:17.8441963Z","@mt":"Opening metastore {MetastorePath}","MetastorePath":"/data/Documents/metastore.flare","SourceContext":"Quince.Storage.Native.NativeDocumentStore"}
{"@t":"2022-11-11T17:11:18.0926090Z","@mt":"Storage subsystem available"}
{"@t":"2022-11-11T17:11:18.3738161Z","@mt":"Seq listening on {ListenUris}","ListenUris":["http://localhost/","https://localhost/","http://localhost:5341/","https://localhost:45341/"]}
{"@t":"2022-11-11T17:11:20.5516001Z","@mt":"Initial memory cache warm-up {Outcome} in {Elapsed:0.0} ms","@r":["2721.3"],"Outcome":"completed","Elapsed":2721.2752,"OperationId":"6084fb3d-7256-4b25-9c12-bb4cd56e4e6b"}
{"@t":"2022-11-11T17:11:20.5652484Z","@mt":"{WarmSegments} segments warmed up ({@Shared})","WarmSegments":1512,"Shared":{"Schemata":115,"Strings":2972},"SourceContext":"Flare.Cache.SegmentCache"}
{"@t":"2022-11-11T17:11:30.6271519Z","@mt":"Memory is overutilized, so cooling down segment {Segment} ({HotCount} events)","Segment":"2022-09-08T21:00:00.0000000Z","HotCount":268,"SourceContext":"Flare.Cache.SegmentCache"}
{"@t":"2022-11-11T17:11:30.6284040Z","@mt":"Memory is overutilized, so cooling down segment {Segment} ({HotCount} events)","Segment":"2022-09-08T22:00:00.0000000Z","HotCount":3,"SourceContext":"Flare.Cache.SegmentCache"}
{"@t":"2022-11-11T17:11:30.6289448Z","@mt":"Memory is overutilized, so cooling down segment {Segment} ({HotCount} events)","Segment":"2022-09-20T18:00:00.0000000Z","HotCount":1380,"SourceContext":"Flare.Cache.SegmentCache"}
{"@t":"2022-11-11T17:11:30.6293347Z","@mt":"Memory is overutilized, so cooling down segment {Segment} ({HotCount} events)","Segment":"2022-09-20T19:00:00.0000000Z","HotCount":130,"SourceContext":"Flare.Cache.SegmentCache"}
{"@t":"2022-11-11T17:11:30.6297831Z","@mt":"Memory is overutilized, so cooling down segment {Segment} ({HotCount} events)","Segment":"2022-09-22T16:00:00.0000000Z","HotCount":734,"SourceContext":"Flare.Cache.SegmentCache"}
{"@t":"2022-11-11T17:11:30.6302192Z","@mt":"Memory is overutilized, so cooling down segment {Segment} ({HotCount} events)","Segment":"2022-09-22T17:00:00.0000000Z","HotCount":4002,"SourceContext":"Flare.Cache.SegmentCache"}
{"@t":"2022-11-11T17:11:30.6305397Z","@mt":"Memory is overutilized, so cooling down segment {Segment} ({HotCount} events)","Segment":"2022-09-24T10:00:00.0000000Z","HotCount":732,"SourceContext":"Flare.Cache.SegmentCache"}
{"@t":"2022-11-11T17:11:30.6308049Z","@mt":"Memory is overutilized, so cooling down segment {Segment} ({HotCount} events)","Segment":"2022-09-24T11:00:00.0000000Z","HotCount":7,"SourceContext":"Flare.Cache.SegmentCache"}
{"@t":"2022-11-11T17:11:30.6311079Z","@mt":"Memory is overutilized, so cooling down segment {Segment} ({HotCount} events)","Segment":"2022-09-25T15:00:00.0000000Z","HotCount":156,"SourceContext":"Flare.Cache.SegmentCache"}
{"@t":"2022-11-11T17:11:30.6313594Z","@mt":"Memory is overutilized, so cooling down segment {Segment} ({HotCount} events)","Segment":"2022-09-27T14:00:00.0000000Z","HotCount":201,"SourceContext":"Flare.Cache.SegmentCache"}
{"@t":"2022-11-11T17:11:30.6316858Z","@mt":"Memory is overutilized, so cooling down segment {Segment} ({HotCount} events)","Segment":"2022-09-27T15:00:00.0000000Z","HotCount":6,"SourceContext":"Flare.Cache.SegmentCache"}
{"@t":"2022-11-11T17:11:30.6324915Z","@mt":"Memory is overutilized, so cooling down segment {Segment} ({HotCount} events)","Segment":"2022-09-29T15:00:00.0000000Z","HotCount":156,"SourceContext":"Flare.Cache.SegmentCache"}
{"@t":"2022-11-11T17:11:30.6329652Z","@mt":"Memory is overutilized, so cooling down segment {Segment} ({HotCount} events)","Segment":"2022-10-02T11:00:00.0000000Z","HotCount":468,"SourceContext":"Flare.Cache.SegmentCache"}
{"@t":"2022-11-11T17:11:30.6333407Z","@mt":"Memory is overutilized, so cooling down segment {Segment} ({HotCount} events)","Segment":"2022-10-04T17:00:00.0000000Z","HotCount":331,"SourceContext":"Flare.Cache.SegmentCache"}
{"@t":"2022-11-11T17:11:30.6336741Z","@mt":"Memory is overutilized, so cooling down segment {Segment} ({HotCount} events)","Segment":"2022-10-04T18:00:00.0000000Z","HotCount":161,"SourceContext":"Flare.Cache.SegmentCache"}
{"@t":"2022-11-11T17:11:30.6340202Z","@mt":"Memory is overutilized, so cooling down segment {Segment} ({HotCount} events)","Segment":"2022-10-08T16:00:00.0000000Z","HotCount":300,"SourceContext":"Flare.Cache.SegmentCache"}
{"@t":"2022-11-11T17:11:30.6343508Z","@mt":"Memory is overutilized, so cooling down segment {Segment} ({HotCount} events)","Segment":"2022-10-08T17:00:00.0000000Z","HotCount":187,"SourceContext":"Flare.Cache.SegmentCache"}
{"@t":"2022-11-11T17:11:30.6346655Z","@mt":"Memory is overutilized, so cooling down segment {Segment} ({HotCount} events)","Segment":"2022-10-09T10:00:00.0000000Z","HotCount":655,"SourceContext":"Flare.Cache.SegmentCache"}
{"@t":"2022-11-11T17:11:30.6350170Z","@mt":"Memory is overutilized, so cooling down segment {Segment} ({HotCount} events)","Segment":"2022-10-09T11:00:00.0000000Z","HotCount":774,"SourceContext":"Flare.Cache.SegmentCache"}
{"@t":"2022-11-11T17:11:30.6355022Z","@mt":"Memory is overutilized, so cooling down segment {Segment} ({HotCount} events)","Segment":"2022-10-11T17:00:00.0000000Z","HotCount":589,"SourceContext":"Flare.Cache.SegmentCache"}
{"@t":"2022-11-11T17:11:30.6361028Z","@mt":"Memory is overutilized, so cooling down segment {Segment} ({HotCount} events)","Segment":"2022-10-11T18:00:00.0000000Z","HotCount":806,"SourceContext":"Flare.Cache.SegmentCache"}
{"@t":"2022-11-11T17:11:30.6370407Z","@mt":"Memory is overutilized, so cooling down segment {Segment} ({HotCount} events)","Segment":"2022-10-12T17:00:00.0000000Z","HotCount":612,"SourceContext":"Flare.Cache.SegmentCache"}
{"@t":"2022-11-11T17:11:30.6377617Z","@mt":"Memory is overutilized, so cooling down segment {Segment} ({HotCount} events)","Segment":"2022-10-12T21:00:00.0000000Z","HotCount":268,"SourceContext":"Flare.Cache.SegmentCache"}
{"@t":"2022-11-11T17:11:30.6383036Z","@mt":"Memory is overutilized, so cooling down segment {Segment} ({HotCount} events)","Segment":"2022-10-12T22:00:00.0000000Z","HotCount":223,"SourceContext":"Flare.Cache.SegmentCache"}
{"@t":"2022-11-11T17:11:30.6387050Z","@mt":"Memory is overutilized, so cooling down segment {Segment} ({HotCount} events)","Segment":"2022-10-13T15:00:00.0000000Z","HotCount":369,"SourceContext":"Flare.Cache.SegmentCache"}
{"@t":"2022-11-11T17:11:30.6391290Z","@mt":"Memory is overutilized, so cooling down segment {Segment} ({HotCount} events)","Segment":"2022-10-13T16:00:00.0000000Z","HotCount":333,"SourceContext":"Flare.Cache.SegmentCache"}
{"@t":"2022-11-11T17:11:30.6395861Z","@mt":"Memory is overutilized, so cooling down segment {Segment} ({HotCount} events)","Segment":"2022-10-14T17:00:00.0000000Z","HotCount":11,"SourceContext":"Flare.Cache.SegmentCache"}
{"@t":"2022-11-11T17:11:30.6400066Z","@mt":"Memory is overutilized, so cooling down segment {Segment} ({HotCount} events)","Segment":"2022-10-14T18:00:00.0000000Z","HotCount":130,"SourceContext":"Flare.Cache.SegmentCache"}
{"@t":"2022-11-11T17:11:30.6403410Z","@mt":"Memory is overutilized, so cooling down segment {Segment} ({HotCount} events)","Segment":"2022-10-15T17:00:00.0000000Z","HotCount":799,"SourceContext":"Flare.Cache.SegmentCache"}
{"@t":"2022-11-11T17:11:30.6409273Z","@mt":"Memory is overutilized, so cooling down segment {Segment} ({HotCount} events)","Segment":"2022-10-15T18:00:00.0000000Z","HotCount":1320,"SourceContext":"Flare.Cache.SegmentCache"}
{"@t":"2022-11-11T17:11:30.6413067Z","@mt":"Memory is overutilized, so cooling down segment {Segment} ({HotCount} events)","Segment":"2022-10-15T19:00:00.0000000Z","HotCount":65,"SourceContext":"Flare.Cache.SegmentCache"}
{"@t":"2022-11-11T17:11:30.6416510Z","@mt":"Memory is overutilized, so cooling down segment {Segment} ({HotCount} events)","Segment":"2022-10-15T20:00:00.0000000Z","HotCount":325,"SourceContext":"Flare.Cache.SegmentCache"}
{"@t":"2022-11-11T17:11:30.6420030Z","@mt":"Memory is overutilized, so cooling down segment {Segment} ({HotCount} events)","Segment":"2022-10-17T13:00:00.0000000Z","HotCount":65,"SourceContext":"Flare.Cache.SegmentCache"}
{"@t":"2022-11-11T17:11:30.6423845Z","@mt":"Memory is overutilized, so cooling down segment {Segment} ({HotCount} events)","Segment":"2022-10-18T17:00:00.0000000Z","HotCount":223,"SourceContext":"Flare.Cache.SegmentCache"}
{"@t":"2022-11-11T17:11:30.6427043Z","@mt":"Memory is overutilized, so cooling down segment {Segment} ({HotCount} events)","Segment":"2022-10-18T18:00:00.0000000Z","HotCount":880,"SourceContext":"Flare.Cache.SegmentCache"}
{"@t":"2022-11-11T17:11:30.6430559Z","@mt":"Memory is overutilized, so cooling down segment {Segment} ({HotCount} events)","Segment":"2022-10-18T19:00:00.0000000Z","HotCount":27,"SourceContext":"Flare.Cache.SegmentCache"}
{"@t":"2022-11-11T17:11:30.6433620Z","@mt":"Memory is overutilized, so cooling down segment {Segment} ({HotCount} events)","Segment":"2022-10-19T14:00:00.0000000Z","HotCount":65,"SourceContext":"Flare.Cache.SegmentCache"}
{"@t":"2022-11-11T17:11:30.6437195Z","@mt":"Memory is overutilized, so cooling down segment {Segment} ({HotCount} events)","Segment":"2022-10-20T15:00:00.0000000Z","HotCount":211,"SourceContext":"Flare.Cache.SegmentCache"}
{"@t":"2022-11-11T17:11:30.6440650Z","@mt":"Memory is overutilized, so cooling down segment {Segment} ({HotCount} events)","Segment":"2022-10-20T16:00:00.0000000Z","HotCount":904,"SourceContext":"Flare.Cache.SegmentCache"}
{"@t":"2022-11-11T17:11:30.6443549Z","@mt":"Memory is overutilized, so cooling down segment {Segment} ({HotCount} events)","Segment":"2022-10-22T15:00:00.0000000Z","HotCount":116,"SourceContext":"Flare.Cache.SegmentCache"}
{"@t":"2022-11-11T17:11:30.6448005Z","@mt":"Memory is overutilized, so cooling down segment {Segment} ({HotCount} events)","Segment":"2022-10-22T16:00:00.0000000Z","HotCount":65,"SourceContext":"Flare.Cache.SegmentCache"}
{"@t":"2022-11-11T17:11:30.6450946Z","@mt":"Memory is overutilized, so cooling down segment {Segment} ({HotCount} events)","Segment":"2022-10-22T18:00:00.0000000Z","HotCount":273,"SourceContext":"Flare.Cache.SegmentCache"}
{"@t":"2022-11-11T17:11:30.6455133Z","@mt":"Memory is overutilized, so cooling down segment {Segment} ({HotCount} events)","Segment":"2022-10-24T16:00:00.0000000Z","HotCount":288,"SourceContext":"Flare.Cache.SegmentCache"}
{"@t":"2022-11-11T17:11:30.6458308Z","@mt":"Memory is overutilized, so cooling down segment {Segment} ({HotCount} events)","Segment":"2022-10-24T17:00:00.0000000Z","HotCount":452,"SourceContext":"Flare.Cache.SegmentCache"}
{"@t":"2022-11-11T17:11:30.6462091Z","@mt":"Memory is overutilized, so cooling down segment {Segment} ({HotCount} events)","Segment":"2022-10-24T19:00:00.0000000Z","HotCount":175,"SourceContext":"Flare.Cache.SegmentCache"}
{"@t":"2022-11-11T17:11:30.6465958Z","@mt":"Memory is overutilized, so cooling down segment {Segment} ({HotCount} events)","Segment":"2022-10-24T20:00:00.0000000Z","HotCount":20,"SourceContext":"Flare.Cache.SegmentCache"}
{"@t":"2022-11-11T17:11:30.6468727Z","@mt":"Memory is overutilized, so cooling down segment {Segment} ({HotCount} events)","Segment":"2022-10-25T19:00:00.0000000Z","HotCount":223,"SourceContext":"Flare.Cache.SegmentCache"}
{"@t":"2022-11-11T17:11:30.6471745Z","@mt":"Memory is overutilized, so cooling down segment {Segment} ({HotCount} events)","Segment":"2022-10-26T14:00:00.0000000Z","HotCount":223,"SourceContext":"Flare.Cache.SegmentCache"}
{"@t":"2022-11-11T17:11:30.6479255Z","@mt":"Memory is overutilized, so cooling down segment {Segment} ({HotCount} events)","Segment":"2022-10-26T15:00:00.0000000Z","HotCount":1301,"SourceContext":"Flare.Cache.SegmentCache"}
{"@t":"2022-11-11T17:11:30.6483318Z","@mt":"Memory is overutilized, so cooling down segment {Segment} ({HotCount} events)","Segment":"2022-10-26T20:00:00.0000000Z","HotCount":1571,"SourceContext":"Flare.Cache.SegmentCache"}
{"@t":"2022-11-11T17:11:30.6486183Z","@mt":"Memory is overutilized, so cooling down segment {Segment} ({HotCount} events)","Segment":"2022-10-26T21:00:00.0000000Z","HotCount":102,"SourceContext":"Flare.Cache.SegmentCache"}
{"@t":"2022-11-11T17:11:30.6488750Z","@mt":"Memory is overutilized, so cooling down segment {Segment} ({HotCount} events)","Segment":"2022-10-29T13:00:00.0000000Z","HotCount":541,"SourceContext":"Flare.Cache.SegmentCache"}
{"@t":"2022-11-11T17:11:30.6491777Z","@mt":"Memory is overutilized, so cooling down segment {Segment} ({HotCount} events)","Segment":"2022-10-29T14:00:00.0000000Z","HotCount":1316,"SourceContext":"Flare.Cache.SegmentCache"}
{"@t":"2022-11-11T17:11:30.6495041Z","@mt":"Memory is overutilized, so cooling down segment {Segment} ({HotCount} events)","Segment":"2022-10-30T11:00:00.0000000Z","HotCount":506,"SourceContext":"Flare.Cache.SegmentCache"}
{"@t":"2022-11-11T17:11:30.6498032Z","@mt":"Memory is overutilized, so cooling down segment {Segment} ({HotCount} events)","Segment":"2022-10-30T12:00:00.0000000Z","HotCount":152,"SourceContext":"Flare.Cache.SegmentCache"}
{"@t":"2022-11-11T17:11:30.6501490Z","@mt":"Memory is overutilized, so cooling down segment {Segment} ({HotCount} events)","Segment":"2022-10-30T16:00:00.0000000Z","HotCount":65,"SourceContext":"Flare.Cache.SegmentCache"}
{"@t":"2022-11-11T17:11:30.6503931Z","@mt":"Memory is overutilized, so cooling down segment {Segment} ({HotCount} events)","Segment":"2022-10-30T17:00:00.0000000Z","HotCount":1537,"SourceContext":"Flare.Cache.SegmentCache"}
{"@t":"2022-11-11T17:11:30.6507091Z","@mt":"Memory is overutilized, so cooling down segment {Segment} ({HotCount} events)","Segment":"2022-10-31T17:00:00.0000000Z","HotCount":65,"SourceContext":"Flare.Cache.SegmentCache"}
{"@t":"2022-11-11T17:11:30.6511778Z","@mt":"Memory is overutilized, so cooling down segment {Segment} ({HotCount} events)","Segment":"2022-11-01T18:00:00.0000000Z","HotCount":840,"SourceContext":"Flare.Cache.SegmentCache"}
{"@t":"2022-11-11T17:11:30.6516430Z","@mt":"Memory is overutilized, so cooling down segment {Segment} ({HotCount} events)","Segment":"2022-11-01T19:00:00.0000000Z","HotCount":649,"SourceContext":"Flare.Cache.SegmentCache"}
{"@t":"2022-11-11T17:11:30.6522623Z","@mt":"Memory is overutilized, so cooling down segment {Segment} ({HotCount} events)","Segment":"2022-11-02T16:00:00.0000000Z","HotCount":106,"SourceContext":"Flare.Cache.SegmentCache"}
{"@t":"2022-11-11T17:11:30.6527800Z","@mt":"Memory is overutilized, so cooling down segment {Segment} ({HotCount} events)","Segment":"2022-11-04T20:00:00.0000000Z","HotCount":371,"SourceContext":"Flare.Cache.SegmentCache"}
{"@t":"2022-11-11T17:11:30.6533345Z","@mt":"Memory is overutilized, so cooling down segment {Segment} ({HotCount} events)","Segment":"2022-11-05T11:00:00.0000000Z","HotCount":297,"SourceContext":"Flare.Cache.SegmentCache"}
{"@t":"2022-11-11T17:11:30.6537358Z","@mt":"Memory is overutilized, so cooling down segment {Segment} ({HotCount} events)","Segment":"2022-11-05T17:00:00.0000000Z","HotCount":288,"SourceContext":"Flare.Cache.SegmentCache"}
{"@t":"2022-11-11T17:11:30.6542115Z","@mt":"Memory is overutilized, so cooling down segment {Segment} ({HotCount} events)","Segment":"2022-11-05T18:00:00.0000000Z","HotCount":88,"SourceContext":"Flare.Cache.SegmentCache"}
{"@t":"2022-11-11T17:11:30.6555554Z","@mt":"Memory is overutilized, so cooling down segment {Segment} ({HotCount} events)","Segment":"2022-11-06T13:00:00.0000000Z","HotCount":130,"SourceContext":"Flare.Cache.SegmentCache"}
{"@t":"2022-11-11T17:11:30.6570038Z","@mt":"Memory is overutilized, so cooling down segment {Segment} ({HotCount} events)","Segment":"2022-11-08T18:00:00.0000000Z","HotCount":65,"SourceContext":"Flare.Cache.SegmentCache"}
{"@t":"2022-11-11T17:11:30.6574791Z","@mt":"Memory is overutilized, so cooling down segment {Segment} ({HotCount} events)","Segment":"2022-11-08T19:00:00.0000000Z","HotCount":65,"SourceContext":"Flare.Cache.SegmentCache"}
{"@t":"2022-11-11T17:11:30.6578426Z","@mt":"Memory is overutilized, so cooling down segment {Segment} ({HotCount} events)","Segment":"2022-11-10T17:00:00.0000000Z","HotCount":226,"SourceContext":"Flare.Cache.SegmentCache"}
{"@t":"2022-11-11T17:11:30.6582227Z","@mt":"Memory is overutilized, so cooling down segment {Segment} ({HotCount} events)","Segment":"2022-11-10T18:00:00.0000000Z","HotCount":226,"SourceContext":"Flare.Cache.SegmentCache"}
{"@t":"2022-11-11T17:11:30.6586955Z","@mt":"Memory is overutilized, so cooling down segment {Segment} ({HotCount} events)","Segment":"2022-11-10T19:00:00.0000000Z","HotCount":356,"SourceContext":"Flare.Cache.SegmentCache"}
{"@t":"2022-11-11T17:11:30.6591909Z","@mt":"Memory is overutilized, so cooling down segment {Segment} ({HotCount} events)","Segment":"2022-11-10T20:00:00.0000000Z","HotCount":360,"SourceContext":"Flare.Cache.SegmentCache"}
{"@t":"2022-11-11T17:11:30.6595861Z","@mt":"Memory is overutilized, so cooling down segment {Segment} ({HotCount} events)","Segment":"2022-11-11T17:00:00.0000000Z","HotCount":226,"SourceContext":"Flare.Cache.SegmentCache"}
{"@t":"2022-11-11T17:12:18.5587910Z","@mt":"{CollectionCount} more generation 2 garbage collection(s) occurred","CollectionCount":3,"SourceContext":"Seq.Server.Features.Diagnostics.GCLogger"}
{"@t":"2022-11-11T17:16:18.5570394Z","@mt":"Metrics sampled","CacheDays":0,"CacheEvents":0,"SystemMemoryUtilization":0.7641029779678798,"ProcessWorkingSetBytes":336465920,"GCTotalHeapSizeBytes":20129744,"GCTotalFragmentedBytes":44888,"GCPauseTimePercentage":1.5,"GCGen0EnterHeapSizeBytes":33302264,"GCGen0ExitHeapSizeBytes":192,"GCGen0EnterFragmentedBytes":82488,"GCGen0ExitFragmentedBytes":0,"GCGen1EnterHeapSizeBytes":14847008,"GCGen1ExitHeapSizeBytes":2236400,"GCGen1EnterFragmentedBytes":316368,"GCGen1ExitFragmentedBytes":45072,"GCGen2EnterHeapSizeBytes":26702672,"GCGen2ExitHeapSizeBytes":27704504,"GCGen2EnterFragmentedBytes":4432,"GCGen2ExitFragmentedBytes":27728,"GCGen3EnterHeapSizeBytes":32465704,"GCGen3ExitHeapSizeBytes":21979888,"GCGen3EnterFragmentedBytes":352,"GCGen3ExitFragmentedBytes":320,"GCGen4EnterHeapSizeBytes":493336,"GCGen4ExitHeapSizeBytes":493336,"GCGen4EnterFragmentedBytes":0,"GCGen4ExitFragmentedBytes":0,"GCPause0DurationMs":7.542,"GCPause1DurationMs":7.542,"ProcessThreads":31,"ArrivedEventsPerMinute":0,"IngestedEventsPerMinute":0,"IngestedBytesPerMinute":0,"InvalidPayloadsPerMinute":0,"UnauthorizedPayloadsPerMinute":0,"TotalWriteTimeLastMinute":"Flare.Diagnostics.Counters.RateCounter","BroadcastQueueCount":0,"BroadcastSubscriptionQueuesAggregateCount":0}
{"@t":"2022-11-11T17:18:07.8546655Z","@mt":"Termination signal received"}
{"@t":"2022-11-11T17:18:07.8684157Z","@mt":"Signalling for {Workers} worker task(s) to complete","Workers":3,"SourceContext":"Flare.Workers.WorkerPool"}
{"@t":"2022-11-11T17:18:07.8752281Z","@mt":"Work {WorkDescription} ({WorkId}) observed cancellation and completed","WorkDescription":"Sample system memory","WorkId":"79717df1-1f46-45ec-9245-80a01455b1fb","SourceContext":"Flare.Workers.WorkerPool"}
{"@t":"2022-11-11T17:21:22.3949981Z","@mt":"Seq {SeqVersion} running on OS {OSCaption}","SeqVersion":"2022.1.7929","OSCaption":"Linux 5.15.49-linuxkit #1 SMP Tue Sep 13 07:51:46 UTC 2022","SourceContext":"Seq.Server.Features.Diagnostics.EnvironmentInformationWriter"}
{"@t":"2022-11-11T17:21:22.4676037Z","@mt":"Seq detected {TotalRAM} MB of RAM","TotalRAM":2080.894976,"SourceContext":"Seq.Server.Features.Diagnostics.EnvironmentInformationWriter"}
{"@t":"2022-11-11T17:21:22.8922202Z","@mt":"Opening event store at {StreamPath}","StreamPath":"/data/Stream/stream.flare","SourceContext":"Flare.Cluster.StorageNodeCoordinator"}
{"@t":"2022-11-11T17:21:23.5862078Z","@mt":"Ingestion enabled","SourceContext":"Flare.Cluster.StorageNodeCoordinator"}
{"@t":"2022-11-11T17:21:23.5943749Z","@mt":"Cache warm-up is required","SourceContext":"Flare.Cache.SegmentCache","OperationId":"179b85ae-d814-41b7-8fcc-1e57789f091d"}
{"@t":"2022-11-11T17:21:23.6143617Z","@mt":"Opening metastore {MetastorePath}","MetastorePath":"/data/Documents/metastore.flare","SourceContext":"Quince.Storage.Native.NativeDocumentStore"}
{"@t":"2022-11-11T17:21:23.7723591Z","@mt":"Storage subsystem available"}
{"@t":"2022-11-11T17:21:23.9772620Z","@mt":"Seq listening on {ListenUris}","ListenUris":["http://localhost/","https://localhost/","http://localhost:5341/","https://localhost:45341/"]}
{"@t":"2022-11-11T17:21:25.7627976Z","@mt":"Initial memory cache warm-up {Outcome} in {Elapsed:0.0} ms","@r":["2168.1"],"Outcome":"completed","Elapsed":2168.083,"OperationId":"179b85ae-d814-41b7-8fcc-1e57789f091d"}
{"@t":"2022-11-11T17:21:25.7653878Z","@mt":"{WarmSegments} segments warmed up ({@Shared})","WarmSegments":1533,"Shared":{"Schemata":115,"Strings":2974},"SourceContext":"Flare.Cache.SegmentCache"}
{"@t":"2022-11-11T17:21:35.8491981Z","@mt":"Memory is overutilized, so cooling down segment {Segment} ({HotCount} events)","Segment":"2022-09-08T21:00:00.0000000Z","HotCount":268,"SourceContext":"Flare.Cache.SegmentCache"}
{"@t":"2022-11-11T17:21:35.8522791Z","@mt":"Memory is overutilized, so cooling down segment {Segment} ({HotCount} events)","Segment":"2022-09-08T22:00:00.0000000Z","HotCount":3,"SourceContext":"Flare.Cache.SegmentCache"}
{"@t":"2022-11-11T17:21:35.8532453Z","@mt":"Memory is overutilized, so cooling down segment {Segment} ({HotCount} events)","Segment":"2022-09-20T18:00:00.0000000Z","HotCount":1380,"SourceContext":"Flare.Cache.SegmentCache"}
{"@t":"2022-11-11T17:21:35.8536854Z","@mt":"Memory is overutilized, so cooling down segment {Segment} ({HotCount} events)","Segment":"2022-09-20T19:00:00.0000000Z","HotCount":130,"SourceContext":"Flare.Cache.SegmentCache"}
{"@t":"2022-11-11T17:21:35.8541224Z","@mt":"Memory is overutilized, so cooling down segment {Segment} ({HotCount} events)","Segment":"2022-09-22T16:00:00.0000000Z","HotCount":734,"SourceContext":"Flare.Cache.SegmentCache"}
{"@t":"2022-11-11T17:21:35.8545730Z","@mt":"Memory is overutilized, so cooling down segment {Segment} ({HotCount} events)","Segment":"2022-09-22T17:00:00.0000000Z","HotCount":4002,"SourceContext":"Flare.Cache.SegmentCache"}
{"@t":"2022-11-11T17:21:35.8548975Z","@mt":"Memory is overutilized, so cooling down segment {Segment} ({HotCount} events)","Segment":"2022-09-24T10:00:00.0000000Z","HotCount":732,"SourceContext":"Flare.Cache.SegmentCache"}
{"@t":"2022-11-11T17:21:35.8552347Z","@mt":"Memory is overutilized, so cooling down segment {Segment} ({HotCount} events)","Segment":"2022-09-24T11:00:00.0000000Z","HotCount":7,"SourceContext":"Flare.Cache.SegmentCache"}
{"@t":"2022-11-11T17:21:35.8556669Z","@mt":"Memory is overutilized, so cooling down segment {Segment} ({HotCount} events)","Segment":"2022-09-25T15:00:00.0000000Z","HotCount":156,"SourceContext":"Flare.Cache.SegmentCache"}
{"@t":"2022-11-11T17:21:35.8559717Z","@mt":"Memory is overutilized, so cooling down segment {Segment} ({HotCount} events)","Segment":"2022-09-27T14:00:00.0000000Z","HotCount":201,"SourceContext":"Flare.Cache.SegmentCache"}
{"@t":"2022-11-11T17:21:35.8562787Z","@mt":"Memory is overutilized, so cooling down segment {Segment} ({HotCount} events)","Segment":"2022-09-27T15:00:00.0000000Z","HotCount":6,"SourceContext":"Flare.Cache.SegmentCache"}
{"@t":"2022-11-11T17:21:35.8567136Z","@mt":"Memory is overutilized, so cooling down segment {Segment} ({HotCount} events)","Segment":"2022-09-29T15:00:00.0000000Z","HotCount":156,"SourceContext":"Flare.Cache.SegmentCache"}
{"@t":"2022-11-11T17:21:35.8570067Z","@mt":"Memory is overutilized, so cooling down segment {Segment} ({HotCount} events)","Segment":"2022-10-02T11:00:00.0000000Z","HotCount":468,"SourceContext":"Flare.Cache.SegmentCache"}
{"@t":"2022-11-11T17:21:35.8577590Z","@mt":"Memory is overutilized, so cooling down segment {Segment} ({HotCount} events)","Segment":"2022-10-04T17:00:00.0000000Z","HotCount":331,"SourceContext":"Flare.Cache.SegmentCache"}
{"@t":"2022-11-11T17:21:35.8580284Z","@mt":"Memory is overutilized, so cooling down segment {Segment} ({HotCount} events)","Segment":"2022-10-04T18:00:00.0000000Z","HotCount":161,"SourceContext":"Flare.Cache.SegmentCache"}
{"@t":"2022-11-11T17:21:35.8583130Z","@mt":"Memory is overutilized, so cooling down segment {Segment} ({HotCount} events)","Segment":"2022-10-08T16:00:00.0000000Z","HotCount":300,"SourceContext":"Flare.Cache.SegmentCache"}
{"@t":"2022-11-11T17:21:35.8585649Z","@mt":"Memory is overutilized, so cooling down segment {Segment} ({HotCount} events)","Segment":"2022-10-08T17:00:00.0000000Z","HotCount":187,"SourceContext":"Flare.Cache.SegmentCache"}
{"@t":"2022-11-11T17:21:35.8588778Z","@mt":"Memory is overutilized, so cooling down segment {Segment} ({HotCount} events)","Segment":"2022-10-09T10:00:00.0000000Z","HotCount":655,"SourceContext":"Flare.Cache.SegmentCache"}
{"@t":"2022-11-11T17:21:35.8591588Z","@mt":"Memory is overutilized, so cooling down segment {Segment} ({HotCount} events)","Segment":"2022-10-09T11:00:00.0000000Z","HotCount":774,"SourceContext":"Flare.Cache.SegmentCache"}
{"@t":"2022-11-11T17:21:35.8594316Z","@mt":"Memory is overutilized, so cooling down segment {Segment} ({HotCount} events)","Segment":"2022-10-11T17:00:00.0000000Z","HotCount":589,"SourceContext":"Flare.Cache.SegmentCache"}
{"@t":"2022-11-11T17:21:35.8597801Z","@mt":"Memory is overutilized, so cooling down segment {Segment} ({HotCount} events)","Segment":"2022-10-11T18:00:00.0000000Z","HotCount":806,"SourceContext":"Flare.Cache.SegmentCache"}
{"@t":"2022-11-11T17:21:35.8600567Z","@mt":"Memory is overutilized, so cooling down segment {Segment} ({HotCount} events)","Segment":"2022-10-12T17:00:00.0000000Z","HotCount":612,"SourceContext":"Flare.Cache.SegmentCache"}
{"@t":"2022-11-11T17:21:35.8604469Z","@mt":"Memory is overutilized, so cooling down segment {Segment} ({HotCount} events)","Segment":"2022-10-12T21:00:00.0000000Z","HotCount":268,"SourceContext":"Flare.Cache.SegmentCache"}
{"@t":"2022-11-11T17:21:35.8607734Z","@mt":"Memory is overutilized, so cooling down segment {Segment} ({HotCount} events)","Segment":"2022-10-12T22:00:00.0000000Z","HotCount":223,"SourceContext":"Flare.Cache.SegmentCache"}
{"@t":"2022-11-11T17:21:35.8611014Z","@mt":"Memory is overutilized, so cooling down segment {Segment} ({HotCount} events)","Segment":"2022-10-13T15:00:00.0000000Z","HotCount":369,"SourceContext":"Flare.Cache.SegmentCache"}
{"@t":"2022-11-11T17:21:35.8614565Z","@mt":"Memory is overutilized, so cooling down segment {Segment} ({HotCount} events)","Segment":"2022-10-13T16:00:00.0000000Z","HotCount":333,"SourceContext":"Flare.Cache.SegmentCache"}
{"@t":"2022-11-11T17:21:35.8617188Z","@mt":"Memory is overutilized, so cooling down segment {Segment} ({HotCount} events)","Segment":"2022-10-14T17:00:00.0000000Z","HotCount":11,"SourceContext":"Flare.Cache.SegmentCache"}
{"@t":"2022-11-11T17:21:35.8620301Z","@mt":"Memory is overutilized, so cooling down segment {Segment} ({HotCount} events)","Segment":"2022-10-14T18:00:00.0000000Z","HotCount":130,"SourceContext":"Flare.Cache.SegmentCache"}
{"@t":"2022-11-11T17:21:35.8623939Z","@mt":"Memory is overutilized, so cooling down segment {Segment} ({HotCount} events)","Segment":"2022-10-15T17:00:00.0000000Z","HotCount":799,"SourceContext":"Flare.Cache.SegmentCache"}
{"@t":"2022-11-11T17:21:35.8627310Z","@mt":"Memory is overutilized, so cooling down segment {Segment} ({HotCount} events)","Segment":"2022-10-15T18:00:00.0000000Z","HotCount":1320,"SourceContext":"Flare.Cache.SegmentCache"}
{"@t":"2022-11-11T17:21:35.8630583Z","@mt":"Memory is overutilized, so cooling down segment {Segment} ({HotCount} events)","Segment":"2022-10-15T19:00:00.0000000Z","HotCount":65,"SourceContext":"Flare.Cache.SegmentCache"}
{"@t":"2022-11-11T17:21:35.8635797Z","@mt":"Memory is overutilized, so cooling down segment {Segment} ({HotCount} events)","Segment":"2022-10-15T20:00:00.0000000Z","HotCount":325,"SourceContext":"Flare.Cache.SegmentCache"}
{"@t":"2022-11-11T17:21:35.8639350Z","@mt":"Memory is overutilized, so cooling down segment {Segment} ({HotCount} events)","Segment":"2022-10-17T13:00:00.0000000Z","HotCount":65,"SourceContext":"Flare.Cache.SegmentCache"}
{"@t":"2022-11-11T17:21:35.8642060Z","@mt":"Memory is overutilized, so cooling down segment {Segment} ({HotCount} events)","Segment":"2022-10-18T17:00:00.0000000Z","HotCount":223,"SourceContext":"Flare.Cache.SegmentCache"}
{"@t":"2022-11-11T17:21:35.8644732Z","@mt":"Memory is overutilized, so cooling down segment {Segment} ({HotCount} events)","Segment":"2022-10-18T18:00:00.0000000Z","HotCount":880,"SourceContext":"Flare.Cache.SegmentCache"}
{"@t":"2022-11-11T17:21:35.8648535Z","@mt":"Memory is overutilized, so cooling down segment {Segment} ({HotCount} events)","Segment":"2022-10-18T19:00:00.0000000Z","HotCount":27,"SourceContext":"Flare.Cache.SegmentCache"}
{"@t":"2022-11-11T17:21:35.8651849Z","@mt":"Memory is overutilized, so cooling down segment {Segment} ({HotCount} events)","Segment":"2022-10-19T14:00:00.0000000Z","HotCount":65,"SourceContext":"Flare.Cache.SegmentCache"}
{"@t":"2022-11-11T17:21:35.8655460Z","@mt":"Memory is overutilized, so cooling down segment {Segment} ({HotCount} events)","Segment":"2022-10-20T15:00:00.0000000Z","HotCount":211,"SourceContext":"Flare.Cache.SegmentCache"}
{"@t":"2022-11-11T17:21:35.8658911Z","@mt":"Memory is overutilized, so cooling down segment {Segment} ({HotCount} events)","Segment":"2022-10-20T16:00:00.0000000Z","HotCount":904,"SourceContext":"Flare.Cache.SegmentCache"}
{"@t":"2022-11-11T17:21:35.8662928Z","@mt":"Memory is overutilized, so cooling down segment {Segment} ({HotCount} events)","Segment":"2022-10-22T15:00:00.0000000Z","HotCount":116,"SourceContext":"Flare.Cache.SegmentCache"}
{"@t":"2022-11-11T17:21:35.8666295Z","@mt":"Memory is overutilized, so cooling down segment {Segment} ({HotCount} events)","Segment":"2022-10-22T16:00:00.0000000Z","HotCount":65,"SourceContext":"Flare.Cache.SegmentCache"}
{"@t":"2022-11-11T17:21:35.8669734Z","@mt":"Memory is overutilized, so cooling down segment {Segment} ({HotCount} events)","Segment":"2022-10-22T18:00:00.0000000Z","HotCount":273,"SourceContext":"Flare.Cache.SegmentCache"}
{"@t":"2022-11-11T17:21:35.8672494Z","@mt":"Memory is overutilized, so cooling down segment {Segment} ({HotCount} events)","Segment":"2022-10-24T16:00:00.0000000Z","HotCount":288,"SourceContext":"Flare.Cache.SegmentCache"}
{"@t":"2022-11-11T17:21:35.8675754Z","@mt":"Memory is overutilized, so cooling down segment {Segment} ({HotCount} events)","Segment":"2022-10-24T17:00:00.0000000Z","HotCount":452,"SourceContext":"Flare.Cache.SegmentCache"}
{"@t":"2022-11-11T17:21:35.8679237Z","@mt":"Memory is overutilized, so cooling down segment {Segment} ({HotCount} events)","Segment":"2022-10-24T19:00:00.0000000Z","HotCount":175,"SourceContext":"Flare.Cache.SegmentCache"}
{"@t":"2022-11-11T17:21:35.8682602Z","@mt":"Memory is overutilized, so cooling down segment {Segment} ({HotCount} events)","Segment":"2022-10-24T20:00:00.0000000Z","HotCount":20,"SourceContext":"Flare.Cache.SegmentCache"}
{"@t":"2022-11-11T17:21:35.8685638Z","@mt":"Memory is overutilized, so cooling down segment {Segment} ({HotCount} events)","Segment":"2022-10-25T19:00:00.0000000Z","HotCount":223,"SourceContext":"Flare.Cache.SegmentCache"}
{"@t":"2022-11-11T17:21:35.8689194Z","@mt":"Memory is overutilized, so cooling down segment {Segment} ({HotCount} events)","Segment":"2022-10-26T14:00:00.0000000Z","HotCount":223,"SourceContext":"Flare.Cache.SegmentCache"}
{"@t":"2022-11-11T17:21:35.8693275Z","@mt":"Memory is overutilized, so cooling down segment {Segment} ({HotCount} events)","Segment":"2022-10-26T15:00:00.0000000Z","HotCount":1301,"SourceContext":"Flare.Cache.SegmentCache"}
{"@t":"2022-11-11T17:21:35.8701637Z","@mt":"Memory is overutilized, so cooling down segment {Segment} ({HotCount} events)","Segment":"2022-10-26T20:00:00.0000000Z","HotCount":1571,"SourceContext":"Flare.Cache.SegmentCache"}
{"@t":"2022-11-11T17:21:35.8711473Z","@mt":"Memory is overutilized, so cooling down segment {Segment} ({HotCount} events)","Segment":"2022-10-26T21:00:00.0000000Z","HotCount":102,"SourceContext":"Flare.Cache.SegmentCache"}
{"@t":"2022-11-11T17:21:35.8716482Z","@mt":"Memory is overutilized, so cooling down segment {Segment} ({HotCount} events)","Segment":"2022-10-29T13:00:00.0000000Z","HotCount":541,"SourceContext":"Flare.Cache.SegmentCache"}
{"@t":"2022-11-11T17:21:35.8721211Z","@mt":"Memory is overutilized, so cooling down segment {Segment} ({HotCount} events)","Segment":"2022-10-29T14:00:00.0000000Z","HotCount":1316,"SourceContext":"Flare.Cache.SegmentCache"}
{"@t":"2022-11-11T17:21:35.8724302Z","@mt":"Memory is overutilized, so cooling down segment {Segment} ({HotCount} events)","Segment":"2022-10-30T11:00:00.0000000Z","HotCount":506,"SourceContext":"Flare.Cache.SegmentCache"}
{"@t":"2022-11-11T17:21:35.8727326Z","@mt":"Memory is overutilized, so cooling down segment {Segment} ({HotCount} events)","Segment":"2022-10-30T12:00:00.0000000Z","HotCount":152,"SourceContext":"Flare.Cache.SegmentCache"}
{"@t":"2022-11-11T17:21:35.8730821Z","@mt":"Memory is overutilized, so cooling down segment {Segment} ({HotCount} events)","Segment":"2022-10-30T16:00:00.0000000Z","HotCount":65,"SourceContext":"Flare.Cache.SegmentCache"}
{"@t":"2022-11-11T17:21:35.8734460Z","@mt":"Memory is overutilized, so cooling down segment {Segment} ({HotCount} events)","Segment":"2022-10-30T17:00:00.0000000Z","HotCount":1537,"SourceContext":"Flare.Cache.SegmentCache"}
{"@t":"2022-11-11T17:21:35.8737490Z","@mt":"Memory is overutilized, so cooling down segment {Segment} ({HotCount} events)","Segment":"2022-10-31T17:00:00.0000000Z","HotCount":65,"SourceContext":"Flare.Cache.SegmentCache"}
{"@t":"2022-11-11T17:21:35.8740739Z","@mt":"Memory is overutilized, so cooling down segment {Segment} ({HotCount} events)","Segment":"2022-11-01T18:00:00.0000000Z","HotCount":840,"SourceContext":"Flare.Cache.SegmentCache"}
{"@t":"2022-11-11T17:21:35.8743859Z","@mt":"Memory is overutilized, so cooling down segment {Segment} ({HotCount} events)","Segment":"2022-11-01T19:00:00.0000000Z","HotCount":649,"SourceContext":"Flare.Cache.SegmentCache"}
{"@t":"2022-11-11T17:21:35.8746757Z","@mt":"Memory is overutilized, so cooling down segment {Segment} ({HotCount} events)","Segment":"2022-11-02T16:00:00.0000000Z","HotCount":106,"SourceContext":"Flare.Cache.SegmentCache"}
{"@t":"2022-11-11T17:21:35.8749580Z","@mt":"Memory is overutilized, so cooling down segment {Segment} ({HotCount} events)","Segment":"2022-11-04T20:00:00.0000000Z","HotCount":371,"SourceContext":"Flare.Cache.SegmentCache"}
{"@t":"2022-11-11T17:21:35.8753282Z","@mt":"Memory is overutilized, so cooling down segment {Segment} ({HotCount} events)","Segment":"2022-11-05T11:00:00.0000000Z","HotCount":297,"SourceContext":"Flare.Cache.SegmentCache"}
{"@t":"2022-11-11T17:21:35.8756219Z","@mt":"Memory is overutilized, so cooling down segment {Segment} ({HotCount} events)","Segment":"2022-11-05T17:00:00.0000000Z","HotCount":288,"SourceContext":"Flare.Cache.SegmentCache"}
{"@t":"2022-11-11T17:21:35.8759294Z","@mt":"Memory is overutilized, so cooling down segment {Segment} ({HotCount} events)","Segment":"2022-11-05T18:00:00.0000000Z","HotCount":88,"SourceContext":"Flare.Cache.SegmentCache"}
{"@t":"2022-11-11T17:21:35.8762099Z","@mt":"Memory is overutilized, so cooling down segment {Segment} ({HotCount} events)","Segment":"2022-11-06T13:00:00.0000000Z","HotCount":130,"SourceContext":"Flare.Cache.SegmentCache"}
{"@t":"2022-11-11T17:21:35.8764390Z","@mt":"Memory is overutilized, so cooling down segment {Segment} ({HotCount} events)","Segment":"2022-11-08T18:00:00.0000000Z","HotCount":65,"SourceContext":"Flare.Cache.SegmentCache"}
{"@t":"2022-11-11T17:21:35.8767255Z","@mt":"Memory is overutilized, so cooling down segment {Segment} ({HotCount} events)","Segment":"2022-11-08T19:00:00.0000000Z","HotCount":65,"SourceContext":"Flare.Cache.SegmentCache"}
{"@t":"2022-11-11T17:21:35.8772358Z","@mt":"Memory is overutilized, so cooling down segment {Segment} ({HotCount} events)","Segment":"2022-11-10T17:00:00.0000000Z","HotCount":226,"SourceContext":"Flare.Cache.SegmentCache"}
{"@t":"2022-11-11T17:21:35.8775051Z","@mt":"Memory is overutilized, so cooling down segment {Segment} ({HotCount} events)","Segment":"2022-11-10T18:00:00.0000000Z","HotCount":226,"SourceContext":"Flare.Cache.SegmentCache"}
{"@t":"2022-11-11T17:21:35.8778620Z","@mt":"Memory is overutilized, so cooling down segment {Segment} ({HotCount} events)","Segment":"2022-11-10T19:00:00.0000000Z","HotCount":356,"SourceContext":"Flare.Cache.SegmentCache"}
{"@t":"2022-11-11T17:21:35.8781828Z","@mt":"Memory is overutilized, so cooling down segment {Segment} ({HotCount} events)","Segment":"2022-11-10T20:00:00.0000000Z","HotCount":360,"SourceContext":"Flare.Cache.SegmentCache"}
{"@t":"2022-11-11T17:21:35.8785307Z","@mt":"Memory is overutilized, so cooling down segment {Segment} ({HotCount} events)","Segment":"2022-11-11T17:00:00.0000000Z","HotCount":452,"SourceContext":"Flare.Cache.SegmentCache"}
{"@t":"2022-11-11T17:22:24.0487977Z","@mt":"{CollectionCount} more generation 2 garbage collection(s) occurred","CollectionCount":3,"SourceContext":"Seq.Server.Features.Diagnostics.GCLogger"}
{"@t":"2022-11-11T17:26:24.0543062Z","@mt":"Metrics sampled","CacheDays":0,"CacheEvents":0,"SystemMemoryUtilization":0.7493676566981149,"ProcessWorkingSetBytes":330764288,"GCTotalHeapSizeBytes":20154816,"GCTotalFragmentedBytes":34928,"GCPauseTimePercentage":1.45,"GCGen0EnterHeapSizeBytes":45585192,"GCGen0ExitHeapSizeBytes":192,"GCGen0EnterFragmentedBytes":101384,"GCGen0ExitFragmentedBytes":0,"GCGen1EnterHeapSizeBytes":14966376,"GCGen1ExitHeapSizeBytes":2853880,"GCGen1EnterFragmentedBytes":318840,"GCGen1ExitFragmentedBytes":58440,"GCGen2EnterHeapSizeBytes":26156024,"GCGen2ExitHeapSizeBytes":27180248,"GCGen2EnterFragmentedBytes":2704,"GCGen2ExitFragmentedBytes":16280,"GCGen3EnterHeapSizeBytes":32465704,"GCGen3ExitHeapSizeBytes":21979888,"GCGen3EnterFragmentedBytes":352,"GCGen3ExitFragmentedBytes":320,"GCGen4EnterHeapSizeBytes":522176,"GCGen4ExitHeapSizeBytes":522176,"GCGen4EnterFragmentedBytes":0,"GCGen4ExitFragmentedBytes":0,"GCPause0DurationMs":8.546,"GCPause1DurationMs":8.546,"ProcessThreads":31,"ArrivedEventsPerMinute":0,"IngestedEventsPerMinute":0,"IngestedBytesPerMinute":0,"InvalidPayloadsPerMinute":0,"UnauthorizedPayloadsPerMinute":0,"TotalWriteTimeLastMinute":"Flare.Diagnostics.Counters.RateCounter","BroadcastQueueCount":0,"BroadcastSubscriptionQueuesAggregateCount":0}
{"@t":"2022-11-11T17:31:24.0468804Z","@mt":"Metrics sampled","CacheDays":0,"CacheEvents":0,"SystemMemoryUtilization":0.765293850178434,"ProcessWorkingSetBytes":324726784,"GCTotalHeapSizeBytes":20154816,"GCTotalFragmentedBytes":34928,"GCPauseTimePercentage":1.45,"GCGen0EnterHeapSizeBytes":45585192,"GCGen0ExitHeapSizeBytes":192,"GCGen0EnterFragmentedBytes":101384,"GCGen0ExitFragmentedBytes":0,"GCGen1EnterHeapSizeBytes":14966376,"GCGen1ExitHeapSizeBytes":2853880,"GCGen1EnterFragmentedBytes":318840,"GCGen1ExitFragmentedBytes":58440,"GCGen2EnterHeapSizeBytes":26156024,"GCGen2ExitHeapSizeBytes":27180248,"GCGen2EnterFragmentedBytes":2704,"GCGen2ExitFragmentedBytes":16280,"GCGen3EnterHeapSizeBytes":32465704,"GCGen3ExitHeapSizeBytes":21979888,"GCGen3EnterFragmentedBytes":352,"GCGen3ExitFragmentedBytes":320,"GCGen4EnterHeapSizeBytes":522176,"GCGen4ExitHeapSizeBytes":522176,"GCGen4EnterFragmentedBytes":0,"GCGen4ExitFragmentedBytes":0,"GCPause0DurationMs":8.546,"GCPause1DurationMs":8.546,"ProcessThreads":33,"ArrivedEventsPerMinute":0,"IngestedEventsPerMinute":0,"IngestedBytesPerMinute":0,"InvalidPayloadsPerMinute":0,"UnauthorizedPayloadsPerMinute":0,"TotalWriteTimeLastMinute":"Flare.Diagnostics.Counters.RateCounter","BroadcastQueueCount":0,"BroadcastSubscriptionQueuesAggregateCount":0}
{"@t":"2022-11-11T17:31:24.0517060Z","@mt":"Applying {Count} retention policies","Count":0,"SourceContext":"Seq.Server.Features.Retention.RetentionPolicyApplier"}
{"@t":"2022-11-11T17:31:24.0554971Z","@mt":"Retention processing and compaction took {Elapsed} ms; allocating {Allocation} ms for indexing","Elapsed":5.9858,"Allocation":599994.0142}
{"@t":"2022-11-11T17:31:24.0588624Z","@mt":"Beginning indexing","SourceContext":"Seq.Server.Features.Indexing.EventStoreIndexer"}
{"@t":"2022-11-11T17:31:24.3365226Z","@mt":"Wrote {IndexSetCount} index sets in {Elapsed:0.000} ms","@r":["276.000"],"IndexSetCount":0,"Elapsed":276,"SourceContext":"Seq.Server.Features.Indexing.EventStoreIndexer"}
{"@t":"2022-11-11T17:31:24.3373318Z","@mt":"Indexing took {Elapsed} ms; total iteration time was {Iteration} ms","Elapsed":279,"Iteration":285.5749}
{"@t":"2022-11-11T17:36:24.0471686Z","@mt":"Metrics sampled","CacheDays":0,"CacheEvents":0,"SystemMemoryUtilization":0.7659670374445654,"ProcessWorkingSetBytes":325685248,"GCTotalHeapSizeBytes":20154816,"GCTotalFragmentedBytes":34928,"GCPauseTimePercentage":1.45,"GCGen0EnterHeapSizeBytes":45585192,"GCGen0ExitHeapSizeBytes":192,"GCGen0EnterFragmentedBytes":101384,"GCGen0ExitFragmentedBytes":0,"GCGen1EnterHeapSizeBytes":14966376,"GCGen1ExitHeapSizeBytes":2853880,"GCGen1EnterFragmentedBytes":318840,"GCGen1ExitFragmentedBytes":58440,"GCGen2EnterHeapSizeBytes":26156024,"GCGen2ExitHeapSizeBytes":27180248,"GCGen2EnterFragmentedBytes":2704,"GCGen2ExitFragmentedBytes":16280,"GCGen3EnterHeapSizeBytes":32465704,"GCGen3ExitHeapSizeBytes":21979888,"GCGen3EnterFragmentedBytes":352,"GCGen3ExitFragmentedBytes":320,"GCGen4EnterHeapSizeBytes":522176,"GCGen4ExitHeapSizeBytes":522176,"GCGen4EnterFragmentedBytes":0,"GCGen4ExitFragmentedBytes":0,"GCPause0DurationMs":8.546,"GCPause1DurationMs":8.546,"ProcessThreads":32,"ArrivedEventsPerMinute":0,"IngestedEventsPerMinute":0,"IngestedBytesPerMinute":0,"InvalidPayloadsPerMinute":0,"UnauthorizedPayloadsPerMinute":0,"TotalWriteTimeLastMinute":"Flare.Diagnostics.Counters.RateCounter","BroadcastQueueCount":0,"BroadcastSubscriptionQueuesAggregateCount":0}
{"@t":"2022-11-11T17:41:24.0464889Z","@mt":"Metrics sampled","CacheDays":0,"CacheEvents":0,"SystemMemoryUtilization":0.7763837246152302,"ProcessWorkingSetBytes":325709824,"GCTotalHeapSizeBytes":20154816,"GCTotalFragmentedBytes":34928,"GCPauseTimePercentage":1.45,"GCGen0EnterHeapSizeBytes":45585192,"GCGen0ExitHeapSizeBytes":192,"GCGen0EnterFragmentedBytes":101384,"GCGen0ExitFragmentedBytes":0,"GCGen1EnterHeapSizeBytes":14966376,"GCGen1ExitHeapSizeBytes":2853880,"GCGen1EnterFragmentedBytes":318840,"GCGen1ExitFragmentedBytes":58440,"GCGen2EnterHeapSizeBytes":26156024,"GCGen2ExitHeapSizeBytes":27180248,"GCGen2EnterFragmentedBytes":2704,"GCGen2ExitFragmentedBytes":16280,"GCGen3EnterHeapSizeBytes":32465704,"GCGen3ExitHeapSizeBytes":21979888,"GCGen3EnterFragmentedBytes":352,"GCGen3ExitFragmentedBytes":320,"GCGen4EnterHeapSizeBytes":522176,"GCGen4ExitHeapSizeBytes":522176,"GCGen4EnterFragmentedBytes":0,"GCGen4ExitFragmentedBytes":0,"GCPause0DurationMs":8.546,"GCPause1DurationMs":8.546,"ProcessThreads":33,"ArrivedEventsPerMinute":0,"IngestedEventsPerMinute":0,"IngestedBytesPerMinute":0,"InvalidPayloadsPerMinute":0,"UnauthorizedPayloadsPerMinute":0,"TotalWriteTimeLastMinute":"Flare.Diagnostics.Counters.RateCounter","BroadcastQueueCount":0,"BroadcastSubscriptionQueuesAggregateCount":0}
{"@t":"2022-11-11T17:41:24.0492467Z","@mt":"Applying {Count} retention policies","Count":0,"SourceContext":"Seq.Server.Features.Retention.RetentionPolicyApplier"}
{"@t":"2022-11-11T17:41:24.0502717Z","@mt":"Retention processing and compaction took {Elapsed} ms; allocating {Allocation} ms for indexing","Elapsed":1.0529,"Allocation":599998.9471}
{"@t":"2022-11-11T17:41:24.0510598Z","@mt":"Beginning indexing","SourceContext":"Seq.Server.Features.Indexing.EventStoreIndexer"}
{"@t":"2022-11-11T17:41:24.0542561Z","@mt":"Wrote {IndexSetCount} index sets in {Elapsed:0.000} ms","@r":["2.000"],"IndexSetCount":0,"Elapsed":2,"SourceContext":"Seq.Server.Features.Indexing.EventStoreIndexer"}
{"@t":"2022-11-11T17:41:24.0549693Z","@mt":"Indexing took {Elapsed} ms; total iteration time was {Iteration} ms","Elapsed":3,"Iteration":4.9599}
{"@t":"2022-11-11T17:46:24.0467369Z","@mt":"Metrics sampled","CacheDays":0,"CacheEvents":0,"SystemMemoryUtilization":0.7738504146400516,"ProcessWorkingSetBytes":325398528,"GCTotalHeapSizeBytes":20154816,"GCTotalFragmentedBytes":34928,"GCPauseTimePercentage":1.45,"GCGen0EnterHeapSizeBytes":45585192,"GCGen0ExitHeapSizeBytes":192,"GCGen0EnterFragmentedBytes":101384,"GCGen0ExitFragmentedBytes":0,"GCGen1EnterHeapSizeBytes":14966376,"GCGen1ExitHeapSizeBytes":2853880,"GCGen1EnterFragmentedBytes":318840,"GCGen1ExitFragmentedBytes":58440,"GCGen2EnterHeapSizeBytes":26156024,"GCGen2ExitHeapSizeBytes":27180248,"GCGen2EnterFragmentedBytes":2704,"GCGen2ExitFragmentedBytes":16280,"GCGen3EnterHeapSizeBytes":32465704,"GCGen3ExitHeapSizeBytes":21979888,"GCGen3EnterFragmentedBytes":352,"GCGen3ExitFragmentedBytes":320,"GCGen4EnterHeapSizeBytes":522176,"GCGen4ExitHeapSizeBytes":522176,"GCGen4EnterFragmentedBytes":0,"GCGen4ExitFragmentedBytes":0,"GCPause0DurationMs":8.546,"GCPause1DurationMs":8.546,"ProcessThreads":36,"ArrivedEventsPerMinute":0,"IngestedEventsPerMinute":0,"IngestedBytesPerMinute":0,"InvalidPayloadsPerMinute":0,"UnauthorizedPayloadsPerMinute":0,"TotalWriteTimeLastMinute":"Flare.Diagnostics.Counters.RateCounter","BroadcastQueueCount":0,"BroadcastSubscriptionQueuesAggregateCount":0}
{"@t":"2022-11-11T17:51:24.0456342Z","@mt":"Metrics sampled","CacheDays":0,"CacheEvents":0,"SystemMemoryUtilization":0.776139645021662,"ProcessWorkingSetBytes":324669440,"GCTotalHeapSizeBytes":20154816,"GCTotalFragmentedBytes":34928,"GCPauseTimePercentage":1.45,"GCGen0EnterHeapSizeBytes":45585192,"GCGen0ExitHeapSizeBytes":192,"GCGen0EnterFragmentedBytes":101384,"GCGen0ExitFragmentedBytes":0,"GCGen1EnterHeapSizeBytes":14966376,"GCGen1ExitHeapSizeBytes":2853880,"GCGen1EnterFragmentedBytes":318840,"GCGen1ExitFragmentedBytes":58440,"GCGen2EnterHeapSizeBytes":26156024,"GCGen2ExitHeapSizeBytes":27180248,"GCGen2EnterFragmentedBytes":2704,"GCGen2ExitFragmentedBytes":16280,"GCGen3EnterHeapSizeBytes":32465704,"GCGen3ExitHeapSizeBytes":21979888,"GCGen3EnterFragmentedBytes":352,"GCGen3ExitFragmentedBytes":320,"GCGen4EnterHeapSizeBytes":522176,"GCGen4ExitHeapSizeBytes":522176,"GCGen4EnterFragmentedBytes":0,"GCGen4ExitFragmentedBytes":0,"GCPause0DurationMs":8.546,"GCPause1DurationMs":8.546,"ProcessThreads":31,"ArrivedEventsPerMinute":0,"IngestedEventsPerMinute":0,"IngestedBytesPerMinute":0,"InvalidPayloadsPerMinute":0,"UnauthorizedPayloadsPerMinute":0,"TotalWriteTimeLastMinute":"Flare.Diagnostics.Counters.RateCounter","BroadcastQueueCount":0,"BroadcastSubscriptionQueuesAggregateCount":0}
{"@t":"2022-11-11T17:51:24.0489605Z","@mt":"Applying {Count} retention policies","Count":0,"SourceContext":"Seq.Server.Features.Retention.RetentionPolicyApplier"}
{"@t":"2022-11-11T17:51:24.0496431Z","@mt":"Retention processing and compaction took {Elapsed} ms; allocating {Allocation} ms for indexing","Elapsed":0.7093,"Allocation":599999.2907}
{"@t":"2022-11-11T17:51:24.0500676Z","@mt":"Beginning indexing","SourceContext":"Seq.Server.Features.Indexing.EventStoreIndexer"}
{"@t":"2022-11-11T17:51:24.0526121Z","@mt":"Wrote {IndexSetCount} index sets in {Elapsed:0.000} ms","@r":["2.000"],"IndexSetCount":0,"Elapsed":2,"SourceContext":"Seq.Server.Features.Indexing.EventStoreIndexer"}
{"@t":"2022-11-11T17:51:24.0532086Z","@mt":"Indexing took {Elapsed} ms; total iteration time was {Iteration} ms","Elapsed":3,"Iteration":3.8441}
{"@t":"2022-11-11T17:56:24.0451182Z","@mt":"Metrics sampled","CacheDays":0,"CacheEvents":0,"SystemMemoryUtilization":0.7744428981695999,"ProcessWorkingSetBytes":324505600,"GCTotalHeapSizeBytes":20154816,"GCTotalFragmentedBytes":34928,"GCPauseTimePercentage":1.45,"GCGen0EnterHeapSizeBytes":45585192,"GCGen0ExitHeapSizeBytes":192,"GCGen0EnterFragmentedBytes":101384,"GCGen0ExitFragmentedBytes":0,"GCGen1EnterHeapSizeBytes":14966376,"GCGen1ExitHeapSizeBytes":2853880,"GCGen1EnterFragmentedBytes":318840,"GCGen1ExitFragmentedBytes":58440,"GCGen2EnterHeapSizeBytes":26156024,"GCGen2ExitHeapSizeBytes":27180248,"GCGen2EnterFragmentedBytes":2704,"GCGen2ExitFragmentedBytes":16280,"GCGen3EnterHeapSizeBytes":32465704,"GCGen3ExitHeapSizeBytes":21979888,"GCGen3EnterFragmentedBytes":352,"GCGen3ExitFragmentedBytes":320,"GCGen4EnterHeapSizeBytes":522176,"GCGen4ExitHeapSizeBytes":522176,"GCGen4EnterFragmentedBytes":0,"GCGen4ExitFragmentedBytes":0,"GCPause0DurationMs":8.546,"GCPause1DurationMs":8.546,"ProcessThreads":31,"ArrivedEventsPerMinute":0,"IngestedEventsPerMinute":0,"IngestedBytesPerMinute":0,"InvalidPayloadsPerMinute":0,"UnauthorizedPayloadsPerMinute":0,"TotalWriteTimeLastMinute":"Flare.Diagnostics.Counters.RateCounter","BroadcastQueueCount":0,"BroadcastSubscriptionQueuesAggregateCount":0}
{"@t":"2022-11-11T18:01:24.0459010Z","@mt":"Metrics sampled","CacheDays":0,"CacheEvents":0,"SystemMemoryUtilization":0.782044796478955,"ProcessWorkingSetBytes":325144576,"GCTotalHeapSizeBytes":20154816,"GCTotalFragmentedBytes":34928,"GCPauseTimePercentage":1.45,"GCGen0EnterHeapSizeBytes":45585192,"GCGen0ExitHeapSizeBytes":192,"GCGen0EnterFragmentedBytes":101384,"GCGen0ExitFragmentedBytes":0,"GCGen1EnterHeapSizeBytes":14966376,"GCGen1ExitHeapSizeBytes":2853880,"GCGen1EnterFragmentedBytes":318840,"GCGen1ExitFragmentedBytes":58440,"GCGen2EnterHeapSizeBytes":26156024,"GCGen2ExitHeapSizeBytes":27180248,"GCGen2EnterFragmentedBytes":2704,"GCGen2ExitFragmentedBytes":16280,"GCGen3EnterHeapSizeBytes":32465704,"GCGen3ExitHeapSizeBytes":21979888,"GCGen3EnterFragmentedBytes":352,"GCGen3ExitFragmentedBytes":320,"GCGen4EnterHeapSizeBytes":522176,"GCGen4ExitHeapSizeBytes":522176,"GCGen4EnterFragmentedBytes":0,"GCGen4ExitFragmentedBytes":0,"GCPause0DurationMs":8.546,"GCPause1DurationMs":8.546,"ProcessThreads":32,"ArrivedEventsPerMinute":0,"IngestedEventsPerMinute":0,"IngestedBytesPerMinute":0,"InvalidPayloadsPerMinute":0,"UnauthorizedPayloadsPerMinute":0,"TotalWriteTimeLastMinute":"Flare.Diagnostics.Counters.RateCounter","BroadcastQueueCount":0,"BroadcastSubscriptionQueuesAggregateCount":0}
{"@t":"2022-11-11T18:01:24.0490472Z","@mt":"Applying {Count} retention policies","Count":0,"SourceContext":"Seq.Server.Features.Retention.RetentionPolicyApplier"}
{"@t":"2022-11-11T18:01:24.0507428Z","@mt":"Retention processing and compaction took {Elapsed} ms; allocating {Allocation} ms for indexing","Elapsed":1.7861,"Allocation":599998.2139}
{"@t":"2022-11-11T18:01:24.0512120Z","@mt":"Beginning indexing","SourceContext":"Seq.Server.Features.Indexing.EventStoreIndexer"}
{"@t":"2022-11-11T18:01:24.0538166Z","@mt":"Wrote {IndexSetCount} index sets in {Elapsed:0.000} ms","@r":["2.000"],"IndexSetCount":0,"Elapsed":2,"SourceContext":"Seq.Server.Features.Indexing.EventStoreIndexer"}
{"@t":"2022-11-11T18:01:24.0543970Z","@mt":"Indexing took {Elapsed} ms; total iteration time was {Iteration} ms","Elapsed":3,"Iteration":4.9678}
{"@t":"2022-11-11T18:06:24.0452158Z","@mt":"Metrics sampled","CacheDays":0,"CacheEvents":0,"SystemMemoryUtilization":0.7751239589710077,"ProcessWorkingSetBytes":325177344,"GCTotalHeapSizeBytes":20154816,"GCTotalFragmentedBytes":34928,"GCPauseTimePercentage":1.45,"GCGen0EnterHeapSizeBytes":45585192,"GCGen0ExitHeapSizeBytes":192,"GCGen0EnterFragmentedBytes":101384,"GCGen0ExitFragmentedBytes":0,"GCGen1EnterHeapSizeBytes":14966376,"GCGen1ExitHeapSizeBytes":2853880,"GCGen1EnterFragmentedBytes":318840,"GCGen1ExitFragmentedBytes":58440,"GCGen2EnterHeapSizeBytes":26156024,"GCGen2ExitHeapSizeBytes":27180248,"GCGen2EnterFragmentedBytes":2704,"GCGen2ExitFragmentedBytes":16280,"GCGen3EnterHeapSizeBytes":32465704,"GCGen3ExitHeapSizeBytes":21979888,"GCGen3EnterFragmentedBytes":352,"GCGen3ExitFragmentedBytes":320,"GCGen4EnterHeapSizeBytes":522176,"GCGen4ExitHeapSizeBytes":522176,"GCGen4EnterFragmentedBytes":0,"GCGen4ExitFragmentedBytes":0,"GCPause0DurationMs":8.546,"GCPause1DurationMs":8.546,"ProcessThreads":30,"ArrivedEventsPerMinute":0,"IngestedEventsPerMinute":0,"IngestedBytesPerMinute":0,"InvalidPayloadsPerMinute":0,"UnauthorizedPayloadsPerMinute":0,"TotalWriteTimeLastMinute":"Flare.Diagnostics.Counters.RateCounter","BroadcastQueueCount":0,"BroadcastSubscriptionQueuesAggregateCount":0}
{"@t":"2022-11-11T18:11:24.0456228Z","@mt":"Metrics sampled","CacheDays":0,"CacheEvents":0,"SystemMemoryUtilization":0.7838635831278012,"ProcessWorkingSetBytes":324956160,"GCTotalHeapSizeBytes":20154816,"GCTotalFragmentedBytes":34928,"GCPauseTimePercentage":1.45,"GCGen0EnterHeapSizeBytes":45585192,"GCGen0ExitHeapSizeBytes":192,"GCGen0EnterFragmentedBytes":101384,"GCGen0ExitFragmentedBytes":0,"GCGen1EnterHeapSizeBytes":14966376,"GCGen1ExitHeapSizeBytes":2853880,"GCGen1EnterFragmentedBytes":318840,"GCGen1ExitFragmentedBytes":58440,"GCGen2EnterHeapSizeBytes":26156024,"GCGen2ExitHeapSizeBytes":27180248,"GCGen2EnterFragmentedBytes":2704,"GCGen2ExitFragmentedBytes":16280,"GCGen3EnterHeapSizeBytes":32465704,"GCGen3ExitHeapSizeBytes":21979888,"GCGen3EnterFragmentedBytes":352,"GCGen3ExitFragmentedBytes":320,"GCGen4EnterHeapSizeBytes":522176,"GCGen4ExitHeapSizeBytes":522176,"GCGen4EnterFragmentedBytes":0,"GCGen4ExitFragmentedBytes":0,"GCPause0DurationMs":8.546,"GCPause1DurationMs":8.546,"ProcessThreads":31,"ArrivedEventsPerMinute":0,"IngestedEventsPerMinute":0,"IngestedBytesPerMinute":0,"InvalidPayloadsPerMinute":0,"UnauthorizedPayloadsPerMinute":0,"TotalWriteTimeLastMinute":"Flare.Diagnostics.Counters.RateCounter","BroadcastQueueCount":0,"BroadcastSubscriptionQueuesAggregateCount":0}
{"@t":"2022-11-11T18:11:24.0506043Z","@mt":"Applying {Count} retention policies","Count":0,"SourceContext":"Seq.Server.Features.Retention.RetentionPolicyApplier"}
{"@t":"2022-11-11T18:11:24.0510243Z","@mt":"Retention processing and compaction took {Elapsed} ms; allocating {Allocation} ms for indexing","Elapsed":0.4706,"Allocation":599999.5294}
{"@t":"2022-11-11T18:11:24.0514211Z","@mt":"Beginning indexing","SourceContext":"Seq.Server.Features.Indexing.EventStoreIndexer"}
{"@t":"2022-11-11T18:11:24.0537156Z","@mt":"Wrote {IndexSetCount} index sets in {Elapsed:0.000} ms","@r":["1.000"],"IndexSetCount":0,"Elapsed":1,"SourceContext":"Seq.Server.Features.Indexing.EventStoreIndexer"}
{"@t":"2022-11-11T18:11:24.0543535Z","@mt":"Indexing took {Elapsed} ms; total iteration time was {Iteration} ms","Elapsed":2,"Iteration":3.3993}
{"@t":"2022-11-11T18:16:24.0458534Z","@mt":"Metrics sampled","CacheDays":0,"CacheEvents":0,"SystemMemoryUtilization":0.7867138028978546,"ProcessWorkingSetBytes":324472832,"GCTotalHeapSizeBytes":20154816,"GCTotalFragmentedBytes":34928,"GCPauseTimePercentage":1.45,"GCGen0EnterHeapSizeBytes":45585192,"GCGen0ExitHeapSizeBytes":192,"GCGen0EnterFragmentedBytes":101384,"GCGen0ExitFragmentedBytes":0,"GCGen1EnterHeapSizeBytes":14966376,"GCGen1ExitHeapSizeBytes":2853880,"GCGen1EnterFragmentedBytes":318840,"GCGen1ExitFragmentedBytes":58440,"GCGen2EnterHeapSizeBytes":26156024,"GCGen2ExitHeapSizeBytes":27180248,"GCGen2EnterFragmentedBytes":2704,"GCGen2ExitFragmentedBytes":16280,"GCGen3EnterHeapSizeBytes":32465704,"GCGen3ExitHeapSizeBytes":21979888,"GCGen3EnterFragmentedBytes":352,"GCGen3ExitFragmentedBytes":320,"GCGen4EnterHeapSizeBytes":522176,"GCGen4ExitHeapSizeBytes":522176,"GCGen4EnterFragmentedBytes":0,"GCGen4ExitFragmentedBytes":0,"GCPause0DurationMs":8.546,"GCPause1DurationMs":8.546,"ProcessThreads":31,"ArrivedEventsPerMinute":0,"IngestedEventsPerMinute":0,"IngestedBytesPerMinute":0,"InvalidPayloadsPerMinute":0,"UnauthorizedPayloadsPerMinute":0,"TotalWriteTimeLastMinute":"Flare.Diagnostics.Counters.RateCounter","BroadcastQueueCount":0,"BroadcastSubscriptionQueuesAggregateCount":0}
{"@t":"2022-11-11T18:21:24.0508460Z","@mt":"Metrics sampled","CacheDays":0,"CacheEvents":0,"SystemMemoryUtilization":0.7847828183713199,"ProcessWorkingSetBytes":324382720,"GCTotalHeapSizeBytes":20154816,"GCTotalFragmentedBytes":34928,"GCPauseTimePercentage":1.45,"GCGen0EnterHeapSizeBytes":45585192,"GCGen0ExitHeapSizeBytes":192,"GCGen0EnterFragmentedBytes":101384,"GCGen0ExitFragmentedBytes":0,"GCGen1EnterHeapSizeBytes":14966376,"GCGen1ExitHeapSizeBytes":2853880,"GCGen1EnterFragmentedBytes":318840,"GCGen1ExitFragmentedBytes":58440,"GCGen2EnterHeapSizeBytes":26156024,"GCGen2ExitHeapSizeBytes":27180248,"GCGen2EnterFragmentedBytes":2704,"GCGen2ExitFragmentedBytes":16280,"GCGen3EnterHeapSizeBytes":32465704,"GCGen3ExitHeapSizeBytes":21979888,"GCGen3EnterFragmentedBytes":352,"GCGen3ExitFragmentedBytes":320,"GCGen4EnterHeapSizeBytes":522176,"GCGen4ExitHeapSizeBytes":522176,"GCGen4EnterFragmentedBytes":0,"GCGen4ExitFragmentedBytes":0,"GCPause0DurationMs":8.546,"GCPause1DurationMs":8.546,"ProcessThreads":31,"ArrivedEventsPerMinute":0,"IngestedEventsPerMinute":0,"IngestedBytesPerMinute":0,"InvalidPayloadsPerMinute":0,"UnauthorizedPayloadsPerMinute":0,"TotalWriteTimeLastMinute":"Flare.Diagnostics.Counters.RateCounter","BroadcastQueueCount":0,"BroadcastSubscriptionQueuesAggregateCount":0}
{"@t":"2022-11-11T18:21:24.0560209Z","@mt":"Applying {Count} retention policies","Count":0,"SourceContext":"Seq.Server.Features.Retention.RetentionPolicyApplier"}
{"@t":"2022-11-11T18:21:24.0565485Z","@mt":"Retention processing and compaction took {Elapsed} ms; allocating {Allocation} ms for indexing","Elapsed":0.5636,"Allocation":599999.4364}
{"@t":"2022-11-11T18:21:24.0570937Z","@mt":"Beginning indexing","SourceContext":"Seq.Server.Features.Indexing.EventStoreIndexer"}
{"@t":"2022-11-11T18:21:24.0541786Z","@mt":"Native storage metrics sampled","ABI_INTERNAL_ERROR":0,"ABI_IO_ERROR":0,"ABI_PANIC":0,"DELETE_ABANDON":0,"DELETE_BEGIN":0,"DELETE_COMPLETE":0,"DELETE_EXCLUDE_EVENT":0,"DELETE_SKIP_SPAN":0,"DOC_COLL_CHECKPOINT":0,"DOC_COLL_CREATE":0,"DOC_COLL_KVS_REMOVE":0,"DOC_COLL_READ_BEGIN":1,"DOC_COLL_READ_COMPLETE":1,"DOC_COLL_REMOVE":0,"DOC_COLL_WRITE_ABORT":0,"DOC_COLL_WRITE_BEGIN":0,"DOC_COLL_WRITE_COMMIT":0,"DOC_COLL_WRITE_RECORD_DELETE":0,"DOC_COLL_WRITE_RECORD_SET":0,"INDEX_SET_CREATE":0,"INDEX_SET_LOAD":2,"INDEX_SET_MISSING_INDEX_LOOKUP":0,"INDEX_SET_REMOVE":0,"INDEXER_ABORT":0,"INDEXER_BEGIN_NEW":0,"INDEXER_BEGIN_OUTDATED":0,"INDEXER_COALESCED":0,"INDEXER_COMMIT":0,"INGEST_BUF_CACHE_EVENT_FROM_DISK":0,"INGEST_BUF_CACHE_EVENT_INCOMING":0,"INGEST_BUF_CREATE":1,"INGEST_BUF_READ":193,"INGEST_BUF_READ_TRUNCATED":0,"INGEST_BUF_REMOVE":0,"INGEST_BUF_WRITE_EVENT":226,"KEYVALUES_READ_TRUNCATED":0,"MAINTENANCE_TRANSACTION_BEGIN":5,"MAINTENANCE_TRANSACTION_COMPLETE":5,"MAINTENANCE_TRANSACTION_DIRTY_COMPLETE":0,"NET_INCOMING_COMPLETED":0,"NET_INCOMING_ESTABLISHED":0,"NET_INCOMING_FAILED":0,"NET_INCOMING_INVALID_KEY":0,"NET_INCOMING_SOCKET_ACCEPTED":0,"NODE_MESSAGE_BYTES_RECEIVED":0,"NODE_MESSAGE_BYTES_SENT":0,"NODE_MESSAGE_RECEIVED":0,"NODE_MESSAGE_SENT":0,"QUERY_BEGIN":13,"QUERY_END":13,"QUERY_ROW_HIT":974,"QUERY_ROW_MISS_FRAGMENT":0,"QUERY_ROW_MISS_PREDICATE":0,"READ_TRANSACTION_BEGIN":1542,"READ_TRANSACTION_COMPLETE":1542,"READ_TRANSACTION_DIRTY_COMPLETE":0,"REGION_INCLUDED_INGEST_BUF":764,"REGION_INCLUDED_STABLE_SPAN":345,"REGION_READ":961,"REPLICATION_FULL_SYNC":0,"STABLE_SPAN_CREATE":0,"STABLE_SPAN_LAST_SEEK_PROBES":5,"STABLE_SPAN_READ":340,"STABLE_SPAN_READ_NO_INDEX_SET":0,"STABLE_SPAN_READ_SKIP":0,"STABLE_SPAN_REMOVE":0,"STABLE_SPAN_SEEK":337,"STABLE_SPAN_SPARSE_READ":0,"STORE_CLOSE":0,"STORE_CREATE":0,"STORE_OPEN":2,"TRUNCATE_COMPLETE":0,"WRITE_TRANSACTION_BEGIN":3,"WRITE_TRANSACTION_COMPLETE":3,"WRITE_TRANSACTION_DIRTY_COMPLETE":0,"WRITER_ABORT":0,"WRITER_BEGIN":2,"WRITER_COMMIT":2,"WRITER_COMMIT_MULTIPLE_BUFS":0}
{"@t":"2022-11-11T18:21:24.2525222Z","@mt":"Wrote {IndexSetCount} index sets in {Elapsed:0.000} ms","@r":["195.000"],"IndexSetCount":0,"Elapsed":195,"SourceContext":"Seq.Server.Features.Indexing.EventStoreIndexer"}
{"@t":"2022-11-11T18:21:24.2528147Z","@mt":"Indexing took {Elapsed} ms; total iteration time was {Iteration} ms","Elapsed":195,"Iteration":196.2794}
{"@t":"2022-11-11T18:26:24.0452595Z","@mt":"Metrics sampled","CacheDays":0,"CacheEvents":0,"SystemMemoryUtilization":0.7842651334268972,"ProcessWorkingSetBytes":324575232,"GCTotalHeapSizeBytes":20154816,"GCTotalFragmentedBytes":34928,"GCPauseTimePercentage":1.45,"GCGen0EnterHeapSizeBytes":45585192,"GCGen0ExitHeapSizeBytes":192,"GCGen0EnterFragmentedBytes":101384,"GCGen0ExitFragmentedBytes":0,"GCGen1EnterHeapSizeBytes":14966376,"GCGen1ExitHeapSizeBytes":2853880,"GCGen1EnterFragmentedBytes":318840,"GCGen1ExitFragmentedBytes":58440,"GCGen2EnterHeapSizeBytes":26156024,"GCGen2ExitHeapSizeBytes":27180248,"GCGen2EnterFragmentedBytes":2704,"GCGen2ExitFragmentedBytes":16280,"GCGen3EnterHeapSizeBytes":32465704,"GCGen3ExitHeapSizeBytes":21979888,"GCGen3EnterFragmentedBytes":352,"GCGen3ExitFragmentedBytes":320,"GCGen4EnterHeapSizeBytes":522176,"GCGen4ExitHeapSizeBytes":522176,"GCGen4EnterFragmentedBytes":0,"GCGen4ExitFragmentedBytes":0,"GCPause0DurationMs":8.546,"GCPause1DurationMs":8.546,"ProcessThreads":30,"ArrivedEventsPerMinute":0,"IngestedEventsPerMinute":0,"IngestedBytesPerMinute":0,"InvalidPayloadsPerMinute":0,"UnauthorizedPayloadsPerMinute":0,"TotalWriteTimeLastMinute":"Flare.Diagnostics.Counters.RateCounter","BroadcastQueueCount":0,"BroadcastSubscriptionQueuesAggregateCount":0}
{"@t":"2022-11-11T18:31:24.0459873Z","@mt":"Metrics sampled","CacheDays":0,"CacheEvents":0,"SystemMemoryUtilization":0.7896053587281091,"ProcessWorkingSetBytes":324460544,"GCTotalHeapSizeBytes":20154816,"GCTotalFragmentedBytes":34928,"GCPauseTimePercentage":1.45,"GCGen0EnterHeapSizeBytes":45585192,"GCGen0ExitHeapSizeBytes":192,"GCGen0EnterFragmentedBytes":101384,"GCGen0ExitFragmentedBytes":0,"GCGen1EnterHeapSizeBytes":14966376,"GCGen1ExitHeapSizeBytes":2853880,"GCGen1EnterFragmentedBytes":318840,"GCGen1ExitFragmentedBytes":58440,"GCGen2EnterHeapSizeBytes":26156024,"GCGen2ExitHeapSizeBytes":27180248,"GCGen2EnterFragmentedBytes":2704,"GCGen2ExitFragmentedBytes":16280,"GCGen3EnterHeapSizeBytes":32465704,"GCGen3ExitHeapSizeBytes":21979888,"GCGen3EnterFragmentedBytes":352,"GCGen3ExitFragmentedBytes":320,"GCGen4EnterHeapSizeBytes":522176,"GCGen4ExitHeapSizeBytes":522176,"GCGen4EnterFragmentedBytes":0,"GCGen4ExitFragmentedBytes":0,"GCPause0DurationMs":8.546,"GCPause1DurationMs":8.546,"ProcessThreads":32,"ArrivedEventsPerMinute":0,"IngestedEventsPerMinute":0,"IngestedBytesPerMinute":0,"InvalidPayloadsPerMinute":0,"UnauthorizedPayloadsPerMinute":0,"TotalWriteTimeLastMinute":"Flare.Diagnostics.Counters.RateCounter","BroadcastQueueCount":0,"BroadcastSubscriptionQueuesAggregateCount":0}
{"@t":"2022-11-11T18:31:24.0510156Z","@mt":"Applying {Count} retention policies","Count":0,"SourceContext":"Seq.Server.Features.Retention.RetentionPolicyApplier"}
{"@t":"2022-11-11T18:31:24.0518648Z","@mt":"Retention processing and compaction took {Elapsed} ms; allocating {Allocation} ms for indexing","Elapsed":0.8735,"Allocation":599999.1265}
{"@t":"2022-11-11T18:31:24.0524401Z","@mt":"Beginning indexing","SourceContext":"Seq.Server.Features.Indexing.EventStoreIndexer"}
{"@t":"2022-11-11T18:31:24.0552337Z","@mt":"Wrote {IndexSetCount} index sets in {Elapsed:0.000} ms","@r":["2.000"],"IndexSetCount":0,"Elapsed":2,"SourceContext":"Seq.Server.Features.Indexing.EventStoreIndexer"}
{"@t":"2022-11-11T18:31:24.0556581Z","@mt":"Indexing took {Elapsed} ms; total iteration time was {Iteration} ms","Elapsed":3,"Iteration":4.0889}
{"@t":"2022-11-11T18:36:24.0450862Z","@mt":"Metrics sampled","CacheDays":0,"CacheEvents":0,"SystemMemoryUtilization":0.7887235227771534,"ProcessWorkingSetBytes":324558848,"GCTotalHeapSizeBytes":20154816,"GCTotalFragmentedBytes":34928,"GCPauseTimePercentage":1.45,"GCGen0EnterHeapSizeBytes":45585192,"GCGen0ExitHeapSizeBytes":192,"GCGen0EnterFragmentedBytes":101384,"GCGen0ExitFragmentedBytes":0,"GCGen1EnterHeapSizeBytes":14966376,"GCGen1ExitHeapSizeBytes":2853880,"GCGen1EnterFragmentedBytes":318840,"GCGen1ExitFragmentedBytes":58440,"GCGen2EnterHeapSizeBytes":26156024,"GCGen2ExitHeapSizeBytes":27180248,"GCGen2EnterFragmentedBytes":2704,"GCGen2ExitFragmentedBytes":16280,"GCGen3EnterHeapSizeBytes":32465704,"GCGen3ExitHeapSizeBytes":21979888,"GCGen3EnterFragmentedBytes":352,"GCGen3ExitFragmentedBytes":320,"GCGen4EnterHeapSizeBytes":522176,"GCGen4ExitHeapSizeBytes":522176,"GCGen4EnterFragmentedBytes":0,"GCGen4ExitFragmentedBytes":0,"GCPause0DurationMs":8.546,"GCPause1DurationMs":8.546,"ProcessThreads":31,"ArrivedEventsPerMinute":0,"IngestedEventsPerMinute":0,"IngestedBytesPerMinute":0,"InvalidPayloadsPerMinute":0,"UnauthorizedPayloadsPerMinute":0,"TotalWriteTimeLastMinute":"Flare.Diagnostics.Counters.RateCounter","BroadcastQueueCount":0,"BroadcastSubscriptionQueuesAggregateCount":0}
{"@t":"2022-11-11T18:41:24.0449430Z","@mt":"Metrics sampled","CacheDays":0,"CacheEvents":0,"SystemMemoryUtilization":0.7887117124742388,"ProcessWorkingSetBytes":324198400,"GCTotalHeapSizeBytes":20154816,"GCTotalFragmentedBytes":34928,"GCPauseTimePercentage":1.45,"GCGen0EnterHeapSizeBytes":45585192,"GCGen0ExitHeapSizeBytes":192,"GCGen0EnterFragmentedBytes":101384,"GCGen0ExitFragmentedBytes":0,"GCGen1EnterHeapSizeBytes":14966376,"GCGen1ExitHeapSizeBytes":2853880,"GCGen1EnterFragmentedBytes":318840,"GCGen1ExitFragmentedBytes":58440,"GCGen2EnterHeapSizeBytes":26156024,"GCGen2ExitHeapSizeBytes":27180248,"GCGen2EnterFragmentedBytes":2704,"GCGen2ExitFragmentedBytes":16280,"GCGen3EnterHeapSizeBytes":32465704,"GCGen3ExitHeapSizeBytes":21979888,"GCGen3EnterFragmentedBytes":352,"GCGen3ExitFragmentedBytes":320,"GCGen4EnterHeapSizeBytes":522176,"GCGen4ExitHeapSizeBytes":522176,"GCGen4EnterFragmentedBytes":0,"GCGen4ExitFragmentedBytes":0,"GCPause0DurationMs":8.546,"GCPause1DurationMs":8.546,"ProcessThreads":31,"ArrivedEventsPerMinute":0,"IngestedEventsPerMinute":0,"IngestedBytesPerMinute":0,"InvalidPayloadsPerMinute":0,"UnauthorizedPayloadsPerMinute":0,"TotalWriteTimeLastMinute":"Flare.Diagnostics.Counters.RateCounter","BroadcastQueueCount":0,"BroadcastSubscriptionQueuesAggregateCount":0}
{"@t":"2022-11-11T18:41:24.0508866Z","@mt":"Applying {Count} retention policies","Count":0,"SourceContext":"Seq.Server.Features.Retention.RetentionPolicyApplier"}
{"@t":"2022-11-11T18:41:24.0516035Z","@mt":"Retention processing and compaction took {Elapsed} ms; allocating {Allocation} ms for indexing","Elapsed":0.7677,"Allocation":599999.2323}
{"@t":"2022-11-11T18:41:24.0519258Z","@mt":"Beginning indexing","SourceContext":"Seq.Server.Features.Indexing.EventStoreIndexer"}
{"@t":"2022-11-11T18:41:24.0579339Z","@mt":"Wrote {IndexSetCount} index sets in {Elapsed:0.000} ms","@r":["5.000"],"IndexSetCount":0,"Elapsed":5,"SourceContext":"Seq.Server.Features.Indexing.EventStoreIndexer"}
{"@t":"2022-11-11T18:41:24.0586718Z","@mt":"Indexing took {Elapsed} ms; total iteration time was {Iteration} ms","Elapsed":6,"Iteration":7.5102}
{"@t":"2022-11-11T18:46:24.0456121Z","@mt":"Metrics sampled","CacheDays":0,"CacheEvents":0,"SystemMemoryUtilization":0.7902037474091148,"ProcessWorkingSetBytes":324255744,"GCTotalHeapSizeBytes":20154816,"GCTotalFragmentedBytes":34928,"GCPauseTimePercentage":1.45,"GCGen0EnterHeapSizeBytes":45585192,"GCGen0ExitHeapSizeBytes":192,"GCGen0EnterFragmentedBytes":101384,"GCGen0ExitFragmentedBytes":0,"GCGen1EnterHeapSizeBytes":14966376,"GCGen1ExitHeapSizeBytes":2853880,"GCGen1EnterFragmentedBytes":318840,"GCGen1ExitFragmentedBytes":58440,"GCGen2EnterHeapSizeBytes":26156024,"GCGen2ExitHeapSizeBytes":27180248,"GCGen2EnterFragmentedBytes":2704,"GCGen2ExitFragmentedBytes":16280,"GCGen3EnterHeapSizeBytes":32465704,"GCGen3ExitHeapSizeBytes":21979888,"GCGen3EnterFragmentedBytes":352,"GCGen3ExitFragmentedBytes":320,"GCGen4EnterHeapSizeBytes":522176,"GCGen4ExitHeapSizeBytes":522176,"GCGen4EnterFragmentedBytes":0,"GCGen4ExitFragmentedBytes":0,"GCPause0DurationMs":8.546,"GCPause1DurationMs":8.546,"ProcessThreads":30,"ArrivedEventsPerMinute":0,"IngestedEventsPerMinute":0,"IngestedBytesPerMinute":0,"InvalidPayloadsPerMinute":0,"UnauthorizedPayloadsPerMinute":0,"TotalWriteTimeLastMinute":"Flare.Diagnostics.Counters.RateCounter","BroadcastQueueCount":0,"BroadcastSubscriptionQueuesAggregateCount":0}
{"@t":"2022-11-11T18:51:24.0452030Z","@mt":"Metrics sampled","CacheDays":0,"CacheEvents":0,"SystemMemoryUtilization":0.7878318449071021,"ProcessWorkingSetBytes":324083712,"GCTotalHeapSizeBytes":20154816,"GCTotalFragmentedBytes":34928,"GCPauseTimePercentage":1.45,"GCGen0EnterHeapSizeBytes":45585192,"GCGen0ExitHeapSizeBytes":192,"GCGen0EnterFragmentedBytes":101384,"GCGen0ExitFragmentedBytes":0,"GCGen1EnterHeapSizeBytes":14966376,"GCGen1ExitHeapSizeBytes":2853880,"GCGen1EnterFragmentedBytes":318840,"GCGen1ExitFragmentedBytes":58440,"GCGen2EnterHeapSizeBytes":26156024,"GCGen2ExitHeapSizeBytes":27180248,"GCGen2EnterFragmentedBytes":2704,"GCGen2ExitFragmentedBytes":16280,"GCGen3EnterHeapSizeBytes":32465704,"GCGen3ExitHeapSizeBytes":21979888,"GCGen3EnterFragmentedBytes":352,"GCGen3ExitFragmentedBytes":320,"GCGen4EnterHeapSizeBytes":522176,"GCGen4ExitHeapSizeBytes":522176,"GCGen4EnterFragmentedBytes":0,"GCGen4ExitFragmentedBytes":0,"GCPause0DurationMs":8.546,"GCPause1DurationMs":8.546,"ProcessThreads":30,"ArrivedEventsPerMinute":0,"IngestedEventsPerMinute":0,"IngestedBytesPerMinute":0,"InvalidPayloadsPerMinute":0,"UnauthorizedPayloadsPerMinute":0,"TotalWriteTimeLastMinute":"Flare.Diagnostics.Counters.RateCounter","BroadcastQueueCount":0,"BroadcastSubscriptionQueuesAggregateCount":0}
{"@t":"2022-11-11T18:51:24.0541332Z","@mt":"Applying {Count} retention policies","Count":0,"SourceContext":"Seq.Server.Features.Retention.RetentionPolicyApplier"}
{"@t":"2022-11-11T18:51:24.0545785Z","@mt":"Retention processing and compaction took {Elapsed} ms; allocating {Allocation} ms for indexing","Elapsed":0.5106,"Allocation":599999.4894}
{"@t":"2022-11-11T18:51:24.0550000Z","@mt":"Beginning indexing","SourceContext":"Seq.Server.Features.Indexing.EventStoreIndexer"}
{"@t":"2022-11-11T18:51:24.0569710Z","@mt":"Wrote {IndexSetCount} index sets in {Elapsed:0.000} ms","@r":["1.000"],"IndexSetCount":0,"Elapsed":1,"SourceContext":"Seq.Server.Features.Indexing.EventStoreIndexer"}
{"@t":"2022-11-11T18:51:24.0573892Z","@mt":"Indexing took {Elapsed} ms; total iteration time was {Iteration} ms","Elapsed":2,"Iteration":2.897}
{"@t":"2022-11-11T18:56:24.0444937Z","@mt":"Metrics sampled","CacheDays":0,"CacheEvents":0,"SystemMemoryUtilization":0.7912706114390657,"ProcessWorkingSetBytes":324739072,"GCTotalHeapSizeBytes":20154816,"GCTotalFragmentedBytes":34928,"GCPauseTimePercentage":1.45,"GCGen0EnterHeapSizeBytes":45585192,"GCGen0ExitHeapSizeBytes":192,"GCGen0EnterFragmentedBytes":101384,"GCGen0ExitFragmentedBytes":0,"GCGen1EnterHeapSizeBytes":14966376,"GCGen1ExitHeapSizeBytes":2853880,"GCGen1EnterFragmentedBytes":318840,"GCGen1ExitFragmentedBytes":58440,"GCGen2EnterHeapSizeBytes":26156024,"GCGen2ExitHeapSizeBytes":27180248,"GCGen2EnterFragmentedBytes":2704,"GCGen2ExitFragmentedBytes":16280,"GCGen3EnterHeapSizeBytes":32465704,"GCGen3ExitHeapSizeBytes":21979888,"GCGen3EnterFragmentedBytes":352,"GCGen3ExitFragmentedBytes":320,"GCGen4EnterHeapSizeBytes":522176,"GCGen4ExitHeapSizeBytes":522176,"GCGen4EnterFragmentedBytes":0,"GCGen4ExitFragmentedBytes":0,"GCPause0DurationMs":8.546,"GCPause1DurationMs":8.546,"ProcessThreads":33,"ArrivedEventsPerMinute":0,"IngestedEventsPerMinute":0,"IngestedBytesPerMinute":0,"InvalidPayloadsPerMinute":0,"UnauthorizedPayloadsPerMinute":0,"TotalWriteTimeLastMinute":"Flare.Diagnostics.Counters.RateCounter","BroadcastQueueCount":0,"BroadcastSubscriptionQueuesAggregateCount":0}
{"@t":"2022-11-11T19:01:24.0444244Z","@mt":"Metrics sampled","CacheDays":0,"CacheEvents":0,"SystemMemoryUtilization":0.7929732634425852,"ProcessWorkingSetBytes":324632576,"GCTotalHeapSizeBytes":20154816,"GCTotalFragmentedBytes":34928,"GCPauseTimePercentage":1.45,"GCGen0EnterHeapSizeBytes":45585192,"GCGen0ExitHeapSizeBytes":192,"GCGen0EnterFragmentedBytes":101384,"GCGen0ExitFragmentedBytes":0,"GCGen1EnterHeapSizeBytes":14966376,"GCGen1ExitHeapSizeBytes":2853880,"GCGen1EnterFragmentedBytes":318840,"GCGen1ExitFragmentedBytes":58440,"GCGen2EnterHeapSizeBytes":26156024,"GCGen2ExitHeapSizeBytes":27180248,"GCGen2EnterFragmentedBytes":2704,"GCGen2ExitFragmentedBytes":16280,"GCGen3EnterHeapSizeBytes":32465704,"GCGen3ExitHeapSizeBytes":21979888,"GCGen3EnterFragmentedBytes":352,"GCGen3ExitFragmentedBytes":320,"GCGen4EnterHeapSizeBytes":522176,"GCGen4ExitHeapSizeBytes":522176,"GCGen4EnterFragmentedBytes":0,"GCGen4ExitFragmentedBytes":0,"GCPause0DurationMs":8.546,"GCPause1DurationMs":8.546,"ProcessThreads":30,"ArrivedEventsPerMinute":0,"IngestedEventsPerMinute":0,"IngestedBytesPerMinute":0,"InvalidPayloadsPerMinute":0,"UnauthorizedPayloadsPerMinute":0,"TotalWriteTimeLastMinute":"Flare.Diagnostics.Counters.RateCounter","BroadcastQueueCount":0,"BroadcastSubscriptionQueuesAggregateCount":0}
{"@t":"2022-11-11T19:01:24.0549001Z","@mt":"Applying {Count} retention policies","Count":0,"SourceContext":"Seq.Server.Features.Retention.RetentionPolicyApplier"}
{"@t":"2022-11-11T19:01:24.0552956Z","@mt":"Retention processing and compaction took {Elapsed} ms; allocating {Allocation} ms for indexing","Elapsed":0.4174,"Allocation":599999.5826}
{"@t":"2022-11-11T19:01:24.0556199Z","@mt":"Beginning indexing","SourceContext":"Seq.Server.Features.Indexing.EventStoreIndexer"}
{"@t":"2022-11-11T19:01:24.0576279Z","@mt":"Wrote {IndexSetCount} index sets in {Elapsed:0.000} ms","@r":["1.000"],"IndexSetCount":0,"Elapsed":1,"SourceContext":"Seq.Server.Features.Indexing.EventStoreIndexer"}
{"@t":"2022-11-11T19:01:24.0580595Z","@mt":"Indexing took {Elapsed} ms; total iteration time was {Iteration} ms","Elapsed":2,"Iteration":2.8537}
{"@t":"2022-11-11T19:06:24.0438731Z","@mt":"Metrics sampled","CacheDays":0,"CacheEvents":0,"SystemMemoryUtilization":0.7916505095161516,"ProcessWorkingSetBytes":324653056,"GCTotalHeapSizeBytes":20154816,"GCTotalFragmentedBytes":34928,"GCPauseTimePercentage":1.45,"GCGen0EnterHeapSizeBytes":45585192,"GCGen0ExitHeapSizeBytes":192,"GCGen0EnterFragmentedBytes":101384,"GCGen0ExitFragmentedBytes":0,"GCGen1EnterHeapSizeBytes":14966376,"GCGen1ExitHeapSizeBytes":2853880,"GCGen1EnterFragmentedBytes":318840,"GCGen1ExitFragmentedBytes":58440,"GCGen2EnterHeapSizeBytes":26156024,"GCGen2ExitHeapSizeBytes":27180248,"GCGen2EnterFragmentedBytes":2704,"GCGen2ExitFragmentedBytes":16280,"GCGen3EnterHeapSizeBytes":32465704,"GCGen3ExitHeapSizeBytes":21979888,"GCGen3EnterFragmentedBytes":352,"GCGen3ExitFragmentedBytes":320,"GCGen4EnterHeapSizeBytes":522176,"GCGen4ExitHeapSizeBytes":522176,"GCGen4EnterFragmentedBytes":0,"GCGen4ExitFragmentedBytes":0,"GCPause0DurationMs":8.546,"GCPause1DurationMs":8.546,"ProcessThreads":32,"ArrivedEventsPerMinute":0,"IngestedEventsPerMinute":0,"IngestedBytesPerMinute":0,"InvalidPayloadsPerMinute":0,"UnauthorizedPayloadsPerMinute":0,"TotalWriteTimeLastMinute":"Flare.Diagnostics.Counters.RateCounter","BroadcastQueueCount":0,"BroadcastSubscriptionQueuesAggregateCount":0}
{"@t":"2022-11-11T19:11:24.0424290Z","@mt":"Metrics sampled","CacheDays":0,"CacheEvents":0,"SystemMemoryUtilization":0.7915796476986641,"ProcessWorkingSetBytes":324657152,"GCTotalHeapSizeBytes":20154816,"GCTotalFragmentedBytes":34928,"GCPauseTimePercentage":1.45,"GCGen0EnterHeapSizeBytes":45585192,"GCGen0ExitHeapSizeBytes":192,"GCGen0EnterFragmentedBytes":101384,"GCGen0ExitFragmentedBytes":0,"GCGen1EnterHeapSizeBytes":14966376,"GCGen1ExitHeapSizeBytes":2853880,"GCGen1EnterFragmentedBytes":318840,"GCGen1ExitFragmentedBytes":58440,"GCGen2EnterHeapSizeBytes":26156024,"GCGen2ExitHeapSizeBytes":27180248,"GCGen2EnterFragmentedBytes":2704,"GCGen2ExitFragmentedBytes":16280,"GCGen3EnterHeapSizeBytes":32465704,"GCGen3ExitHeapSizeBytes":21979888,"GCGen3EnterFragmentedBytes":352,"GCGen3ExitFragmentedBytes":320,"GCGen4EnterHeapSizeBytes":522176,"GCGen4ExitHeapSizeBytes":522176,"GCGen4EnterFragmentedBytes":0,"GCGen4ExitFragmentedBytes":0,"GCPause0DurationMs":8.546,"GCPause1DurationMs":8.546,"ProcessThreads":31,"ArrivedEventsPerMinute":0,"IngestedEventsPerMinute":0,"IngestedBytesPerMinute":0,"InvalidPayloadsPerMinute":0,"UnauthorizedPayloadsPerMinute":0,"TotalWriteTimeLastMinute":"Flare.Diagnostics.Counters.RateCounter","BroadcastQueueCount":0,"BroadcastSubscriptionQueuesAggregateCount":0}
{"@t":"2022-11-11T19:11:24.0538412Z","@mt":"Applying {Count} retention policies","Count":0,"SourceContext":"Seq.Server.Features.Retention.RetentionPolicyApplier"}
{"@t":"2022-11-11T19:11:24.0544501Z","@mt":"Retention processing and compaction took {Elapsed} ms; allocating {Allocation} ms for indexing","Elapsed":0.6316,"Allocation":599999.3684}
{"@t":"2022-11-11T19:11:24.0549864Z","@mt":"Beginning indexing","SourceContext":"Seq.Server.Features.Indexing.EventStoreIndexer"}
{"@t":"2022-11-11T19:11:24.0573710Z","@mt":"Wrote {IndexSetCount} index sets in {Elapsed:0.000} ms","@r":["1.000"],"IndexSetCount":0,"Elapsed":1,"SourceContext":"Seq.Server.Features.Indexing.EventStoreIndexer"}
{"@t":"2022-11-11T19:11:24.0580287Z","@mt":"Indexing took {Elapsed} ms; total iteration time was {Iteration} ms","Elapsed":3,"Iteration":3.6555}
{"@t":"2022-11-11T19:16:24.0435238Z","@mt":"Metrics sampled","CacheDays":0,"CacheEvents":0,"SystemMemoryUtilization":0.7927016264755498,"ProcessWorkingSetBytes":324534272,"GCTotalHeapSizeBytes":20154816,"GCTotalFragmentedBytes":34928,"GCPauseTimePercentage":1.45,"GCGen0EnterHeapSizeBytes":45585192,"GCGen0ExitHeapSizeBytes":192,"GCGen0EnterFragmentedBytes":101384,"GCGen0ExitFragmentedBytes":0,"GCGen1EnterHeapSizeBytes":14966376,"GCGen1ExitHeapSizeBytes":2853880,"GCGen1EnterFragmentedBytes":318840,"GCGen1ExitFragmentedBytes":58440,"GCGen2EnterHeapSizeBytes":26156024,"GCGen2ExitHeapSizeBytes":27180248,"GCGen2EnterFragmentedBytes":2704,"GCGen2ExitFragmentedBytes":16280,"GCGen3EnterHeapSizeBytes":32465704,"GCGen3ExitHeapSizeBytes":21979888,"GCGen3EnterFragmentedBytes":352,"GCGen3ExitFragmentedBytes":320,"GCGen4EnterHeapSizeBytes":522176,"GCGen4ExitHeapSizeBytes":522176,"GCGen4EnterFragmentedBytes":0,"GCGen4ExitFragmentedBytes":0,"GCPause0DurationMs":8.546,"GCPause1DurationMs":8.546,"ProcessThreads":31,"ArrivedEventsPerMinute":0,"IngestedEventsPerMinute":0,"IngestedBytesPerMinute":0,"InvalidPayloadsPerMinute":0,"UnauthorizedPayloadsPerMinute":0,"TotalWriteTimeLastMinute":"Flare.Diagnostics.Counters.RateCounter","BroadcastQueueCount":0,"BroadcastSubscriptionQueuesAggregateCount":0}
{"@t":"2022-11-11T20:20:40.5648407Z","@mt":"Metrics sampled","CacheDays":0,"CacheEvents":0,"SystemMemoryUtilization":0.7955321624074121,"ProcessWorkingSetBytes":324534272,"GCTotalHeapSizeBytes":20154816,"GCTotalFragmentedBytes":34928,"GCPauseTimePercentage":1.45,"GCGen0EnterHeapSizeBytes":45585192,"GCGen0ExitHeapSizeBytes":192,"GCGen0EnterFragmentedBytes":101384,"GCGen0ExitFragmentedBytes":0,"GCGen1EnterHeapSizeBytes":14966376,"GCGen1ExitHeapSizeBytes":2853880,"GCGen1EnterFragmentedBytes":318840,"GCGen1ExitFragmentedBytes":58440,"GCGen2EnterHeapSizeBytes":26156024,"GCGen2ExitHeapSizeBytes":27180248,"GCGen2EnterFragmentedBytes":2704,"GCGen2ExitFragmentedBytes":16280,"GCGen3EnterHeapSizeBytes":32465704,"GCGen3ExitHeapSizeBytes":21979888,"GCGen3EnterFragmentedBytes":352,"GCGen3ExitFragmentedBytes":320,"GCGen4EnterHeapSizeBytes":522176,"GCGen4ExitHeapSizeBytes":522176,"GCGen4EnterFragmentedBytes":0,"GCGen4ExitFragmentedBytes":0,"GCPause0DurationMs":8.546,"GCPause1DurationMs":8.546,"ProcessThreads":31,"ArrivedEventsPerMinute":0,"IngestedEventsPerMinute":0,"IngestedBytesPerMinute":0,"InvalidPayloadsPerMinute":0,"UnauthorizedPayloadsPerMinute":0,"TotalWriteTimeLastMinute":"Flare.Diagnostics.Counters.RateCounter","BroadcastQueueCount":0,"BroadcastSubscriptionQueuesAggregateCount":0}
{"@t":"2022-11-11T20:20:40.5487333Z","@mt":"Native storage metrics sampled","ABI_INTERNAL_ERROR":0,"ABI_IO_ERROR":0,"ABI_PANIC":0,"DELETE_ABANDON":0,"DELETE_BEGIN":0,"DELETE_COMPLETE":0,"DELETE_EXCLUDE_EVENT":0,"DELETE_SKIP_SPAN":0,"DOC_COLL_CHECKPOINT":0,"DOC_COLL_CREATE":0,"DOC_COLL_KVS_REMOVE":0,"DOC_COLL_READ_BEGIN":1,"DOC_COLL_READ_COMPLETE":1,"DOC_COLL_REMOVE":0,"DOC_COLL_WRITE_ABORT":0,"DOC_COLL_WRITE_BEGIN":0,"DOC_COLL_WRITE_COMMIT":0,"DOC_COLL_WRITE_RECORD_DELETE":0,"DOC_COLL_WRITE_RECORD_SET":0,"INDEX_SET_CREATE":0,"INDEX_SET_LOAD":2,"INDEX_SET_MISSING_INDEX_LOOKUP":0,"INDEX_SET_REMOVE":0,"INDEXER_ABORT":0,"INDEXER_BEGIN_NEW":0,"INDEXER_BEGIN_OUTDATED":0,"INDEXER_COALESCED":0,"INDEXER_COMMIT":0,"INGEST_BUF_CACHE_EVENT_FROM_DISK":0,"INGEST_BUF_CACHE_EVENT_INCOMING":0,"INGEST_BUF_CREATE":1,"INGEST_BUF_READ":193,"INGEST_BUF_READ_TRUNCATED":0,"INGEST_BUF_REMOVE":0,"INGEST_BUF_WRITE_EVENT":226,"KEYVALUES_READ_TRUNCATED":0,"MAINTENANCE_TRANSACTION_BEGIN":11,"MAINTENANCE_TRANSACTION_COMPLETE":11,"MAINTENANCE_TRANSACTION_DIRTY_COMPLETE":0,"NET_INCOMING_COMPLETED":0,"NET_INCOMING_ESTABLISHED":0,"NET_INCOMING_FAILED":0,"NET_INCOMING_INVALID_KEY":0,"NET_INCOMING_SOCKET_ACCEPTED":0,"NODE_MESSAGE_BYTES_RECEIVED":0,"NODE_MESSAGE_BYTES_SENT":0,"NODE_MESSAGE_RECEIVED":0,"NODE_MESSAGE_SENT":0,"QUERY_BEGIN":25,"QUERY_END":25,"QUERY_ROW_HIT":1922,"QUERY_ROW_MISS_FRAGMENT":0,"QUERY_ROW_MISS_PREDICATE":0,"READ_TRANSACTION_BEGIN":1548,"READ_TRANSACTION_COMPLETE":1548,"READ_TRANSACTION_DIRTY_COMPLETE":0,"REGION_INCLUDED_INGEST_BUF":764,"REGION_INCLUDED_STABLE_SPAN":345,"REGION_READ":961,"REPLICATION_FULL_SYNC":0,"STABLE_SPAN_CREATE":0,"STABLE_SPAN_LAST_SEEK_PROBES":5,"STABLE_SPAN_READ":340,"STABLE_SPAN_READ_NO_INDEX_SET":0,"STABLE_SPAN_READ_SKIP":0,"STABLE_SPAN_REMOVE":0,"STABLE_SPAN_SEEK":337,"STABLE_SPAN_SPARSE_READ":0,"STORE_CLOSE":0,"STORE_CREATE":0,"STORE_OPEN":2,"TRUNCATE_COMPLETE":0,"WRITE_TRANSACTION_BEGIN":3,"WRITE_TRANSACTION_COMPLETE":3,"WRITE_TRANSACTION_DIRTY_COMPLETE":0,"WRITER_ABORT":0,"WRITER_BEGIN":2,"WRITER_COMMIT":2,"WRITER_COMMIT_MULTIPLE_BUFS":0}
{"@t":"2022-11-11T20:20:40.6127425Z","@mt":"Applying {Count} retention policies","Count":0,"SourceContext":"Seq.Server.Features.Retention.RetentionPolicyApplier"}
{"@t":"2022-11-11T20:20:40.9811212Z","@mt":"Retention processing and compaction took {Elapsed} ms; allocating {Allocation} ms for indexing","Elapsed":261.6459,"Allocation":599738.3541}
{"@t":"2022-11-11T20:20:41.0141238Z","@mt":"Beginning indexing","SourceContext":"Seq.Server.Features.Indexing.EventStoreIndexer"}
{"@t":"2022-11-11T20:41:02.0631358Z","@mt":"Metrics sampled","CacheDays":0,"CacheEvents":0,"SystemMemoryUtilization":0.7853930173552401,"ProcessWorkingSetBytes":324521984,"GCTotalHeapSizeBytes":20154816,"GCTotalFragmentedBytes":34928,"GCPauseTimePercentage":1.45,"GCGen0EnterHeapSizeBytes":45585192,"GCGen0ExitHeapSizeBytes":192,"GCGen0EnterFragmentedBytes":101384,"GCGen0ExitFragmentedBytes":0,"GCGen1EnterHeapSizeBytes":14966376,"GCGen1ExitHeapSizeBytes":2853880,"GCGen1EnterFragmentedBytes":318840,"GCGen1ExitFragmentedBytes":58440,"GCGen2EnterHeapSizeBytes":26156024,"GCGen2ExitHeapSizeBytes":27180248,"GCGen2EnterFragmentedBytes":2704,"GCGen2ExitFragmentedBytes":16280,"GCGen3EnterHeapSizeBytes":32465704,"GCGen3ExitHeapSizeBytes":21979888,"GCGen3EnterFragmentedBytes":352,"GCGen3ExitFragmentedBytes":320,"GCGen4EnterHeapSizeBytes":522176,"GCGen4ExitHeapSizeBytes":522176,"GCGen4EnterFragmentedBytes":0,"GCGen4ExitFragmentedBytes":0,"GCPause0DurationMs":8.546,"GCPause1DurationMs":8.546,"ProcessThreads":33,"ArrivedEventsPerMinute":0,"IngestedEventsPerMinute":0,"IngestedBytesPerMinute":0,"InvalidPayloadsPerMinute":0,"UnauthorizedPayloadsPerMinute":0,"TotalWriteTimeLastMinute":"Flare.Diagnostics.Counters.RateCounter","BroadcastQueueCount":0,"BroadcastSubscriptionQueuesAggregateCount":0}
{"@t":"2022-11-11T21:36:32.0100166Z","@mt":"Native storage metrics sampled","ABI_INTERNAL_ERROR":0,"ABI_IO_ERROR":0,"ABI_PANIC":0,"DELETE_ABANDON":0,"DELETE_BEGIN":0,"DELETE_COMPLETE":0,"DELETE_EXCLUDE_EVENT":0,"DELETE_SKIP_SPAN":0,"DOC_COLL_CHECKPOINT":0,"DOC_COLL_CREATE":0,"DOC_COLL_KVS_REMOVE":0,"DOC_COLL_READ_BEGIN":1,"DOC_COLL_READ_COMPLETE":1,"DOC_COLL_REMOVE":0,"DOC_COLL_WRITE_ABORT":0,"DOC_COLL_WRITE_BEGIN":0,"DOC_COLL_WRITE_COMMIT":0,"DOC_COLL_WRITE_RECORD_DELETE":0,"DOC_COLL_WRITE_RECORD_SET":0,"INDEX_SET_CREATE":0,"INDEX_SET_LOAD":2,"INDEX_SET_MISSING_INDEX_LOOKUP":0,"INDEX_SET_REMOVE":0,"INDEXER_ABORT":0,"INDEXER_BEGIN_NEW":0,"INDEXER_BEGIN_OUTDATED":0,"INDEXER_COALESCED":0,"INDEXER_COMMIT":0,"INGEST_BUF_CACHE_EVENT_FROM_DISK":0,"INGEST_BUF_CACHE_EVENT_INCOMING":0,"INGEST_BUF_CREATE":1,"INGEST_BUF_READ":193,"INGEST_BUF_READ_TRUNCATED":0,"INGEST_BUF_REMOVE":0,"INGEST_BUF_WRITE_EVENT":226,"KEYVALUES_READ_TRUNCATED":0,"MAINTENANCE_TRANSACTION_BEGIN":12,"MAINTENANCE_TRANSACTION_COMPLETE":11,"MAINTENANCE_TRANSACTION_DIRTY_COMPLETE":0,"NET_INCOMING_COMPLETED":0,"NET_INCOMING_ESTABLISHED":0,"NET_INCOMING_FAILED":0,"NET_INCOMING_INVALID_KEY":0,"NET_INCOMING_SOCKET_ACCEPTED":0,"NODE_MESSAGE_BYTES_RECEIVED":0,"NODE_MESSAGE_BYTES_SENT":0,"NODE_MESSAGE_RECEIVED":0,"NODE_MESSAGE_SENT":0,"QUERY_BEGIN":29,"QUERY_END":28,"QUERY_ROW_HIT":2159,"QUERY_ROW_MISS_FRAGMENT":0,"QUERY_ROW_MISS_PREDICATE":0,"READ_TRANSACTION_BEGIN":1549,"READ_TRANSACTION_COMPLETE":1548,"READ_TRANSACTION_DIRTY_COMPLETE":0,"REGION_INCLUDED_INGEST_BUF":764,"REGION_INCLUDED_STABLE_SPAN":345,"REGION_READ":961,"REPLICATION_FULL_SYNC":0,"STABLE_SPAN_CREATE":0,"STABLE_SPAN_LAST_SEEK_PROBES":5,"STABLE_SPAN_READ":340,"STABLE_SPAN_READ_NO_INDEX_SET":0,"STABLE_SPAN_READ_SKIP":0,"STABLE_SPAN_REMOVE":0,"STABLE_SPAN_SEEK":337,"STABLE_SPAN_SPARSE_READ":0,"STORE_CLOSE":0,"STORE_CREATE":0,"STORE_OPEN":2,"TRUNCATE_COMPLETE":0,"WRITE_TRANSACTION_BEGIN":3,"WRITE_TRANSACTION_COMPLETE":3,"WRITE_TRANSACTION_DIRTY_COMPLETE":0,"WRITER_ABORT":0,"WRITER_BEGIN":2,"WRITER_COMMIT":2,"WRITER_COMMIT_MULTIPLE_BUFS":0}
{"@t":"2022-11-11T21:36:31.9498634Z","@mt":"Metrics sampled","CacheDays":0,"CacheEvents":0,"SystemMemoryUtilization":0.7939180876757521,"ProcessWorkingSetBytes":324534272,"GCTotalHeapSizeBytes":20154816,"GCTotalFragmentedBytes":34928,"GCPauseTimePercentage":1.45,"GCGen0EnterHeapSizeBytes":45585192,"GCGen0ExitHeapSizeBytes":192,"GCGen0EnterFragmentedBytes":101384,"GCGen0ExitFragmentedBytes":0,"GCGen1EnterHeapSizeBytes":14966376,"GCGen1ExitHeapSizeBytes":2853880,"GCGen1EnterFragmentedBytes":318840,"GCGen1ExitFragmentedBytes":58440,"GCGen2EnterHeapSizeBytes":26156024,"GCGen2ExitHeapSizeBytes":27180248,"GCGen2EnterFragmentedBytes":2704,"GCGen2ExitFragmentedBytes":16280,"GCGen3EnterHeapSizeBytes":32465704,"GCGen3ExitHeapSizeBytes":21979888,"GCGen3EnterFragmentedBytes":352,"GCGen3ExitFragmentedBytes":320,"GCGen4EnterHeapSizeBytes":522176,"GCGen4ExitHeapSizeBytes":522176,"GCGen4EnterFragmentedBytes":0,"GCGen4ExitFragmentedBytes":0,"GCPause0DurationMs":8.546,"GCPause1DurationMs":8.546,"ProcessThreads":32,"ArrivedEventsPerMinute":0,"IngestedEventsPerMinute":0,"IngestedBytesPerMinute":0,"InvalidPayloadsPerMinute":0,"UnauthorizedPayloadsPerMinute":0,"TotalWriteTimeLastMinute":"Flare.Diagnostics.Counters.RateCounter","BroadcastQueueCount":0,"BroadcastSubscriptionQueuesAggregateCount":0}
{"@t":"2022-11-11T21:36:32.7190999Z","@mt":"Wrote {IndexSetCount} index sets in {Elapsed:0.000} ms","@r":["4551677.000"],"IndexSetCount":0,"Elapsed":4551677,"SourceContext":"Seq.Server.Features.Indexing.EventStoreIndexer"}
{"@t":"2022-11-11T21:36:32.7198846Z","@mt":"Indexing took {Elapsed} ms; total iteration time was {Iteration} ms","@l":"Warning","Elapsed":4551681,"Iteration":4551942.9868}
{"@t":"2022-11-11T23:28:03.7680261Z","@mt":"Native storage metrics sampled","ABI_INTERNAL_ERROR":0,"ABI_IO_ERROR":0,"ABI_PANIC":0,"DELETE_ABANDON":0,"DELETE_BEGIN":0,"DELETE_COMPLETE":0,"DELETE_EXCLUDE_EVENT":0,"DELETE_SKIP_SPAN":0,"DOC_COLL_CHECKPOINT":0,"DOC_COLL_CREATE":0,"DOC_COLL_KVS_REMOVE":0,"DOC_COLL_READ_BEGIN":1,"DOC_COLL_READ_COMPLETE":1,"DOC_COLL_REMOVE":0,"DOC_COLL_WRITE_ABORT":0,"DOC_COLL_WRITE_BEGIN":0,"DOC_COLL_WRITE_COMMIT":0,"DOC_COLL_WRITE_RECORD_DELETE":0,"DOC_COLL_WRITE_RECORD_SET":0,"INDEX_SET_CREATE":0,"INDEX_SET_LOAD":2,"INDEX_SET_MISSING_INDEX_LOOKUP":0,"INDEX_SET_REMOVE":0,"INDEXER_ABORT":0,"INDEXER_BEGIN_NEW":0,"INDEXER_BEGIN_OUTDATED":0,"INDEXER_COALESCED":0,"INDEXER_COMMIT":0,"INGEST_BUF_CACHE_EVENT_FROM_DISK":0,"INGEST_BUF_CACHE_EVENT_INCOMING":0,"INGEST_BUF_CREATE":1,"INGEST_BUF_READ":193,"INGEST_BUF_READ_TRUNCATED":0,"INGEST_BUF_REMOVE":0,"INGEST_BUF_WRITE_EVENT":226,"KEYVALUES_READ_TRUNCATED":0,"MAINTENANCE_TRANSACTION_BEGIN":12,"MAINTENANCE_TRANSACTION_COMPLETE":12,"MAINTENANCE_TRANSACTION_DIRTY_COMPLETE":0,"NET_INCOMING_COMPLETED":0,"NET_INCOMING_ESTABLISHED":0,"NET_INCOMING_FAILED":0,"NET_INCOMING_INVALID_KEY":0,"NET_INCOMING_SOCKET_ACCEPTED":0,"NODE_MESSAGE_BYTES_RECEIVED":0,"NODE_MESSAGE_BYTES_SENT":0,"NODE_MESSAGE_RECEIVED":0,"NODE_MESSAGE_SENT":0,"QUERY_BEGIN":30,"QUERY_END":30,"QUERY_ROW_HIT":2317,"QUERY_ROW_MISS_FRAGMENT":0,"QUERY_ROW_MISS_PREDICATE":0,"READ_TRANSACTION_BEGIN":1549,"READ_TRANSACTION_COMPLETE":1549,"READ_TRANSACTION_DIRTY_COMPLETE":0,"REGION_INCLUDED_INGEST_BUF":764,"REGION_INCLUDED_STABLE_SPAN":345,"REGION_READ":961,"REPLICATION_FULL_SYNC":0,"STABLE_SPAN_CREATE":0,"STABLE_SPAN_LAST_SEEK_PROBES":5,"STABLE_SPAN_READ":340,"STABLE_SPAN_READ_NO_INDEX_SET":0,"STABLE_SPAN_READ_SKIP":0,"STABLE_SPAN_REMOVE":0,"STABLE_SPAN_SEEK":337,"STABLE_SPAN_SPARSE_READ":0,"STORE_CLOSE":0,"STORE_CREATE":0,"STORE_OPEN":2,"TRUNCATE_COMPLETE":0,"WRITE_TRANSACTION_BEGIN":3,"WRITE_TRANSACTION_COMPLETE":3,"WRITE_TRANSACTION_DIRTY_COMPLETE":0,"WRITER_ABORT":0,"WRITER_BEGIN":2,"WRITER_COMMIT":2,"WRITER_COMMIT_MULTIPLE_BUFS":0}
{"@t":"2022-11-11T23:28:03.8027997Z","@mt":"Metrics sampled","CacheDays":0,"CacheEvents":0,"SystemMemoryUtilization":0.7927193419299217,"ProcessWorkingSetBytes":313200640,"GCTotalHeapSizeBytes":20154816,"GCTotalFragmentedBytes":34928,"GCPauseTimePercentage":1.45,"GCGen0EnterHeapSizeBytes":45585192,"GCGen0ExitHeapSizeBytes":192,"GCGen0EnterFragmentedBytes":101384,"GCGen0ExitFragmentedBytes":0,"GCGen1EnterHeapSizeBytes":14966376,"GCGen1ExitHeapSizeBytes":2853880,"GCGen1EnterFragmentedBytes":318840,"GCGen1ExitFragmentedBytes":58440,"GCGen2EnterHeapSizeBytes":26156024,"GCGen2ExitHeapSizeBytes":27180248,"GCGen2EnterFragmentedBytes":2704,"GCGen2ExitFragmentedBytes":16280,"GCGen3EnterHeapSizeBytes":32465704,"GCGen3ExitHeapSizeBytes":21979888,"GCGen3EnterFragmentedBytes":352,"GCGen3ExitFragmentedBytes":320,"GCGen4EnterHeapSizeBytes":522176,"GCGen4ExitHeapSizeBytes":522176,"GCGen4EnterFragmentedBytes":0,"GCGen4ExitFragmentedBytes":0,"GCPause0DurationMs":8.546,"GCPause1DurationMs":8.546,"ProcessThreads":32,"ArrivedEventsPerMinute":0,"IngestedEventsPerMinute":0,"IngestedBytesPerMinute":0,"InvalidPayloadsPerMinute":0,"UnauthorizedPayloadsPerMinute":0,"TotalWriteTimeLastMinute":"Flare.Diagnostics.Counters.RateCounter","BroadcastQueueCount":0,"BroadcastSubscriptionQueuesAggregateCount":0}
{"@t":"2022-11-11T23:28:03.8043388Z","@mt":"Applying {Count} retention policies","Count":0,"SourceContext":"Seq.Server.Features.Retention.RetentionPolicyApplier"}
{"@t":"2022-11-11T23:28:03.9748613Z","@mt":"Retention processing and compaction took {Elapsed} ms; allocating {Allocation} ms for indexing","Elapsed":201.2012,"Allocation":599798.7988}
{"@t":"2022-11-11T23:28:04.0228267Z","@mt":"Beginning indexing","SourceContext":"Seq.Server.Features.Indexing.EventStoreIndexer"}
{"@t":"2022-11-11T23:28:05.4527028Z","@mt":"Wrote {IndexSetCount} index sets in {Elapsed:0.000} ms","@r":["1383.000"],"IndexSetCount":0,"Elapsed":1383,"SourceContext":"Seq.Server.Features.Indexing.EventStoreIndexer"}
{"@t":"2022-11-11T23:28:05.4536971Z","@mt":"Indexing took {Elapsed} ms; total iteration time was {Iteration} ms","Elapsed":1430,"Iteration":1632.0729}
