{"@t":"2022-10-18T17:10:48.2238833Z","@mt":"Seq {SeqVersion} running on OS {OSCaption}","SeqVersion":"2022.1.7929","OSCaption":"Linux 5.10.124-linuxkit #1 SMP Thu Jun 30 08:19:10 UTC 2022","SourceContext":"Seq.Server.Features.Diagnostics.EnvironmentInformationWriter"}
{"@t":"2022-10-18T17:10:48.3087507Z","@mt":"Seq detected {TotalRAM} MB of RAM","TotalRAM":2081.394688,"SourceContext":"Seq.Server.Features.Diagnostics.EnvironmentInformationWriter"}
{"@t":"2022-10-18T17:10:48.7075677Z","@mt":"Opening event store at {StreamPath}","StreamPath":"/data/Stream/stream.flare","SourceContext":"Flare.Cluster.StorageNodeCoordinator"}
{"@t":"2022-10-18T17:10:48.9722262Z","@mt":"Ingestion enabled","SourceContext":"Flare.Cluster.StorageNodeCoordinator"}
{"@t":"2022-10-18T17:10:48.9769808Z","@mt":"Cache warm-up is required","SourceContext":"Flare.Cache.SegmentCache","OperationId":"fc46146a-cdd3-4c2e-b3d4-1af9b16f797a"}
{"@t":"2022-10-18T17:10:48.9866708Z","@mt":"Opening metastore {MetastorePath}","MetastorePath":"/data/Documents/metastore.flare","SourceContext":"Quince.Storage.Native.NativeDocumentStore"}
{"@t":"2022-10-18T17:10:49.0925822Z","@mt":"Storage subsystem available"}
{"@t":"2022-10-18T17:10:49.1940921Z","@mt":"Seq listening on {ListenUris}","ListenUris":["http://localhost/","https://localhost/","http://localhost:5341/","https://localhost:45341/"]}
{"@t":"2022-10-18T17:10:49.9230594Z","@mt":"Initial memory cache warm-up {Outcome} in {Elapsed:0.0} ms","@r":["946.0"],"Outcome":"completed","Elapsed":945.9541,"OperationId":"fc46146a-cdd3-4c2e-b3d4-1af9b16f797a"}
{"@t":"2022-10-18T17:10:49.9243353Z","@mt":"{WarmSegments} segments warmed up ({@Shared})","WarmSegments":929,"Shared":{"Schemata":108,"Strings":1744},"SourceContext":"Flare.Cache.SegmentCache"}
{"@t":"2022-10-18T17:11:49.2325653Z","@mt":"{CollectionCount} more generation 2 garbage collection(s) occurred","CollectionCount":2,"SourceContext":"Seq.Server.Features.Diagnostics.GCLogger"}
{"@t":"2022-10-18T17:17:07.1314584Z","@mt":"Seq {SeqVersion} running on OS {OSCaption}","SeqVersion":"2022.1.7929","OSCaption":"Linux 5.10.124-linuxkit #1 SMP Thu Jun 30 08:19:10 UTC 2022","SourceContext":"Seq.Server.Features.Diagnostics.EnvironmentInformationWriter"}
{"@t":"2022-10-18T17:17:07.1989313Z","@mt":"Seq detected {TotalRAM} MB of RAM","TotalRAM":2081.394688,"SourceContext":"Seq.Server.Features.Diagnostics.EnvironmentInformationWriter"}
{"@t":"2022-10-18T17:17:07.6233562Z","@mt":"Opening event store at {StreamPath}","StreamPath":"/data/Stream/stream.flare","SourceContext":"Flare.Cluster.StorageNodeCoordinator"}
{"@t":"2022-10-18T17:17:07.9008761Z","@mt":"Ingestion enabled","SourceContext":"Flare.Cluster.StorageNodeCoordinator"}
{"@t":"2022-10-18T17:17:07.9096325Z","@mt":"Cache warm-up is required","SourceContext":"Flare.Cache.SegmentCache","OperationId":"0269ffc4-43e5-481b-ab4f-9d8a98b396e3"}
{"@t":"2022-10-18T17:17:07.9190517Z","@mt":"Opening metastore {MetastorePath}","MetastorePath":"/data/Documents/metastore.flare","SourceContext":"Quince.Storage.Native.NativeDocumentStore"}
{"@t":"2022-10-18T17:17:08.1317802Z","@mt":"Storage subsystem available"}
{"@t":"2022-10-18T17:17:08.3105384Z","@mt":"Seq listening on {ListenUris}","ListenUris":["http://localhost/","https://localhost/","http://localhost:5341/","https://localhost:45341/"]}
{"@t":"2022-10-18T17:17:09.1612845Z","@mt":"Initial memory cache warm-up {Outcome} in {Elapsed:0.0} ms","@r":["1251.5"],"Outcome":"completed","Elapsed":1251.5269,"OperationId":"0269ffc4-43e5-481b-ab4f-9d8a98b396e3"}
{"@t":"2022-10-18T17:17:09.1629482Z","@mt":"{WarmSegments} segments warmed up ({@Shared})","WarmSegments":929,"Shared":{"Schemata":108,"Strings":1744},"SourceContext":"Flare.Cache.SegmentCache"}
{"@t":"2022-10-18T17:18:08.3581746Z","@mt":"{CollectionCount} more generation 2 garbage collection(s) occurred","CollectionCount":2,"SourceContext":"Seq.Server.Features.Diagnostics.GCLogger"}
{"@t":"2022-10-18T17:22:08.3756851Z","@mt":"Metrics sampled","CacheDays":39.875,"CacheEvents":16789,"SystemMemoryUtilization":0.6628574464777341,"ProcessWorkingSetBytes":242290688,"GCTotalHeapSizeBytes":26011344,"GCTotalFragmentedBytes":168496,"GCPauseTimePercentage":4.4,"GCGen0EnterHeapSizeBytes":129857008,"GCGen0ExitHeapSizeBytes":96,"GCGen0EnterFragmentedBytes":111848,"GCGen0ExitFragmentedBytes":0,"GCGen1EnterHeapSizeBytes":7128928,"GCGen1ExitHeapSizeBytes":8163008,"GCGen1EnterFragmentedBytes":116832,"GCGen1ExitFragmentedBytes":168000,"GCGen2EnterHeapSizeBytes":96,"GCGen2ExitHeapSizeBytes":6646648,"GCGen2EnterFragmentedBytes":0,"GCGen2ExitFragmentedBytes":336,"GCGen3EnterHeapSizeBytes":21475760,"GCGen3ExitHeapSizeBytes":10989944,"GCGen3EnterFragmentedBytes":192,"GCGen3ExitFragmentedBytes":160,"GCGen4EnterHeapSizeBytes":211648,"GCGen4ExitHeapSizeBytes":211648,"GCGen4EnterFragmentedBytes":0,"GCGen4ExitFragmentedBytes":0,"GCPause0DurationMs":36.204,"GCPause1DurationMs":36.204,"ProcessThreads":38,"ArrivedEventsPerMinute":0,"IngestedEventsPerMinute":0,"IngestedBytesPerMinute":0,"InvalidPayloadsPerMinute":0,"UnauthorizedPayloadsPerMinute":0,"TotalWriteTimeLastMinute":"Flare.Diagnostics.Counters.RateCounter","BroadcastQueueCount":0,"BroadcastSubscriptionQueuesAggregateCount":0}
{"@t":"2022-10-18T17:27:08.3613212Z","@mt":"Applying {Count} retention policies","Count":0,"SourceContext":"Seq.Server.Features.Retention.RetentionPolicyApplier"}
{"@t":"2022-10-18T17:27:08.3630487Z","@mt":"Metrics sampled","CacheDays":39.875,"CacheEvents":16789,"SystemMemoryUtilization":0.6775754546366941,"ProcessWorkingSetBytes":240455680,"GCTotalHeapSizeBytes":26011344,"GCTotalFragmentedBytes":168496,"GCPauseTimePercentage":4.4,"GCGen0EnterHeapSizeBytes":129857008,"GCGen0ExitHeapSizeBytes":96,"GCGen0EnterFragmentedBytes":111848,"GCGen0ExitFragmentedBytes":0,"GCGen1EnterHeapSizeBytes":7128928,"GCGen1ExitHeapSizeBytes":8163008,"GCGen1EnterFragmentedBytes":116832,"GCGen1ExitFragmentedBytes":168000,"GCGen2EnterHeapSizeBytes":96,"GCGen2ExitHeapSizeBytes":6646648,"GCGen2EnterFragmentedBytes":0,"GCGen2ExitFragmentedBytes":336,"GCGen3EnterHeapSizeBytes":21475760,"GCGen3ExitHeapSizeBytes":10989944,"GCGen3EnterFragmentedBytes":192,"GCGen3ExitFragmentedBytes":160,"GCGen4EnterHeapSizeBytes":211648,"GCGen4ExitHeapSizeBytes":211648,"GCGen4EnterFragmentedBytes":0,"GCGen4ExitFragmentedBytes":0,"GCPause0DurationMs":36.204,"GCPause1DurationMs":36.204,"ProcessThreads":36,"ArrivedEventsPerMinute":0,"IngestedEventsPerMinute":0,"IngestedBytesPerMinute":0,"InvalidPayloadsPerMinute":0,"UnauthorizedPayloadsPerMinute":0,"TotalWriteTimeLastMinute":"Flare.Diagnostics.Counters.RateCounter","BroadcastQueueCount":0,"BroadcastSubscriptionQueuesAggregateCount":0}
{"@t":"2022-10-18T17:27:08.3654304Z","@mt":"Retention processing and compaction took {Elapsed} ms; allocating {Allocation} ms for indexing","Elapsed":5.9796,"Allocation":599994.0204}
{"@t":"2022-10-18T17:27:08.3673890Z","@mt":"Beginning indexing","SourceContext":"Seq.Server.Features.Indexing.EventStoreIndexer"}
{"@t":"2022-10-18T17:27:08.5227219Z","@mt":"Wrote {IndexSetCount} index sets in {Elapsed:0.000} ms","@r":["154.000"],"IndexSetCount":0,"Elapsed":154,"SourceContext":"Seq.Server.Features.Indexing.EventStoreIndexer"}
{"@t":"2022-10-18T17:27:08.5234458Z","@mt":"Indexing took {Elapsed} ms; total iteration time was {Iteration} ms","Elapsed":157,"Iteration":163.4352}
{"@t":"2022-10-18T17:32:08.3614864Z","@mt":"Metrics sampled","CacheDays":39.875,"CacheEvents":16789,"SystemMemoryUtilization":0.6801435788040215,"ProcessWorkingSetBytes":244015104,"GCTotalHeapSizeBytes":26011344,"GCTotalFragmentedBytes":168496,"GCPauseTimePercentage":4.4,"GCGen0EnterHeapSizeBytes":129857008,"GCGen0ExitHeapSizeBytes":96,"GCGen0EnterFragmentedBytes":111848,"GCGen0ExitFragmentedBytes":0,"GCGen1EnterHeapSizeBytes":7128928,"GCGen1ExitHeapSizeBytes":8163008,"GCGen1EnterFragmentedBytes":116832,"GCGen1ExitFragmentedBytes":168000,"GCGen2EnterHeapSizeBytes":96,"GCGen2ExitHeapSizeBytes":6646648,"GCGen2EnterFragmentedBytes":0,"GCGen2ExitFragmentedBytes":336,"GCGen3EnterHeapSizeBytes":21475760,"GCGen3ExitHeapSizeBytes":10989944,"GCGen3EnterFragmentedBytes":192,"GCGen3ExitFragmentedBytes":160,"GCGen4EnterHeapSizeBytes":211648,"GCGen4ExitHeapSizeBytes":211648,"GCGen4EnterFragmentedBytes":0,"GCGen4ExitFragmentedBytes":0,"GCPause0DurationMs":36.204,"GCPause1DurationMs":36.204,"ProcessThreads":31,"ArrivedEventsPerMinute":0,"IngestedEventsPerMinute":0,"IngestedBytesPerMinute":0,"InvalidPayloadsPerMinute":0,"UnauthorizedPayloadsPerMinute":0,"TotalWriteTimeLastMinute":"Flare.Diagnostics.Counters.RateCounter","BroadcastQueueCount":0,"BroadcastSubscriptionQueuesAggregateCount":0}
{"@t":"2022-10-18T17:37:08.3581005Z","@mt":"Applying {Count} retention policies","Count":0,"SourceContext":"Seq.Server.Features.Retention.RetentionPolicyApplier"}
{"@t":"2022-10-18T17:37:08.3588084Z","@mt":"Retention processing and compaction took {Elapsed} ms; allocating {Allocation} ms for indexing","Elapsed":0.7444,"Allocation":599999.2556}
{"@t":"2022-10-18T17:37:08.3595201Z","@mt":"Beginning indexing","SourceContext":"Seq.Server.Features.Indexing.EventStoreIndexer"}
{"@t":"2022-10-18T17:37:08.3610152Z","@mt":"Metrics sampled","CacheDays":39.875,"CacheEvents":16789,"SystemMemoryUtilization":0.6804092468213314,"ProcessWorkingSetBytes":244105216,"GCTotalHeapSizeBytes":26011344,"GCTotalFragmentedBytes":168496,"GCPauseTimePercentage":4.4,"GCGen0EnterHeapSizeBytes":129857008,"GCGen0ExitHeapSizeBytes":96,"GCGen0EnterFragmentedBytes":111848,"GCGen0ExitFragmentedBytes":0,"GCGen1EnterHeapSizeBytes":7128928,"GCGen1ExitHeapSizeBytes":8163008,"GCGen1EnterFragmentedBytes":116832,"GCGen1ExitFragmentedBytes":168000,"GCGen2EnterHeapSizeBytes":96,"GCGen2ExitHeapSizeBytes":6646648,"GCGen2EnterFragmentedBytes":0,"GCGen2ExitFragmentedBytes":336,"GCGen3EnterHeapSizeBytes":21475760,"GCGen3ExitHeapSizeBytes":10989944,"GCGen3EnterFragmentedBytes":192,"GCGen3ExitFragmentedBytes":160,"GCGen4EnterHeapSizeBytes":211648,"GCGen4ExitHeapSizeBytes":211648,"GCGen4EnterFragmentedBytes":0,"GCGen4ExitFragmentedBytes":0,"GCPause0DurationMs":36.204,"GCPause1DurationMs":36.204,"ProcessThreads":32,"ArrivedEventsPerMinute":0,"IngestedEventsPerMinute":0,"IngestedBytesPerMinute":0,"InvalidPayloadsPerMinute":0,"UnauthorizedPayloadsPerMinute":0,"TotalWriteTimeLastMinute":"Flare.Diagnostics.Counters.RateCounter","BroadcastQueueCount":0,"BroadcastSubscriptionQueuesAggregateCount":0}
{"@t":"2022-10-18T17:37:08.3623061Z","@mt":"Wrote {IndexSetCount} index sets in {Elapsed:0.000} ms","@r":["2.000"],"IndexSetCount":0,"Elapsed":2,"SourceContext":"Seq.Server.Features.Indexing.EventStoreIndexer"}
{"@t":"2022-10-18T17:37:08.3630059Z","@mt":"Indexing took {Elapsed} ms; total iteration time was {Iteration} ms","Elapsed":3,"Iteration":4.2278}
{"@t":"2022-10-18T17:42:08.3611143Z","@mt":"Metrics sampled","CacheDays":39.875,"CacheEvents":16789,"SystemMemoryUtilization":0.6813577800386892,"ProcessWorkingSetBytes":244170752,"GCTotalHeapSizeBytes":26011344,"GCTotalFragmentedBytes":168496,"GCPauseTimePercentage":4.4,"GCGen0EnterHeapSizeBytes":129857008,"GCGen0ExitHeapSizeBytes":96,"GCGen0EnterFragmentedBytes":111848,"GCGen0ExitFragmentedBytes":0,"GCGen1EnterHeapSizeBytes":7128928,"GCGen1ExitHeapSizeBytes":8163008,"GCGen1EnterFragmentedBytes":116832,"GCGen1ExitFragmentedBytes":168000,"GCGen2EnterHeapSizeBytes":96,"GCGen2ExitHeapSizeBytes":6646648,"GCGen2EnterFragmentedBytes":0,"GCGen2ExitFragmentedBytes":336,"GCGen3EnterHeapSizeBytes":21475760,"GCGen3ExitHeapSizeBytes":10989944,"GCGen3EnterFragmentedBytes":192,"GCGen3ExitFragmentedBytes":160,"GCGen4EnterHeapSizeBytes":211648,"GCGen4ExitHeapSizeBytes":211648,"GCGen4EnterFragmentedBytes":0,"GCGen4ExitFragmentedBytes":0,"GCPause0DurationMs":36.204,"GCPause1DurationMs":36.204,"ProcessThreads":31,"ArrivedEventsPerMinute":0,"IngestedEventsPerMinute":0,"IngestedBytesPerMinute":0,"InvalidPayloadsPerMinute":0,"UnauthorizedPayloadsPerMinute":0,"TotalWriteTimeLastMinute":"Flare.Diagnostics.Counters.RateCounter","BroadcastQueueCount":0,"BroadcastSubscriptionQueuesAggregateCount":0}
{"@t":"2022-10-18T17:47:08.3578522Z","@mt":"Applying {Count} retention policies","Count":0,"SourceContext":"Seq.Server.Features.Retention.RetentionPolicyApplier"}
{"@t":"2022-10-18T17:47:08.3585466Z","@mt":"Retention processing and compaction took {Elapsed} ms; allocating {Allocation} ms for indexing","Elapsed":0.7282,"Allocation":599999.2718}
{"@t":"2022-10-18T17:47:08.3593926Z","@mt":"Beginning indexing","SourceContext":"Seq.Server.Features.Indexing.EventStoreIndexer"}
{"@t":"2022-10-18T17:47:08.3619342Z","@mt":"Wrote {IndexSetCount} index sets in {Elapsed:0.000} ms","@r":["2.000"],"IndexSetCount":0,"Elapsed":2,"SourceContext":"Seq.Server.Features.Indexing.EventStoreIndexer"}
{"@t":"2022-10-18T17:47:08.3623576Z","@mt":"Indexing took {Elapsed} ms; total iteration time was {Iteration} ms","Elapsed":2,"Iteration":3.6897}
{"@t":"2022-10-18T17:47:08.3610302Z","@mt":"Metrics sampled","CacheDays":39.875,"CacheEvents":16789,"SystemMemoryUtilization":0.6826841522139986,"ProcessWorkingSetBytes":244293632,"GCTotalHeapSizeBytes":26011344,"GCTotalFragmentedBytes":168496,"GCPauseTimePercentage":4.4,"GCGen0EnterHeapSizeBytes":129857008,"GCGen0ExitHeapSizeBytes":96,"GCGen0EnterFragmentedBytes":111848,"GCGen0ExitFragmentedBytes":0,"GCGen1EnterHeapSizeBytes":7128928,"GCGen1ExitHeapSizeBytes":8163008,"GCGen1EnterFragmentedBytes":116832,"GCGen1ExitFragmentedBytes":168000,"GCGen2EnterHeapSizeBytes":96,"GCGen2ExitHeapSizeBytes":6646648,"GCGen2EnterFragmentedBytes":0,"GCGen2ExitFragmentedBytes":336,"GCGen3EnterHeapSizeBytes":21475760,"GCGen3ExitHeapSizeBytes":10989944,"GCGen3EnterFragmentedBytes":192,"GCGen3ExitFragmentedBytes":160,"GCGen4EnterHeapSizeBytes":211648,"GCGen4ExitHeapSizeBytes":211648,"GCGen4EnterFragmentedBytes":0,"GCGen4ExitFragmentedBytes":0,"GCPause0DurationMs":36.204,"GCPause1DurationMs":36.204,"ProcessThreads":32,"ArrivedEventsPerMinute":0,"IngestedEventsPerMinute":0,"IngestedBytesPerMinute":0,"InvalidPayloadsPerMinute":0,"UnauthorizedPayloadsPerMinute":0,"TotalWriteTimeLastMinute":"Flare.Diagnostics.Counters.RateCounter","BroadcastQueueCount":0,"BroadcastSubscriptionQueuesAggregateCount":0}
{"@t":"2022-10-18T17:52:08.3618225Z","@mt":"Metrics sampled","CacheDays":39.875,"CacheEvents":16789,"SystemMemoryUtilization":0.6890286980496032,"ProcessWorkingSetBytes":244670464,"GCTotalHeapSizeBytes":26011344,"GCTotalFragmentedBytes":168496,"GCPauseTimePercentage":4.4,"GCGen0EnterHeapSizeBytes":129857008,"GCGen0ExitHeapSizeBytes":96,"GCGen0EnterFragmentedBytes":111848,"GCGen0ExitFragmentedBytes":0,"GCGen1EnterHeapSizeBytes":7128928,"GCGen1ExitHeapSizeBytes":8163008,"GCGen1EnterFragmentedBytes":116832,"GCGen1ExitFragmentedBytes":168000,"GCGen2EnterHeapSizeBytes":96,"GCGen2ExitHeapSizeBytes":6646648,"GCGen2EnterFragmentedBytes":0,"GCGen2ExitFragmentedBytes":336,"GCGen3EnterHeapSizeBytes":21475760,"GCGen3ExitHeapSizeBytes":10989944,"GCGen3EnterFragmentedBytes":192,"GCGen3ExitFragmentedBytes":160,"GCGen4EnterHeapSizeBytes":211648,"GCGen4ExitHeapSizeBytes":211648,"GCGen4EnterFragmentedBytes":0,"GCGen4ExitFragmentedBytes":0,"GCPause0DurationMs":36.204,"GCPause1DurationMs":36.204,"ProcessThreads":30,"ArrivedEventsPerMinute":0,"IngestedEventsPerMinute":0,"IngestedBytesPerMinute":0,"InvalidPayloadsPerMinute":0,"UnauthorizedPayloadsPerMinute":0,"TotalWriteTimeLastMinute":"Flare.Diagnostics.Counters.RateCounter","BroadcastQueueCount":0,"BroadcastSubscriptionQueuesAggregateCount":0}
{"@t":"2022-10-18T17:57:08.3573475Z","@mt":"Applying {Count} retention policies","Count":0,"SourceContext":"Seq.Server.Features.Retention.RetentionPolicyApplier"}
{"@t":"2022-10-18T17:57:08.3582953Z","@mt":"Retention processing and compaction took {Elapsed} ms; allocating {Allocation} ms for indexing","Elapsed":0.949,"Allocation":599999.051}
{"@t":"2022-10-18T17:57:08.3587754Z","@mt":"Beginning indexing","SourceContext":"Seq.Server.Features.Indexing.EventStoreIndexer"}
{"@t":"2022-10-18T17:57:08.3616163Z","@mt":"Wrote {IndexSetCount} index sets in {Elapsed:0.000} ms","@r":["2.000"],"IndexSetCount":0,"Elapsed":2,"SourceContext":"Seq.Server.Features.Indexing.EventStoreIndexer"}
{"@t":"2022-10-18T17:57:08.3621041Z","@mt":"Indexing took {Elapsed} ms; total iteration time was {Iteration} ms","Elapsed":3,"Iteration":4.2738}
{"@t":"2022-10-18T17:57:08.3616317Z","@mt":"Metrics sampled","CacheDays":39.875,"CacheEvents":16789,"SystemMemoryUtilization":0.6907309412716249,"ProcessWorkingSetBytes":244563968,"GCTotalHeapSizeBytes":26011344,"GCTotalFragmentedBytes":168496,"GCPauseTimePercentage":4.4,"GCGen0EnterHeapSizeBytes":129857008,"GCGen0ExitHeapSizeBytes":96,"GCGen0EnterFragmentedBytes":111848,"GCGen0ExitFragmentedBytes":0,"GCGen1EnterHeapSizeBytes":7128928,"GCGen1ExitHeapSizeBytes":8163008,"GCGen1EnterFragmentedBytes":116832,"GCGen1ExitFragmentedBytes":168000,"GCGen2EnterHeapSizeBytes":96,"GCGen2ExitHeapSizeBytes":6646648,"GCGen2EnterFragmentedBytes":0,"GCGen2ExitFragmentedBytes":336,"GCGen3EnterHeapSizeBytes":21475760,"GCGen3ExitHeapSizeBytes":10989944,"GCGen3EnterFragmentedBytes":192,"GCGen3ExitFragmentedBytes":160,"GCGen4EnterHeapSizeBytes":211648,"GCGen4ExitHeapSizeBytes":211648,"GCGen4EnterFragmentedBytes":0,"GCGen4ExitFragmentedBytes":0,"GCPause0DurationMs":36.204,"GCPause1DurationMs":36.204,"ProcessThreads":31,"ArrivedEventsPerMinute":0,"IngestedEventsPerMinute":0,"IngestedBytesPerMinute":0,"InvalidPayloadsPerMinute":0,"UnauthorizedPayloadsPerMinute":0,"TotalWriteTimeLastMinute":"Flare.Diagnostics.Counters.RateCounter","BroadcastQueueCount":0,"BroadcastSubscriptionQueuesAggregateCount":0}
{"@t":"2022-10-18T18:02:08.3625752Z","@mt":"Metrics sampled","CacheDays":39.875,"CacheEvents":16789,"SystemMemoryUtilization":0.6905459576151277,"ProcessWorkingSetBytes":244584448,"GCTotalHeapSizeBytes":26011344,"GCTotalFragmentedBytes":168496,"GCPauseTimePercentage":4.4,"GCGen0EnterHeapSizeBytes":129857008,"GCGen0ExitHeapSizeBytes":96,"GCGen0EnterFragmentedBytes":111848,"GCGen0ExitFragmentedBytes":0,"GCGen1EnterHeapSizeBytes":7128928,"GCGen1ExitHeapSizeBytes":8163008,"GCGen1EnterFragmentedBytes":116832,"GCGen1ExitFragmentedBytes":168000,"GCGen2EnterHeapSizeBytes":96,"GCGen2ExitHeapSizeBytes":6646648,"GCGen2EnterFragmentedBytes":0,"GCGen2ExitFragmentedBytes":336,"GCGen3EnterHeapSizeBytes":21475760,"GCGen3ExitHeapSizeBytes":10989944,"GCGen3EnterFragmentedBytes":192,"GCGen3ExitFragmentedBytes":160,"GCGen4EnterHeapSizeBytes":211648,"GCGen4ExitHeapSizeBytes":211648,"GCGen4EnterFragmentedBytes":0,"GCGen4ExitFragmentedBytes":0,"GCPause0DurationMs":36.204,"GCPause1DurationMs":36.204,"ProcessThreads":31,"ArrivedEventsPerMinute":0,"IngestedEventsPerMinute":0,"IngestedBytesPerMinute":0,"InvalidPayloadsPerMinute":0,"UnauthorizedPayloadsPerMinute":0,"TotalWriteTimeLastMinute":"Flare.Diagnostics.Counters.RateCounter","BroadcastQueueCount":0,"BroadcastSubscriptionQueuesAggregateCount":0}
{"@t":"2022-10-18T18:07:08.3574422Z","@mt":"Applying {Count} retention policies","Count":0,"SourceContext":"Seq.Server.Features.Retention.RetentionPolicyApplier"}
{"@t":"2022-10-18T18:07:08.3584271Z","@mt":"Retention processing and compaction took {Elapsed} ms; allocating {Allocation} ms for indexing","Elapsed":1.0523,"Allocation":599998.9477}
{"@t":"2022-10-18T18:07:08.3587339Z","@mt":"Beginning indexing","SourceContext":"Seq.Server.Features.Indexing.EventStoreIndexer"}
{"@t":"2022-10-18T18:07:08.3613718Z","@mt":"Wrote {IndexSetCount} index sets in {Elapsed:0.000} ms","@r":["2.000"],"IndexSetCount":0,"Elapsed":2,"SourceContext":"Seq.Server.Features.Indexing.EventStoreIndexer"}
{"@t":"2022-10-18T18:07:08.3618402Z","@mt":"Indexing took {Elapsed} ms; total iteration time was {Iteration} ms","Elapsed":3,"Iteration":4.1479}
{"@t":"2022-10-18T18:07:08.3615371Z","@mt":"Metrics sampled","CacheDays":39.875,"CacheEvents":16789,"SystemMemoryUtilization":0.69368871186434,"ProcessWorkingSetBytes":251052032,"GCTotalHeapSizeBytes":26011344,"GCTotalFragmentedBytes":168496,"GCPauseTimePercentage":4.4,"GCGen0EnterHeapSizeBytes":129857008,"GCGen0ExitHeapSizeBytes":96,"GCGen0EnterFragmentedBytes":111848,"GCGen0ExitFragmentedBytes":0,"GCGen1EnterHeapSizeBytes":7128928,"GCGen1ExitHeapSizeBytes":8163008,"GCGen1EnterFragmentedBytes":116832,"GCGen1ExitFragmentedBytes":168000,"GCGen2EnterHeapSizeBytes":96,"GCGen2ExitHeapSizeBytes":6646648,"GCGen2EnterFragmentedBytes":0,"GCGen2ExitFragmentedBytes":336,"GCGen3EnterHeapSizeBytes":21475760,"GCGen3ExitHeapSizeBytes":10989944,"GCGen3EnterFragmentedBytes":192,"GCGen3ExitFragmentedBytes":160,"GCGen4EnterHeapSizeBytes":211648,"GCGen4ExitHeapSizeBytes":211648,"GCGen4EnterFragmentedBytes":0,"GCGen4ExitFragmentedBytes":0,"GCPause0DurationMs":36.204,"GCPause1DurationMs":36.204,"ProcessThreads":36,"ArrivedEventsPerMinute":0,"IngestedEventsPerMinute":0,"IngestedBytesPerMinute":0,"InvalidPayloadsPerMinute":0,"UnauthorizedPayloadsPerMinute":0,"TotalWriteTimeLastMinute":"Flare.Diagnostics.Counters.RateCounter","BroadcastQueueCount":0,"BroadcastSubscriptionQueuesAggregateCount":0}
{"@t":"2022-10-18T18:07:46.1635973Z","@mt":"Termination signal received"}
{"@t":"2022-10-18T18:07:46.1737256Z","@mt":"Signalling for {Workers} worker task(s) to complete","Workers":3,"SourceContext":"Flare.Workers.WorkerPool"}
{"@t":"2022-10-18T18:07:59.2531346Z","@mt":"Seq {SeqVersion} running on OS {OSCaption}","SeqVersion":"2022.1.7929","OSCaption":"Linux 5.10.124-linuxkit #1 SMP Thu Jun 30 08:19:10 UTC 2022","SourceContext":"Seq.Server.Features.Diagnostics.EnvironmentInformationWriter"}
{"@t":"2022-10-18T18:07:59.3104923Z","@mt":"Seq detected {TotalRAM} MB of RAM","TotalRAM":2081.394688,"SourceContext":"Seq.Server.Features.Diagnostics.EnvironmentInformationWriter"}
{"@t":"2022-10-18T18:07:59.6729976Z","@mt":"Opening event store at {StreamPath}","StreamPath":"/data/Stream/stream.flare","SourceContext":"Flare.Cluster.StorageNodeCoordinator"}
{"@t":"2022-10-18T18:07:59.9164804Z","@mt":"Ingestion enabled","SourceContext":"Flare.Cluster.StorageNodeCoordinator"}
{"@t":"2022-10-18T18:07:59.9218053Z","@mt":"Cache warm-up is required","SourceContext":"Flare.Cache.SegmentCache","OperationId":"759ae960-1644-4950-a948-44a237f63857"}
{"@t":"2022-10-18T18:07:59.9359818Z","@mt":"Opening metastore {MetastorePath}","MetastorePath":"/data/Documents/metastore.flare","SourceContext":"Quince.Storage.Native.NativeDocumentStore"}
{"@t":"2022-10-18T18:08:00.0883879Z","@mt":"Storage subsystem available"}
{"@t":"2022-10-18T18:08:00.1618426Z","@mt":"Seq listening on {ListenUris}","ListenUris":["http://localhost/","https://localhost/","http://localhost:5341/","https://localhost:45341/"]}
{"@t":"2022-10-18T18:08:01.0112645Z","@mt":"Initial memory cache warm-up {Outcome} in {Elapsed:0.0} ms","@r":["1089.3"],"Outcome":"completed","Elapsed":1089.2777,"OperationId":"759ae960-1644-4950-a948-44a237f63857"}
{"@t":"2022-10-18T18:08:01.0131068Z","@mt":"{WarmSegments} segments warmed up ({@Shared})","WarmSegments":957,"Shared":{"Schemata":108,"Strings":1745},"SourceContext":"Flare.Cache.SegmentCache"}
{"@t":"2022-10-18T18:09:00.2103385Z","@mt":"{CollectionCount} more generation 2 garbage collection(s) occurred","CollectionCount":2,"SourceContext":"Seq.Server.Features.Diagnostics.GCLogger"}
{"@t":"2022-10-18T18:10:52.5240122Z","@mt":"Termination signal received"}
{"@t":"2022-10-18T18:10:52.5388478Z","@mt":"Signalling for {Workers} worker task(s) to complete","Workers":3,"SourceContext":"Flare.Workers.WorkerPool"}
{"@t":"2022-10-18T18:11:06.0756545Z","@mt":"Seq {SeqVersion} running on OS {OSCaption}","SeqVersion":"2022.1.7929","OSCaption":"Linux 5.10.124-linuxkit #1 SMP Thu Jun 30 08:19:10 UTC 2022","SourceContext":"Seq.Server.Features.Diagnostics.EnvironmentInformationWriter"}
{"@t":"2022-10-18T18:11:06.1427784Z","@mt":"Seq detected {TotalRAM} MB of RAM","TotalRAM":2081.394688,"SourceContext":"Seq.Server.Features.Diagnostics.EnvironmentInformationWriter"}
{"@t":"2022-10-18T18:11:06.5528855Z","@mt":"Opening event store at {StreamPath}","StreamPath":"/data/Stream/stream.flare","SourceContext":"Flare.Cluster.StorageNodeCoordinator"}
{"@t":"2022-10-18T18:11:06.8056329Z","@mt":"Ingestion enabled","SourceContext":"Flare.Cluster.StorageNodeCoordinator"}
{"@t":"2022-10-18T18:11:06.8132873Z","@mt":"Cache warm-up is required","SourceContext":"Flare.Cache.SegmentCache","OperationId":"241ab3fb-e569-4200-82fd-001653c9ca16"}
{"@t":"2022-10-18T18:11:06.8262338Z","@mt":"Opening metastore {MetastorePath}","MetastorePath":"/data/Documents/metastore.flare","SourceContext":"Quince.Storage.Native.NativeDocumentStore"}
{"@t":"2022-10-18T18:11:07.0180623Z","@mt":"Storage subsystem available"}
{"@t":"2022-10-18T18:11:07.1453948Z","@mt":"Seq listening on {ListenUris}","ListenUris":["http://localhost/","https://localhost/","http://localhost:5341/","https://localhost:45341/"]}
{"@t":"2022-10-18T18:11:07.9201839Z","@mt":"Initial memory cache warm-up {Outcome} in {Elapsed:0.0} ms","@r":["1106.5"],"Outcome":"completed","Elapsed":1106.4573,"OperationId":"241ab3fb-e569-4200-82fd-001653c9ca16"}
{"@t":"2022-10-18T18:11:07.9219248Z","@mt":"{WarmSegments} segments warmed up ({@Shared})","WarmSegments":958,"Shared":{"Schemata":108,"Strings":1755},"SourceContext":"Flare.Cache.SegmentCache"}
{"@t":"2022-10-18T18:11:37.0073314Z","@mt":"Termination signal received"}
{"@t":"2022-10-18T18:11:37.0239430Z","@mt":"Signalling for {Workers} worker task(s) to complete","Workers":3,"SourceContext":"Flare.Workers.WorkerPool"}
{"@t":"2022-10-18T18:11:37.0687479Z","@mt":"Work {WorkDescription} ({WorkId}) observed cancellation and completed","WorkDescription":"Monitor alerts and trigger notifications","WorkId":"f2712368-5e81-4bc9-933f-2079f8093a39","SourceContext":"Flare.Workers.WorkerPool"}
{"@t":"2022-10-18T18:11:37.9745999Z","@mt":"Work {WorkDescription} ({WorkId}) observed cancellation and completed","WorkDescription":"Manage event cache resources","WorkId":"5b6cb198-3e36-4998-9692-15060b9727a1","SourceContext":"Flare.Workers.WorkerPool"}
{"@t":"2022-10-18T18:11:50.2881193Z","@mt":"Seq {SeqVersion} running on OS {OSCaption}","SeqVersion":"2022.1.7929","OSCaption":"Linux 5.10.124-linuxkit #1 SMP Thu Jun 30 08:19:10 UTC 2022","SourceContext":"Seq.Server.Features.Diagnostics.EnvironmentInformationWriter"}
{"@t":"2022-10-18T18:11:50.3688818Z","@mt":"Seq detected {TotalRAM} MB of RAM","TotalRAM":2081.394688,"SourceContext":"Seq.Server.Features.Diagnostics.EnvironmentInformationWriter"}
{"@t":"2022-10-18T18:11:50.6929517Z","@mt":"Opening event store at {StreamPath}","StreamPath":"/data/Stream/stream.flare","SourceContext":"Flare.Cluster.StorageNodeCoordinator"}
{"@t":"2022-10-18T18:11:50.9586421Z","@mt":"Ingestion enabled","SourceContext":"Flare.Cluster.StorageNodeCoordinator"}
{"@t":"2022-10-18T18:11:50.9637764Z","@mt":"Cache warm-up is required","SourceContext":"Flare.Cache.SegmentCache","OperationId":"ba4d2b99-e7c0-48ca-a808-92abb016cba2"}
{"@t":"2022-10-18T18:11:50.9818047Z","@mt":"Opening metastore {MetastorePath}","MetastorePath":"/data/Documents/metastore.flare","SourceContext":"Quince.Storage.Native.NativeDocumentStore"}
{"@t":"2022-10-18T18:11:51.1876442Z","@mt":"Storage subsystem available"}
{"@t":"2022-10-18T18:11:51.3487995Z","@mt":"Seq listening on {ListenUris}","ListenUris":["http://localhost/","https://localhost/","http://localhost:5341/","https://localhost:45341/"]}
{"@t":"2022-10-18T18:11:52.2505164Z","@mt":"Initial memory cache warm-up {Outcome} in {Elapsed:0.0} ms","@r":["1285.9"],"Outcome":"completed","Elapsed":1285.8862,"OperationId":"ba4d2b99-e7c0-48ca-a808-92abb016cba2"}
{"@t":"2022-10-18T18:11:52.2536241Z","@mt":"{WarmSegments} segments warmed up ({@Shared})","WarmSegments":958,"Shared":{"Schemata":108,"Strings":1756},"SourceContext":"Flare.Cache.SegmentCache"}
{"@t":"2022-10-18T18:12:51.4389297Z","@mt":"{CollectionCount} more generation 2 garbage collection(s) occurred","CollectionCount":2,"SourceContext":"Seq.Server.Features.Diagnostics.GCLogger"}
{"@t":"2022-10-18T18:13:12.7634066Z","@mt":"Termination signal received"}
{"@t":"2022-10-18T18:13:12.7761177Z","@mt":"Signalling for {Workers} worker task(s) to complete","Workers":3,"SourceContext":"Flare.Workers.WorkerPool"}
{"@t":"2022-10-18T18:13:13.3285220Z","@mt":"Work {WorkDescription} ({WorkId}) observed cancellation and completed","WorkDescription":"Manage event cache resources","WorkId":"b4fc77f3-fca8-4b47-afc2-c125a70da4b7","SourceContext":"Flare.Workers.WorkerPool"}
{"@t":"2022-10-18T18:13:13.5216876Z","@mt":"Work {WorkDescription} ({WorkId}) observed cancellation and completed","WorkDescription":"Monitor alerts and trigger notifications","WorkId":"5a14e717-4245-49c1-9711-bb03892f4920","SourceContext":"Flare.Workers.WorkerPool"}
{"@t":"2022-10-18T18:13:27.1058115Z","@mt":"Seq {SeqVersion} running on OS {OSCaption}","SeqVersion":"2022.1.7929","OSCaption":"Linux 5.10.124-linuxkit #1 SMP Thu Jun 30 08:19:10 UTC 2022","SourceContext":"Seq.Server.Features.Diagnostics.EnvironmentInformationWriter"}
{"@t":"2022-10-18T18:13:27.1640679Z","@mt":"Seq detected {TotalRAM} MB of RAM","TotalRAM":2081.394688,"SourceContext":"Seq.Server.Features.Diagnostics.EnvironmentInformationWriter"}
{"@t":"2022-10-18T18:13:27.5339781Z","@mt":"Opening event store at {StreamPath}","StreamPath":"/data/Stream/stream.flare","SourceContext":"Flare.Cluster.StorageNodeCoordinator"}
{"@t":"2022-10-18T18:13:27.8266423Z","@mt":"Ingestion enabled","SourceContext":"Flare.Cluster.StorageNodeCoordinator"}
{"@t":"2022-10-18T18:13:27.8400483Z","@mt":"Cache warm-up is required","SourceContext":"Flare.Cache.SegmentCache","OperationId":"f9bf8905-3f0a-4304-b387-18f1399db0ec"}
{"@t":"2022-10-18T18:13:27.8520499Z","@mt":"Opening metastore {MetastorePath}","MetastorePath":"/data/Documents/metastore.flare","SourceContext":"Quince.Storage.Native.NativeDocumentStore"}
{"@t":"2022-10-18T18:13:28.0688181Z","@mt":"Storage subsystem available"}
{"@t":"2022-10-18T18:13:28.2213545Z","@mt":"Seq listening on {ListenUris}","ListenUris":["http://localhost/","https://localhost/","http://localhost:5341/","https://localhost:45341/"]}
{"@t":"2022-10-18T18:13:29.0188059Z","@mt":"Initial memory cache warm-up {Outcome} in {Elapsed:0.0} ms","@r":["1178.3"],"Outcome":"completed","Elapsed":1178.2684,"OperationId":"f9bf8905-3f0a-4304-b387-18f1399db0ec"}
{"@t":"2022-10-18T18:13:29.0236806Z","@mt":"{WarmSegments} segments warmed up ({@Shared})","WarmSegments":958,"Shared":{"Schemata":108,"Strings":1756},"SourceContext":"Flare.Cache.SegmentCache"}
{"@t":"2022-10-18T18:14:28.2976922Z","@mt":"{CollectionCount} more generation 2 garbage collection(s) occurred","CollectionCount":2,"SourceContext":"Seq.Server.Features.Diagnostics.GCLogger"}
{"@t":"2022-10-18T18:17:11.8703189Z","@mt":"Seq {SeqVersion} running on OS {OSCaption}","SeqVersion":"2022.1.7929","OSCaption":"Linux 5.10.124-linuxkit #1 SMP Thu Jun 30 08:19:10 UTC 2022","SourceContext":"Seq.Server.Features.Diagnostics.EnvironmentInformationWriter"}
{"@t":"2022-10-18T18:17:11.9561789Z","@mt":"Seq detected {TotalRAM} MB of RAM","TotalRAM":2081.394688,"SourceContext":"Seq.Server.Features.Diagnostics.EnvironmentInformationWriter"}
{"@t":"2022-10-18T18:17:12.4123421Z","@mt":"Opening event store at {StreamPath}","StreamPath":"/data/Stream/stream.flare","SourceContext":"Flare.Cluster.StorageNodeCoordinator"}
{"@t":"2022-10-18T18:17:12.7851969Z","@mt":"Ingestion enabled","SourceContext":"Flare.Cluster.StorageNodeCoordinator"}
{"@t":"2022-10-18T18:17:12.7929153Z","@mt":"Cache warm-up is required","SourceContext":"Flare.Cache.SegmentCache","OperationId":"34bfeb3d-d488-4ac2-b771-5e0a4cf17840"}
{"@t":"2022-10-18T18:17:12.8082653Z","@mt":"Opening metastore {MetastorePath}","MetastorePath":"/data/Documents/metastore.flare","SourceContext":"Quince.Storage.Native.NativeDocumentStore"}
{"@t":"2022-10-18T18:17:12.9904400Z","@mt":"Storage subsystem available"}
{"@t":"2022-10-18T18:17:13.1566814Z","@mt":"Seq listening on {ListenUris}","ListenUris":["http://localhost/","https://localhost/","http://localhost:5341/","https://localhost:45341/"]}
{"@t":"2022-10-18T18:17:14.3179326Z","@mt":"Initial memory cache warm-up {Outcome} in {Elapsed:0.0} ms","@r":["1524.8"],"Outcome":"completed","Elapsed":1524.8332,"OperationId":"34bfeb3d-d488-4ac2-b771-5e0a4cf17840"}
{"@t":"2022-10-18T18:17:14.3214039Z","@mt":"{WarmSegments} segments warmed up ({@Shared})","WarmSegments":958,"Shared":{"Schemata":108,"Strings":1763},"SourceContext":"Flare.Cache.SegmentCache"}
{"@t":"2022-10-18T18:18:12.9331015Z","@mt":"Termination signal received"}
{"@t":"2022-10-18T18:18:12.9517148Z","@mt":"Signalling for {Workers} worker task(s) to complete","Workers":3,"SourceContext":"Flare.Workers.WorkerPool"}
{"@t":"2022-10-18T18:18:20.5990725Z","@mt":"Seq {SeqVersion} running on OS {OSCaption}","SeqVersion":"2022.1.7929","OSCaption":"Linux 5.10.124-linuxkit #1 SMP Thu Jun 30 08:19:10 UTC 2022","SourceContext":"Seq.Server.Features.Diagnostics.EnvironmentInformationWriter"}
{"@t":"2022-10-18T18:18:20.6564962Z","@mt":"Seq detected {TotalRAM} MB of RAM","TotalRAM":2081.394688,"SourceContext":"Seq.Server.Features.Diagnostics.EnvironmentInformationWriter"}
{"@t":"2022-10-18T18:18:20.9693876Z","@mt":"Opening event store at {StreamPath}","StreamPath":"/data/Stream/stream.flare","SourceContext":"Flare.Cluster.StorageNodeCoordinator"}
{"@t":"2022-10-18T18:18:21.2134149Z","@mt":"Ingestion enabled","SourceContext":"Flare.Cluster.StorageNodeCoordinator"}
{"@t":"2022-10-18T18:18:21.2188388Z","@mt":"Cache warm-up is required","SourceContext":"Flare.Cache.SegmentCache","OperationId":"401df97e-00c1-4c00-b159-18df0f7fc44a"}
{"@t":"2022-10-18T18:18:21.2264151Z","@mt":"Opening metastore {MetastorePath}","MetastorePath":"/data/Documents/metastore.flare","SourceContext":"Quince.Storage.Native.NativeDocumentStore"}
{"@t":"2022-10-18T18:18:21.3429197Z","@mt":"Storage subsystem available"}
{"@t":"2022-10-18T18:18:21.4107748Z","@mt":"Seq listening on {ListenUris}","ListenUris":["http://localhost/","https://localhost/","http://localhost:5341/","https://localhost:45341/"]}
{"@t":"2022-10-18T18:18:22.2435371Z","@mt":"Initial memory cache warm-up {Outcome} in {Elapsed:0.0} ms","@r":["1024.3"],"Outcome":"completed","Elapsed":1024.322,"OperationId":"401df97e-00c1-4c00-b159-18df0f7fc44a"}
{"@t":"2022-10-18T18:18:22.2498459Z","@mt":"{WarmSegments} segments warmed up ({@Shared})","WarmSegments":958,"Shared":{"Schemata":108,"Strings":1768},"SourceContext":"Flare.Cache.SegmentCache"}
{"@t":"2022-10-18T18:19:21.4893433Z","@mt":"{CollectionCount} more generation 2 garbage collection(s) occurred","CollectionCount":2,"SourceContext":"Seq.Server.Features.Diagnostics.GCLogger"}
{"@t":"2022-10-18T18:23:21.4917690Z","@mt":"Metrics sampled","CacheDays":39.916666666666664,"CacheEvents":17669,"SystemMemoryUtilization":0.6533386598130878,"ProcessWorkingSetBytes":247889920,"GCTotalHeapSizeBytes":26257456,"GCTotalFragmentedBytes":173408,"GCPauseTimePercentage":3.9,"GCGen0EnterHeapSizeBytes":134703016,"GCGen0ExitHeapSizeBytes":96,"GCGen0EnterFragmentedBytes":384192,"GCGen0ExitFragmentedBytes":0,"GCGen1EnterHeapSizeBytes":7239512,"GCGen1ExitHeapSizeBytes":8268640,"GCGen1EnterFragmentedBytes":119040,"GCGen1ExitFragmentedBytes":172944,"GCGen2EnterHeapSizeBytes":96,"GCGen2ExitHeapSizeBytes":6930520,"GCGen2EnterFragmentedBytes":0,"GCGen2ExitFragmentedBytes":336,"GCGen3EnterHeapSizeBytes":21332368,"GCGen3ExitHeapSizeBytes":10846552,"GCGen3EnterFragmentedBytes":160,"GCGen3ExitFragmentedBytes":128,"GCGen4EnterHeapSizeBytes":211648,"GCGen4ExitHeapSizeBytes":211648,"GCGen4EnterFragmentedBytes":0,"GCGen4ExitFragmentedBytes":0,"GCPause0DurationMs":50.431,"GCPause1DurationMs":50.431,"ProcessThreads":31,"ArrivedEventsPerMinute":0,"IngestedEventsPerMinute":0,"IngestedBytesPerMinute":0,"InvalidPayloadsPerMinute":0,"UnauthorizedPayloadsPerMinute":0,"TotalWriteTimeLastMinute":"Flare.Diagnostics.Counters.RateCounter","BroadcastQueueCount":0,"BroadcastSubscriptionQueuesAggregateCount":0}
{"@t":"2022-10-18T18:28:21.4832093Z","@mt":"Metrics sampled","CacheDays":39.916666666666664,"CacheEvents":17669,"SystemMemoryUtilization":0.6747888923218007,"ProcessWorkingSetBytes":243650560,"GCTotalHeapSizeBytes":26257456,"GCTotalFragmentedBytes":173408,"GCPauseTimePercentage":3.9,"GCGen0EnterHeapSizeBytes":134703016,"GCGen0ExitHeapSizeBytes":96,"GCGen0EnterFragmentedBytes":384192,"GCGen0ExitFragmentedBytes":0,"GCGen1EnterHeapSizeBytes":7239512,"GCGen1ExitHeapSizeBytes":8268640,"GCGen1EnterFragmentedBytes":119040,"GCGen1ExitFragmentedBytes":172944,"GCGen2EnterHeapSizeBytes":96,"GCGen2ExitHeapSizeBytes":6930520,"GCGen2EnterFragmentedBytes":0,"GCGen2ExitFragmentedBytes":336,"GCGen3EnterHeapSizeBytes":21332368,"GCGen3ExitHeapSizeBytes":10846552,"GCGen3EnterFragmentedBytes":160,"GCGen3ExitFragmentedBytes":128,"GCGen4EnterHeapSizeBytes":211648,"GCGen4ExitHeapSizeBytes":211648,"GCGen4EnterFragmentedBytes":0,"GCGen4ExitFragmentedBytes":0,"GCPause0DurationMs":50.431,"GCPause1DurationMs":50.431,"ProcessThreads":37,"ArrivedEventsPerMinute":0,"IngestedEventsPerMinute":0,"IngestedBytesPerMinute":0,"InvalidPayloadsPerMinute":0,"UnauthorizedPayloadsPerMinute":0,"TotalWriteTimeLastMinute":"Flare.Diagnostics.Counters.RateCounter","BroadcastQueueCount":0,"BroadcastSubscriptionQueuesAggregateCount":0}
{"@t":"2022-10-18T18:28:21.4855575Z","@mt":"Applying {Count} retention policies","Count":0,"SourceContext":"Seq.Server.Features.Retention.RetentionPolicyApplier"}
{"@t":"2022-10-18T18:28:21.4898111Z","@mt":"Retention processing and compaction took {Elapsed} ms; allocating {Allocation} ms for indexing","Elapsed":5.9594,"Allocation":599994.0406}
{"@t":"2022-10-18T18:28:21.4920458Z","@mt":"Beginning indexing","SourceContext":"Seq.Server.Features.Indexing.EventStoreIndexer"}
{"@t":"2022-10-18T18:28:21.6489465Z","@mt":"Wrote {IndexSetCount} index sets in {Elapsed:0.000} ms","@r":["156.000"],"IndexSetCount":0,"Elapsed":156,"SourceContext":"Seq.Server.Features.Indexing.EventStoreIndexer"}
{"@t":"2022-10-18T18:28:21.6495762Z","@mt":"Indexing took {Elapsed} ms; total iteration time was {Iteration} ms","Elapsed":159,"Iteration":164.9632}
{"@t":"2022-10-18T18:33:21.4838317Z","@mt":"Metrics sampled","CacheDays":39.916666666666664,"CacheEvents":17669,"SystemMemoryUtilization":0.6770637977144679,"ProcessWorkingSetBytes":248393728,"GCTotalHeapSizeBytes":26257456,"GCTotalFragmentedBytes":173408,"GCPauseTimePercentage":3.9,"GCGen0EnterHeapSizeBytes":134703016,"GCGen0ExitHeapSizeBytes":96,"GCGen0EnterFragmentedBytes":384192,"GCGen0ExitFragmentedBytes":0,"GCGen1EnterHeapSizeBytes":7239512,"GCGen1ExitHeapSizeBytes":8268640,"GCGen1EnterFragmentedBytes":119040,"GCGen1ExitFragmentedBytes":172944,"GCGen2EnterHeapSizeBytes":96,"GCGen2ExitHeapSizeBytes":6930520,"GCGen2EnterFragmentedBytes":0,"GCGen2ExitFragmentedBytes":336,"GCGen3EnterHeapSizeBytes":21332368,"GCGen3ExitHeapSizeBytes":10846552,"GCGen3EnterFragmentedBytes":160,"GCGen3ExitFragmentedBytes":128,"GCGen4EnterHeapSizeBytes":211648,"GCGen4ExitHeapSizeBytes":211648,"GCGen4EnterFragmentedBytes":0,"GCGen4ExitFragmentedBytes":0,"GCPause0DurationMs":50.431,"GCPause1DurationMs":50.431,"ProcessThreads":32,"ArrivedEventsPerMinute":0,"IngestedEventsPerMinute":0,"IngestedBytesPerMinute":0,"InvalidPayloadsPerMinute":0,"UnauthorizedPayloadsPerMinute":0,"TotalWriteTimeLastMinute":"Flare.Diagnostics.Counters.RateCounter","BroadcastQueueCount":0,"BroadcastSubscriptionQueuesAggregateCount":0}
{"@t":"2022-10-18T18:38:21.4838477Z","@mt":"Metrics sampled","CacheDays":39.916666666666664,"CacheEvents":17669,"SystemMemoryUtilization":0.6791517515393986,"ProcessWorkingSetBytes":249057280,"GCTotalHeapSizeBytes":26257456,"GCTotalFragmentedBytes":173408,"GCPauseTimePercentage":3.9,"GCGen0EnterHeapSizeBytes":134703016,"GCGen0ExitHeapSizeBytes":96,"GCGen0EnterFragmentedBytes":384192,"GCGen0ExitFragmentedBytes":0,"GCGen1EnterHeapSizeBytes":7239512,"GCGen1ExitHeapSizeBytes":8268640,"GCGen1EnterFragmentedBytes":119040,"GCGen1ExitFragmentedBytes":172944,"GCGen2EnterHeapSizeBytes":96,"GCGen2ExitHeapSizeBytes":6930520,"GCGen2EnterFragmentedBytes":0,"GCGen2ExitFragmentedBytes":336,"GCGen3EnterHeapSizeBytes":21332368,"GCGen3ExitHeapSizeBytes":10846552,"GCGen3EnterFragmentedBytes":160,"GCGen3ExitFragmentedBytes":128,"GCGen4EnterHeapSizeBytes":211648,"GCGen4ExitHeapSizeBytes":211648,"GCGen4EnterFragmentedBytes":0,"GCGen4ExitFragmentedBytes":0,"GCPause0DurationMs":50.431,"GCPause1DurationMs":50.431,"ProcessThreads":37,"ArrivedEventsPerMinute":0,"IngestedEventsPerMinute":0,"IngestedBytesPerMinute":0,"InvalidPayloadsPerMinute":0,"UnauthorizedPayloadsPerMinute":0,"TotalWriteTimeLastMinute":"Flare.Diagnostics.Counters.RateCounter","BroadcastQueueCount":0,"BroadcastSubscriptionQueuesAggregateCount":0}
{"@t":"2022-10-18T18:38:21.4852480Z","@mt":"Applying {Count} retention policies","Count":0,"SourceContext":"Seq.Server.Features.Retention.RetentionPolicyApplier"}
{"@t":"2022-10-18T18:38:21.4869138Z","@mt":"Retention processing and compaction took {Elapsed} ms; allocating {Allocation} ms for indexing","Elapsed":1.6895,"Allocation":599998.3105}
{"@t":"2022-10-18T18:38:21.4877313Z","@mt":"Beginning indexing","SourceContext":"Seq.Server.Features.Indexing.EventStoreIndexer"}
{"@t":"2022-10-18T18:38:21.4907557Z","@mt":"Wrote {IndexSetCount} index sets in {Elapsed:0.000} ms","@r":["2.000"],"IndexSetCount":0,"Elapsed":2,"SourceContext":"Seq.Server.Features.Indexing.EventStoreIndexer"}
{"@t":"2022-10-18T18:38:21.4913841Z","@mt":"Indexing took {Elapsed} ms; total iteration time was {Iteration} ms","Elapsed":3,"Iteration":5.336}
{"@t":"2022-10-18T18:43:21.4832830Z","@mt":"Metrics sampled","CacheDays":39.916666666666664,"CacheEvents":17669,"SystemMemoryUtilization":0.6802557497446635,"ProcessWorkingSetBytes":251129856,"GCTotalHeapSizeBytes":26257456,"GCTotalFragmentedBytes":173408,"GCPauseTimePercentage":3.9,"GCGen0EnterHeapSizeBytes":134703016,"GCGen0ExitHeapSizeBytes":96,"GCGen0EnterFragmentedBytes":384192,"GCGen0ExitFragmentedBytes":0,"GCGen1EnterHeapSizeBytes":7239512,"GCGen1ExitHeapSizeBytes":8268640,"GCGen1EnterFragmentedBytes":119040,"GCGen1ExitFragmentedBytes":172944,"GCGen2EnterHeapSizeBytes":96,"GCGen2ExitHeapSizeBytes":6930520,"GCGen2EnterFragmentedBytes":0,"GCGen2ExitFragmentedBytes":336,"GCGen3EnterHeapSizeBytes":21332368,"GCGen3ExitHeapSizeBytes":10846552,"GCGen3EnterFragmentedBytes":160,"GCGen3ExitFragmentedBytes":128,"GCGen4EnterHeapSizeBytes":211648,"GCGen4ExitHeapSizeBytes":211648,"GCGen4EnterFragmentedBytes":0,"GCGen4ExitFragmentedBytes":0,"GCPause0DurationMs":50.431,"GCPause1DurationMs":50.431,"ProcessThreads":32,"ArrivedEventsPerMinute":0,"IngestedEventsPerMinute":0,"IngestedBytesPerMinute":0,"InvalidPayloadsPerMinute":0,"UnauthorizedPayloadsPerMinute":0,"TotalWriteTimeLastMinute":"Flare.Diagnostics.Counters.RateCounter","BroadcastQueueCount":0,"BroadcastSubscriptionQueuesAggregateCount":0}
{"@t":"2022-10-18T18:48:21.4837525Z","@mt":"Metrics sampled","CacheDays":39.916666666666664,"CacheEvents":17669,"SystemMemoryUtilization":0.6822846662324142,"ProcessWorkingSetBytes":251617280,"GCTotalHeapSizeBytes":26257456,"GCTotalFragmentedBytes":173408,"GCPauseTimePercentage":3.9,"GCGen0EnterHeapSizeBytes":134703016,"GCGen0ExitHeapSizeBytes":96,"GCGen0EnterFragmentedBytes":384192,"GCGen0ExitFragmentedBytes":0,"GCGen1EnterHeapSizeBytes":7239512,"GCGen1ExitHeapSizeBytes":8268640,"GCGen1EnterFragmentedBytes":119040,"GCGen1ExitFragmentedBytes":172944,"GCGen2EnterHeapSizeBytes":96,"GCGen2ExitHeapSizeBytes":6930520,"GCGen2EnterFragmentedBytes":0,"GCGen2ExitFragmentedBytes":336,"GCGen3EnterHeapSizeBytes":21332368,"GCGen3ExitHeapSizeBytes":10846552,"GCGen3EnterFragmentedBytes":160,"GCGen3ExitFragmentedBytes":128,"GCGen4EnterHeapSizeBytes":211648,"GCGen4ExitHeapSizeBytes":211648,"GCGen4EnterFragmentedBytes":0,"GCGen4ExitFragmentedBytes":0,"GCPause0DurationMs":50.431,"GCPause1DurationMs":50.431,"ProcessThreads":34,"ArrivedEventsPerMinute":0,"IngestedEventsPerMinute":0,"IngestedBytesPerMinute":0,"InvalidPayloadsPerMinute":0,"UnauthorizedPayloadsPerMinute":0,"TotalWriteTimeLastMinute":"Flare.Diagnostics.Counters.RateCounter","BroadcastQueueCount":0,"BroadcastSubscriptionQueuesAggregateCount":0}
{"@t":"2022-10-18T18:48:21.4925034Z","@mt":"Applying {Count} retention policies","Count":0,"SourceContext":"Seq.Server.Features.Retention.RetentionPolicyApplier"}
{"@t":"2022-10-18T18:48:21.4930675Z","@mt":"Retention processing and compaction took {Elapsed} ms; allocating {Allocation} ms for indexing","Elapsed":0.585,"Allocation":599999.415}
{"@t":"2022-10-18T18:48:21.4934652Z","@mt":"Beginning indexing","SourceContext":"Seq.Server.Features.Indexing.EventStoreIndexer"}
{"@t":"2022-10-18T18:48:21.4955864Z","@mt":"Wrote {IndexSetCount} index sets in {Elapsed:0.000} ms","@r":["1.000"],"IndexSetCount":0,"Elapsed":1,"SourceContext":"Seq.Server.Features.Indexing.EventStoreIndexer"}
{"@t":"2022-10-18T18:48:21.4960046Z","@mt":"Indexing took {Elapsed} ms; total iteration time was {Iteration} ms","Elapsed":2,"Iteration":3.1222}
{"@t":"2022-10-18T18:53:21.4849650Z","@mt":"Metrics sampled","CacheDays":39.916666666666664,"CacheEvents":17669,"SystemMemoryUtilization":0.6882907313348539,"ProcessWorkingSetBytes":252366848,"GCTotalHeapSizeBytes":26257456,"GCTotalFragmentedBytes":173408,"GCPauseTimePercentage":3.9,"GCGen0EnterHeapSizeBytes":134703016,"GCGen0ExitHeapSizeBytes":96,"GCGen0EnterFragmentedBytes":384192,"GCGen0ExitFragmentedBytes":0,"GCGen1EnterHeapSizeBytes":7239512,"GCGen1ExitHeapSizeBytes":8268640,"GCGen1EnterFragmentedBytes":119040,"GCGen1ExitFragmentedBytes":172944,"GCGen2EnterHeapSizeBytes":96,"GCGen2ExitHeapSizeBytes":6930520,"GCGen2EnterFragmentedBytes":0,"GCGen2ExitFragmentedBytes":336,"GCGen3EnterHeapSizeBytes":21332368,"GCGen3ExitHeapSizeBytes":10846552,"GCGen3EnterFragmentedBytes":160,"GCGen3ExitFragmentedBytes":128,"GCGen4EnterHeapSizeBytes":211648,"GCGen4ExitHeapSizeBytes":211648,"GCGen4EnterFragmentedBytes":0,"GCGen4ExitFragmentedBytes":0,"GCPause0DurationMs":50.431,"GCPause1DurationMs":50.431,"ProcessThreads":31,"ArrivedEventsPerMinute":0,"IngestedEventsPerMinute":0,"IngestedBytesPerMinute":0,"InvalidPayloadsPerMinute":0,"UnauthorizedPayloadsPerMinute":0,"TotalWriteTimeLastMinute":"Flare.Diagnostics.Counters.RateCounter","BroadcastQueueCount":0,"BroadcastSubscriptionQueuesAggregateCount":0}
{"@t":"2022-10-18T18:58:21.4846371Z","@mt":"Metrics sampled","CacheDays":39.916666666666664,"CacheEvents":17669,"SystemMemoryUtilization":0.6878125289036963,"ProcessWorkingSetBytes":251904000,"GCTotalHeapSizeBytes":26257456,"GCTotalFragmentedBytes":173408,"GCPauseTimePercentage":3.9,"GCGen0EnterHeapSizeBytes":134703016,"GCGen0ExitHeapSizeBytes":96,"GCGen0EnterFragmentedBytes":384192,"GCGen0ExitFragmentedBytes":0,"GCGen1EnterHeapSizeBytes":7239512,"GCGen1ExitHeapSizeBytes":8268640,"GCGen1EnterFragmentedBytes":119040,"GCGen1ExitFragmentedBytes":172944,"GCGen2EnterHeapSizeBytes":96,"GCGen2ExitHeapSizeBytes":6930520,"GCGen2EnterFragmentedBytes":0,"GCGen2ExitFragmentedBytes":336,"GCGen3EnterHeapSizeBytes":21332368,"GCGen3ExitHeapSizeBytes":10846552,"GCGen3EnterFragmentedBytes":160,"GCGen3ExitFragmentedBytes":128,"GCGen4EnterHeapSizeBytes":211648,"GCGen4ExitHeapSizeBytes":211648,"GCGen4EnterFragmentedBytes":0,"GCGen4ExitFragmentedBytes":0,"GCPause0DurationMs":50.431,"GCPause1DurationMs":50.431,"ProcessThreads":32,"ArrivedEventsPerMinute":0,"IngestedEventsPerMinute":0,"IngestedBytesPerMinute":0,"InvalidPayloadsPerMinute":0,"UnauthorizedPayloadsPerMinute":0,"TotalWriteTimeLastMinute":"Flare.Diagnostics.Counters.RateCounter","BroadcastQueueCount":0,"BroadcastSubscriptionQueuesAggregateCount":0}
{"@t":"2022-10-18T18:58:21.4938690Z","@mt":"Applying {Count} retention policies","Count":0,"SourceContext":"Seq.Server.Features.Retention.RetentionPolicyApplier"}
{"@t":"2022-10-18T18:58:21.4944153Z","@mt":"Retention processing and compaction took {Elapsed} ms; allocating {Allocation} ms for indexing","Elapsed":0.5607,"Allocation":599999.4393}
{"@t":"2022-10-18T18:58:21.4947601Z","@mt":"Beginning indexing","SourceContext":"Seq.Server.Features.Indexing.EventStoreIndexer"}
{"@t":"2022-10-18T18:58:21.4970975Z","@mt":"Wrote {IndexSetCount} index sets in {Elapsed:0.000} ms","@r":["1.000"],"IndexSetCount":0,"Elapsed":1,"SourceContext":"Seq.Server.Features.Indexing.EventStoreIndexer"}
{"@t":"2022-10-18T18:58:21.4975475Z","@mt":"Indexing took {Elapsed} ms; total iteration time was {Iteration} ms","Elapsed":2,"Iteration":3.3452}
{"@t":"2022-10-18T19:03:21.4838341Z","@mt":"Metrics sampled","CacheDays":39.916666666666664,"CacheEvents":17669,"SystemMemoryUtilization":0.6899260655747383,"ProcessWorkingSetBytes":254914560,"GCTotalHeapSizeBytes":26257456,"GCTotalFragmentedBytes":173408,"GCPauseTimePercentage":3.9,"GCGen0EnterHeapSizeBytes":134703016,"GCGen0ExitHeapSizeBytes":96,"GCGen0EnterFragmentedBytes":384192,"GCGen0ExitFragmentedBytes":0,"GCGen1EnterHeapSizeBytes":7239512,"GCGen1ExitHeapSizeBytes":8268640,"GCGen1EnterFragmentedBytes":119040,"GCGen1ExitFragmentedBytes":172944,"GCGen2EnterHeapSizeBytes":96,"GCGen2ExitHeapSizeBytes":6930520,"GCGen2EnterFragmentedBytes":0,"GCGen2ExitFragmentedBytes":336,"GCGen3EnterHeapSizeBytes":21332368,"GCGen3ExitHeapSizeBytes":10846552,"GCGen3EnterFragmentedBytes":160,"GCGen3ExitFragmentedBytes":128,"GCGen4EnterHeapSizeBytes":211648,"GCGen4ExitHeapSizeBytes":211648,"GCGen4EnterFragmentedBytes":0,"GCGen4ExitFragmentedBytes":0,"GCPause0DurationMs":50.431,"GCPause1DurationMs":50.431,"ProcessThreads":31,"ArrivedEventsPerMinute":0,"IngestedEventsPerMinute":0,"IngestedBytesPerMinute":0,"InvalidPayloadsPerMinute":0,"UnauthorizedPayloadsPerMinute":0,"TotalWriteTimeLastMinute":"Flare.Diagnostics.Counters.RateCounter","BroadcastQueueCount":0,"BroadcastSubscriptionQueuesAggregateCount":0}
{"@t":"2022-10-18T19:08:21.4845084Z","@mt":"Metrics sampled","CacheDays":39.916666666666664,"CacheEvents":17669,"SystemMemoryUtilization":0.6903216157338439,"ProcessWorkingSetBytes":255152128,"GCTotalHeapSizeBytes":26257456,"GCTotalFragmentedBytes":173408,"GCPauseTimePercentage":3.9,"GCGen0EnterHeapSizeBytes":134703016,"GCGen0ExitHeapSizeBytes":96,"GCGen0EnterFragmentedBytes":384192,"GCGen0ExitFragmentedBytes":0,"GCGen1EnterHeapSizeBytes":7239512,"GCGen1ExitHeapSizeBytes":8268640,"GCGen1EnterFragmentedBytes":119040,"GCGen1ExitFragmentedBytes":172944,"GCGen2EnterHeapSizeBytes":96,"GCGen2ExitHeapSizeBytes":6930520,"GCGen2EnterFragmentedBytes":0,"GCGen2ExitFragmentedBytes":336,"GCGen3EnterHeapSizeBytes":21332368,"GCGen3ExitHeapSizeBytes":10846552,"GCGen3EnterFragmentedBytes":160,"GCGen3ExitFragmentedBytes":128,"GCGen4EnterHeapSizeBytes":211648,"GCGen4ExitHeapSizeBytes":211648,"GCGen4EnterFragmentedBytes":0,"GCGen4ExitFragmentedBytes":0,"GCPause0DurationMs":50.431,"GCPause1DurationMs":50.431,"ProcessThreads":34,"ArrivedEventsPerMinute":0,"IngestedEventsPerMinute":0,"IngestedBytesPerMinute":0,"InvalidPayloadsPerMinute":0,"UnauthorizedPayloadsPerMinute":0,"TotalWriteTimeLastMinute":"Flare.Diagnostics.Counters.RateCounter","BroadcastQueueCount":0,"BroadcastSubscriptionQueuesAggregateCount":0}
{"@t":"2022-10-18T19:08:21.4929586Z","@mt":"Applying {Count} retention policies","Count":0,"SourceContext":"Seq.Server.Features.Retention.RetentionPolicyApplier"}
{"@t":"2022-10-18T19:08:21.4935825Z","@mt":"Retention processing and compaction took {Elapsed} ms; allocating {Allocation} ms for indexing","Elapsed":0.6477,"Allocation":599999.3523}
{"@t":"2022-10-18T19:08:21.4942023Z","@mt":"Beginning indexing","SourceContext":"Seq.Server.Features.Indexing.EventStoreIndexer"}
{"@t":"2022-10-18T19:08:21.4961479Z","@mt":"Wrote {IndexSetCount} index sets in {Elapsed:0.000} ms","@r":["1.000"],"IndexSetCount":0,"Elapsed":1,"SourceContext":"Seq.Server.Features.Indexing.EventStoreIndexer"}
{"@t":"2022-10-18T19:08:21.4965595Z","@mt":"Indexing took {Elapsed} ms; total iteration time was {Iteration} ms","Elapsed":2,"Iteration":3.0014}
{"@t":"2022-10-18T19:13:21.4837596Z","@mt":"Metrics sampled","CacheDays":39.916666666666664,"CacheEvents":17669,"SystemMemoryUtilization":0.690880502525814,"ProcessWorkingSetBytes":255283200,"GCTotalHeapSizeBytes":26257456,"GCTotalFragmentedBytes":173408,"GCPauseTimePercentage":3.9,"GCGen0EnterHeapSizeBytes":134703016,"GCGen0ExitHeapSizeBytes":96,"GCGen0EnterFragmentedBytes":384192,"GCGen0ExitFragmentedBytes":0,"GCGen1EnterHeapSizeBytes":7239512,"GCGen1ExitHeapSizeBytes":8268640,"GCGen1EnterFragmentedBytes":119040,"GCGen1ExitFragmentedBytes":172944,"GCGen2EnterHeapSizeBytes":96,"GCGen2ExitHeapSizeBytes":6930520,"GCGen2EnterFragmentedBytes":0,"GCGen2ExitFragmentedBytes":336,"GCGen3EnterHeapSizeBytes":21332368,"GCGen3ExitHeapSizeBytes":10846552,"GCGen3EnterFragmentedBytes":160,"GCGen3ExitFragmentedBytes":128,"GCGen4EnterHeapSizeBytes":211648,"GCGen4ExitHeapSizeBytes":211648,"GCGen4EnterFragmentedBytes":0,"GCGen4ExitFragmentedBytes":0,"GCPause0DurationMs":50.431,"GCPause1DurationMs":50.431,"ProcessThreads":31,"ArrivedEventsPerMinute":0,"IngestedEventsPerMinute":0,"IngestedBytesPerMinute":0,"InvalidPayloadsPerMinute":0,"UnauthorizedPayloadsPerMinute":0,"TotalWriteTimeLastMinute":"Flare.Diagnostics.Counters.RateCounter","BroadcastQueueCount":0,"BroadcastSubscriptionQueuesAggregateCount":0}
{"@t":"2022-10-18T19:18:21.4834017Z","@mt":"Metrics sampled","CacheDays":39.916666666666664,"CacheEvents":17669,"SystemMemoryUtilization":0.6908470480347455,"ProcessWorkingSetBytes":253722624,"GCTotalHeapSizeBytes":26257456,"GCTotalFragmentedBytes":173408,"GCPauseTimePercentage":3.9,"GCGen0EnterHeapSizeBytes":134703016,"GCGen0ExitHeapSizeBytes":96,"GCGen0EnterFragmentedBytes":384192,"GCGen0ExitFragmentedBytes":0,"GCGen1EnterHeapSizeBytes":7239512,"GCGen1ExitHeapSizeBytes":8268640,"GCGen1EnterFragmentedBytes":119040,"GCGen1ExitFragmentedBytes":172944,"GCGen2EnterHeapSizeBytes":96,"GCGen2ExitHeapSizeBytes":6930520,"GCGen2EnterFragmentedBytes":0,"GCGen2ExitFragmentedBytes":336,"GCGen3EnterHeapSizeBytes":21332368,"GCGen3ExitHeapSizeBytes":10846552,"GCGen3EnterFragmentedBytes":160,"GCGen3ExitFragmentedBytes":128,"GCGen4EnterHeapSizeBytes":211648,"GCGen4ExitHeapSizeBytes":211648,"GCGen4EnterFragmentedBytes":0,"GCGen4ExitFragmentedBytes":0,"GCPause0DurationMs":50.431,"GCPause1DurationMs":50.431,"ProcessThreads":35,"ArrivedEventsPerMinute":0,"IngestedEventsPerMinute":0,"IngestedBytesPerMinute":0,"InvalidPayloadsPerMinute":0,"UnauthorizedPayloadsPerMinute":0,"TotalWriteTimeLastMinute":"Flare.Diagnostics.Counters.RateCounter","BroadcastQueueCount":0,"BroadcastSubscriptionQueuesAggregateCount":0}
{"@t":"2022-10-18T19:18:21.4819034Z","@mt":"Native storage metrics sampled","ABI_INTERNAL_ERROR":0,"ABI_IO_ERROR":0,"ABI_PANIC":0,"DELETE_ABANDON":0,"DELETE_BEGIN":0,"DELETE_COMPLETE":0,"DELETE_EXCLUDE_EVENT":0,"DELETE_SKIP_SPAN":0,"DOC_COLL_CHECKPOINT":0,"DOC_COLL_CREATE":0,"DOC_COLL_KVS_REMOVE":0,"DOC_COLL_READ_BEGIN":1,"DOC_COLL_READ_COMPLETE":1,"DOC_COLL_REMOVE":0,"DOC_COLL_WRITE_ABORT":0,"DOC_COLL_WRITE_BEGIN":0,"DOC_COLL_WRITE_COMMIT":0,"DOC_COLL_WRITE_RECORD_DELETE":0,"DOC_COLL_WRITE_RECORD_SET":0,"INDEX_SET_CREATE":0,"INDEX_SET_LOAD":2,"INDEX_SET_MISSING_INDEX_LOOKUP":0,"INDEX_SET_REMOVE":0,"INDEXER_ABORT":0,"INDEXER_BEGIN_NEW":0,"INDEXER_BEGIN_OUTDATED":0,"INDEXER_COALESCED":0,"INDEXER_COMMIT":0,"INGEST_BUF_CACHE_EVENT_FROM_DISK":0,"INGEST_BUF_CACHE_EVENT_INCOMING":0,"INGEST_BUF_CREATE":1,"INGEST_BUF_READ":74,"INGEST_BUF_READ_TRUNCATED":0,"INGEST_BUF_REMOVE":0,"INGEST_BUF_WRITE_EVENT":231,"KEYVALUES_READ_TRUNCATED":0,"MAINTENANCE_TRANSACTION_BEGIN":5,"MAINTENANCE_TRANSACTION_COMPLETE":5,"MAINTENANCE_TRANSACTION_DIRTY_COMPLETE":0,"NET_INCOMING_COMPLETED":0,"NET_INCOMING_ESTABLISHED":0,"NET_INCOMING_FAILED":0,"NET_INCOMING_INVALID_KEY":0,"NET_INCOMING_SOCKET_ACCEPTED":0,"NODE_MESSAGE_BYTES_RECEIVED":0,"NODE_MESSAGE_BYTES_SENT":0,"NODE_MESSAGE_RECEIVED":0,"NODE_MESSAGE_SENT":0,"QUERY_BEGIN":74,"QUERY_END":74,"QUERY_ROW_HIT":5793,"QUERY_ROW_MISS_FRAGMENT":0,"QUERY_ROW_MISS_PREDICATE":0,"READ_TRANSACTION_BEGIN":967,"READ_TRANSACTION_COMPLETE":967,"READ_TRANSACTION_DIRTY_COMPLETE":0,"REGION_INCLUDED_INGEST_BUF":288,"REGION_INCLUDED_STABLE_SPAN":345,"REGION_READ":581,"REPLICATION_FULL_SYNC":0,"STABLE_SPAN_CREATE":0,"STABLE_SPAN_LAST_SEEK_PROBES":5,"STABLE_SPAN_READ":340,"STABLE_SPAN_READ_NO_INDEX_SET":0,"STABLE_SPAN_READ_SKIP":0,"STABLE_SPAN_REMOVE":0,"STABLE_SPAN_SEEK":337,"STABLE_SPAN_SPARSE_READ":0,"STORE_CLOSE":0,"STORE_CREATE":0,"STORE_OPEN":2,"TRUNCATE_COMPLETE":0,"WRITE_TRANSACTION_BEGIN":4,"WRITE_TRANSACTION_COMPLETE":4,"WRITE_TRANSACTION_DIRTY_COMPLETE":0,"WRITER_ABORT":0,"WRITER_BEGIN":3,"WRITER_COMMIT":3,"WRITER_COMMIT_MULTIPLE_BUFS":0}
{"@t":"2022-10-18T19:18:21.4925823Z","@mt":"Applying {Count} retention policies","Count":0,"SourceContext":"Seq.Server.Features.Retention.RetentionPolicyApplier"}
{"@t":"2022-10-18T19:18:21.4930026Z","@mt":"Retention processing and compaction took {Elapsed} ms; allocating {Allocation} ms for indexing","Elapsed":0.4454,"Allocation":599999.5546}
{"@t":"2022-10-18T19:18:21.4933887Z","@mt":"Beginning indexing","SourceContext":"Seq.Server.Features.Indexing.EventStoreIndexer"}
{"@t":"2022-10-18T19:18:21.5682650Z","@mt":"Wrote {IndexSetCount} index sets in {Elapsed:0.000} ms","@r":["74.000"],"IndexSetCount":0,"Elapsed":74,"SourceContext":"Seq.Server.Features.Indexing.EventStoreIndexer"}
{"@t":"2022-10-18T19:18:21.5686465Z","@mt":"Indexing took {Elapsed} ms; total iteration time was {Iteration} ms","Elapsed":75,"Iteration":75.6983}
{"@t":"2022-10-18T19:23:21.4832228Z","@mt":"Metrics sampled","CacheDays":39.916666666666664,"CacheEvents":17669,"SystemMemoryUtilization":0.6925473233455278,"ProcessWorkingSetBytes":255246336,"GCTotalHeapSizeBytes":26257456,"GCTotalFragmentedBytes":173408,"GCPauseTimePercentage":3.9,"GCGen0EnterHeapSizeBytes":134703016,"GCGen0ExitHeapSizeBytes":96,"GCGen0EnterFragmentedBytes":384192,"GCGen0ExitFragmentedBytes":0,"GCGen1EnterHeapSizeBytes":7239512,"GCGen1ExitHeapSizeBytes":8268640,"GCGen1EnterFragmentedBytes":119040,"GCGen1ExitFragmentedBytes":172944,"GCGen2EnterHeapSizeBytes":96,"GCGen2ExitHeapSizeBytes":6930520,"GCGen2EnterFragmentedBytes":0,"GCGen2ExitFragmentedBytes":336,"GCGen3EnterHeapSizeBytes":21332368,"GCGen3ExitHeapSizeBytes":10846552,"GCGen3EnterFragmentedBytes":160,"GCGen3ExitFragmentedBytes":128,"GCGen4EnterHeapSizeBytes":211648,"GCGen4ExitHeapSizeBytes":211648,"GCGen4EnterFragmentedBytes":0,"GCGen4ExitFragmentedBytes":0,"GCPause0DurationMs":50.431,"GCPause1DurationMs":50.431,"ProcessThreads":34,"ArrivedEventsPerMinute":0,"IngestedEventsPerMinute":0,"IngestedBytesPerMinute":0,"InvalidPayloadsPerMinute":0,"UnauthorizedPayloadsPerMinute":0,"TotalWriteTimeLastMinute":"Flare.Diagnostics.Counters.RateCounter","BroadcastQueueCount":0,"BroadcastSubscriptionQueuesAggregateCount":0}
{"@t":"2022-10-18T19:28:21.4823705Z","@mt":"Metrics sampled","CacheDays":39.958333333333336,"CacheEvents":17696,"SystemMemoryUtilization":0.6955838103878162,"ProcessWorkingSetBytes":258469888,"GCTotalHeapSizeBytes":26257456,"GCTotalFragmentedBytes":173408,"GCPauseTimePercentage":3.9,"GCGen0EnterHeapSizeBytes":134703016,"GCGen0ExitHeapSizeBytes":96,"GCGen0EnterFragmentedBytes":384192,"GCGen0ExitFragmentedBytes":0,"GCGen1EnterHeapSizeBytes":7239512,"GCGen1ExitHeapSizeBytes":8268640,"GCGen1EnterFragmentedBytes":119040,"GCGen1ExitFragmentedBytes":172944,"GCGen2EnterHeapSizeBytes":96,"GCGen2ExitHeapSizeBytes":6930520,"GCGen2EnterFragmentedBytes":0,"GCGen2ExitFragmentedBytes":336,"GCGen3EnterHeapSizeBytes":21332368,"GCGen3ExitHeapSizeBytes":10846552,"GCGen3EnterFragmentedBytes":160,"GCGen3ExitFragmentedBytes":128,"GCGen4EnterHeapSizeBytes":211648,"GCGen4ExitHeapSizeBytes":211648,"GCGen4EnterFragmentedBytes":0,"GCGen4ExitFragmentedBytes":0,"GCPause0DurationMs":50.431,"GCPause1DurationMs":50.431,"ProcessThreads":31,"ArrivedEventsPerMinute":0,"IngestedEventsPerMinute":0,"IngestedBytesPerMinute":0,"InvalidPayloadsPerMinute":0,"UnauthorizedPayloadsPerMinute":0,"TotalWriteTimeLastMinute":"Flare.Diagnostics.Counters.RateCounter","BroadcastQueueCount":0,"BroadcastSubscriptionQueuesAggregateCount":0}
{"@t":"2022-10-18T19:28:21.4928267Z","@mt":"Applying {Count} retention policies","Count":0,"SourceContext":"Seq.Server.Features.Retention.RetentionPolicyApplier"}
{"@t":"2022-10-18T19:28:21.4933808Z","@mt":"Retention processing and compaction took {Elapsed} ms; allocating {Allocation} ms for indexing","Elapsed":0.5808,"Allocation":599999.4192}
{"@t":"2022-10-18T19:28:21.4938288Z","@mt":"Beginning indexing","SourceContext":"Seq.Server.Features.Indexing.EventStoreIndexer"}
{"@t":"2022-10-18T19:28:21.4971612Z","@mt":"Wrote {IndexSetCount} index sets in {Elapsed:0.000} ms","@r":["2.000"],"IndexSetCount":0,"Elapsed":2,"SourceContext":"Seq.Server.Features.Indexing.EventStoreIndexer"}
{"@t":"2022-10-18T19:28:21.4974449Z","@mt":"Indexing took {Elapsed} ms; total iteration time was {Iteration} ms","Elapsed":3,"Iteration":4.1945}
{"@t":"2022-10-18T19:33:21.4817289Z","@mt":"Metrics sampled","CacheDays":39.958333333333336,"CacheEvents":17696,"SystemMemoryUtilization":0.697333283479582,"ProcessWorkingSetBytes":259891200,"GCTotalHeapSizeBytes":26257456,"GCTotalFragmentedBytes":173408,"GCPauseTimePercentage":3.9,"GCGen0EnterHeapSizeBytes":134703016,"GCGen0ExitHeapSizeBytes":96,"GCGen0EnterFragmentedBytes":384192,"GCGen0ExitFragmentedBytes":0,"GCGen1EnterHeapSizeBytes":7239512,"GCGen1ExitHeapSizeBytes":8268640,"GCGen1EnterFragmentedBytes":119040,"GCGen1ExitFragmentedBytes":172944,"GCGen2EnterHeapSizeBytes":96,"GCGen2ExitHeapSizeBytes":6930520,"GCGen2EnterFragmentedBytes":0,"GCGen2ExitFragmentedBytes":336,"GCGen3EnterHeapSizeBytes":21332368,"GCGen3ExitHeapSizeBytes":10846552,"GCGen3EnterFragmentedBytes":160,"GCGen3ExitFragmentedBytes":128,"GCGen4EnterHeapSizeBytes":211648,"GCGen4ExitHeapSizeBytes":211648,"GCGen4EnterFragmentedBytes":0,"GCGen4ExitFragmentedBytes":0,"GCPause0DurationMs":50.431,"GCPause1DurationMs":50.431,"ProcessThreads":34,"ArrivedEventsPerMinute":0,"IngestedEventsPerMinute":0,"IngestedBytesPerMinute":0,"InvalidPayloadsPerMinute":0,"UnauthorizedPayloadsPerMinute":0,"TotalWriteTimeLastMinute":"Flare.Diagnostics.Counters.RateCounter","BroadcastQueueCount":0,"BroadcastSubscriptionQueuesAggregateCount":0}
{"@t":"2022-10-18T19:38:21.4820839Z","@mt":"Metrics sampled","CacheDays":39.958333333333336,"CacheEvents":17696,"SystemMemoryUtilization":0.6989115482935258,"ProcessWorkingSetBytes":261640192,"GCTotalHeapSizeBytes":26257456,"GCTotalFragmentedBytes":173408,"GCPauseTimePercentage":3.9,"GCGen0EnterHeapSizeBytes":134703016,"GCGen0ExitHeapSizeBytes":96,"GCGen0EnterFragmentedBytes":384192,"GCGen0ExitFragmentedBytes":0,"GCGen1EnterHeapSizeBytes":7239512,"GCGen1ExitHeapSizeBytes":8268640,"GCGen1EnterFragmentedBytes":119040,"GCGen1ExitFragmentedBytes":172944,"GCGen2EnterHeapSizeBytes":96,"GCGen2ExitHeapSizeBytes":6930520,"GCGen2EnterFragmentedBytes":0,"GCGen2ExitFragmentedBytes":336,"GCGen3EnterHeapSizeBytes":21332368,"GCGen3ExitHeapSizeBytes":10846552,"GCGen3EnterFragmentedBytes":160,"GCGen3ExitFragmentedBytes":128,"GCGen4EnterHeapSizeBytes":211648,"GCGen4ExitHeapSizeBytes":211648,"GCGen4EnterFragmentedBytes":0,"GCGen4ExitFragmentedBytes":0,"GCPause0DurationMs":50.431,"GCPause1DurationMs":50.431,"ProcessThreads":31,"ArrivedEventsPerMinute":0,"IngestedEventsPerMinute":0,"IngestedBytesPerMinute":0,"InvalidPayloadsPerMinute":0,"UnauthorizedPayloadsPerMinute":0,"TotalWriteTimeLastMinute":"Flare.Diagnostics.Counters.RateCounter","BroadcastQueueCount":0,"BroadcastSubscriptionQueuesAggregateCount":0}
{"@t":"2022-10-18T19:38:21.4920068Z","@mt":"Applying {Count} retention policies","Count":0,"SourceContext":"Seq.Server.Features.Retention.RetentionPolicyApplier"}
{"@t":"2022-10-18T19:38:21.4924592Z","@mt":"Retention processing and compaction took {Elapsed} ms; allocating {Allocation} ms for indexing","Elapsed":0.4744,"Allocation":599999.5256}
{"@t":"2022-10-18T19:38:21.4928119Z","@mt":"Beginning indexing","SourceContext":"Seq.Server.Features.Indexing.EventStoreIndexer"}
{"@t":"2022-10-18T19:38:21.4949566Z","@mt":"Wrote {IndexSetCount} index sets in {Elapsed:0.000} ms","@r":["1.000"],"IndexSetCount":0,"Elapsed":1,"SourceContext":"Seq.Server.Features.Indexing.EventStoreIndexer"}
{"@t":"2022-10-18T19:38:21.4953380Z","@mt":"Indexing took {Elapsed} ms; total iteration time was {Iteration} ms","Elapsed":2,"Iteration":2.9968}
{"@t":"2022-10-18T19:40:23.5505893Z","@mt":"Memory is overutilized, so cooling down segment {Segment} ({HotCount} events)","Segment":"2022-09-08T21:00:00.0000000Z","HotCount":268,"SourceContext":"Flare.Cache.SegmentCache"}
{"@t":"2022-10-18T19:40:23.5521170Z","@mt":"Memory is overutilized, so cooling down segment {Segment} ({HotCount} events)","Segment":"2022-09-08T22:00:00.0000000Z","HotCount":3,"SourceContext":"Flare.Cache.SegmentCache"}
{"@t":"2022-10-18T19:40:23.5527259Z","@mt":"Memory is overutilized, so cooling down segment {Segment} ({HotCount} events)","Segment":"2022-09-20T18:00:00.0000000Z","HotCount":1380,"SourceContext":"Flare.Cache.SegmentCache"}
{"@t":"2022-10-18T19:40:23.5534009Z","@mt":"Memory is overutilized, so cooling down segment {Segment} ({HotCount} events)","Segment":"2022-09-20T19:00:00.0000000Z","HotCount":130,"SourceContext":"Flare.Cache.SegmentCache"}
{"@t":"2022-10-18T19:40:23.5542061Z","@mt":"Memory is overutilized, so cooling down segment {Segment} ({HotCount} events)","Segment":"2022-09-22T16:00:00.0000000Z","HotCount":734,"SourceContext":"Flare.Cache.SegmentCache"}
{"@t":"2022-10-18T19:40:23.5547547Z","@mt":"Memory is overutilized, so cooling down segment {Segment} ({HotCount} events)","Segment":"2022-09-22T17:00:00.0000000Z","HotCount":4002,"SourceContext":"Flare.Cache.SegmentCache"}
{"@t":"2022-10-18T19:40:23.5554997Z","@mt":"Memory is overutilized, so cooling down segment {Segment} ({HotCount} events)","Segment":"2022-09-24T10:00:00.0000000Z","HotCount":732,"SourceContext":"Flare.Cache.SegmentCache"}
{"@t":"2022-10-18T19:40:23.5558777Z","@mt":"Memory is overutilized, so cooling down segment {Segment} ({HotCount} events)","Segment":"2022-09-24T11:00:00.0000000Z","HotCount":7,"SourceContext":"Flare.Cache.SegmentCache"}
{"@t":"2022-10-18T19:40:23.5563321Z","@mt":"Memory is overutilized, so cooling down segment {Segment} ({HotCount} events)","Segment":"2022-09-25T15:00:00.0000000Z","HotCount":156,"SourceContext":"Flare.Cache.SegmentCache"}
{"@t":"2022-10-18T19:40:23.5566180Z","@mt":"Memory is overutilized, so cooling down segment {Segment} ({HotCount} events)","Segment":"2022-09-27T14:00:00.0000000Z","HotCount":201,"SourceContext":"Flare.Cache.SegmentCache"}
{"@t":"2022-10-18T19:40:23.5569004Z","@mt":"Memory is overutilized, so cooling down segment {Segment} ({HotCount} events)","Segment":"2022-09-27T15:00:00.0000000Z","HotCount":6,"SourceContext":"Flare.Cache.SegmentCache"}
{"@t":"2022-10-18T19:40:23.5572685Z","@mt":"Memory is overutilized, so cooling down segment {Segment} ({HotCount} events)","Segment":"2022-09-29T15:00:00.0000000Z","HotCount":156,"SourceContext":"Flare.Cache.SegmentCache"}
{"@t":"2022-10-18T19:40:23.5576691Z","@mt":"Memory is overutilized, so cooling down segment {Segment} ({HotCount} events)","Segment":"2022-10-02T11:00:00.0000000Z","HotCount":468,"SourceContext":"Flare.Cache.SegmentCache"}
{"@t":"2022-10-18T19:40:23.5580391Z","@mt":"Memory is overutilized, so cooling down segment {Segment} ({HotCount} events)","Segment":"2022-10-04T17:00:00.0000000Z","HotCount":331,"SourceContext":"Flare.Cache.SegmentCache"}
{"@t":"2022-10-18T19:40:23.5583577Z","@mt":"Memory is overutilized, so cooling down segment {Segment} ({HotCount} events)","Segment":"2022-10-04T18:00:00.0000000Z","HotCount":161,"SourceContext":"Flare.Cache.SegmentCache"}
{"@t":"2022-10-18T19:40:23.5586561Z","@mt":"Memory is overutilized, so cooling down segment {Segment} ({HotCount} events)","Segment":"2022-10-08T16:00:00.0000000Z","HotCount":300,"SourceContext":"Flare.Cache.SegmentCache"}
{"@t":"2022-10-18T19:40:23.5590404Z","@mt":"Memory is overutilized, so cooling down segment {Segment} ({HotCount} events)","Segment":"2022-10-08T17:00:00.0000000Z","HotCount":187,"SourceContext":"Flare.Cache.SegmentCache"}
{"@t":"2022-10-18T19:40:23.5595723Z","@mt":"Memory is overutilized, so cooling down segment {Segment} ({HotCount} events)","Segment":"2022-10-09T10:00:00.0000000Z","HotCount":655,"SourceContext":"Flare.Cache.SegmentCache"}
{"@t":"2022-10-18T19:40:23.5598472Z","@mt":"Memory is overutilized, so cooling down segment {Segment} ({HotCount} events)","Segment":"2022-10-09T11:00:00.0000000Z","HotCount":774,"SourceContext":"Flare.Cache.SegmentCache"}
{"@t":"2022-10-18T19:40:23.5601164Z","@mt":"Memory is overutilized, so cooling down segment {Segment} ({HotCount} events)","Segment":"2022-10-11T17:00:00.0000000Z","HotCount":589,"SourceContext":"Flare.Cache.SegmentCache"}
{"@t":"2022-10-18T19:40:23.5604246Z","@mt":"Memory is overutilized, so cooling down segment {Segment} ({HotCount} events)","Segment":"2022-10-11T18:00:00.0000000Z","HotCount":806,"SourceContext":"Flare.Cache.SegmentCache"}
{"@t":"2022-10-18T19:40:23.5608298Z","@mt":"Memory is overutilized, so cooling down segment {Segment} ({HotCount} events)","Segment":"2022-10-12T17:00:00.0000000Z","HotCount":612,"SourceContext":"Flare.Cache.SegmentCache"}
{"@t":"2022-10-18T19:40:23.5610786Z","@mt":"Memory is overutilized, so cooling down segment {Segment} ({HotCount} events)","Segment":"2022-10-12T21:00:00.0000000Z","HotCount":268,"SourceContext":"Flare.Cache.SegmentCache"}
{"@t":"2022-10-18T19:40:23.5613198Z","@mt":"Memory is overutilized, so cooling down segment {Segment} ({HotCount} events)","Segment":"2022-10-12T22:00:00.0000000Z","HotCount":223,"SourceContext":"Flare.Cache.SegmentCache"}
{"@t":"2022-10-18T19:40:23.5618409Z","@mt":"Memory is overutilized, so cooling down segment {Segment} ({HotCount} events)","Segment":"2022-10-13T15:00:00.0000000Z","HotCount":369,"SourceContext":"Flare.Cache.SegmentCache"}
{"@t":"2022-10-18T19:40:23.5622038Z","@mt":"Memory is overutilized, so cooling down segment {Segment} ({HotCount} events)","Segment":"2022-10-13T16:00:00.0000000Z","HotCount":333,"SourceContext":"Flare.Cache.SegmentCache"}
{"@t":"2022-10-18T19:40:23.5624775Z","@mt":"Memory is overutilized, so cooling down segment {Segment} ({HotCount} events)","Segment":"2022-10-14T17:00:00.0000000Z","HotCount":11,"SourceContext":"Flare.Cache.SegmentCache"}
{"@t":"2022-10-18T19:40:23.5626922Z","@mt":"Memory is overutilized, so cooling down segment {Segment} ({HotCount} events)","Segment":"2022-10-14T18:00:00.0000000Z","HotCount":130,"SourceContext":"Flare.Cache.SegmentCache"}
{"@t":"2022-10-18T19:40:23.5630377Z","@mt":"Memory is overutilized, so cooling down segment {Segment} ({HotCount} events)","Segment":"2022-10-15T17:00:00.0000000Z","HotCount":799,"SourceContext":"Flare.Cache.SegmentCache"}
{"@t":"2022-10-18T19:40:23.5633602Z","@mt":"Memory is overutilized, so cooling down segment {Segment} ({HotCount} events)","Segment":"2022-10-15T18:00:00.0000000Z","HotCount":1320,"SourceContext":"Flare.Cache.SegmentCache"}
{"@t":"2022-10-18T19:40:23.5636539Z","@mt":"Memory is overutilized, so cooling down segment {Segment} ({HotCount} events)","Segment":"2022-10-15T19:00:00.0000000Z","HotCount":65,"SourceContext":"Flare.Cache.SegmentCache"}
{"@t":"2022-10-18T19:40:23.5639389Z","@mt":"Memory is overutilized, so cooling down segment {Segment} ({HotCount} events)","Segment":"2022-10-15T20:00:00.0000000Z","HotCount":325,"SourceContext":"Flare.Cache.SegmentCache"}
{"@t":"2022-10-18T19:40:23.5642788Z","@mt":"Memory is overutilized, so cooling down segment {Segment} ({HotCount} events)","Segment":"2022-10-17T13:00:00.0000000Z","HotCount":65,"SourceContext":"Flare.Cache.SegmentCache"}
{"@t":"2022-10-18T19:40:23.5645916Z","@mt":"Memory is overutilized, so cooling down segment {Segment} ({HotCount} events)","Segment":"2022-10-18T17:00:00.0000000Z","HotCount":223,"SourceContext":"Flare.Cache.SegmentCache"}
{"@t":"2022-10-18T19:40:23.5649580Z","@mt":"Memory is overutilized, so cooling down segment {Segment} ({HotCount} events)","Segment":"2022-10-18T18:00:00.0000000Z","HotCount":880,"SourceContext":"Flare.Cache.SegmentCache"}
{"@t":"2022-10-18T19:40:23.5653092Z","@mt":"Memory is overutilized, so cooling down segment {Segment} ({HotCount} events)","Segment":"2022-10-18T19:00:00.0000000Z","HotCount":27,"SourceContext":"Flare.Cache.SegmentCache"}
{"@t":"2022-10-18T19:41:21.4739647Z","@mt":"{CollectionCount} more generation 2 garbage collection(s) occurred","CollectionCount":1,"SourceContext":"Seq.Server.Features.Diagnostics.GCLogger"}
