{"@t":"2022-11-29T16:09:03.9644683Z","@mt":"Seq {SeqVersion} running on OS {OSCaption}","SeqVersion":"2022.1.7929","OSCaption":"Linux 5.15.49-linuxkit #1 SMP Tue Sep 13 07:51:46 UTC 2022","SourceContext":"Seq.Server.Features.Diagnostics.EnvironmentInformationWriter"}
{"@t":"2022-11-29T16:09:04.1663298Z","@mt":"Seq detected {TotalRAM} MB of RAM","TotalRAM":2080.894976,"SourceContext":"Seq.Server.Features.Diagnostics.EnvironmentInformationWriter"}
{"@t":"2022-11-29T16:09:04.8890919Z","@mt":"Opening event store at {StreamPath}","StreamPath":"/data/Stream/stream.flare","SourceContext":"Flare.Cluster.StorageNodeCoordinator"}
{"@t":"2022-11-29T16:09:06.3629585Z","@mt":"Ingestion enabled","SourceContext":"Flare.Cluster.StorageNodeCoordinator"}
{"@t":"2022-11-29T16:09:06.3754811Z","@mt":"Cache warm-up is required","SourceContext":"Flare.Cache.SegmentCache","OperationId":"500bac15-f78d-443e-aaa8-b009abd7c829"}
{"@t":"2022-11-29T16:09:06.3976376Z","@mt":"Opening metastore {MetastorePath}","MetastorePath":"/data/Documents/metastore.flare","SourceContext":"Quince.Storage.Native.NativeDocumentStore"}
{"@t":"2022-11-29T16:09:06.7024063Z","@mt":"Storage subsystem available"}
{"@t":"2022-11-29T16:09:06.9440714Z","@mt":"Seq listening on {ListenUris}","ListenUris":["http://localhost/","https://localhost/","http://localhost:5341/","https://localhost:45341/"]}
{"@t":"2022-11-29T16:09:09.3222923Z","@mt":"Initial memory cache warm-up {Outcome} in {Elapsed:0.0} ms","@r":["2946.7"],"Outcome":"completed","Elapsed":2946.6555,"OperationId":"500bac15-f78d-443e-aaa8-b009abd7c829"}
{"@t":"2022-11-29T16:09:09.3242652Z","@mt":"{WarmSegments} segments warmed up ({@Shared})","WarmSegments":1845,"Shared":{"Schemata":115,"Strings":3605},"SourceContext":"Flare.Cache.SegmentCache"}
{"@t":"2022-11-29T16:09:19.3725306Z","@mt":"Memory is overutilized, so cooling down segment {Segment} ({HotCount} events)","Segment":"2022-09-08T21:00:00.0000000Z","HotCount":268,"SourceContext":"Flare.Cache.SegmentCache"}
{"@t":"2022-11-29T16:09:19.3734214Z","@mt":"Memory is overutilized, so cooling down segment {Segment} ({HotCount} events)","Segment":"2022-09-08T22:00:00.0000000Z","HotCount":3,"SourceContext":"Flare.Cache.SegmentCache"}
{"@t":"2022-11-29T16:09:19.3738768Z","@mt":"Memory is overutilized, so cooling down segment {Segment} ({HotCount} events)","Segment":"2022-09-20T18:00:00.0000000Z","HotCount":1380,"SourceContext":"Flare.Cache.SegmentCache"}
{"@t":"2022-11-29T16:09:19.3742518Z","@mt":"Memory is overutilized, so cooling down segment {Segment} ({HotCount} events)","Segment":"2022-09-20T19:00:00.0000000Z","HotCount":130,"SourceContext":"Flare.Cache.SegmentCache"}
{"@t":"2022-11-29T16:09:19.3746323Z","@mt":"Memory is overutilized, so cooling down segment {Segment} ({HotCount} events)","Segment":"2022-09-22T16:00:00.0000000Z","HotCount":734,"SourceContext":"Flare.Cache.SegmentCache"}
{"@t":"2022-11-29T16:09:19.3749661Z","@mt":"Memory is overutilized, so cooling down segment {Segment} ({HotCount} events)","Segment":"2022-09-22T17:00:00.0000000Z","HotCount":4002,"SourceContext":"Flare.Cache.SegmentCache"}
{"@t":"2022-11-29T16:09:19.3753512Z","@mt":"Memory is overutilized, so cooling down segment {Segment} ({HotCount} events)","Segment":"2022-09-24T10:00:00.0000000Z","HotCount":732,"SourceContext":"Flare.Cache.SegmentCache"}
{"@t":"2022-11-29T16:09:19.3757695Z","@mt":"Memory is overutilized, so cooling down segment {Segment} ({HotCount} events)","Segment":"2022-09-24T11:00:00.0000000Z","HotCount":7,"SourceContext":"Flare.Cache.SegmentCache"}
{"@t":"2022-11-29T16:09:19.3760833Z","@mt":"Memory is overutilized, so cooling down segment {Segment} ({HotCount} events)","Segment":"2022-09-25T15:00:00.0000000Z","HotCount":156,"SourceContext":"Flare.Cache.SegmentCache"}
{"@t":"2022-11-29T16:09:19.3764566Z","@mt":"Memory is overutilized, so cooling down segment {Segment} ({HotCount} events)","Segment":"2022-09-27T14:00:00.0000000Z","HotCount":201,"SourceContext":"Flare.Cache.SegmentCache"}
{"@t":"2022-11-29T16:09:19.3768971Z","@mt":"Memory is overutilized, so cooling down segment {Segment} ({HotCount} events)","Segment":"2022-09-27T15:00:00.0000000Z","HotCount":6,"SourceContext":"Flare.Cache.SegmentCache"}
{"@t":"2022-11-29T16:09:19.3774856Z","@mt":"Memory is overutilized, so cooling down segment {Segment} ({HotCount} events)","Segment":"2022-09-29T15:00:00.0000000Z","HotCount":156,"SourceContext":"Flare.Cache.SegmentCache"}
{"@t":"2022-11-29T16:09:19.3777514Z","@mt":"Memory is overutilized, so cooling down segment {Segment} ({HotCount} events)","Segment":"2022-10-02T11:00:00.0000000Z","HotCount":468,"SourceContext":"Flare.Cache.SegmentCache"}
{"@t":"2022-11-29T16:09:19.3780609Z","@mt":"Memory is overutilized, so cooling down segment {Segment} ({HotCount} events)","Segment":"2022-10-04T17:00:00.0000000Z","HotCount":331,"SourceContext":"Flare.Cache.SegmentCache"}
{"@t":"2022-11-29T16:09:19.3783854Z","@mt":"Memory is overutilized, so cooling down segment {Segment} ({HotCount} events)","Segment":"2022-10-04T18:00:00.0000000Z","HotCount":161,"SourceContext":"Flare.Cache.SegmentCache"}
{"@t":"2022-11-29T16:09:19.3786798Z","@mt":"Memory is overutilized, so cooling down segment {Segment} ({HotCount} events)","Segment":"2022-10-08T16:00:00.0000000Z","HotCount":300,"SourceContext":"Flare.Cache.SegmentCache"}
{"@t":"2022-11-29T16:09:19.3789652Z","@mt":"Memory is overutilized, so cooling down segment {Segment} ({HotCount} events)","Segment":"2022-10-08T17:00:00.0000000Z","HotCount":187,"SourceContext":"Flare.Cache.SegmentCache"}
{"@t":"2022-11-29T16:09:19.3792381Z","@mt":"Memory is overutilized, so cooling down segment {Segment} ({HotCount} events)","Segment":"2022-10-09T10:00:00.0000000Z","HotCount":655,"SourceContext":"Flare.Cache.SegmentCache"}
{"@t":"2022-11-29T16:09:19.3795565Z","@mt":"Memory is overutilized, so cooling down segment {Segment} ({HotCount} events)","Segment":"2022-10-09T11:00:00.0000000Z","HotCount":774,"SourceContext":"Flare.Cache.SegmentCache"}
{"@t":"2022-11-29T16:09:19.3798099Z","@mt":"Memory is overutilized, so cooling down segment {Segment} ({HotCount} events)","Segment":"2022-10-11T17:00:00.0000000Z","HotCount":589,"SourceContext":"Flare.Cache.SegmentCache"}
{"@t":"2022-11-29T16:09:19.3800970Z","@mt":"Memory is overutilized, so cooling down segment {Segment} ({HotCount} events)","Segment":"2022-10-11T18:00:00.0000000Z","HotCount":806,"SourceContext":"Flare.Cache.SegmentCache"}
{"@t":"2022-11-29T16:09:19.3804082Z","@mt":"Memory is overutilized, so cooling down segment {Segment} ({HotCount} events)","Segment":"2022-10-12T17:00:00.0000000Z","HotCount":612,"SourceContext":"Flare.Cache.SegmentCache"}
{"@t":"2022-11-29T16:09:19.3806692Z","@mt":"Memory is overutilized, so cooling down segment {Segment} ({HotCount} events)","Segment":"2022-10-12T21:00:00.0000000Z","HotCount":268,"SourceContext":"Flare.Cache.SegmentCache"}
{"@t":"2022-11-29T16:09:19.3810907Z","@mt":"Memory is overutilized, so cooling down segment {Segment} ({HotCount} events)","Segment":"2022-10-12T22:00:00.0000000Z","HotCount":223,"SourceContext":"Flare.Cache.SegmentCache"}
{"@t":"2022-11-29T16:09:19.3814209Z","@mt":"Memory is overutilized, so cooling down segment {Segment} ({HotCount} events)","Segment":"2022-10-13T15:00:00.0000000Z","HotCount":369,"SourceContext":"Flare.Cache.SegmentCache"}
{"@t":"2022-11-29T16:09:19.3818113Z","@mt":"Memory is overutilized, so cooling down segment {Segment} ({HotCount} events)","Segment":"2022-10-13T16:00:00.0000000Z","HotCount":333,"SourceContext":"Flare.Cache.SegmentCache"}
{"@t":"2022-11-29T16:09:19.3821486Z","@mt":"Memory is overutilized, so cooling down segment {Segment} ({HotCount} events)","Segment":"2022-10-14T17:00:00.0000000Z","HotCount":11,"SourceContext":"Flare.Cache.SegmentCache"}
{"@t":"2022-11-29T16:09:19.3825024Z","@mt":"Memory is overutilized, so cooling down segment {Segment} ({HotCount} events)","Segment":"2022-10-14T18:00:00.0000000Z","HotCount":130,"SourceContext":"Flare.Cache.SegmentCache"}
{"@t":"2022-11-29T16:09:19.3828011Z","@mt":"Memory is overutilized, so cooling down segment {Segment} ({HotCount} events)","Segment":"2022-10-15T17:00:00.0000000Z","HotCount":799,"SourceContext":"Flare.Cache.SegmentCache"}
{"@t":"2022-11-29T16:09:19.3833765Z","@mt":"Memory is overutilized, so cooling down segment {Segment} ({HotCount} events)","Segment":"2022-10-15T18:00:00.0000000Z","HotCount":1320,"SourceContext":"Flare.Cache.SegmentCache"}
{"@t":"2022-11-29T16:09:19.3837044Z","@mt":"Memory is overutilized, so cooling down segment {Segment} ({HotCount} events)","Segment":"2022-10-15T19:00:00.0000000Z","HotCount":65,"SourceContext":"Flare.Cache.SegmentCache"}
{"@t":"2022-11-29T16:09:19.3840298Z","@mt":"Memory is overutilized, so cooling down segment {Segment} ({HotCount} events)","Segment":"2022-10-15T20:00:00.0000000Z","HotCount":325,"SourceContext":"Flare.Cache.SegmentCache"}
{"@t":"2022-11-29T16:09:19.3843687Z","@mt":"Memory is overutilized, so cooling down segment {Segment} ({HotCount} events)","Segment":"2022-10-17T13:00:00.0000000Z","HotCount":65,"SourceContext":"Flare.Cache.SegmentCache"}
{"@t":"2022-11-29T16:09:19.3846206Z","@mt":"Memory is overutilized, so cooling down segment {Segment} ({HotCount} events)","Segment":"2022-10-18T17:00:00.0000000Z","HotCount":223,"SourceContext":"Flare.Cache.SegmentCache"}
{"@t":"2022-11-29T16:09:19.3849271Z","@mt":"Memory is overutilized, so cooling down segment {Segment} ({HotCount} events)","Segment":"2022-10-18T18:00:00.0000000Z","HotCount":880,"SourceContext":"Flare.Cache.SegmentCache"}
{"@t":"2022-11-29T16:09:19.3852374Z","@mt":"Memory is overutilized, so cooling down segment {Segment} ({HotCount} events)","Segment":"2022-10-18T19:00:00.0000000Z","HotCount":27,"SourceContext":"Flare.Cache.SegmentCache"}
{"@t":"2022-11-29T16:09:19.3855257Z","@mt":"Memory is overutilized, so cooling down segment {Segment} ({HotCount} events)","Segment":"2022-10-19T14:00:00.0000000Z","HotCount":65,"SourceContext":"Flare.Cache.SegmentCache"}
{"@t":"2022-11-29T16:09:19.3858721Z","@mt":"Memory is overutilized, so cooling down segment {Segment} ({HotCount} events)","Segment":"2022-10-20T15:00:00.0000000Z","HotCount":211,"SourceContext":"Flare.Cache.SegmentCache"}
{"@t":"2022-11-29T16:09:19.3862093Z","@mt":"Memory is overutilized, so cooling down segment {Segment} ({HotCount} events)","Segment":"2022-10-20T16:00:00.0000000Z","HotCount":904,"SourceContext":"Flare.Cache.SegmentCache"}
{"@t":"2022-11-29T16:09:19.3865438Z","@mt":"Memory is overutilized, so cooling down segment {Segment} ({HotCount} events)","Segment":"2022-10-22T15:00:00.0000000Z","HotCount":116,"SourceContext":"Flare.Cache.SegmentCache"}
{"@t":"2022-11-29T16:09:19.3869411Z","@mt":"Memory is overutilized, so cooling down segment {Segment} ({HotCount} events)","Segment":"2022-10-22T16:00:00.0000000Z","HotCount":65,"SourceContext":"Flare.Cache.SegmentCache"}
{"@t":"2022-11-29T16:09:19.3872600Z","@mt":"Memory is overutilized, so cooling down segment {Segment} ({HotCount} events)","Segment":"2022-10-22T18:00:00.0000000Z","HotCount":273,"SourceContext":"Flare.Cache.SegmentCache"}
{"@t":"2022-11-29T16:09:19.3876911Z","@mt":"Memory is overutilized, so cooling down segment {Segment} ({HotCount} events)","Segment":"2022-10-24T16:00:00.0000000Z","HotCount":288,"SourceContext":"Flare.Cache.SegmentCache"}
{"@t":"2022-11-29T16:09:19.3880243Z","@mt":"Memory is overutilized, so cooling down segment {Segment} ({HotCount} events)","Segment":"2022-10-24T17:00:00.0000000Z","HotCount":452,"SourceContext":"Flare.Cache.SegmentCache"}
{"@t":"2022-11-29T16:09:19.3883660Z","@mt":"Memory is overutilized, so cooling down segment {Segment} ({HotCount} events)","Segment":"2022-10-24T19:00:00.0000000Z","HotCount":175,"SourceContext":"Flare.Cache.SegmentCache"}
{"@t":"2022-11-29T16:09:19.3886570Z","@mt":"Memory is overutilized, so cooling down segment {Segment} ({HotCount} events)","Segment":"2022-10-24T20:00:00.0000000Z","HotCount":20,"SourceContext":"Flare.Cache.SegmentCache"}
{"@t":"2022-11-29T16:09:19.3889712Z","@mt":"Memory is overutilized, so cooling down segment {Segment} ({HotCount} events)","Segment":"2022-10-25T19:00:00.0000000Z","HotCount":223,"SourceContext":"Flare.Cache.SegmentCache"}
{"@t":"2022-11-29T16:09:19.3892692Z","@mt":"Memory is overutilized, so cooling down segment {Segment} ({HotCount} events)","Segment":"2022-10-26T14:00:00.0000000Z","HotCount":223,"SourceContext":"Flare.Cache.SegmentCache"}
{"@t":"2022-11-29T16:09:19.3899156Z","@mt":"Memory is overutilized, so cooling down segment {Segment} ({HotCount} events)","Segment":"2022-10-26T15:00:00.0000000Z","HotCount":1301,"SourceContext":"Flare.Cache.SegmentCache"}
{"@t":"2022-11-29T16:09:19.3903302Z","@mt":"Memory is overutilized, so cooling down segment {Segment} ({HotCount} events)","Segment":"2022-10-26T20:00:00.0000000Z","HotCount":1571,"SourceContext":"Flare.Cache.SegmentCache"}
{"@t":"2022-11-29T16:09:19.3906845Z","@mt":"Memory is overutilized, so cooling down segment {Segment} ({HotCount} events)","Segment":"2022-10-26T21:00:00.0000000Z","HotCount":102,"SourceContext":"Flare.Cache.SegmentCache"}
{"@t":"2022-11-29T16:09:19.3910555Z","@mt":"Memory is overutilized, so cooling down segment {Segment} ({HotCount} events)","Segment":"2022-10-29T13:00:00.0000000Z","HotCount":541,"SourceContext":"Flare.Cache.SegmentCache"}
{"@t":"2022-11-29T16:09:19.3913426Z","@mt":"Memory is overutilized, so cooling down segment {Segment} ({HotCount} events)","Segment":"2022-10-29T14:00:00.0000000Z","HotCount":1316,"SourceContext":"Flare.Cache.SegmentCache"}
{"@t":"2022-11-29T16:09:19.3917014Z","@mt":"Memory is overutilized, so cooling down segment {Segment} ({HotCount} events)","Segment":"2022-10-30T11:00:00.0000000Z","HotCount":506,"SourceContext":"Flare.Cache.SegmentCache"}
{"@t":"2022-11-29T16:09:19.3920103Z","@mt":"Memory is overutilized, so cooling down segment {Segment} ({HotCount} events)","Segment":"2022-10-30T12:00:00.0000000Z","HotCount":152,"SourceContext":"Flare.Cache.SegmentCache"}
{"@t":"2022-11-29T16:09:19.3923220Z","@mt":"Memory is overutilized, so cooling down segment {Segment} ({HotCount} events)","Segment":"2022-10-30T16:00:00.0000000Z","HotCount":65,"SourceContext":"Flare.Cache.SegmentCache"}
{"@t":"2022-11-29T16:09:19.3926233Z","@mt":"Memory is overutilized, so cooling down segment {Segment} ({HotCount} events)","Segment":"2022-10-30T17:00:00.0000000Z","HotCount":1537,"SourceContext":"Flare.Cache.SegmentCache"}
{"@t":"2022-11-29T16:09:19.3929147Z","@mt":"Memory is overutilized, so cooling down segment {Segment} ({HotCount} events)","Segment":"2022-10-31T17:00:00.0000000Z","HotCount":65,"SourceContext":"Flare.Cache.SegmentCache"}
{"@t":"2022-11-29T16:09:19.3932909Z","@mt":"Memory is overutilized, so cooling down segment {Segment} ({HotCount} events)","Segment":"2022-11-01T18:00:00.0000000Z","HotCount":840,"SourceContext":"Flare.Cache.SegmentCache"}
{"@t":"2022-11-29T16:09:19.3936883Z","@mt":"Memory is overutilized, so cooling down segment {Segment} ({HotCount} events)","Segment":"2022-11-01T19:00:00.0000000Z","HotCount":649,"SourceContext":"Flare.Cache.SegmentCache"}
{"@t":"2022-11-29T16:09:19.3941182Z","@mt":"Memory is overutilized, so cooling down segment {Segment} ({HotCount} events)","Segment":"2022-11-02T16:00:00.0000000Z","HotCount":106,"SourceContext":"Flare.Cache.SegmentCache"}
{"@t":"2022-11-29T16:09:19.3945687Z","@mt":"Memory is overutilized, so cooling down segment {Segment} ({HotCount} events)","Segment":"2022-11-04T20:00:00.0000000Z","HotCount":371,"SourceContext":"Flare.Cache.SegmentCache"}
{"@t":"2022-11-29T16:09:19.3948697Z","@mt":"Memory is overutilized, so cooling down segment {Segment} ({HotCount} events)","Segment":"2022-11-05T11:00:00.0000000Z","HotCount":297,"SourceContext":"Flare.Cache.SegmentCache"}
{"@t":"2022-11-29T16:09:19.3953414Z","@mt":"Memory is overutilized, so cooling down segment {Segment} ({HotCount} events)","Segment":"2022-11-05T17:00:00.0000000Z","HotCount":288,"SourceContext":"Flare.Cache.SegmentCache"}
{"@t":"2022-11-29T16:09:19.3956963Z","@mt":"Memory is overutilized, so cooling down segment {Segment} ({HotCount} events)","Segment":"2022-11-05T18:00:00.0000000Z","HotCount":88,"SourceContext":"Flare.Cache.SegmentCache"}
{"@t":"2022-11-29T16:09:19.3961983Z","@mt":"Memory is overutilized, so cooling down segment {Segment} ({HotCount} events)","Segment":"2022-11-06T13:00:00.0000000Z","HotCount":130,"SourceContext":"Flare.Cache.SegmentCache"}
{"@t":"2022-11-29T16:09:19.3969733Z","@mt":"Memory is overutilized, so cooling down segment {Segment} ({HotCount} events)","Segment":"2022-11-08T18:00:00.0000000Z","HotCount":65,"SourceContext":"Flare.Cache.SegmentCache"}
{"@t":"2022-11-29T16:09:19.3972696Z","@mt":"Memory is overutilized, so cooling down segment {Segment} ({HotCount} events)","Segment":"2022-11-08T19:00:00.0000000Z","HotCount":65,"SourceContext":"Flare.Cache.SegmentCache"}
{"@t":"2022-11-29T16:09:19.3975497Z","@mt":"Memory is overutilized, so cooling down segment {Segment} ({HotCount} events)","Segment":"2022-11-10T17:00:00.0000000Z","HotCount":226,"SourceContext":"Flare.Cache.SegmentCache"}
{"@t":"2022-11-29T16:09:19.3978581Z","@mt":"Memory is overutilized, so cooling down segment {Segment} ({HotCount} events)","Segment":"2022-11-10T18:00:00.0000000Z","HotCount":226,"SourceContext":"Flare.Cache.SegmentCache"}
{"@t":"2022-11-29T16:09:19.3981515Z","@mt":"Memory is overutilized, so cooling down segment {Segment} ({HotCount} events)","Segment":"2022-11-10T19:00:00.0000000Z","HotCount":356,"SourceContext":"Flare.Cache.SegmentCache"}
{"@t":"2022-11-29T16:09:19.3985347Z","@mt":"Memory is overutilized, so cooling down segment {Segment} ({HotCount} events)","Segment":"2022-11-10T20:00:00.0000000Z","HotCount":360,"SourceContext":"Flare.Cache.SegmentCache"}
{"@t":"2022-11-29T16:09:19.3990414Z","@mt":"Memory is overutilized, so cooling down segment {Segment} ({HotCount} events)","Segment":"2022-11-11T17:00:00.0000000Z","HotCount":452,"SourceContext":"Flare.Cache.SegmentCache"}
{"@t":"2022-11-29T16:09:19.3994067Z","@mt":"Memory is overutilized, so cooling down segment {Segment} ({HotCount} events)","Segment":"2022-11-12T16:00:00.0000000Z","HotCount":991,"SourceContext":"Flare.Cache.SegmentCache"}
{"@t":"2022-11-29T16:09:19.3996878Z","@mt":"Memory is overutilized, so cooling down segment {Segment} ({HotCount} events)","Segment":"2022-11-13T18:00:00.0000000Z","HotCount":244,"SourceContext":"Flare.Cache.SegmentCache"}
{"@t":"2022-11-29T16:09:19.3999355Z","@mt":"Memory is overutilized, so cooling down segment {Segment} ({HotCount} events)","Segment":"2022-11-14T20:00:00.0000000Z","HotCount":434,"SourceContext":"Flare.Cache.SegmentCache"}
{"@t":"2022-11-29T16:09:19.4001980Z","@mt":"Memory is overutilized, so cooling down segment {Segment} ({HotCount} events)","Segment":"2022-11-14T21:00:00.0000000Z","HotCount":226,"SourceContext":"Flare.Cache.SegmentCache"}
{"@t":"2022-11-29T16:09:19.4005358Z","@mt":"Memory is overutilized, so cooling down segment {Segment} ({HotCount} events)","Segment":"2022-11-15T16:00:00.0000000Z","HotCount":793,"SourceContext":"Flare.Cache.SegmentCache"}
{"@t":"2022-11-29T16:09:19.4008782Z","@mt":"Memory is overutilized, so cooling down segment {Segment} ({HotCount} events)","Segment":"2022-11-16T20:00:00.0000000Z","HotCount":110,"SourceContext":"Flare.Cache.SegmentCache"}
{"@t":"2022-11-29T16:09:19.4013130Z","@mt":"Memory is overutilized, so cooling down segment {Segment} ({HotCount} events)","Segment":"2022-11-17T18:00:00.0000000Z","HotCount":401,"SourceContext":"Flare.Cache.SegmentCache"}
{"@t":"2022-11-29T16:09:19.4016670Z","@mt":"Memory is overutilized, so cooling down segment {Segment} ({HotCount} events)","Segment":"2022-11-17T19:00:00.0000000Z","HotCount":493,"SourceContext":"Flare.Cache.SegmentCache"}
{"@t":"2022-11-29T16:09:19.4020112Z","@mt":"Memory is overutilized, so cooling down segment {Segment} ({HotCount} events)","Segment":"2022-11-17T20:00:00.0000000Z","HotCount":494,"SourceContext":"Flare.Cache.SegmentCache"}
{"@t":"2022-11-29T16:09:19.4023399Z","@mt":"Memory is overutilized, so cooling down segment {Segment} ({HotCount} events)","Segment":"2022-11-18T13:00:00.0000000Z","HotCount":226,"SourceContext":"Flare.Cache.SegmentCache"}
{"@t":"2022-11-29T16:09:19.4026513Z","@mt":"Memory is overutilized, so cooling down segment {Segment} ({HotCount} events)","Segment":"2022-11-18T15:00:00.0000000Z","HotCount":466,"SourceContext":"Flare.Cache.SegmentCache"}
{"@t":"2022-11-29T16:09:19.4031817Z","@mt":"Memory is overutilized, so cooling down segment {Segment} ({HotCount} events)","Segment":"2022-11-18T16:00:00.0000000Z","HotCount":1181,"SourceContext":"Flare.Cache.SegmentCache"}
{"@t":"2022-11-29T16:09:19.4035653Z","@mt":"Memory is overutilized, so cooling down segment {Segment} ({HotCount} events)","Segment":"2022-11-18T20:00:00.0000000Z","HotCount":460,"SourceContext":"Flare.Cache.SegmentCache"}
{"@t":"2022-11-29T16:09:19.4038780Z","@mt":"Memory is overutilized, so cooling down segment {Segment} ({HotCount} events)","Segment":"2022-11-18T21:00:00.0000000Z","HotCount":238,"SourceContext":"Flare.Cache.SegmentCache"}
{"@t":"2022-11-29T16:09:19.4043014Z","@mt":"Memory is overutilized, so cooling down segment {Segment} ({HotCount} events)","Segment":"2022-11-19T15:00:00.0000000Z","HotCount":244,"SourceContext":"Flare.Cache.SegmentCache"}
{"@t":"2022-11-29T16:09:19.4047219Z","@mt":"Memory is overutilized, so cooling down segment {Segment} ({HotCount} events)","Segment":"2022-11-19T16:00:00.0000000Z","HotCount":1099,"SourceContext":"Flare.Cache.SegmentCache"}
{"@t":"2022-11-29T16:09:19.4052495Z","@mt":"Memory is overutilized, so cooling down segment {Segment} ({HotCount} events)","Segment":"2022-11-19T17:00:00.0000000Z","HotCount":565,"SourceContext":"Flare.Cache.SegmentCache"}
{"@t":"2022-11-29T16:09:19.4055366Z","@mt":"Memory is overutilized, so cooling down segment {Segment} ({HotCount} events)","Segment":"2022-11-19T19:00:00.0000000Z","HotCount":270,"SourceContext":"Flare.Cache.SegmentCache"}
{"@t":"2022-11-29T16:09:19.4060246Z","@mt":"Memory is overutilized, so cooling down segment {Segment} ({HotCount} events)","Segment":"2022-11-21T15:00:00.0000000Z","HotCount":254,"SourceContext":"Flare.Cache.SegmentCache"}
{"@t":"2022-11-29T16:09:19.4066210Z","@mt":"Memory is overutilized, so cooling down segment {Segment} ({HotCount} events)","Segment":"2022-11-21T17:00:00.0000000Z","HotCount":91,"SourceContext":"Flare.Cache.SegmentCache"}
{"@t":"2022-11-29T16:09:19.4069848Z","@mt":"Memory is overutilized, so cooling down segment {Segment} ({HotCount} events)","Segment":"2022-11-22T17:00:00.0000000Z","HotCount":764,"SourceContext":"Flare.Cache.SegmentCache"}
{"@t":"2022-11-29T16:09:19.4073324Z","@mt":"Memory is overutilized, so cooling down segment {Segment} ({HotCount} events)","Segment":"2022-11-22T18:00:00.0000000Z","HotCount":656,"SourceContext":"Flare.Cache.SegmentCache"}
{"@t":"2022-11-29T16:09:19.4076584Z","@mt":"Memory is overutilized, so cooling down segment {Segment} ({HotCount} events)","Segment":"2022-11-23T16:00:00.0000000Z","HotCount":1151,"SourceContext":"Flare.Cache.SegmentCache"}
{"@t":"2022-11-29T16:09:19.4081011Z","@mt":"Memory is overutilized, so cooling down segment {Segment} ({HotCount} events)","Segment":"2022-11-24T16:00:00.0000000Z","HotCount":277,"SourceContext":"Flare.Cache.SegmentCache"}
{"@t":"2022-11-29T16:09:19.4085730Z","@mt":"Memory is overutilized, so cooling down segment {Segment} ({HotCount} events)","Segment":"2022-11-24T17:00:00.0000000Z","HotCount":624,"SourceContext":"Flare.Cache.SegmentCache"}
{"@t":"2022-11-29T16:09:19.4090665Z","@mt":"Memory is overutilized, so cooling down segment {Segment} ({HotCount} events)","Segment":"2022-11-29T16:00:00.0000000Z","HotCount":69,"SourceContext":"Flare.Cache.SegmentCache"}
{"@t":"2022-11-29T16:10:07.0778756Z","@mt":"{CollectionCount} more generation 2 garbage collection(s) occurred","CollectionCount":3,"SourceContext":"Seq.Server.Features.Diagnostics.GCLogger"}
{"@t":"2022-11-29T16:14:07.0702174Z","@mt":"Metrics sampled","CacheDays":0,"CacheEvents":0,"SystemMemoryUtilization":0.7620046808167218,"ProcessWorkingSetBytes":329379840,"GCTotalHeapSizeBytes":20141424,"GCTotalFragmentedBytes":44136,"GCPauseTimePercentage":1.34,"GCGen0EnterHeapSizeBytes":133346832,"GCGen0ExitHeapSizeBytes":192,"GCGen0EnterFragmentedBytes":148232,"GCGen0ExitFragmentedBytes":0,"GCGen1EnterHeapSizeBytes":20079000,"GCGen1ExitHeapSizeBytes":7816664,"GCGen1EnterFragmentedBytes":434592,"GCGen1ExitFragmentedBytes":166392,"GCGen2EnterHeapSizeBytes":26657848,"GCGen2ExitHeapSizeBytes":27596064,"GCGen2EnterFragmentedBytes":5448,"GCGen2ExitFragmentedBytes":28088,"GCGen3EnterHeapSizeBytes":32276152,"GCGen3ExitHeapSizeBytes":21790336,"GCGen3EnterFragmentedBytes":320,"GCGen3ExitFragmentedBytes":288,"GCGen4EnterHeapSizeBytes":448016,"GCGen4ExitHeapSizeBytes":448016,"GCGen4EnterFragmentedBytes":0,"GCGen4ExitFragmentedBytes":0,"GCPause0DurationMs":9.161,"GCPause1DurationMs":9.161,"ProcessThreads":31,"ArrivedEventsPerMinute":0,"IngestedEventsPerMinute":0,"IngestedBytesPerMinute":0,"InvalidPayloadsPerMinute":0,"UnauthorizedPayloadsPerMinute":0,"TotalWriteTimeLastMinute":"Flare.Diagnostics.Counters.RateCounter","BroadcastQueueCount":0,"BroadcastSubscriptionQueuesAggregateCount":0}
{"@t":"2022-11-29T16:16:12.4614987Z","@mt":"Termination signal received"}
{"@t":"2022-11-29T16:16:12.4909594Z","@mt":"Signalling for {Workers} worker task(s) to complete","Workers":3,"SourceContext":"Flare.Workers.WorkerPool"}
{"@t":"2022-11-29T16:16:12.5945187Z","@mt":"Work {WorkDescription} ({WorkId}) observed cancellation and completed","WorkDescription":"Manage event cache resources","WorkId":"53eb0ad9-9e17-46f9-85a8-9876713ad61b","SourceContext":"Flare.Workers.WorkerPool"}
{"@t":"2022-11-29T16:16:13.2168166Z","@mt":"Work {WorkDescription} ({WorkId}) observed cancellation and completed","WorkDescription":"Monitor alerts and trigger notifications","WorkId":"40747dee-21cd-43f7-b889-9d99fcd2fd59","SourceContext":"Flare.Workers.WorkerPool"}
{"@t":"2022-11-29T16:16:16.4249990Z","@mt":"Work {WorkDescription} ({WorkId}) observed cancellation and completed","WorkDescription":"Sample system memory","WorkId":"25fc6a14-c8d7-4605-8cd6-d54f1cdddc18","SourceContext":"Flare.Workers.WorkerPool"}
{"@t":"2022-11-29T16:16:16.4992554Z","@mt":"Stopping {Tasks} scheduled tasks","Tasks":15,"SourceContext":"Seq.Server.Tasks.TaskRunner"}
{"@t":"2022-11-29T16:16:16.5018765Z","@mt":"Stopping input channel","SourceContext":"Seq.Server.Features.Apps.Inputs.InputChannel"}
{"@t":"2022-11-29T16:16:17.1250532Z","@mt":"Shutting down input channel; {AcceptedCount} queued events will be written","AcceptedCount":0,"SourceContext":"Seq.Server.Features.Apps.Inputs.InputChannel"}
{"@t":"2022-11-29T16:16:17.1269849Z","@mt":"Stopping broadcast channel","SourceContext":"Flare.Broadcast.BroadcastChannel"}
{"@t":"2022-11-29T16:16:18.0858752Z","@mt":"Shutting down broadcast channel with {AllowableFlush} flushable event batches (+{Tolerance} tolerance)","AllowableFlush":0,"Tolerance":15,"SourceContext":"Flare.Broadcast.BroadcastChannel"}
{"@t":"2022-11-29T16:16:18.0904353Z","@mt":"Closing event store","SourceContext":"Flare.Cluster.StorageNodeCoordinator"}
{"@t":"2022-11-29T16:16:18.0956150Z","@mt":"Closing metastore","SourceContext":"Quince.Storage.Native.NativeDocumentStore"}
{"@t":"2022-11-29T16:16:18.0991327Z","@mt":"Server stopped cleanly"}
{"@t":"2022-11-29T16:16:28.5888374Z","@mt":"Seq {SeqVersion} running on OS {OSCaption}","SeqVersion":"2022.1.7929","OSCaption":"Linux 5.15.49-linuxkit #1 SMP Tue Sep 13 07:51:46 UTC 2022","SourceContext":"Seq.Server.Features.Diagnostics.EnvironmentInformationWriter"}
{"@t":"2022-11-29T16:16:28.6677572Z","@mt":"Seq detected {TotalRAM} MB of RAM","TotalRAM":2080.894976,"SourceContext":"Seq.Server.Features.Diagnostics.EnvironmentInformationWriter"}
{"@t":"2022-11-29T16:16:29.1994875Z","@mt":"Opening event store at {StreamPath}","StreamPath":"/data/Stream/stream.flare","SourceContext":"Flare.Cluster.StorageNodeCoordinator"}
{"@t":"2022-11-29T16:16:30.0486462Z","@mt":"Ingestion enabled","SourceContext":"Flare.Cluster.StorageNodeCoordinator"}
{"@t":"2022-11-29T16:16:30.0513226Z","@mt":"Cache warm-up is required","SourceContext":"Flare.Cache.SegmentCache","OperationId":"52f16899-e09d-43e5-a2c5-a5f80ae6a12e"}
{"@t":"2022-11-29T16:16:30.0955929Z","@mt":"Opening metastore {MetastorePath}","MetastorePath":"/data/Documents/metastore.flare","SourceContext":"Quince.Storage.Native.NativeDocumentStore"}
{"@t":"2022-11-29T16:16:30.3198661Z","@mt":"Storage subsystem available"}
{"@t":"2022-11-29T16:16:30.5714288Z","@mt":"Seq listening on {ListenUris}","ListenUris":["http://localhost/","https://localhost/","http://localhost:5341/","https://localhost:45341/"]}
{"@t":"2022-11-29T16:16:32.8612725Z","@mt":"Initial memory cache warm-up {Outcome} in {Elapsed:0.0} ms","@r":["2809.9"],"Outcome":"completed","Elapsed":2809.9241,"OperationId":"52f16899-e09d-43e5-a2c5-a5f80ae6a12e"}
{"@t":"2022-11-29T16:16:32.8628372Z","@mt":"{WarmSegments} segments warmed up ({@Shared})","WarmSegments":1964,"Shared":{"Schemata":115,"Strings":3607},"SourceContext":"Flare.Cache.SegmentCache"}
{"@t":"2022-11-29T16:16:42.9492615Z","@mt":"Memory is overutilized, so cooling down segment {Segment} ({HotCount} events)","Segment":"2022-09-08T21:00:00.0000000Z","HotCount":268,"SourceContext":"Flare.Cache.SegmentCache"}
{"@t":"2022-11-29T16:16:42.9509189Z","@mt":"Memory is overutilized, so cooling down segment {Segment} ({HotCount} events)","Segment":"2022-09-08T22:00:00.0000000Z","HotCount":3,"SourceContext":"Flare.Cache.SegmentCache"}
{"@t":"2022-11-29T16:16:42.9515488Z","@mt":"Memory is overutilized, so cooling down segment {Segment} ({HotCount} events)","Segment":"2022-09-20T18:00:00.0000000Z","HotCount":1380,"SourceContext":"Flare.Cache.SegmentCache"}
{"@t":"2022-11-29T16:16:42.9521684Z","@mt":"Memory is overutilized, so cooling down segment {Segment} ({HotCount} events)","Segment":"2022-09-20T19:00:00.0000000Z","HotCount":130,"SourceContext":"Flare.Cache.SegmentCache"}
{"@t":"2022-11-29T16:16:42.9526860Z","@mt":"Memory is overutilized, so cooling down segment {Segment} ({HotCount} events)","Segment":"2022-09-22T16:00:00.0000000Z","HotCount":734,"SourceContext":"Flare.Cache.SegmentCache"}
{"@t":"2022-11-29T16:16:42.9531296Z","@mt":"Memory is overutilized, so cooling down segment {Segment} ({HotCount} events)","Segment":"2022-09-22T17:00:00.0000000Z","HotCount":4002,"SourceContext":"Flare.Cache.SegmentCache"}
{"@t":"2022-11-29T16:16:42.9534916Z","@mt":"Memory is overutilized, so cooling down segment {Segment} ({HotCount} events)","Segment":"2022-09-24T10:00:00.0000000Z","HotCount":732,"SourceContext":"Flare.Cache.SegmentCache"}
{"@t":"2022-11-29T16:16:42.9538192Z","@mt":"Memory is overutilized, so cooling down segment {Segment} ({HotCount} events)","Segment":"2022-09-24T11:00:00.0000000Z","HotCount":7,"SourceContext":"Flare.Cache.SegmentCache"}
{"@t":"2022-11-29T16:16:42.9546759Z","@mt":"Memory is overutilized, so cooling down segment {Segment} ({HotCount} events)","Segment":"2022-09-25T15:00:00.0000000Z","HotCount":156,"SourceContext":"Flare.Cache.SegmentCache"}
{"@t":"2022-11-29T16:16:42.9550854Z","@mt":"Memory is overutilized, so cooling down segment {Segment} ({HotCount} events)","Segment":"2022-09-27T14:00:00.0000000Z","HotCount":201,"SourceContext":"Flare.Cache.SegmentCache"}
{"@t":"2022-11-29T16:16:42.9553826Z","@mt":"Memory is overutilized, so cooling down segment {Segment} ({HotCount} events)","Segment":"2022-09-27T15:00:00.0000000Z","HotCount":6,"SourceContext":"Flare.Cache.SegmentCache"}
{"@t":"2022-11-29T16:16:42.9557174Z","@mt":"Memory is overutilized, so cooling down segment {Segment} ({HotCount} events)","Segment":"2022-09-29T15:00:00.0000000Z","HotCount":156,"SourceContext":"Flare.Cache.SegmentCache"}
{"@t":"2022-11-29T16:16:42.9560395Z","@mt":"Memory is overutilized, so cooling down segment {Segment} ({HotCount} events)","Segment":"2022-10-02T11:00:00.0000000Z","HotCount":468,"SourceContext":"Flare.Cache.SegmentCache"}
{"@t":"2022-11-29T16:16:42.9563539Z","@mt":"Memory is overutilized, so cooling down segment {Segment} ({HotCount} events)","Segment":"2022-10-04T17:00:00.0000000Z","HotCount":331,"SourceContext":"Flare.Cache.SegmentCache"}
{"@t":"2022-11-29T16:16:42.9566804Z","@mt":"Memory is overutilized, so cooling down segment {Segment} ({HotCount} events)","Segment":"2022-10-04T18:00:00.0000000Z","HotCount":161,"SourceContext":"Flare.Cache.SegmentCache"}
{"@t":"2022-11-29T16:16:42.9570471Z","@mt":"Memory is overutilized, so cooling down segment {Segment} ({HotCount} events)","Segment":"2022-10-08T16:00:00.0000000Z","HotCount":300,"SourceContext":"Flare.Cache.SegmentCache"}
{"@t":"2022-11-29T16:16:42.9578188Z","@mt":"Memory is overutilized, so cooling down segment {Segment} ({HotCount} events)","Segment":"2022-10-08T17:00:00.0000000Z","HotCount":187,"SourceContext":"Flare.Cache.SegmentCache"}
{"@t":"2022-11-29T16:16:42.9581356Z","@mt":"Memory is overutilized, so cooling down segment {Segment} ({HotCount} events)","Segment":"2022-10-09T10:00:00.0000000Z","HotCount":655,"SourceContext":"Flare.Cache.SegmentCache"}
{"@t":"2022-11-29T16:16:42.9584628Z","@mt":"Memory is overutilized, so cooling down segment {Segment} ({HotCount} events)","Segment":"2022-10-09T11:00:00.0000000Z","HotCount":774,"SourceContext":"Flare.Cache.SegmentCache"}
{"@t":"2022-11-29T16:16:42.9587934Z","@mt":"Memory is overutilized, so cooling down segment {Segment} ({HotCount} events)","Segment":"2022-10-11T17:00:00.0000000Z","HotCount":589,"SourceContext":"Flare.Cache.SegmentCache"}
{"@t":"2022-11-29T16:16:42.9591052Z","@mt":"Memory is overutilized, so cooling down segment {Segment} ({HotCount} events)","Segment":"2022-10-11T18:00:00.0000000Z","HotCount":806,"SourceContext":"Flare.Cache.SegmentCache"}
{"@t":"2022-11-29T16:16:42.9595006Z","@mt":"Memory is overutilized, so cooling down segment {Segment} ({HotCount} events)","Segment":"2022-10-12T17:00:00.0000000Z","HotCount":612,"SourceContext":"Flare.Cache.SegmentCache"}
{"@t":"2022-11-29T16:16:42.9598817Z","@mt":"Memory is overutilized, so cooling down segment {Segment} ({HotCount} events)","Segment":"2022-10-12T21:00:00.0000000Z","HotCount":268,"SourceContext":"Flare.Cache.SegmentCache"}
{"@t":"2022-11-29T16:16:42.9601411Z","@mt":"Memory is overutilized, so cooling down segment {Segment} ({HotCount} events)","Segment":"2022-10-12T22:00:00.0000000Z","HotCount":223,"SourceContext":"Flare.Cache.SegmentCache"}
{"@t":"2022-11-29T16:16:42.9604638Z","@mt":"Memory is overutilized, so cooling down segment {Segment} ({HotCount} events)","Segment":"2022-10-13T15:00:00.0000000Z","HotCount":369,"SourceContext":"Flare.Cache.SegmentCache"}
{"@t":"2022-11-29T16:16:42.9608297Z","@mt":"Memory is overutilized, so cooling down segment {Segment} ({HotCount} events)","Segment":"2022-10-13T16:00:00.0000000Z","HotCount":333,"SourceContext":"Flare.Cache.SegmentCache"}
{"@t":"2022-11-29T16:16:42.9611088Z","@mt":"Memory is overutilized, so cooling down segment {Segment} ({HotCount} events)","Segment":"2022-10-14T17:00:00.0000000Z","HotCount":11,"SourceContext":"Flare.Cache.SegmentCache"}
{"@t":"2022-11-29T16:16:42.9615156Z","@mt":"Memory is overutilized, so cooling down segment {Segment} ({HotCount} events)","Segment":"2022-10-14T18:00:00.0000000Z","HotCount":130,"SourceContext":"Flare.Cache.SegmentCache"}
{"@t":"2022-11-29T16:16:42.9618490Z","@mt":"Memory is overutilized, so cooling down segment {Segment} ({HotCount} events)","Segment":"2022-10-15T17:00:00.0000000Z","HotCount":799,"SourceContext":"Flare.Cache.SegmentCache"}
{"@t":"2022-11-29T16:16:42.9621213Z","@mt":"Memory is overutilized, so cooling down segment {Segment} ({HotCount} events)","Segment":"2022-10-15T18:00:00.0000000Z","HotCount":1320,"SourceContext":"Flare.Cache.SegmentCache"}
{"@t":"2022-11-29T16:16:42.9623730Z","@mt":"Memory is overutilized, so cooling down segment {Segment} ({HotCount} events)","Segment":"2022-10-15T19:00:00.0000000Z","HotCount":65,"SourceContext":"Flare.Cache.SegmentCache"}
{"@t":"2022-11-29T16:16:42.9626979Z","@mt":"Memory is overutilized, so cooling down segment {Segment} ({HotCount} events)","Segment":"2022-10-15T20:00:00.0000000Z","HotCount":325,"SourceContext":"Flare.Cache.SegmentCache"}
{"@t":"2022-11-29T16:16:42.9629915Z","@mt":"Memory is overutilized, so cooling down segment {Segment} ({HotCount} events)","Segment":"2022-10-17T13:00:00.0000000Z","HotCount":65,"SourceContext":"Flare.Cache.SegmentCache"}
{"@t":"2022-11-29T16:16:42.9633201Z","@mt":"Memory is overutilized, so cooling down segment {Segment} ({HotCount} events)","Segment":"2022-10-18T17:00:00.0000000Z","HotCount":223,"SourceContext":"Flare.Cache.SegmentCache"}
{"@t":"2022-11-29T16:16:42.9637068Z","@mt":"Memory is overutilized, so cooling down segment {Segment} ({HotCount} events)","Segment":"2022-10-18T18:00:00.0000000Z","HotCount":880,"SourceContext":"Flare.Cache.SegmentCache"}
{"@t":"2022-11-29T16:16:42.9653741Z","@mt":"Memory is overutilized, so cooling down segment {Segment} ({HotCount} events)","Segment":"2022-10-18T19:00:00.0000000Z","HotCount":27,"SourceContext":"Flare.Cache.SegmentCache"}
{"@t":"2022-11-29T16:16:42.9656932Z","@mt":"Memory is overutilized, so cooling down segment {Segment} ({HotCount} events)","Segment":"2022-10-19T14:00:00.0000000Z","HotCount":65,"SourceContext":"Flare.Cache.SegmentCache"}
{"@t":"2022-11-29T16:16:42.9661069Z","@mt":"Memory is overutilized, so cooling down segment {Segment} ({HotCount} events)","Segment":"2022-10-20T15:00:00.0000000Z","HotCount":211,"SourceContext":"Flare.Cache.SegmentCache"}
{"@t":"2022-11-29T16:16:42.9663835Z","@mt":"Memory is overutilized, so cooling down segment {Segment} ({HotCount} events)","Segment":"2022-10-20T16:00:00.0000000Z","HotCount":904,"SourceContext":"Flare.Cache.SegmentCache"}
{"@t":"2022-11-29T16:16:42.9667794Z","@mt":"Memory is overutilized, so cooling down segment {Segment} ({HotCount} events)","Segment":"2022-10-22T15:00:00.0000000Z","HotCount":116,"SourceContext":"Flare.Cache.SegmentCache"}
{"@t":"2022-11-29T16:16:42.9670811Z","@mt":"Memory is overutilized, so cooling down segment {Segment} ({HotCount} events)","Segment":"2022-10-22T16:00:00.0000000Z","HotCount":65,"SourceContext":"Flare.Cache.SegmentCache"}
{"@t":"2022-11-29T16:16:42.9674257Z","@mt":"Memory is overutilized, so cooling down segment {Segment} ({HotCount} events)","Segment":"2022-10-22T18:00:00.0000000Z","HotCount":273,"SourceContext":"Flare.Cache.SegmentCache"}
{"@t":"2022-11-29T16:16:42.9678084Z","@mt":"Memory is overutilized, so cooling down segment {Segment} ({HotCount} events)","Segment":"2022-10-24T16:00:00.0000000Z","HotCount":288,"SourceContext":"Flare.Cache.SegmentCache"}
{"@t":"2022-11-29T16:16:42.9681844Z","@mt":"Memory is overutilized, so cooling down segment {Segment} ({HotCount} events)","Segment":"2022-10-24T17:00:00.0000000Z","HotCount":452,"SourceContext":"Flare.Cache.SegmentCache"}
{"@t":"2022-11-29T16:16:42.9684669Z","@mt":"Memory is overutilized, so cooling down segment {Segment} ({HotCount} events)","Segment":"2022-10-24T19:00:00.0000000Z","HotCount":175,"SourceContext":"Flare.Cache.SegmentCache"}
{"@t":"2022-11-29T16:16:42.9687877Z","@mt":"Memory is overutilized, so cooling down segment {Segment} ({HotCount} events)","Segment":"2022-10-24T20:00:00.0000000Z","HotCount":20,"SourceContext":"Flare.Cache.SegmentCache"}
{"@t":"2022-11-29T16:16:42.9690676Z","@mt":"Memory is overutilized, so cooling down segment {Segment} ({HotCount} events)","Segment":"2022-10-25T19:00:00.0000000Z","HotCount":223,"SourceContext":"Flare.Cache.SegmentCache"}
{"@t":"2022-11-29T16:16:42.9694488Z","@mt":"Memory is overutilized, so cooling down segment {Segment} ({HotCount} events)","Segment":"2022-10-26T14:00:00.0000000Z","HotCount":223,"SourceContext":"Flare.Cache.SegmentCache"}
{"@t":"2022-11-29T16:16:42.9699430Z","@mt":"Memory is overutilized, so cooling down segment {Segment} ({HotCount} events)","Segment":"2022-10-26T15:00:00.0000000Z","HotCount":1301,"SourceContext":"Flare.Cache.SegmentCache"}
{"@t":"2022-11-29T16:16:42.9702241Z","@mt":"Memory is overutilized, so cooling down segment {Segment} ({HotCount} events)","Segment":"2022-10-26T20:00:00.0000000Z","HotCount":1571,"SourceContext":"Flare.Cache.SegmentCache"}
{"@t":"2022-11-29T16:16:42.9705220Z","@mt":"Memory is overutilized, so cooling down segment {Segment} ({HotCount} events)","Segment":"2022-10-26T21:00:00.0000000Z","HotCount":102,"SourceContext":"Flare.Cache.SegmentCache"}
{"@t":"2022-11-29T16:16:42.9708219Z","@mt":"Memory is overutilized, so cooling down segment {Segment} ({HotCount} events)","Segment":"2022-10-29T13:00:00.0000000Z","HotCount":541,"SourceContext":"Flare.Cache.SegmentCache"}
{"@t":"2022-11-29T16:16:42.9710887Z","@mt":"Memory is overutilized, so cooling down segment {Segment} ({HotCount} events)","Segment":"2022-10-29T14:00:00.0000000Z","HotCount":1316,"SourceContext":"Flare.Cache.SegmentCache"}
{"@t":"2022-11-29T16:16:42.9716161Z","@mt":"Memory is overutilized, so cooling down segment {Segment} ({HotCount} events)","Segment":"2022-10-30T11:00:00.0000000Z","HotCount":506,"SourceContext":"Flare.Cache.SegmentCache"}
{"@t":"2022-11-29T16:16:42.9719717Z","@mt":"Memory is overutilized, so cooling down segment {Segment} ({HotCount} events)","Segment":"2022-10-30T12:00:00.0000000Z","HotCount":152,"SourceContext":"Flare.Cache.SegmentCache"}
{"@t":"2022-11-29T16:16:42.9724176Z","@mt":"Memory is overutilized, so cooling down segment {Segment} ({HotCount} events)","Segment":"2022-10-30T16:00:00.0000000Z","HotCount":65,"SourceContext":"Flare.Cache.SegmentCache"}
{"@t":"2022-11-29T16:16:42.9726871Z","@mt":"Memory is overutilized, so cooling down segment {Segment} ({HotCount} events)","Segment":"2022-10-30T17:00:00.0000000Z","HotCount":1537,"SourceContext":"Flare.Cache.SegmentCache"}
{"@t":"2022-11-29T16:16:42.9729789Z","@mt":"Memory is overutilized, so cooling down segment {Segment} ({HotCount} events)","Segment":"2022-10-31T17:00:00.0000000Z","HotCount":65,"SourceContext":"Flare.Cache.SegmentCache"}
{"@t":"2022-11-29T16:16:42.9732805Z","@mt":"Memory is overutilized, so cooling down segment {Segment} ({HotCount} events)","Segment":"2022-11-01T18:00:00.0000000Z","HotCount":840,"SourceContext":"Flare.Cache.SegmentCache"}
{"@t":"2022-11-29T16:16:42.9736774Z","@mt":"Memory is overutilized, so cooling down segment {Segment} ({HotCount} events)","Segment":"2022-11-01T19:00:00.0000000Z","HotCount":649,"SourceContext":"Flare.Cache.SegmentCache"}
{"@t":"2022-11-29T16:16:42.9740814Z","@mt":"Memory is overutilized, so cooling down segment {Segment} ({HotCount} events)","Segment":"2022-11-02T16:00:00.0000000Z","HotCount":106,"SourceContext":"Flare.Cache.SegmentCache"}
{"@t":"2022-11-29T16:16:42.9743860Z","@mt":"Memory is overutilized, so cooling down segment {Segment} ({HotCount} events)","Segment":"2022-11-04T20:00:00.0000000Z","HotCount":371,"SourceContext":"Flare.Cache.SegmentCache"}
{"@t":"2022-11-29T16:16:42.9747752Z","@mt":"Memory is overutilized, so cooling down segment {Segment} ({HotCount} events)","Segment":"2022-11-05T11:00:00.0000000Z","HotCount":297,"SourceContext":"Flare.Cache.SegmentCache"}
{"@t":"2022-11-29T16:16:42.9751297Z","@mt":"Memory is overutilized, so cooling down segment {Segment} ({HotCount} events)","Segment":"2022-11-05T17:00:00.0000000Z","HotCount":288,"SourceContext":"Flare.Cache.SegmentCache"}
{"@t":"2022-11-29T16:16:42.9754400Z","@mt":"Memory is overutilized, so cooling down segment {Segment} ({HotCount} events)","Segment":"2022-11-05T18:00:00.0000000Z","HotCount":88,"SourceContext":"Flare.Cache.SegmentCache"}
{"@t":"2022-11-29T16:16:42.9758130Z","@mt":"Memory is overutilized, so cooling down segment {Segment} ({HotCount} events)","Segment":"2022-11-06T13:00:00.0000000Z","HotCount":130,"SourceContext":"Flare.Cache.SegmentCache"}
{"@t":"2022-11-29T16:16:42.9761879Z","@mt":"Memory is overutilized, so cooling down segment {Segment} ({HotCount} events)","Segment":"2022-11-08T18:00:00.0000000Z","HotCount":65,"SourceContext":"Flare.Cache.SegmentCache"}
{"@t":"2022-11-29T16:16:42.9764769Z","@mt":"Memory is overutilized, so cooling down segment {Segment} ({HotCount} events)","Segment":"2022-11-08T19:00:00.0000000Z","HotCount":65,"SourceContext":"Flare.Cache.SegmentCache"}
{"@t":"2022-11-29T16:16:42.9768084Z","@mt":"Memory is overutilized, so cooling down segment {Segment} ({HotCount} events)","Segment":"2022-11-10T17:00:00.0000000Z","HotCount":226,"SourceContext":"Flare.Cache.SegmentCache"}
{"@t":"2022-11-29T16:16:42.9771084Z","@mt":"Memory is overutilized, so cooling down segment {Segment} ({HotCount} events)","Segment":"2022-11-10T18:00:00.0000000Z","HotCount":226,"SourceContext":"Flare.Cache.SegmentCache"}
{"@t":"2022-11-29T16:16:42.9774654Z","@mt":"Memory is overutilized, so cooling down segment {Segment} ({HotCount} events)","Segment":"2022-11-10T19:00:00.0000000Z","HotCount":356,"SourceContext":"Flare.Cache.SegmentCache"}
{"@t":"2022-11-29T16:16:42.9784269Z","@mt":"Memory is overutilized, so cooling down segment {Segment} ({HotCount} events)","Segment":"2022-11-10T20:00:00.0000000Z","HotCount":360,"SourceContext":"Flare.Cache.SegmentCache"}
{"@t":"2022-11-29T16:16:42.9787368Z","@mt":"Memory is overutilized, so cooling down segment {Segment} ({HotCount} events)","Segment":"2022-11-11T17:00:00.0000000Z","HotCount":452,"SourceContext":"Flare.Cache.SegmentCache"}
{"@t":"2022-11-29T16:16:42.9791038Z","@mt":"Memory is overutilized, so cooling down segment {Segment} ({HotCount} events)","Segment":"2022-11-12T16:00:00.0000000Z","HotCount":991,"SourceContext":"Flare.Cache.SegmentCache"}
{"@t":"2022-11-29T16:16:42.9795213Z","@mt":"Memory is overutilized, so cooling down segment {Segment} ({HotCount} events)","Segment":"2022-11-13T18:00:00.0000000Z","HotCount":244,"SourceContext":"Flare.Cache.SegmentCache"}
{"@t":"2022-11-29T16:16:42.9798449Z","@mt":"Memory is overutilized, so cooling down segment {Segment} ({HotCount} events)","Segment":"2022-11-14T20:00:00.0000000Z","HotCount":434,"SourceContext":"Flare.Cache.SegmentCache"}
{"@t":"2022-11-29T16:16:42.9801871Z","@mt":"Memory is overutilized, so cooling down segment {Segment} ({HotCount} events)","Segment":"2022-11-14T21:00:00.0000000Z","HotCount":226,"SourceContext":"Flare.Cache.SegmentCache"}
{"@t":"2022-11-29T16:16:42.9805819Z","@mt":"Memory is overutilized, so cooling down segment {Segment} ({HotCount} events)","Segment":"2022-11-15T16:00:00.0000000Z","HotCount":793,"SourceContext":"Flare.Cache.SegmentCache"}
{"@t":"2022-11-29T16:16:42.9809512Z","@mt":"Memory is overutilized, so cooling down segment {Segment} ({HotCount} events)","Segment":"2022-11-16T20:00:00.0000000Z","HotCount":110,"SourceContext":"Flare.Cache.SegmentCache"}
{"@t":"2022-11-29T16:16:42.9812534Z","@mt":"Memory is overutilized, so cooling down segment {Segment} ({HotCount} events)","Segment":"2022-11-17T18:00:00.0000000Z","HotCount":401,"SourceContext":"Flare.Cache.SegmentCache"}
{"@t":"2022-11-29T16:16:42.9815521Z","@mt":"Memory is overutilized, so cooling down segment {Segment} ({HotCount} events)","Segment":"2022-11-17T19:00:00.0000000Z","HotCount":493,"SourceContext":"Flare.Cache.SegmentCache"}
{"@t":"2022-11-29T16:16:42.9819020Z","@mt":"Memory is overutilized, so cooling down segment {Segment} ({HotCount} events)","Segment":"2022-11-17T20:00:00.0000000Z","HotCount":494,"SourceContext":"Flare.Cache.SegmentCache"}
{"@t":"2022-11-29T16:16:42.9823086Z","@mt":"Memory is overutilized, so cooling down segment {Segment} ({HotCount} events)","Segment":"2022-11-18T13:00:00.0000000Z","HotCount":226,"SourceContext":"Flare.Cache.SegmentCache"}
{"@t":"2022-11-29T16:16:42.9826530Z","@mt":"Memory is overutilized, so cooling down segment {Segment} ({HotCount} events)","Segment":"2022-11-18T15:00:00.0000000Z","HotCount":466,"SourceContext":"Flare.Cache.SegmentCache"}
{"@t":"2022-11-29T16:16:42.9830275Z","@mt":"Memory is overutilized, so cooling down segment {Segment} ({HotCount} events)","Segment":"2022-11-18T16:00:00.0000000Z","HotCount":1181,"SourceContext":"Flare.Cache.SegmentCache"}
{"@t":"2022-11-29T16:16:42.9833676Z","@mt":"Memory is overutilized, so cooling down segment {Segment} ({HotCount} events)","Segment":"2022-11-18T20:00:00.0000000Z","HotCount":460,"SourceContext":"Flare.Cache.SegmentCache"}
{"@t":"2022-11-29T16:16:42.9837090Z","@mt":"Memory is overutilized, so cooling down segment {Segment} ({HotCount} events)","Segment":"2022-11-18T21:00:00.0000000Z","HotCount":238,"SourceContext":"Flare.Cache.SegmentCache"}
{"@t":"2022-11-29T16:16:42.9840663Z","@mt":"Memory is overutilized, so cooling down segment {Segment} ({HotCount} events)","Segment":"2022-11-19T15:00:00.0000000Z","HotCount":244,"SourceContext":"Flare.Cache.SegmentCache"}
{"@t":"2022-11-29T16:16:42.9843453Z","@mt":"Memory is overutilized, so cooling down segment {Segment} ({HotCount} events)","Segment":"2022-11-19T16:00:00.0000000Z","HotCount":1099,"SourceContext":"Flare.Cache.SegmentCache"}
{"@t":"2022-11-29T16:16:42.9849569Z","@mt":"Memory is overutilized, so cooling down segment {Segment} ({HotCount} events)","Segment":"2022-11-19T17:00:00.0000000Z","HotCount":565,"SourceContext":"Flare.Cache.SegmentCache"}
{"@t":"2022-11-29T16:16:42.9857270Z","@mt":"Memory is overutilized, so cooling down segment {Segment} ({HotCount} events)","Segment":"2022-11-19T19:00:00.0000000Z","HotCount":270,"SourceContext":"Flare.Cache.SegmentCache"}
{"@t":"2022-11-29T16:16:42.9860580Z","@mt":"Memory is overutilized, so cooling down segment {Segment} ({HotCount} events)","Segment":"2022-11-21T15:00:00.0000000Z","HotCount":254,"SourceContext":"Flare.Cache.SegmentCache"}
{"@t":"2022-11-29T16:16:42.9864015Z","@mt":"Memory is overutilized, so cooling down segment {Segment} ({HotCount} events)","Segment":"2022-11-21T17:00:00.0000000Z","HotCount":91,"SourceContext":"Flare.Cache.SegmentCache"}
{"@t":"2022-11-29T16:16:42.9867619Z","@mt":"Memory is overutilized, so cooling down segment {Segment} ({HotCount} events)","Segment":"2022-11-22T17:00:00.0000000Z","HotCount":764,"SourceContext":"Flare.Cache.SegmentCache"}
{"@t":"2022-11-29T16:16:42.9870160Z","@mt":"Memory is overutilized, so cooling down segment {Segment} ({HotCount} events)","Segment":"2022-11-22T18:00:00.0000000Z","HotCount":656,"SourceContext":"Flare.Cache.SegmentCache"}
{"@t":"2022-11-29T16:16:42.9874253Z","@mt":"Memory is overutilized, so cooling down segment {Segment} ({HotCount} events)","Segment":"2022-11-23T16:00:00.0000000Z","HotCount":1151,"SourceContext":"Flare.Cache.SegmentCache"}
{"@t":"2022-11-29T16:16:42.9877769Z","@mt":"Memory is overutilized, so cooling down segment {Segment} ({HotCount} events)","Segment":"2022-11-24T16:00:00.0000000Z","HotCount":277,"SourceContext":"Flare.Cache.SegmentCache"}
{"@t":"2022-11-29T16:16:42.9881293Z","@mt":"Memory is overutilized, so cooling down segment {Segment} ({HotCount} events)","Segment":"2022-11-24T17:00:00.0000000Z","HotCount":624,"SourceContext":"Flare.Cache.SegmentCache"}
{"@t":"2022-11-29T16:16:42.9884200Z","@mt":"Memory is overutilized, so cooling down segment {Segment} ({HotCount} events)","Segment":"2022-11-29T16:00:00.0000000Z","HotCount":134,"SourceContext":"Flare.Cache.SegmentCache"}
{"@t":"2022-11-29T16:17:07.7925494Z","@mt":"Termination signal received"}
{"@t":"2022-11-29T16:17:07.8182108Z","@mt":"Signalling for {Workers} worker task(s) to complete","Workers":3,"SourceContext":"Flare.Workers.WorkerPool"}
{"@t":"2022-11-29T16:19:52.7760085Z","@mt":"Seq {SeqVersion} running on OS {OSCaption}","SeqVersion":"2022.1.7929","OSCaption":"Linux 5.15.49-linuxkit #1 SMP Tue Sep 13 07:51:46 UTC 2022","SourceContext":"Seq.Server.Features.Diagnostics.EnvironmentInformationWriter"}
{"@t":"2022-11-29T16:19:52.8601716Z","@mt":"Seq detected {TotalRAM} MB of RAM","TotalRAM":2080.894976,"SourceContext":"Seq.Server.Features.Diagnostics.EnvironmentInformationWriter"}
{"@t":"2022-11-29T16:19:53.4271615Z","@mt":"Opening event store at {StreamPath}","StreamPath":"/data/Stream/stream.flare","SourceContext":"Flare.Cluster.StorageNodeCoordinator"}
{"@t":"2022-11-29T16:19:54.2643374Z","@mt":"Ingestion enabled","SourceContext":"Flare.Cluster.StorageNodeCoordinator"}
{"@t":"2022-11-29T16:19:54.2801660Z","@mt":"Cache warm-up is required","SourceContext":"Flare.Cache.SegmentCache","OperationId":"800694f3-d192-4de9-abc6-4c0ca0c08de3"}
{"@t":"2022-11-29T16:19:54.2841392Z","@mt":"Opening metastore {MetastorePath}","MetastorePath":"/data/Documents/metastore.flare","SourceContext":"Quince.Storage.Native.NativeDocumentStore"}
{"@t":"2022-11-29T16:19:54.5728466Z","@mt":"Storage subsystem available"}
{"@t":"2022-11-29T16:19:54.8077407Z","@mt":"Seq listening on {ListenUris}","ListenUris":["http://localhost/","https://localhost/","http://localhost:5341/","https://localhost:45341/"]}
{"@t":"2022-11-29T16:19:57.4301802Z","@mt":"Initial memory cache warm-up {Outcome} in {Elapsed:0.0} ms","@r":["3149.9"],"Outcome":"completed","Elapsed":3149.8681,"OperationId":"800694f3-d192-4de9-abc6-4c0ca0c08de3"}
{"@t":"2022-11-29T16:19:57.4318167Z","@mt":"{WarmSegments} segments warmed up ({@Shared})","WarmSegments":1964,"Shared":{"Schemata":115,"Strings":3608},"SourceContext":"Flare.Cache.SegmentCache"}
{"@t":"2022-11-29T16:20:07.5223692Z","@mt":"Memory is overutilized, so cooling down segment {Segment} ({HotCount} events)","Segment":"2022-09-08T21:00:00.0000000Z","HotCount":268,"SourceContext":"Flare.Cache.SegmentCache"}
{"@t":"2022-11-29T16:20:07.5239490Z","@mt":"Memory is overutilized, so cooling down segment {Segment} ({HotCount} events)","Segment":"2022-09-08T22:00:00.0000000Z","HotCount":3,"SourceContext":"Flare.Cache.SegmentCache"}
{"@t":"2022-11-29T16:20:07.5246823Z","@mt":"Memory is overutilized, so cooling down segment {Segment} ({HotCount} events)","Segment":"2022-09-20T18:00:00.0000000Z","HotCount":1380,"SourceContext":"Flare.Cache.SegmentCache"}
{"@t":"2022-11-29T16:20:07.5251998Z","@mt":"Memory is overutilized, so cooling down segment {Segment} ({HotCount} events)","Segment":"2022-09-20T19:00:00.0000000Z","HotCount":130,"SourceContext":"Flare.Cache.SegmentCache"}
{"@t":"2022-11-29T16:20:07.5257037Z","@mt":"Memory is overutilized, so cooling down segment {Segment} ({HotCount} events)","Segment":"2022-09-22T16:00:00.0000000Z","HotCount":734,"SourceContext":"Flare.Cache.SegmentCache"}
{"@t":"2022-11-29T16:20:07.5261754Z","@mt":"Memory is overutilized, so cooling down segment {Segment} ({HotCount} events)","Segment":"2022-09-22T17:00:00.0000000Z","HotCount":4002,"SourceContext":"Flare.Cache.SegmentCache"}
{"@t":"2022-11-29T16:20:07.5266372Z","@mt":"Memory is overutilized, so cooling down segment {Segment} ({HotCount} events)","Segment":"2022-09-24T10:00:00.0000000Z","HotCount":732,"SourceContext":"Flare.Cache.SegmentCache"}
{"@t":"2022-11-29T16:20:07.5269199Z","@mt":"Memory is overutilized, so cooling down segment {Segment} ({HotCount} events)","Segment":"2022-09-24T11:00:00.0000000Z","HotCount":7,"SourceContext":"Flare.Cache.SegmentCache"}
{"@t":"2022-11-29T16:20:07.5275873Z","@mt":"Memory is overutilized, so cooling down segment {Segment} ({HotCount} events)","Segment":"2022-09-25T15:00:00.0000000Z","HotCount":156,"SourceContext":"Flare.Cache.SegmentCache"}
{"@t":"2022-11-29T16:20:07.5279863Z","@mt":"Memory is overutilized, so cooling down segment {Segment} ({HotCount} events)","Segment":"2022-09-27T14:00:00.0000000Z","HotCount":201,"SourceContext":"Flare.Cache.SegmentCache"}
{"@t":"2022-11-29T16:20:07.5283111Z","@mt":"Memory is overutilized, so cooling down segment {Segment} ({HotCount} events)","Segment":"2022-09-27T15:00:00.0000000Z","HotCount":6,"SourceContext":"Flare.Cache.SegmentCache"}
{"@t":"2022-11-29T16:20:07.5285827Z","@mt":"Memory is overutilized, so cooling down segment {Segment} ({HotCount} events)","Segment":"2022-09-29T15:00:00.0000000Z","HotCount":156,"SourceContext":"Flare.Cache.SegmentCache"}
{"@t":"2022-11-29T16:20:07.5288139Z","@mt":"Memory is overutilized, so cooling down segment {Segment} ({HotCount} events)","Segment":"2022-10-02T11:00:00.0000000Z","HotCount":468,"SourceContext":"Flare.Cache.SegmentCache"}
{"@t":"2022-11-29T16:20:07.5291174Z","@mt":"Memory is overutilized, so cooling down segment {Segment} ({HotCount} events)","Segment":"2022-10-04T17:00:00.0000000Z","HotCount":331,"SourceContext":"Flare.Cache.SegmentCache"}
{"@t":"2022-11-29T16:20:07.5294550Z","@mt":"Memory is overutilized, so cooling down segment {Segment} ({HotCount} events)","Segment":"2022-10-04T18:00:00.0000000Z","HotCount":161,"SourceContext":"Flare.Cache.SegmentCache"}
{"@t":"2022-11-29T16:20:07.5297912Z","@mt":"Memory is overutilized, so cooling down segment {Segment} ({HotCount} events)","Segment":"2022-10-08T16:00:00.0000000Z","HotCount":300,"SourceContext":"Flare.Cache.SegmentCache"}
{"@t":"2022-11-29T16:20:07.5301748Z","@mt":"Memory is overutilized, so cooling down segment {Segment} ({HotCount} events)","Segment":"2022-10-08T17:00:00.0000000Z","HotCount":187,"SourceContext":"Flare.Cache.SegmentCache"}
{"@t":"2022-11-29T16:20:07.5305375Z","@mt":"Memory is overutilized, so cooling down segment {Segment} ({HotCount} events)","Segment":"2022-10-09T10:00:00.0000000Z","HotCount":655,"SourceContext":"Flare.Cache.SegmentCache"}
{"@t":"2022-11-29T16:20:07.5309349Z","@mt":"Memory is overutilized, so cooling down segment {Segment} ({HotCount} events)","Segment":"2022-10-09T11:00:00.0000000Z","HotCount":774,"SourceContext":"Flare.Cache.SegmentCache"}
{"@t":"2022-11-29T16:20:07.5315770Z","@mt":"Memory is overutilized, so cooling down segment {Segment} ({HotCount} events)","Segment":"2022-10-11T17:00:00.0000000Z","HotCount":589,"SourceContext":"Flare.Cache.SegmentCache"}
{"@t":"2022-11-29T16:20:07.5319179Z","@mt":"Memory is overutilized, so cooling down segment {Segment} ({HotCount} events)","Segment":"2022-10-11T18:00:00.0000000Z","HotCount":806,"SourceContext":"Flare.Cache.SegmentCache"}
{"@t":"2022-11-29T16:20:07.5322024Z","@mt":"Memory is overutilized, so cooling down segment {Segment} ({HotCount} events)","Segment":"2022-10-12T17:00:00.0000000Z","HotCount":612,"SourceContext":"Flare.Cache.SegmentCache"}
{"@t":"2022-11-29T16:20:07.5325170Z","@mt":"Memory is overutilized, so cooling down segment {Segment} ({HotCount} events)","Segment":"2022-10-12T21:00:00.0000000Z","HotCount":268,"SourceContext":"Flare.Cache.SegmentCache"}
{"@t":"2022-11-29T16:20:07.5329423Z","@mt":"Memory is overutilized, so cooling down segment {Segment} ({HotCount} events)","Segment":"2022-10-12T22:00:00.0000000Z","HotCount":223,"SourceContext":"Flare.Cache.SegmentCache"}
{"@t":"2022-11-29T16:20:07.5332887Z","@mt":"Memory is overutilized, so cooling down segment {Segment} ({HotCount} events)","Segment":"2022-10-13T15:00:00.0000000Z","HotCount":369,"SourceContext":"Flare.Cache.SegmentCache"}
{"@t":"2022-11-29T16:20:07.5336344Z","@mt":"Memory is overutilized, so cooling down segment {Segment} ({HotCount} events)","Segment":"2022-10-13T16:00:00.0000000Z","HotCount":333,"SourceContext":"Flare.Cache.SegmentCache"}
{"@t":"2022-11-29T16:20:07.5339090Z","@mt":"Memory is overutilized, so cooling down segment {Segment} ({HotCount} events)","Segment":"2022-10-14T17:00:00.0000000Z","HotCount":11,"SourceContext":"Flare.Cache.SegmentCache"}
{"@t":"2022-11-29T16:20:07.5342384Z","@mt":"Memory is overutilized, so cooling down segment {Segment} ({HotCount} events)","Segment":"2022-10-14T18:00:00.0000000Z","HotCount":130,"SourceContext":"Flare.Cache.SegmentCache"}
{"@t":"2022-11-29T16:20:07.5345282Z","@mt":"Memory is overutilized, so cooling down segment {Segment} ({HotCount} events)","Segment":"2022-10-15T17:00:00.0000000Z","HotCount":799,"SourceContext":"Flare.Cache.SegmentCache"}
{"@t":"2022-11-29T16:20:07.5347603Z","@mt":"Memory is overutilized, so cooling down segment {Segment} ({HotCount} events)","Segment":"2022-10-15T18:00:00.0000000Z","HotCount":1320,"SourceContext":"Flare.Cache.SegmentCache"}
{"@t":"2022-11-29T16:20:07.5351322Z","@mt":"Memory is overutilized, so cooling down segment {Segment} ({HotCount} events)","Segment":"2022-10-15T19:00:00.0000000Z","HotCount":65,"SourceContext":"Flare.Cache.SegmentCache"}
{"@t":"2022-11-29T16:20:07.5354917Z","@mt":"Memory is overutilized, so cooling down segment {Segment} ({HotCount} events)","Segment":"2022-10-15T20:00:00.0000000Z","HotCount":325,"SourceContext":"Flare.Cache.SegmentCache"}
{"@t":"2022-11-29T16:20:07.5357863Z","@mt":"Memory is overutilized, so cooling down segment {Segment} ({HotCount} events)","Segment":"2022-10-17T13:00:00.0000000Z","HotCount":65,"SourceContext":"Flare.Cache.SegmentCache"}
{"@t":"2022-11-29T16:20:07.5361474Z","@mt":"Memory is overutilized, so cooling down segment {Segment} ({HotCount} events)","Segment":"2022-10-18T17:00:00.0000000Z","HotCount":223,"SourceContext":"Flare.Cache.SegmentCache"}
{"@t":"2022-11-29T16:20:07.5364261Z","@mt":"Memory is overutilized, so cooling down segment {Segment} ({HotCount} events)","Segment":"2022-10-18T18:00:00.0000000Z","HotCount":880,"SourceContext":"Flare.Cache.SegmentCache"}
{"@t":"2022-11-29T16:20:07.5367680Z","@mt":"Memory is overutilized, so cooling down segment {Segment} ({HotCount} events)","Segment":"2022-10-18T19:00:00.0000000Z","HotCount":27,"SourceContext":"Flare.Cache.SegmentCache"}
{"@t":"2022-11-29T16:20:07.5371912Z","@mt":"Memory is overutilized, so cooling down segment {Segment} ({HotCount} events)","Segment":"2022-10-19T14:00:00.0000000Z","HotCount":65,"SourceContext":"Flare.Cache.SegmentCache"}
{"@t":"2022-11-29T16:20:07.5377933Z","@mt":"Memory is overutilized, so cooling down segment {Segment} ({HotCount} events)","Segment":"2022-10-20T15:00:00.0000000Z","HotCount":211,"SourceContext":"Flare.Cache.SegmentCache"}
{"@t":"2022-11-29T16:20:07.5380208Z","@mt":"Memory is overutilized, so cooling down segment {Segment} ({HotCount} events)","Segment":"2022-10-20T16:00:00.0000000Z","HotCount":904,"SourceContext":"Flare.Cache.SegmentCache"}
{"@t":"2022-11-29T16:20:07.5383719Z","@mt":"Memory is overutilized, so cooling down segment {Segment} ({HotCount} events)","Segment":"2022-10-22T15:00:00.0000000Z","HotCount":116,"SourceContext":"Flare.Cache.SegmentCache"}
{"@t":"2022-11-29T16:20:07.5387399Z","@mt":"Memory is overutilized, so cooling down segment {Segment} ({HotCount} events)","Segment":"2022-10-22T16:00:00.0000000Z","HotCount":65,"SourceContext":"Flare.Cache.SegmentCache"}
{"@t":"2022-11-29T16:20:07.5390386Z","@mt":"Memory is overutilized, so cooling down segment {Segment} ({HotCount} events)","Segment":"2022-10-22T18:00:00.0000000Z","HotCount":273,"SourceContext":"Flare.Cache.SegmentCache"}
{"@t":"2022-11-29T16:20:07.5392922Z","@mt":"Memory is overutilized, so cooling down segment {Segment} ({HotCount} events)","Segment":"2022-10-24T16:00:00.0000000Z","HotCount":288,"SourceContext":"Flare.Cache.SegmentCache"}
{"@t":"2022-11-29T16:20:07.5396061Z","@mt":"Memory is overutilized, so cooling down segment {Segment} ({HotCount} events)","Segment":"2022-10-24T17:00:00.0000000Z","HotCount":452,"SourceContext":"Flare.Cache.SegmentCache"}
{"@t":"2022-11-29T16:20:07.5400130Z","@mt":"Memory is overutilized, so cooling down segment {Segment} ({HotCount} events)","Segment":"2022-10-24T19:00:00.0000000Z","HotCount":175,"SourceContext":"Flare.Cache.SegmentCache"}
{"@t":"2022-11-29T16:20:07.5404961Z","@mt":"Memory is overutilized, so cooling down segment {Segment} ({HotCount} events)","Segment":"2022-10-24T20:00:00.0000000Z","HotCount":20,"SourceContext":"Flare.Cache.SegmentCache"}
{"@t":"2022-11-29T16:20:07.5409005Z","@mt":"Memory is overutilized, so cooling down segment {Segment} ({HotCount} events)","Segment":"2022-10-25T19:00:00.0000000Z","HotCount":223,"SourceContext":"Flare.Cache.SegmentCache"}
{"@t":"2022-11-29T16:20:07.5415389Z","@mt":"Memory is overutilized, so cooling down segment {Segment} ({HotCount} events)","Segment":"2022-10-26T14:00:00.0000000Z","HotCount":223,"SourceContext":"Flare.Cache.SegmentCache"}
{"@t":"2022-11-29T16:20:07.5423137Z","@mt":"Memory is overutilized, so cooling down segment {Segment} ({HotCount} events)","Segment":"2022-10-26T15:00:00.0000000Z","HotCount":1301,"SourceContext":"Flare.Cache.SegmentCache"}
{"@t":"2022-11-29T16:20:07.5426826Z","@mt":"Memory is overutilized, so cooling down segment {Segment} ({HotCount} events)","Segment":"2022-10-26T20:00:00.0000000Z","HotCount":1571,"SourceContext":"Flare.Cache.SegmentCache"}
{"@t":"2022-11-29T16:20:07.5432850Z","@mt":"Memory is overutilized, so cooling down segment {Segment} ({HotCount} events)","Segment":"2022-10-26T21:00:00.0000000Z","HotCount":102,"SourceContext":"Flare.Cache.SegmentCache"}
{"@t":"2022-11-29T16:20:07.5438622Z","@mt":"Memory is overutilized, so cooling down segment {Segment} ({HotCount} events)","Segment":"2022-10-29T13:00:00.0000000Z","HotCount":541,"SourceContext":"Flare.Cache.SegmentCache"}
{"@t":"2022-11-29T16:20:07.5443220Z","@mt":"Memory is overutilized, so cooling down segment {Segment} ({HotCount} events)","Segment":"2022-10-29T14:00:00.0000000Z","HotCount":1316,"SourceContext":"Flare.Cache.SegmentCache"}
{"@t":"2022-11-29T16:20:07.5447683Z","@mt":"Memory is overutilized, so cooling down segment {Segment} ({HotCount} events)","Segment":"2022-10-30T11:00:00.0000000Z","HotCount":506,"SourceContext":"Flare.Cache.SegmentCache"}
{"@t":"2022-11-29T16:20:07.5452176Z","@mt":"Memory is overutilized, so cooling down segment {Segment} ({HotCount} events)","Segment":"2022-10-30T12:00:00.0000000Z","HotCount":152,"SourceContext":"Flare.Cache.SegmentCache"}
{"@t":"2022-11-29T16:20:07.5458539Z","@mt":"Memory is overutilized, so cooling down segment {Segment} ({HotCount} events)","Segment":"2022-10-30T16:00:00.0000000Z","HotCount":65,"SourceContext":"Flare.Cache.SegmentCache"}
{"@t":"2022-11-29T16:20:07.5462294Z","@mt":"Memory is overutilized, so cooling down segment {Segment} ({HotCount} events)","Segment":"2022-10-30T17:00:00.0000000Z","HotCount":1537,"SourceContext":"Flare.Cache.SegmentCache"}
{"@t":"2022-11-29T16:20:07.5466226Z","@mt":"Memory is overutilized, so cooling down segment {Segment} ({HotCount} events)","Segment":"2022-10-31T17:00:00.0000000Z","HotCount":65,"SourceContext":"Flare.Cache.SegmentCache"}
{"@t":"2022-11-29T16:20:07.5469477Z","@mt":"Memory is overutilized, so cooling down segment {Segment} ({HotCount} events)","Segment":"2022-11-01T18:00:00.0000000Z","HotCount":840,"SourceContext":"Flare.Cache.SegmentCache"}
{"@t":"2022-11-29T16:20:07.5473266Z","@mt":"Memory is overutilized, so cooling down segment {Segment} ({HotCount} events)","Segment":"2022-11-01T19:00:00.0000000Z","HotCount":649,"SourceContext":"Flare.Cache.SegmentCache"}
{"@t":"2022-11-29T16:20:07.5476554Z","@mt":"Memory is overutilized, so cooling down segment {Segment} ({HotCount} events)","Segment":"2022-11-02T16:00:00.0000000Z","HotCount":106,"SourceContext":"Flare.Cache.SegmentCache"}
{"@t":"2022-11-29T16:20:07.5480619Z","@mt":"Memory is overutilized, so cooling down segment {Segment} ({HotCount} events)","Segment":"2022-11-04T20:00:00.0000000Z","HotCount":371,"SourceContext":"Flare.Cache.SegmentCache"}
{"@t":"2022-11-29T16:20:07.5483362Z","@mt":"Memory is overutilized, so cooling down segment {Segment} ({HotCount} events)","Segment":"2022-11-05T11:00:00.0000000Z","HotCount":297,"SourceContext":"Flare.Cache.SegmentCache"}
{"@t":"2022-11-29T16:20:07.5487371Z","@mt":"Memory is overutilized, so cooling down segment {Segment} ({HotCount} events)","Segment":"2022-11-05T17:00:00.0000000Z","HotCount":288,"SourceContext":"Flare.Cache.SegmentCache"}
{"@t":"2022-11-29T16:20:07.5490585Z","@mt":"Memory is overutilized, so cooling down segment {Segment} ({HotCount} events)","Segment":"2022-11-05T18:00:00.0000000Z","HotCount":88,"SourceContext":"Flare.Cache.SegmentCache"}
{"@t":"2022-11-29T16:20:07.5493900Z","@mt":"Memory is overutilized, so cooling down segment {Segment} ({HotCount} events)","Segment":"2022-11-06T13:00:00.0000000Z","HotCount":130,"SourceContext":"Flare.Cache.SegmentCache"}
{"@t":"2022-11-29T16:20:07.5496993Z","@mt":"Memory is overutilized, so cooling down segment {Segment} ({HotCount} events)","Segment":"2022-11-08T18:00:00.0000000Z","HotCount":65,"SourceContext":"Flare.Cache.SegmentCache"}
{"@t":"2022-11-29T16:20:07.5500409Z","@mt":"Memory is overutilized, so cooling down segment {Segment} ({HotCount} events)","Segment":"2022-11-08T19:00:00.0000000Z","HotCount":65,"SourceContext":"Flare.Cache.SegmentCache"}
{"@t":"2022-11-29T16:20:07.5503403Z","@mt":"Memory is overutilized, so cooling down segment {Segment} ({HotCount} events)","Segment":"2022-11-10T17:00:00.0000000Z","HotCount":226,"SourceContext":"Flare.Cache.SegmentCache"}
{"@t":"2022-11-29T16:20:07.5506612Z","@mt":"Memory is overutilized, so cooling down segment {Segment} ({HotCount} events)","Segment":"2022-11-10T18:00:00.0000000Z","HotCount":226,"SourceContext":"Flare.Cache.SegmentCache"}
{"@t":"2022-11-29T16:20:07.5510650Z","@mt":"Memory is overutilized, so cooling down segment {Segment} ({HotCount} events)","Segment":"2022-11-10T19:00:00.0000000Z","HotCount":356,"SourceContext":"Flare.Cache.SegmentCache"}
{"@t":"2022-11-29T16:20:07.5514092Z","@mt":"Memory is overutilized, so cooling down segment {Segment} ({HotCount} events)","Segment":"2022-11-10T20:00:00.0000000Z","HotCount":360,"SourceContext":"Flare.Cache.SegmentCache"}
{"@t":"2022-11-29T16:20:07.5517125Z","@mt":"Memory is overutilized, so cooling down segment {Segment} ({HotCount} events)","Segment":"2022-11-11T17:00:00.0000000Z","HotCount":452,"SourceContext":"Flare.Cache.SegmentCache"}
{"@t":"2022-11-29T16:20:07.5520694Z","@mt":"Memory is overutilized, so cooling down segment {Segment} ({HotCount} events)","Segment":"2022-11-12T16:00:00.0000000Z","HotCount":991,"SourceContext":"Flare.Cache.SegmentCache"}
{"@t":"2022-11-29T16:20:07.5525954Z","@mt":"Memory is overutilized, so cooling down segment {Segment} ({HotCount} events)","Segment":"2022-11-13T18:00:00.0000000Z","HotCount":244,"SourceContext":"Flare.Cache.SegmentCache"}
{"@t":"2022-11-29T16:20:07.5528809Z","@mt":"Memory is overutilized, so cooling down segment {Segment} ({HotCount} events)","Segment":"2022-11-14T20:00:00.0000000Z","HotCount":434,"SourceContext":"Flare.Cache.SegmentCache"}
{"@t":"2022-11-29T16:20:07.5532448Z","@mt":"Memory is overutilized, so cooling down segment {Segment} ({HotCount} events)","Segment":"2022-11-14T21:00:00.0000000Z","HotCount":226,"SourceContext":"Flare.Cache.SegmentCache"}
{"@t":"2022-11-29T16:20:07.5535219Z","@mt":"Memory is overutilized, so cooling down segment {Segment} ({HotCount} events)","Segment":"2022-11-15T16:00:00.0000000Z","HotCount":793,"SourceContext":"Flare.Cache.SegmentCache"}
{"@t":"2022-11-29T16:20:07.5538739Z","@mt":"Memory is overutilized, so cooling down segment {Segment} ({HotCount} events)","Segment":"2022-11-16T20:00:00.0000000Z","HotCount":110,"SourceContext":"Flare.Cache.SegmentCache"}
{"@t":"2022-11-29T16:20:07.5542617Z","@mt":"Memory is overutilized, so cooling down segment {Segment} ({HotCount} events)","Segment":"2022-11-17T18:00:00.0000000Z","HotCount":401,"SourceContext":"Flare.Cache.SegmentCache"}
{"@t":"2022-11-29T16:20:07.5545552Z","@mt":"Memory is overutilized, so cooling down segment {Segment} ({HotCount} events)","Segment":"2022-11-17T19:00:00.0000000Z","HotCount":493,"SourceContext":"Flare.Cache.SegmentCache"}
{"@t":"2022-11-29T16:20:07.5549302Z","@mt":"Memory is overutilized, so cooling down segment {Segment} ({HotCount} events)","Segment":"2022-11-17T20:00:00.0000000Z","HotCount":494,"SourceContext":"Flare.Cache.SegmentCache"}
{"@t":"2022-11-29T16:20:07.5554027Z","@mt":"Memory is overutilized, so cooling down segment {Segment} ({HotCount} events)","Segment":"2022-11-18T13:00:00.0000000Z","HotCount":226,"SourceContext":"Flare.Cache.SegmentCache"}
{"@t":"2022-11-29T16:20:07.5557877Z","@mt":"Memory is overutilized, so cooling down segment {Segment} ({HotCount} events)","Segment":"2022-11-18T15:00:00.0000000Z","HotCount":466,"SourceContext":"Flare.Cache.SegmentCache"}
{"@t":"2022-11-29T16:20:07.5560490Z","@mt":"Memory is overutilized, so cooling down segment {Segment} ({HotCount} events)","Segment":"2022-11-18T16:00:00.0000000Z","HotCount":1181,"SourceContext":"Flare.Cache.SegmentCache"}
{"@t":"2022-11-29T16:20:07.5564081Z","@mt":"Memory is overutilized, so cooling down segment {Segment} ({HotCount} events)","Segment":"2022-11-18T20:00:00.0000000Z","HotCount":460,"SourceContext":"Flare.Cache.SegmentCache"}
{"@t":"2022-11-29T16:20:07.5567593Z","@mt":"Memory is overutilized, so cooling down segment {Segment} ({HotCount} events)","Segment":"2022-11-18T21:00:00.0000000Z","HotCount":238,"SourceContext":"Flare.Cache.SegmentCache"}
{"@t":"2022-11-29T16:20:07.5570953Z","@mt":"Memory is overutilized, so cooling down segment {Segment} ({HotCount} events)","Segment":"2022-11-19T15:00:00.0000000Z","HotCount":244,"SourceContext":"Flare.Cache.SegmentCache"}
{"@t":"2022-11-29T16:20:07.5574632Z","@mt":"Memory is overutilized, so cooling down segment {Segment} ({HotCount} events)","Segment":"2022-11-19T16:00:00.0000000Z","HotCount":1099,"SourceContext":"Flare.Cache.SegmentCache"}
{"@t":"2022-11-29T16:20:07.5579265Z","@mt":"Memory is overutilized, so cooling down segment {Segment} ({HotCount} events)","Segment":"2022-11-19T17:00:00.0000000Z","HotCount":565,"SourceContext":"Flare.Cache.SegmentCache"}
{"@t":"2022-11-29T16:20:07.5585088Z","@mt":"Memory is overutilized, so cooling down segment {Segment} ({HotCount} events)","Segment":"2022-11-19T19:00:00.0000000Z","HotCount":270,"SourceContext":"Flare.Cache.SegmentCache"}
{"@t":"2022-11-29T16:20:07.5593146Z","@mt":"Memory is overutilized, so cooling down segment {Segment} ({HotCount} events)","Segment":"2022-11-21T15:00:00.0000000Z","HotCount":254,"SourceContext":"Flare.Cache.SegmentCache"}
{"@t":"2022-11-29T16:20:07.5602289Z","@mt":"Memory is overutilized, so cooling down segment {Segment} ({HotCount} events)","Segment":"2022-11-21T17:00:00.0000000Z","HotCount":91,"SourceContext":"Flare.Cache.SegmentCache"}
{"@t":"2022-11-29T16:20:07.5605794Z","@mt":"Memory is overutilized, so cooling down segment {Segment} ({HotCount} events)","Segment":"2022-11-22T17:00:00.0000000Z","HotCount":764,"SourceContext":"Flare.Cache.SegmentCache"}
{"@t":"2022-11-29T16:20:07.5611244Z","@mt":"Memory is overutilized, so cooling down segment {Segment} ({HotCount} events)","Segment":"2022-11-22T18:00:00.0000000Z","HotCount":656,"SourceContext":"Flare.Cache.SegmentCache"}
{"@t":"2022-11-29T16:20:07.5616044Z","@mt":"Memory is overutilized, so cooling down segment {Segment} ({HotCount} events)","Segment":"2022-11-23T16:00:00.0000000Z","HotCount":1151,"SourceContext":"Flare.Cache.SegmentCache"}
{"@t":"2022-11-29T16:20:07.5620675Z","@mt":"Memory is overutilized, so cooling down segment {Segment} ({HotCount} events)","Segment":"2022-11-24T16:00:00.0000000Z","HotCount":277,"SourceContext":"Flare.Cache.SegmentCache"}
{"@t":"2022-11-29T16:20:07.5623771Z","@mt":"Memory is overutilized, so cooling down segment {Segment} ({HotCount} events)","Segment":"2022-11-24T17:00:00.0000000Z","HotCount":624,"SourceContext":"Flare.Cache.SegmentCache"}
{"@t":"2022-11-29T16:20:07.5626759Z","@mt":"Memory is overutilized, so cooling down segment {Segment} ({HotCount} events)","Segment":"2022-11-29T16:00:00.0000000Z","HotCount":203,"SourceContext":"Flare.Cache.SegmentCache"}
{"@t":"2022-11-29T16:20:54.9003369Z","@mt":"{CollectionCount} more generation 2 garbage collection(s) occurred","CollectionCount":3,"SourceContext":"Seq.Server.Features.Diagnostics.GCLogger"}
{"@t":"2022-11-29T16:24:54.9083950Z","@mt":"Metrics sampled","CacheDays":0,"CacheEvents":0,"SystemMemoryUtilization":0.7658843653241633,"ProcessWorkingSetBytes":316641280,"GCTotalHeapSizeBytes":20205824,"GCTotalFragmentedBytes":38560,"GCPauseTimePercentage":1.57,"GCGen0EnterHeapSizeBytes":140696584,"GCGen0ExitHeapSizeBytes":192,"GCGen0EnterFragmentedBytes":115776,"GCGen0ExitFragmentedBytes":0,"GCGen1EnterHeapSizeBytes":20097752,"GCGen1ExitHeapSizeBytes":8161496,"GCGen1EnterFragmentedBytes":434280,"GCGen1ExitFragmentedBytes":174528,"GCGen2EnterHeapSizeBytes":26172216,"GCGen2ExitHeapSizeBytes":27132304,"GCGen2EnterFragmentedBytes":2296,"GCGen2ExitFragmentedBytes":19400,"GCGen3EnterHeapSizeBytes":32660168,"GCGen3ExitHeapSizeBytes":22174352,"GCGen3EnterFragmentedBytes":416,"GCGen3ExitFragmentedBytes":384,"GCGen4EnterHeapSizeBytes":443896,"GCGen4ExitHeapSizeBytes":443896,"GCGen4EnterFragmentedBytes":0,"GCGen4ExitFragmentedBytes":0,"GCPause0DurationMs":7.024,"GCPause1DurationMs":7.024,"ProcessThreads":31,"ArrivedEventsPerMinute":0,"IngestedEventsPerMinute":0,"IngestedBytesPerMinute":0,"InvalidPayloadsPerMinute":0,"UnauthorizedPayloadsPerMinute":0,"TotalWriteTimeLastMinute":"Flare.Diagnostics.Counters.RateCounter","BroadcastQueueCount":0,"BroadcastSubscriptionQueuesAggregateCount":0}
{"@t":"2022-11-29T16:29:54.8996251Z","@mt":"Metrics sampled","CacheDays":0,"CacheEvents":0,"SystemMemoryUtilization":0.7737539638329157,"ProcessWorkingSetBytes":315928576,"GCTotalHeapSizeBytes":20205824,"GCTotalFragmentedBytes":38560,"GCPauseTimePercentage":1.57,"GCGen0EnterHeapSizeBytes":140696584,"GCGen0ExitHeapSizeBytes":192,"GCGen0EnterFragmentedBytes":115776,"GCGen0ExitFragmentedBytes":0,"GCGen1EnterHeapSizeBytes":20097752,"GCGen1ExitHeapSizeBytes":8161496,"GCGen1EnterFragmentedBytes":434280,"GCGen1ExitFragmentedBytes":174528,"GCGen2EnterHeapSizeBytes":26172216,"GCGen2ExitHeapSizeBytes":27132304,"GCGen2EnterFragmentedBytes":2296,"GCGen2ExitFragmentedBytes":19400,"GCGen3EnterHeapSizeBytes":32660168,"GCGen3ExitHeapSizeBytes":22174352,"GCGen3EnterFragmentedBytes":416,"GCGen3ExitFragmentedBytes":384,"GCGen4EnterHeapSizeBytes":443896,"GCGen4ExitHeapSizeBytes":443896,"GCGen4EnterFragmentedBytes":0,"GCGen4ExitFragmentedBytes":0,"GCPause0DurationMs":7.024,"GCPause1DurationMs":7.024,"ProcessThreads":32,"ArrivedEventsPerMinute":0,"IngestedEventsPerMinute":0,"IngestedBytesPerMinute":0,"InvalidPayloadsPerMinute":0,"UnauthorizedPayloadsPerMinute":0,"TotalWriteTimeLastMinute":"Flare.Diagnostics.Counters.RateCounter","BroadcastQueueCount":0,"BroadcastSubscriptionQueuesAggregateCount":0}
{"@t":"2022-11-29T16:29:54.9035675Z","@mt":"Applying {Count} retention policies","Count":0,"SourceContext":"Seq.Server.Features.Retention.RetentionPolicyApplier"}
{"@t":"2022-11-29T16:29:54.9064779Z","@mt":"Retention processing and compaction took {Elapsed} ms; allocating {Allocation} ms for indexing","Elapsed":4.4563,"Allocation":599995.5437}
{"@t":"2022-11-29T16:29:54.9086695Z","@mt":"Beginning indexing","SourceContext":"Seq.Server.Features.Indexing.EventStoreIndexer"}
{"@t":"2022-11-29T16:29:57.3785799Z","@mt":"Wrote {IndexSetCount} index sets in {Elapsed:0.000} ms","@r":["2469.000"],"IndexSetCount":1,"Elapsed":2469,"SourceContext":"Seq.Server.Features.Indexing.EventStoreIndexer"}
{"@t":"2022-11-29T16:29:57.3792190Z","@mt":"Indexing took {Elapsed} ms; total iteration time was {Iteration} ms","Elapsed":2471,"Iteration":2476.3337}
{"@t":"2022-11-29T16:34:50.7360439Z","@mt":"Termination signal received"}
{"@t":"2022-11-29T16:34:50.7606323Z","@mt":"Signalling for {Workers} worker task(s) to complete","Workers":3,"SourceContext":"Flare.Workers.WorkerPool"}
{"@t":"2022-11-29T16:34:50.8940796Z","@mt":"Work {WorkDescription} ({WorkId}) observed cancellation and completed","WorkDescription":"Manage event cache resources","WorkId":"7524ea6d-637d-47b3-8e5d-8360549df9bf","SourceContext":"Flare.Workers.WorkerPool"}
{"@t":"2022-11-29T16:34:51.2564189Z","@mt":"Work {WorkDescription} ({WorkId}) observed cancellation and completed","WorkDescription":"Monitor alerts and trigger notifications","WorkId":"15593fe6-4286-449c-91f0-ffefa77ce2f9","SourceContext":"Flare.Workers.WorkerPool"}
{"@t":"2022-11-29T16:34:54.3833540Z","@mt":"Work {WorkDescription} ({WorkId}) observed cancellation and completed","WorkDescription":"Sample system memory","WorkId":"a7041c6b-31d4-4888-9633-08d209fd5537","SourceContext":"Flare.Workers.WorkerPool"}
{"@t":"2022-11-29T16:34:54.4689239Z","@mt":"Stopping {Tasks} scheduled tasks","Tasks":15,"SourceContext":"Seq.Server.Tasks.TaskRunner"}
{"@t":"2022-11-29T16:34:54.5064155Z","@mt":"Stopping input channel","SourceContext":"Seq.Server.Features.Apps.Inputs.InputChannel"}
{"@t":"2022-11-29T16:34:55.0551238Z","@mt":"Shutting down input channel; {AcceptedCount} queued events will be written","AcceptedCount":0,"SourceContext":"Seq.Server.Features.Apps.Inputs.InputChannel"}
{"@t":"2022-11-29T16:34:55.0563524Z","@mt":"Stopping broadcast channel","SourceContext":"Flare.Broadcast.BroadcastChannel"}
{"@t":"2022-11-29T16:34:56.0284350Z","@mt":"Shutting down broadcast channel with {AllowableFlush} flushable event batches (+{Tolerance} tolerance)","AllowableFlush":0,"Tolerance":15,"SourceContext":"Flare.Broadcast.BroadcastChannel"}
{"@t":"2022-11-29T16:34:56.0313039Z","@mt":"Closing event store","SourceContext":"Flare.Cluster.StorageNodeCoordinator"}
{"@t":"2022-11-29T16:34:56.0321440Z","@mt":"Closing metastore","SourceContext":"Quince.Storage.Native.NativeDocumentStore"}
{"@t":"2022-11-29T16:34:56.0351269Z","@mt":"Server stopped cleanly"}
