{"@t":"2022-11-06T13:02:47.0937707Z","@mt":"Seq {SeqVersion} running on OS {OSCaption}","SeqVersion":"2022.1.7929","OSCaption":"Linux 5.15.49-linuxkit #1 SMP Tue Sep 13 07:51:46 UTC 2022","SourceContext":"Seq.Server.Features.Diagnostics.EnvironmentInformationWriter"}
{"@t":"2022-11-06T13:02:47.2962213Z","@mt":"Seq detected {TotalRAM} MB of RAM","TotalRAM":2080.894976,"SourceContext":"Seq.Server.Features.Diagnostics.EnvironmentInformationWriter"}
{"@t":"2022-11-06T13:02:48.0678709Z","@mt":"Opening event store at {StreamPath}","StreamPath":"/data/Stream/stream.flare","SourceContext":"Flare.Cluster.StorageNodeCoordinator"}
{"@t":"2022-11-06T13:02:49.3825137Z","@mt":"Ingestion enabled","SourceContext":"Flare.Cluster.StorageNodeCoordinator"}
{"@t":"2022-11-06T13:02:49.3932724Z","@mt":"Cache warm-up is required","SourceContext":"Flare.Cache.SegmentCache","OperationId":"024d3339-f1cb-40bf-9350-a1bfd0162175"}
{"@t":"2022-11-06T13:02:49.4351405Z","@mt":"Opening metastore {MetastorePath}","MetastorePath":"/data/Documents/metastore.flare","SourceContext":"Quince.Storage.Native.NativeDocumentStore"}
{"@t":"2022-11-06T13:02:49.7894948Z","@mt":"Storage subsystem available"}
{"@t":"2022-11-06T13:02:50.0404305Z","@mt":"Seq listening on {ListenUris}","ListenUris":["http://localhost/","https://localhost/","http://localhost:5341/","https://localhost:45341/"]}
{"@t":"2022-11-06T13:02:52.7471571Z","@mt":"Initial memory cache warm-up {Outcome} in {Elapsed:0.0} ms","@r":["3353.7"],"Outcome":"completed","Elapsed":3353.6683,"OperationId":"024d3339-f1cb-40bf-9350-a1bfd0162175"}
{"@t":"2022-11-06T13:02:52.7493900Z","@mt":"{WarmSegments} segments warmed up ({@Shared})","WarmSegments":1390,"Shared":{"Schemata":115,"Strings":2955},"SourceContext":"Flare.Cache.SegmentCache"}
{"@t":"2022-11-06T13:03:02.8339040Z","@mt":"Memory is overutilized, so cooling down segment {Segment} ({HotCount} events)","Segment":"2022-09-08T21:00:00.0000000Z","HotCount":268,"SourceContext":"Flare.Cache.SegmentCache"}
{"@t":"2022-11-06T13:03:02.8355885Z","@mt":"Memory is overutilized, so cooling down segment {Segment} ({HotCount} events)","Segment":"2022-09-08T22:00:00.0000000Z","HotCount":3,"SourceContext":"Flare.Cache.SegmentCache"}
{"@t":"2022-11-06T13:03:02.8365462Z","@mt":"Memory is overutilized, so cooling down segment {Segment} ({HotCount} events)","Segment":"2022-09-20T18:00:00.0000000Z","HotCount":1380,"SourceContext":"Flare.Cache.SegmentCache"}
{"@t":"2022-11-06T13:03:02.8372648Z","@mt":"Memory is overutilized, so cooling down segment {Segment} ({HotCount} events)","Segment":"2022-09-20T19:00:00.0000000Z","HotCount":130,"SourceContext":"Flare.Cache.SegmentCache"}
{"@t":"2022-11-06T13:03:02.8379698Z","@mt":"Memory is overutilized, so cooling down segment {Segment} ({HotCount} events)","Segment":"2022-09-22T16:00:00.0000000Z","HotCount":734,"SourceContext":"Flare.Cache.SegmentCache"}
{"@t":"2022-11-06T13:03:02.8385344Z","@mt":"Memory is overutilized, so cooling down segment {Segment} ({HotCount} events)","Segment":"2022-09-22T17:00:00.0000000Z","HotCount":4002,"SourceContext":"Flare.Cache.SegmentCache"}
{"@t":"2022-11-06T13:03:02.8391167Z","@mt":"Memory is overutilized, so cooling down segment {Segment} ({HotCount} events)","Segment":"2022-09-24T10:00:00.0000000Z","HotCount":732,"SourceContext":"Flare.Cache.SegmentCache"}
{"@t":"2022-11-06T13:03:02.8399389Z","@mt":"Memory is overutilized, so cooling down segment {Segment} ({HotCount} events)","Segment":"2022-09-24T11:00:00.0000000Z","HotCount":7,"SourceContext":"Flare.Cache.SegmentCache"}
{"@t":"2022-11-06T13:03:02.8404735Z","@mt":"Memory is overutilized, so cooling down segment {Segment} ({HotCount} events)","Segment":"2022-09-25T15:00:00.0000000Z","HotCount":156,"SourceContext":"Flare.Cache.SegmentCache"}
{"@t":"2022-11-06T13:03:02.8410467Z","@mt":"Memory is overutilized, so cooling down segment {Segment} ({HotCount} events)","Segment":"2022-09-27T14:00:00.0000000Z","HotCount":201,"SourceContext":"Flare.Cache.SegmentCache"}
{"@t":"2022-11-06T13:03:02.8417574Z","@mt":"Memory is overutilized, so cooling down segment {Segment} ({HotCount} events)","Segment":"2022-09-27T15:00:00.0000000Z","HotCount":6,"SourceContext":"Flare.Cache.SegmentCache"}
{"@t":"2022-11-06T13:03:02.8433991Z","@mt":"Memory is overutilized, so cooling down segment {Segment} ({HotCount} events)","Segment":"2022-09-29T15:00:00.0000000Z","HotCount":156,"SourceContext":"Flare.Cache.SegmentCache"}
{"@t":"2022-11-06T13:03:02.8444564Z","@mt":"Memory is overutilized, so cooling down segment {Segment} ({HotCount} events)","Segment":"2022-10-02T11:00:00.0000000Z","HotCount":468,"SourceContext":"Flare.Cache.SegmentCache"}
{"@t":"2022-11-06T13:03:02.8454282Z","@mt":"Memory is overutilized, so cooling down segment {Segment} ({HotCount} events)","Segment":"2022-10-04T17:00:00.0000000Z","HotCount":331,"SourceContext":"Flare.Cache.SegmentCache"}
{"@t":"2022-11-06T13:03:02.8459019Z","@mt":"Memory is overutilized, so cooling down segment {Segment} ({HotCount} events)","Segment":"2022-10-04T18:00:00.0000000Z","HotCount":161,"SourceContext":"Flare.Cache.SegmentCache"}
{"@t":"2022-11-06T13:03:02.8467207Z","@mt":"Memory is overutilized, so cooling down segment {Segment} ({HotCount} events)","Segment":"2022-10-08T16:00:00.0000000Z","HotCount":300,"SourceContext":"Flare.Cache.SegmentCache"}
{"@t":"2022-11-06T13:03:02.8471762Z","@mt":"Memory is overutilized, so cooling down segment {Segment} ({HotCount} events)","Segment":"2022-10-08T17:00:00.0000000Z","HotCount":187,"SourceContext":"Flare.Cache.SegmentCache"}
{"@t":"2022-11-06T13:03:02.8476942Z","@mt":"Memory is overutilized, so cooling down segment {Segment} ({HotCount} events)","Segment":"2022-10-09T10:00:00.0000000Z","HotCount":655,"SourceContext":"Flare.Cache.SegmentCache"}
{"@t":"2022-11-06T13:03:02.8482794Z","@mt":"Memory is overutilized, so cooling down segment {Segment} ({HotCount} events)","Segment":"2022-10-09T11:00:00.0000000Z","HotCount":774,"SourceContext":"Flare.Cache.SegmentCache"}
{"@t":"2022-11-06T13:03:02.8488250Z","@mt":"Memory is overutilized, so cooling down segment {Segment} ({HotCount} events)","Segment":"2022-10-11T17:00:00.0000000Z","HotCount":589,"SourceContext":"Flare.Cache.SegmentCache"}
{"@t":"2022-11-06T13:03:02.8494785Z","@mt":"Memory is overutilized, so cooling down segment {Segment} ({HotCount} events)","Segment":"2022-10-11T18:00:00.0000000Z","HotCount":806,"SourceContext":"Flare.Cache.SegmentCache"}
{"@t":"2022-11-06T13:03:02.8501792Z","@mt":"Memory is overutilized, so cooling down segment {Segment} ({HotCount} events)","Segment":"2022-10-12T17:00:00.0000000Z","HotCount":612,"SourceContext":"Flare.Cache.SegmentCache"}
{"@t":"2022-11-06T13:03:02.8508322Z","@mt":"Memory is overutilized, so cooling down segment {Segment} ({HotCount} events)","Segment":"2022-10-12T21:00:00.0000000Z","HotCount":268,"SourceContext":"Flare.Cache.SegmentCache"}
{"@t":"2022-11-06T13:03:02.8513721Z","@mt":"Memory is overutilized, so cooling down segment {Segment} ({HotCount} events)","Segment":"2022-10-12T22:00:00.0000000Z","HotCount":223,"SourceContext":"Flare.Cache.SegmentCache"}
{"@t":"2022-11-06T13:03:02.8520040Z","@mt":"Memory is overutilized, so cooling down segment {Segment} ({HotCount} events)","Segment":"2022-10-13T15:00:00.0000000Z","HotCount":369,"SourceContext":"Flare.Cache.SegmentCache"}
{"@t":"2022-11-06T13:03:02.8525272Z","@mt":"Memory is overutilized, so cooling down segment {Segment} ({HotCount} events)","Segment":"2022-10-13T16:00:00.0000000Z","HotCount":333,"SourceContext":"Flare.Cache.SegmentCache"}
{"@t":"2022-11-06T13:03:02.8530421Z","@mt":"Memory is overutilized, so cooling down segment {Segment} ({HotCount} events)","Segment":"2022-10-14T17:00:00.0000000Z","HotCount":11,"SourceContext":"Flare.Cache.SegmentCache"}
{"@t":"2022-11-06T13:03:02.8536514Z","@mt":"Memory is overutilized, so cooling down segment {Segment} ({HotCount} events)","Segment":"2022-10-14T18:00:00.0000000Z","HotCount":130,"SourceContext":"Flare.Cache.SegmentCache"}
{"@t":"2022-11-06T13:03:02.8542845Z","@mt":"Memory is overutilized, so cooling down segment {Segment} ({HotCount} events)","Segment":"2022-10-15T17:00:00.0000000Z","HotCount":799,"SourceContext":"Flare.Cache.SegmentCache"}
{"@t":"2022-11-06T13:03:02.8557187Z","@mt":"Memory is overutilized, so cooling down segment {Segment} ({HotCount} events)","Segment":"2022-10-15T18:00:00.0000000Z","HotCount":1320,"SourceContext":"Flare.Cache.SegmentCache"}
{"@t":"2022-11-06T13:03:02.8566122Z","@mt":"Memory is overutilized, so cooling down segment {Segment} ({HotCount} events)","Segment":"2022-10-15T19:00:00.0000000Z","HotCount":65,"SourceContext":"Flare.Cache.SegmentCache"}
{"@t":"2022-11-06T13:03:02.8570399Z","@mt":"Memory is overutilized, so cooling down segment {Segment} ({HotCount} events)","Segment":"2022-10-15T20:00:00.0000000Z","HotCount":325,"SourceContext":"Flare.Cache.SegmentCache"}
{"@t":"2022-11-06T13:03:02.8574210Z","@mt":"Memory is overutilized, so cooling down segment {Segment} ({HotCount} events)","Segment":"2022-10-17T13:00:00.0000000Z","HotCount":65,"SourceContext":"Flare.Cache.SegmentCache"}
{"@t":"2022-11-06T13:03:02.8577775Z","@mt":"Memory is overutilized, so cooling down segment {Segment} ({HotCount} events)","Segment":"2022-10-18T17:00:00.0000000Z","HotCount":223,"SourceContext":"Flare.Cache.SegmentCache"}
{"@t":"2022-11-06T13:03:02.8581956Z","@mt":"Memory is overutilized, so cooling down segment {Segment} ({HotCount} events)","Segment":"2022-10-18T18:00:00.0000000Z","HotCount":880,"SourceContext":"Flare.Cache.SegmentCache"}
{"@t":"2022-11-06T13:03:02.8585283Z","@mt":"Memory is overutilized, so cooling down segment {Segment} ({HotCount} events)","Segment":"2022-10-18T19:00:00.0000000Z","HotCount":27,"SourceContext":"Flare.Cache.SegmentCache"}
{"@t":"2022-11-06T13:03:02.8588933Z","@mt":"Memory is overutilized, so cooling down segment {Segment} ({HotCount} events)","Segment":"2022-10-19T14:00:00.0000000Z","HotCount":65,"SourceContext":"Flare.Cache.SegmentCache"}
{"@t":"2022-11-06T13:03:02.8593731Z","@mt":"Memory is overutilized, so cooling down segment {Segment} ({HotCount} events)","Segment":"2022-10-20T15:00:00.0000000Z","HotCount":211,"SourceContext":"Flare.Cache.SegmentCache"}
{"@t":"2022-11-06T13:03:02.8600443Z","@mt":"Memory is overutilized, so cooling down segment {Segment} ({HotCount} events)","Segment":"2022-10-20T16:00:00.0000000Z","HotCount":904,"SourceContext":"Flare.Cache.SegmentCache"}
{"@t":"2022-11-06T13:03:02.8605879Z","@mt":"Memory is overutilized, so cooling down segment {Segment} ({HotCount} events)","Segment":"2022-10-22T15:00:00.0000000Z","HotCount":116,"SourceContext":"Flare.Cache.SegmentCache"}
{"@t":"2022-11-06T13:03:02.8610890Z","@mt":"Memory is overutilized, so cooling down segment {Segment} ({HotCount} events)","Segment":"2022-10-22T16:00:00.0000000Z","HotCount":65,"SourceContext":"Flare.Cache.SegmentCache"}
{"@t":"2022-11-06T13:03:02.8615374Z","@mt":"Memory is overutilized, so cooling down segment {Segment} ({HotCount} events)","Segment":"2022-10-22T18:00:00.0000000Z","HotCount":273,"SourceContext":"Flare.Cache.SegmentCache"}
{"@t":"2022-11-06T13:03:02.8618863Z","@mt":"Memory is overutilized, so cooling down segment {Segment} ({HotCount} events)","Segment":"2022-10-24T16:00:00.0000000Z","HotCount":288,"SourceContext":"Flare.Cache.SegmentCache"}
{"@t":"2022-11-06T13:03:02.8622786Z","@mt":"Memory is overutilized, so cooling down segment {Segment} ({HotCount} events)","Segment":"2022-10-24T17:00:00.0000000Z","HotCount":452,"SourceContext":"Flare.Cache.SegmentCache"}
{"@t":"2022-11-06T13:03:02.8626999Z","@mt":"Memory is overutilized, so cooling down segment {Segment} ({HotCount} events)","Segment":"2022-10-24T19:00:00.0000000Z","HotCount":175,"SourceContext":"Flare.Cache.SegmentCache"}
{"@t":"2022-11-06T13:03:02.8631438Z","@mt":"Memory is overutilized, so cooling down segment {Segment} ({HotCount} events)","Segment":"2022-10-24T20:00:00.0000000Z","HotCount":20,"SourceContext":"Flare.Cache.SegmentCache"}
{"@t":"2022-11-06T13:03:02.8634754Z","@mt":"Memory is overutilized, so cooling down segment {Segment} ({HotCount} events)","Segment":"2022-10-25T19:00:00.0000000Z","HotCount":223,"SourceContext":"Flare.Cache.SegmentCache"}
{"@t":"2022-11-06T13:03:02.8638004Z","@mt":"Memory is overutilized, so cooling down segment {Segment} ({HotCount} events)","Segment":"2022-10-26T14:00:00.0000000Z","HotCount":223,"SourceContext":"Flare.Cache.SegmentCache"}
{"@t":"2022-11-06T13:03:02.8644510Z","@mt":"Memory is overutilized, so cooling down segment {Segment} ({HotCount} events)","Segment":"2022-10-26T15:00:00.0000000Z","HotCount":1301,"SourceContext":"Flare.Cache.SegmentCache"}
{"@t":"2022-11-06T13:03:02.8648918Z","@mt":"Memory is overutilized, so cooling down segment {Segment} ({HotCount} events)","Segment":"2022-10-26T20:00:00.0000000Z","HotCount":1571,"SourceContext":"Flare.Cache.SegmentCache"}
{"@t":"2022-11-06T13:03:02.8652323Z","@mt":"Memory is overutilized, so cooling down segment {Segment} ({HotCount} events)","Segment":"2022-10-26T21:00:00.0000000Z","HotCount":102,"SourceContext":"Flare.Cache.SegmentCache"}
{"@t":"2022-11-06T13:03:02.8655734Z","@mt":"Memory is overutilized, so cooling down segment {Segment} ({HotCount} events)","Segment":"2022-10-29T13:00:00.0000000Z","HotCount":541,"SourceContext":"Flare.Cache.SegmentCache"}
{"@t":"2022-11-06T13:03:02.8660654Z","@mt":"Memory is overutilized, so cooling down segment {Segment} ({HotCount} events)","Segment":"2022-10-29T14:00:00.0000000Z","HotCount":1316,"SourceContext":"Flare.Cache.SegmentCache"}
{"@t":"2022-11-06T13:03:02.8665401Z","@mt":"Memory is overutilized, so cooling down segment {Segment} ({HotCount} events)","Segment":"2022-10-30T11:00:00.0000000Z","HotCount":506,"SourceContext":"Flare.Cache.SegmentCache"}
{"@t":"2022-11-06T13:03:02.8668608Z","@mt":"Memory is overutilized, so cooling down segment {Segment} ({HotCount} events)","Segment":"2022-10-30T12:00:00.0000000Z","HotCount":152,"SourceContext":"Flare.Cache.SegmentCache"}
{"@t":"2022-11-06T13:03:02.8672333Z","@mt":"Memory is overutilized, so cooling down segment {Segment} ({HotCount} events)","Segment":"2022-10-30T16:00:00.0000000Z","HotCount":65,"SourceContext":"Flare.Cache.SegmentCache"}
{"@t":"2022-11-06T13:03:02.8676359Z","@mt":"Memory is overutilized, so cooling down segment {Segment} ({HotCount} events)","Segment":"2022-10-30T17:00:00.0000000Z","HotCount":1537,"SourceContext":"Flare.Cache.SegmentCache"}
{"@t":"2022-11-06T13:03:02.8681104Z","@mt":"Memory is overutilized, so cooling down segment {Segment} ({HotCount} events)","Segment":"2022-10-31T17:00:00.0000000Z","HotCount":65,"SourceContext":"Flare.Cache.SegmentCache"}
{"@t":"2022-11-06T13:03:02.8684578Z","@mt":"Memory is overutilized, so cooling down segment {Segment} ({HotCount} events)","Segment":"2022-11-01T18:00:00.0000000Z","HotCount":840,"SourceContext":"Flare.Cache.SegmentCache"}
{"@t":"2022-11-06T13:03:02.8688198Z","@mt":"Memory is overutilized, so cooling down segment {Segment} ({HotCount} events)","Segment":"2022-11-01T19:00:00.0000000Z","HotCount":649,"SourceContext":"Flare.Cache.SegmentCache"}
{"@t":"2022-11-06T13:03:02.8691889Z","@mt":"Memory is overutilized, so cooling down segment {Segment} ({HotCount} events)","Segment":"2022-11-02T16:00:00.0000000Z","HotCount":106,"SourceContext":"Flare.Cache.SegmentCache"}
{"@t":"2022-11-06T13:03:02.8695231Z","@mt":"Memory is overutilized, so cooling down segment {Segment} ({HotCount} events)","Segment":"2022-11-04T20:00:00.0000000Z","HotCount":371,"SourceContext":"Flare.Cache.SegmentCache"}
{"@t":"2022-11-06T13:03:02.8698790Z","@mt":"Memory is overutilized, so cooling down segment {Segment} ({HotCount} events)","Segment":"2022-11-05T11:00:00.0000000Z","HotCount":297,"SourceContext":"Flare.Cache.SegmentCache"}
{"@t":"2022-11-06T13:03:02.8702439Z","@mt":"Memory is overutilized, so cooling down segment {Segment} ({HotCount} events)","Segment":"2022-11-05T17:00:00.0000000Z","HotCount":288,"SourceContext":"Flare.Cache.SegmentCache"}
{"@t":"2022-11-06T13:03:02.8705388Z","@mt":"Memory is overutilized, so cooling down segment {Segment} ({HotCount} events)","Segment":"2022-11-05T18:00:00.0000000Z","HotCount":88,"SourceContext":"Flare.Cache.SegmentCache"}
{"@t":"2022-11-06T13:03:02.8710413Z","@mt":"Memory is overutilized, so cooling down segment {Segment} ({HotCount} events)","Segment":"2022-11-06T13:00:00.0000000Z","HotCount":65,"SourceContext":"Flare.Cache.SegmentCache"}
{"@t":"2022-11-06T13:03:50.2797469Z","@mt":"{CollectionCount} more generation 2 garbage collection(s) occurred","CollectionCount":3,"SourceContext":"Seq.Server.Features.Diagnostics.GCLogger"}
{"@t":"2022-11-06T13:07:50.2949371Z","@mt":"Metrics sampled","CacheDays":0,"CacheEvents":0,"SystemMemoryUtilization":0.7558574181496799,"ProcessWorkingSetBytes":352972800,"GCTotalHeapSizeBytes":20043280,"GCTotalFragmentedBytes":35544,"GCPauseTimePercentage":1.09,"GCGen0EnterHeapSizeBytes":247457768,"GCGen0ExitHeapSizeBytes":192,"GCGen0EnterFragmentedBytes":458856,"GCGen0ExitFragmentedBytes":0,"GCGen1EnterHeapSizeBytes":21365080,"GCGen1ExitHeapSizeBytes":15162336,"GCGen1EnterFragmentedBytes":418616,"GCGen1ExitFragmentedBytes":318552,"GCGen2EnterHeapSizeBytes":6832344,"GCGen2ExitHeapSizeBytes":14504400,"GCGen2EnterFragmentedBytes":336,"GCGen2ExitFragmentedBytes":14864,"GCGen3EnterHeapSizeBytes":32465704,"GCGen3ExitHeapSizeBytes":21979888,"GCGen3EnterFragmentedBytes":352,"GCGen3ExitFragmentedBytes":320,"GCGen4EnterHeapSizeBytes":443896,"GCGen4ExitHeapSizeBytes":443896,"GCGen4EnterFragmentedBytes":0,"GCGen4ExitFragmentedBytes":0,"GCPause0DurationMs":8.002,"GCPause1DurationMs":8.002,"ProcessThreads":39,"ArrivedEventsPerMinute":0,"IngestedEventsPerMinute":0,"IngestedBytesPerMinute":0,"InvalidPayloadsPerMinute":0,"UnauthorizedPayloadsPerMinute":0,"TotalWriteTimeLastMinute":"Flare.Diagnostics.Counters.RateCounter","BroadcastQueueCount":0,"BroadcastSubscriptionQueuesAggregateCount":0}
{"@t":"2022-11-06T13:12:50.2804579Z","@mt":"Metrics sampled","CacheDays":0,"CacheEvents":0,"SystemMemoryUtilization":0.7655261194690876,"ProcessWorkingSetBytes":352550912,"GCTotalHeapSizeBytes":20043280,"GCTotalFragmentedBytes":35544,"GCPauseTimePercentage":1.09,"GCGen0EnterHeapSizeBytes":247457768,"GCGen0ExitHeapSizeBytes":192,"GCGen0EnterFragmentedBytes":458856,"GCGen0ExitFragmentedBytes":0,"GCGen1EnterHeapSizeBytes":21365080,"GCGen1ExitHeapSizeBytes":15162336,"GCGen1EnterFragmentedBytes":418616,"GCGen1ExitFragmentedBytes":318552,"GCGen2EnterHeapSizeBytes":6832344,"GCGen2ExitHeapSizeBytes":14504400,"GCGen2EnterFragmentedBytes":336,"GCGen2ExitFragmentedBytes":14864,"GCGen3EnterHeapSizeBytes":32465704,"GCGen3ExitHeapSizeBytes":21979888,"GCGen3EnterFragmentedBytes":352,"GCGen3ExitFragmentedBytes":320,"GCGen4EnterHeapSizeBytes":443896,"GCGen4ExitHeapSizeBytes":443896,"GCGen4EnterFragmentedBytes":0,"GCGen4ExitFragmentedBytes":0,"GCPause0DurationMs":8.002,"GCPause1DurationMs":8.002,"ProcessThreads":38,"ArrivedEventsPerMinute":0,"IngestedEventsPerMinute":0,"IngestedBytesPerMinute":0,"InvalidPayloadsPerMinute":0,"UnauthorizedPayloadsPerMinute":0,"TotalWriteTimeLastMinute":"Flare.Diagnostics.Counters.RateCounter","BroadcastQueueCount":0,"BroadcastSubscriptionQueuesAggregateCount":0}
{"@t":"2022-11-06T13:12:50.2878351Z","@mt":"Applying {Count} retention policies","Count":0,"SourceContext":"Seq.Server.Features.Retention.RetentionPolicyApplier"}
{"@t":"2022-11-06T13:12:50.2919848Z","@mt":"Retention processing and compaction took {Elapsed} ms; allocating {Allocation} ms for indexing","Elapsed":9.1005,"Allocation":599990.8995}
{"@t":"2022-11-06T13:12:50.2945830Z","@mt":"Beginning indexing","SourceContext":"Seq.Server.Features.Indexing.EventStoreIndexer"}
{"@t":"2022-11-06T13:12:50.5791434Z","@mt":"Wrote {IndexSetCount} index sets in {Elapsed:0.000} ms","@r":["283.000"],"IndexSetCount":0,"Elapsed":283,"SourceContext":"Seq.Server.Features.Indexing.EventStoreIndexer"}
{"@t":"2022-11-06T13:12:50.5797484Z","@mt":"Indexing took {Elapsed} ms; total iteration time was {Iteration} ms","Elapsed":286,"Iteration":295.8936}
{"@t":"2022-11-06T13:17:50.2810003Z","@mt":"Metrics sampled","CacheDays":0,"CacheEvents":0,"SystemMemoryUtilization":0.7658410608801431,"ProcessWorkingSetBytes":357072896,"GCTotalHeapSizeBytes":20043280,"GCTotalFragmentedBytes":35544,"GCPauseTimePercentage":1.09,"GCGen0EnterHeapSizeBytes":247457768,"GCGen0ExitHeapSizeBytes":192,"GCGen0EnterFragmentedBytes":458856,"GCGen0ExitFragmentedBytes":0,"GCGen1EnterHeapSizeBytes":21365080,"GCGen1ExitHeapSizeBytes":15162336,"GCGen1EnterFragmentedBytes":418616,"GCGen1ExitFragmentedBytes":318552,"GCGen2EnterHeapSizeBytes":6832344,"GCGen2ExitHeapSizeBytes":14504400,"GCGen2EnterFragmentedBytes":336,"GCGen2ExitFragmentedBytes":14864,"GCGen3EnterHeapSizeBytes":32465704,"GCGen3ExitHeapSizeBytes":21979888,"GCGen3EnterFragmentedBytes":352,"GCGen3ExitFragmentedBytes":320,"GCGen4EnterHeapSizeBytes":443896,"GCGen4ExitHeapSizeBytes":443896,"GCGen4EnterFragmentedBytes":0,"GCGen4ExitFragmentedBytes":0,"GCPause0DurationMs":8.002,"GCPause1DurationMs":8.002,"ProcessThreads":31,"ArrivedEventsPerMinute":0,"IngestedEventsPerMinute":0,"IngestedBytesPerMinute":0,"InvalidPayloadsPerMinute":0,"UnauthorizedPayloadsPerMinute":0,"TotalWriteTimeLastMinute":"Flare.Diagnostics.Counters.RateCounter","BroadcastQueueCount":0,"BroadcastSubscriptionQueuesAggregateCount":0}
{"@t":"2022-11-06T13:22:50.2802826Z","@mt":"Applying {Count} retention policies","Count":0,"SourceContext":"Seq.Server.Features.Retention.RetentionPolicyApplier"}
{"@t":"2022-11-06T13:22:50.2809907Z","@mt":"Retention processing and compaction took {Elapsed} ms; allocating {Allocation} ms for indexing","Elapsed":0.6455,"Allocation":599999.3545}
{"@t":"2022-11-06T13:22:50.2815021Z","@mt":"Beginning indexing","SourceContext":"Seq.Server.Features.Indexing.EventStoreIndexer"}
{"@t":"2022-11-06T13:22:50.2799009Z","@mt":"Metrics sampled","CacheDays":0,"CacheEvents":0,"SystemMemoryUtilization":0.7681342280293919,"ProcessWorkingSetBytes":357961728,"GCTotalHeapSizeBytes":20043280,"GCTotalFragmentedBytes":35544,"GCPauseTimePercentage":1.09,"GCGen0EnterHeapSizeBytes":247457768,"GCGen0ExitHeapSizeBytes":192,"GCGen0EnterFragmentedBytes":458856,"GCGen0ExitFragmentedBytes":0,"GCGen1EnterHeapSizeBytes":21365080,"GCGen1ExitHeapSizeBytes":15162336,"GCGen1EnterFragmentedBytes":418616,"GCGen1ExitFragmentedBytes":318552,"GCGen2EnterHeapSizeBytes":6832344,"GCGen2ExitHeapSizeBytes":14504400,"GCGen2EnterFragmentedBytes":336,"GCGen2ExitFragmentedBytes":14864,"GCGen3EnterHeapSizeBytes":32465704,"GCGen3ExitHeapSizeBytes":21979888,"GCGen3EnterFragmentedBytes":352,"GCGen3ExitFragmentedBytes":320,"GCGen4EnterHeapSizeBytes":443896,"GCGen4ExitHeapSizeBytes":443896,"GCGen4EnterFragmentedBytes":0,"GCGen4ExitFragmentedBytes":0,"GCPause0DurationMs":8.002,"GCPause1DurationMs":8.002,"ProcessThreads":37,"ArrivedEventsPerMinute":0,"IngestedEventsPerMinute":0,"IngestedBytesPerMinute":0,"InvalidPayloadsPerMinute":0,"UnauthorizedPayloadsPerMinute":0,"TotalWriteTimeLastMinute":"Flare.Diagnostics.Counters.RateCounter","BroadcastQueueCount":0,"BroadcastSubscriptionQueuesAggregateCount":0}
{"@t":"2022-11-06T13:22:50.2857536Z","@mt":"Wrote {IndexSetCount} index sets in {Elapsed:0.000} ms","@r":["3.000"],"IndexSetCount":0,"Elapsed":3,"SourceContext":"Seq.Server.Features.Indexing.EventStoreIndexer"}
{"@t":"2022-11-06T13:22:50.2865127Z","@mt":"Indexing took {Elapsed} ms; total iteration time was {Iteration} ms","Elapsed":5,"Iteration":5.6539}
{"@t":"2022-11-06T13:27:50.2785309Z","@mt":"Metrics sampled","CacheDays":0,"CacheEvents":0,"SystemMemoryUtilization":0.7706183284090932,"ProcessWorkingSetBytes":358330368,"GCTotalHeapSizeBytes":20043280,"GCTotalFragmentedBytes":35544,"GCPauseTimePercentage":1.09,"GCGen0EnterHeapSizeBytes":247457768,"GCGen0ExitHeapSizeBytes":192,"GCGen0EnterFragmentedBytes":458856,"GCGen0ExitFragmentedBytes":0,"GCGen1EnterHeapSizeBytes":21365080,"GCGen1ExitHeapSizeBytes":15162336,"GCGen1EnterFragmentedBytes":418616,"GCGen1ExitFragmentedBytes":318552,"GCGen2EnterHeapSizeBytes":6832344,"GCGen2ExitHeapSizeBytes":14504400,"GCGen2EnterFragmentedBytes":336,"GCGen2ExitFragmentedBytes":14864,"GCGen3EnterHeapSizeBytes":32465704,"GCGen3ExitHeapSizeBytes":21979888,"GCGen3EnterFragmentedBytes":352,"GCGen3ExitFragmentedBytes":320,"GCGen4EnterHeapSizeBytes":443896,"GCGen4ExitHeapSizeBytes":443896,"GCGen4EnterFragmentedBytes":0,"GCGen4ExitFragmentedBytes":0,"GCPause0DurationMs":8.002,"GCPause1DurationMs":8.002,"ProcessThreads":31,"ArrivedEventsPerMinute":0,"IngestedEventsPerMinute":0,"IngestedBytesPerMinute":0,"InvalidPayloadsPerMinute":0,"UnauthorizedPayloadsPerMinute":0,"TotalWriteTimeLastMinute":"Flare.Diagnostics.Counters.RateCounter","BroadcastQueueCount":0,"BroadcastSubscriptionQueuesAggregateCount":0}
{"@t":"2022-11-06T13:32:50.2793929Z","@mt":"Metrics sampled","CacheDays":0,"CacheEvents":0,"SystemMemoryUtilization":0.7746731990764343,"ProcessWorkingSetBytes":357920768,"GCTotalHeapSizeBytes":20043280,"GCTotalFragmentedBytes":35544,"GCPauseTimePercentage":1.09,"GCGen0EnterHeapSizeBytes":247457768,"GCGen0ExitHeapSizeBytes":192,"GCGen0EnterFragmentedBytes":458856,"GCGen0ExitFragmentedBytes":0,"GCGen1EnterHeapSizeBytes":21365080,"GCGen1ExitHeapSizeBytes":15162336,"GCGen1EnterFragmentedBytes":418616,"GCGen1ExitFragmentedBytes":318552,"GCGen2EnterHeapSizeBytes":6832344,"GCGen2ExitHeapSizeBytes":14504400,"GCGen2EnterFragmentedBytes":336,"GCGen2ExitFragmentedBytes":14864,"GCGen3EnterHeapSizeBytes":32465704,"GCGen3ExitHeapSizeBytes":21979888,"GCGen3EnterFragmentedBytes":352,"GCGen3ExitFragmentedBytes":320,"GCGen4EnterHeapSizeBytes":443896,"GCGen4ExitHeapSizeBytes":443896,"GCGen4EnterFragmentedBytes":0,"GCGen4ExitFragmentedBytes":0,"GCPause0DurationMs":8.002,"GCPause1DurationMs":8.002,"ProcessThreads":31,"ArrivedEventsPerMinute":0,"IngestedEventsPerMinute":0,"IngestedBytesPerMinute":0,"InvalidPayloadsPerMinute":0,"UnauthorizedPayloadsPerMinute":0,"TotalWriteTimeLastMinute":"Flare.Diagnostics.Counters.RateCounter","BroadcastQueueCount":0,"BroadcastSubscriptionQueuesAggregateCount":0}
{"@t":"2022-11-06T13:32:50.2809736Z","@mt":"Applying {Count} retention policies","Count":0,"SourceContext":"Seq.Server.Features.Retention.RetentionPolicyApplier"}
{"@t":"2022-11-06T13:32:50.2816750Z","@mt":"Retention processing and compaction took {Elapsed} ms; allocating {Allocation} ms for indexing","Elapsed":0.7294,"Allocation":599999.2706}
{"@t":"2022-11-06T13:32:50.2822785Z","@mt":"Beginning indexing","SourceContext":"Seq.Server.Features.Indexing.EventStoreIndexer"}
{"@t":"2022-11-06T13:32:50.2858453Z","@mt":"Wrote {IndexSetCount} index sets in {Elapsed:0.000} ms","@r":["3.000"],"IndexSetCount":0,"Elapsed":3,"SourceContext":"Seq.Server.Features.Indexing.EventStoreIndexer"}
{"@t":"2022-11-06T13:32:50.2865079Z","@mt":"Indexing took {Elapsed} ms; total iteration time was {Iteration} ms","Elapsed":4,"Iteration":4.9554}
{"@t":"2022-11-06T13:34:27.7510820Z","@mt":"Termination signal received"}
{"@t":"2022-11-06T13:34:27.7718895Z","@mt":"Signalling for {Workers} worker task(s) to complete","Workers":3,"SourceContext":"Flare.Workers.WorkerPool"}
{"@t":"2022-11-06T13:34:27.8589772Z","@mt":"Work {WorkDescription} ({WorkId}) observed cancellation and completed","WorkDescription":"Monitor alerts and trigger notifications","WorkId":"28e422cc-3083-4b80-aedc-268bec50e12d","SourceContext":"Flare.Workers.WorkerPool"}
{"@t":"2022-11-06T13:40:51.7768484Z","@mt":"Seq {SeqVersion} running on OS {OSCaption}","SeqVersion":"2022.1.7929","OSCaption":"Linux 5.15.49-linuxkit #1 SMP Tue Sep 13 07:51:46 UTC 2022","SourceContext":"Seq.Server.Features.Diagnostics.EnvironmentInformationWriter"}
{"@t":"2022-11-06T13:40:51.8496933Z","@mt":"Seq detected {TotalRAM} MB of RAM","TotalRAM":2080.894976,"SourceContext":"Seq.Server.Features.Diagnostics.EnvironmentInformationWriter"}
{"@t":"2022-11-06T13:40:52.2379334Z","@mt":"Opening event store at {StreamPath}","StreamPath":"/data/Stream/stream.flare","SourceContext":"Flare.Cluster.StorageNodeCoordinator"}
{"@t":"2022-11-06T13:40:52.8047752Z","@mt":"Ingestion enabled","SourceContext":"Flare.Cluster.StorageNodeCoordinator"}
{"@t":"2022-11-06T13:40:52.8150411Z","@mt":"Cache warm-up is required","SourceContext":"Flare.Cache.SegmentCache","OperationId":"8b0dad6b-e847-4c18-92c0-c3fff896e36f"}
{"@t":"2022-11-06T13:40:52.8248122Z","@mt":"Opening metastore {MetastorePath}","MetastorePath":"/data/Documents/metastore.flare","SourceContext":"Quince.Storage.Native.NativeDocumentStore"}
{"@t":"2022-11-06T13:40:53.0069391Z","@mt":"Storage subsystem available"}
{"@t":"2022-11-06T13:40:53.1841598Z","@mt":"Seq listening on {ListenUris}","ListenUris":["http://localhost/","https://localhost/","http://localhost:5341/","https://localhost:45341/"]}
{"@t":"2022-11-06T13:40:56.2048222Z","@mt":"Initial memory cache warm-up {Outcome} in {Elapsed:0.0} ms","@r":["3389.6"],"Outcome":"completed","Elapsed":3389.5591,"OperationId":"8b0dad6b-e847-4c18-92c0-c3fff896e36f"}
{"@t":"2022-11-06T13:40:56.2066248Z","@mt":"{WarmSegments} segments warmed up ({@Shared})","WarmSegments":1409,"Shared":{"Schemata":115,"Strings":2959},"SourceContext":"Flare.Cache.SegmentCache"}
{"@t":"2022-11-06T13:41:53.3024405Z","@mt":"{CollectionCount} more generation 2 garbage collection(s) occurred","CollectionCount":2,"SourceContext":"Seq.Server.Features.Diagnostics.GCLogger"}
{"@t":"2022-11-06T13:43:34.6422366Z","@mt":"Termination signal received"}
{"@t":"2022-11-06T13:43:34.6532454Z","@mt":"Signalling for {Workers} worker task(s) to complete","Workers":3,"SourceContext":"Flare.Workers.WorkerPool"}
{"@t":"2022-11-06T13:43:35.3152110Z","@mt":"Work {WorkDescription} ({WorkId}) observed cancellation and completed","WorkDescription":"Manage event cache resources","WorkId":"7d189271-3e29-4320-b48c-cb529b94b329","SourceContext":"Flare.Workers.WorkerPool"}
{"@t":"2022-11-06T13:43:35.4864548Z","@mt":"Work {WorkDescription} ({WorkId}) observed cancellation and completed","WorkDescription":"Monitor alerts and trigger notifications","WorkId":"991beaac-1d7d-40e6-9a29-4ce4f9566a4e","SourceContext":"Flare.Workers.WorkerPool"}
{"@t":"2022-11-06T13:43:37.8453549Z","@mt":"Work {WorkDescription} ({WorkId}) observed cancellation and completed","WorkDescription":"Sample system memory","WorkId":"d40fb1b0-9d46-45dc-959e-50430fc6ffd4","SourceContext":"Flare.Workers.WorkerPool"}
{"@t":"2022-11-06T13:43:37.8625253Z","@mt":"Stopping {Tasks} scheduled tasks","Tasks":15,"SourceContext":"Seq.Server.Tasks.TaskRunner"}
{"@t":"2022-11-06T13:43:37.8663705Z","@mt":"Stopping input channel","SourceContext":"Seq.Server.Features.Apps.Inputs.InputChannel"}
{"@t":"2022-11-06T13:43:38.3166085Z","@mt":"Shutting down input channel; {AcceptedCount} queued events will be written","AcceptedCount":0,"SourceContext":"Seq.Server.Features.Apps.Inputs.InputChannel"}
{"@t":"2022-11-06T13:43:38.3181124Z","@mt":"Stopping broadcast channel","SourceContext":"Flare.Broadcast.BroadcastChannel"}
{"@t":"2022-11-06T13:43:38.3212684Z","@mt":"Shutting down broadcast channel with {AllowableFlush} flushable event batches (+{Tolerance} tolerance)","AllowableFlush":0,"Tolerance":15,"SourceContext":"Flare.Broadcast.BroadcastChannel"}
{"@t":"2022-11-06T13:43:38.3238320Z","@mt":"Closing event store","SourceContext":"Flare.Cluster.StorageNodeCoordinator"}
{"@t":"2022-11-06T13:43:38.3250655Z","@mt":"Closing metastore","SourceContext":"Quince.Storage.Native.NativeDocumentStore"}
{"@t":"2022-11-06T13:43:38.3311478Z","@mt":"Server stopped cleanly"}
