{"@t":"2022-10-29T13:28:34.2373491Z","@mt":"Seq {SeqVersion} running on OS {OSCaption}","SeqVersion":"2022.1.7929","OSCaption":"Linux 5.10.124-linuxkit #1 SMP Thu Jun 30 08:19:10 UTC 2022","SourceContext":"Seq.Server.Features.Diagnostics.EnvironmentInformationWriter"}
{"@t":"2022-10-29T13:28:34.3512654Z","@mt":"Seq detected {TotalRAM} MB of RAM","TotalRAM":2081.394688,"SourceContext":"Seq.Server.Features.Diagnostics.EnvironmentInformationWriter"}
{"@t":"2022-10-29T13:28:34.7265237Z","@mt":"Opening event store at {StreamPath}","StreamPath":"/data/Stream/stream.flare","SourceContext":"Flare.Cluster.StorageNodeCoordinator"}
{"@t":"2022-10-29T13:28:35.3107177Z","@mt":"Ingestion enabled","SourceContext":"Flare.Cluster.StorageNodeCoordinator"}
{"@t":"2022-10-29T13:28:35.3242609Z","@mt":"Cache warm-up is required","SourceContext":"Flare.Cache.SegmentCache","OperationId":"e23b3b00-01a4-43a4-8daa-906018efcc5c"}
{"@t":"2022-10-29T13:28:35.3314934Z","@mt":"Opening metastore {MetastorePath}","MetastorePath":"/data/Documents/metastore.flare","SourceContext":"Quince.Storage.Native.NativeDocumentStore"}
{"@t":"2022-10-29T13:28:35.5364194Z","@mt":"Storage subsystem available"}
{"@t":"2022-10-29T13:28:35.6442762Z","@mt":"Seq listening on {ListenUris}","ListenUris":["http://localhost/","https://localhost/","http://localhost:5341/","https://localhost:45341/"]}
{"@t":"2022-10-29T13:28:36.9308584Z","@mt":"Initial memory cache warm-up {Outcome} in {Elapsed:0.0} ms","@r":["1606.2"],"Outcome":"completed","Elapsed":1606.2214,"OperationId":"e23b3b00-01a4-43a4-8daa-906018efcc5c"}
{"@t":"2022-10-29T13:28:36.9356862Z","@mt":"{WarmSegments} segments warmed up ({@Shared})","WarmSegments":1153,"Shared":{"Schemata":115,"Strings":2155},"SourceContext":"Flare.Cache.SegmentCache"}
{"@t":"2022-10-29T13:29:35.6964268Z","@mt":"{CollectionCount} more generation 2 garbage collection(s) occurred","CollectionCount":2,"SourceContext":"Seq.Server.Features.Diagnostics.GCLogger"}
{"@t":"2022-10-29T13:33:35.6926316Z","@mt":"Metrics sampled","CacheDays":50.708333333333336,"CacheEvents":23750,"SystemMemoryUtilization":0.6680645396170051,"ProcessWorkingSetBytes":300421120,"GCTotalHeapSizeBytes":28821544,"GCTotalFragmentedBytes":226544,"GCPauseTimePercentage":4.43,"GCGen0EnterHeapSizeBytes":211978304,"GCGen0ExitHeapSizeBytes":192,"GCGen0EnterFragmentedBytes":154816,"GCGen0ExitFragmentedBytes":0,"GCGen1EnterHeapSizeBytes":7454744,"GCGen1ExitHeapSizeBytes":18089472,"GCGen1EnterFragmentedBytes":123264,"GCGen1ExitFragmentedBytes":349344,"GCGen2EnterHeapSizeBytes":192,"GCGen2ExitHeapSizeBytes":7128520,"GCGen2EnterFragmentedBytes":0,"GCGen2ExitFragmentedBytes":336,"GCGen3EnterHeapSizeBytes":42402480,"GCGen3ExitHeapSizeBytes":31916664,"GCGen3EnterFragmentedBytes":256,"GCGen3ExitFragmentedBytes":224,"GCGen4EnterHeapSizeBytes":390632,"GCGen4ExitHeapSizeBytes":390632,"GCGen4EnterFragmentedBytes":0,"GCGen4ExitFragmentedBytes":0,"GCPause0DurationMs":60.94,"GCPause1DurationMs":60.94,"ProcessThreads":35,"ArrivedEventsPerMinute":0,"IngestedEventsPerMinute":0,"IngestedBytesPerMinute":0,"InvalidPayloadsPerMinute":0,"UnauthorizedPayloadsPerMinute":0,"TotalWriteTimeLastMinute":"Flare.Diagnostics.Counters.RateCounter","BroadcastQueueCount":0,"BroadcastSubscriptionQueuesAggregateCount":0}
{"@t":"2022-10-29T13:37:22.1435258Z","@mt":"Memory is overutilized, so cooling down segment {Segment} ({HotCount} events)","Segment":"2022-09-08T21:00:00.0000000Z","HotCount":268,"SourceContext":"Flare.Cache.SegmentCache"}
{"@t":"2022-10-29T13:37:22.1453989Z","@mt":"Memory is overutilized, so cooling down segment {Segment} ({HotCount} events)","Segment":"2022-09-08T22:00:00.0000000Z","HotCount":3,"SourceContext":"Flare.Cache.SegmentCache"}
{"@t":"2022-10-29T13:37:22.1462951Z","@mt":"Memory is overutilized, so cooling down segment {Segment} ({HotCount} events)","Segment":"2022-09-20T18:00:00.0000000Z","HotCount":1380,"SourceContext":"Flare.Cache.SegmentCache"}
{"@t":"2022-10-29T13:37:22.1468119Z","@mt":"Memory is overutilized, so cooling down segment {Segment} ({HotCount} events)","Segment":"2022-09-20T19:00:00.0000000Z","HotCount":130,"SourceContext":"Flare.Cache.SegmentCache"}
{"@t":"2022-10-29T13:37:22.1479128Z","@mt":"Memory is overutilized, so cooling down segment {Segment} ({HotCount} events)","Segment":"2022-09-22T16:00:00.0000000Z","HotCount":734,"SourceContext":"Flare.Cache.SegmentCache"}
{"@t":"2022-10-29T13:37:22.1484207Z","@mt":"Memory is overutilized, so cooling down segment {Segment} ({HotCount} events)","Segment":"2022-09-22T17:00:00.0000000Z","HotCount":4002,"SourceContext":"Flare.Cache.SegmentCache"}
{"@t":"2022-10-29T13:37:22.1489446Z","@mt":"Memory is overutilized, so cooling down segment {Segment} ({HotCount} events)","Segment":"2022-09-24T10:00:00.0000000Z","HotCount":732,"SourceContext":"Flare.Cache.SegmentCache"}
{"@t":"2022-10-29T13:37:22.1494194Z","@mt":"Memory is overutilized, so cooling down segment {Segment} ({HotCount} events)","Segment":"2022-09-24T11:00:00.0000000Z","HotCount":7,"SourceContext":"Flare.Cache.SegmentCache"}
{"@t":"2022-10-29T13:37:22.1501519Z","@mt":"Memory is overutilized, so cooling down segment {Segment} ({HotCount} events)","Segment":"2022-09-25T15:00:00.0000000Z","HotCount":156,"SourceContext":"Flare.Cache.SegmentCache"}
{"@t":"2022-10-29T13:37:22.1507907Z","@mt":"Memory is overutilized, so cooling down segment {Segment} ({HotCount} events)","Segment":"2022-09-27T14:00:00.0000000Z","HotCount":201,"SourceContext":"Flare.Cache.SegmentCache"}
{"@t":"2022-10-29T13:37:22.1514210Z","@mt":"Memory is overutilized, so cooling down segment {Segment} ({HotCount} events)","Segment":"2022-09-27T15:00:00.0000000Z","HotCount":6,"SourceContext":"Flare.Cache.SegmentCache"}
{"@t":"2022-10-29T13:37:22.1518645Z","@mt":"Memory is overutilized, so cooling down segment {Segment} ({HotCount} events)","Segment":"2022-09-29T15:00:00.0000000Z","HotCount":156,"SourceContext":"Flare.Cache.SegmentCache"}
{"@t":"2022-10-29T13:37:22.1523042Z","@mt":"Memory is overutilized, so cooling down segment {Segment} ({HotCount} events)","Segment":"2022-10-02T11:00:00.0000000Z","HotCount":468,"SourceContext":"Flare.Cache.SegmentCache"}
{"@t":"2022-10-29T13:37:22.1528911Z","@mt":"Memory is overutilized, so cooling down segment {Segment} ({HotCount} events)","Segment":"2022-10-04T17:00:00.0000000Z","HotCount":331,"SourceContext":"Flare.Cache.SegmentCache"}
{"@t":"2022-10-29T13:37:22.1533154Z","@mt":"Memory is overutilized, so cooling down segment {Segment} ({HotCount} events)","Segment":"2022-10-04T18:00:00.0000000Z","HotCount":161,"SourceContext":"Flare.Cache.SegmentCache"}
{"@t":"2022-10-29T13:37:22.1538368Z","@mt":"Memory is overutilized, so cooling down segment {Segment} ({HotCount} events)","Segment":"2022-10-08T16:00:00.0000000Z","HotCount":300,"SourceContext":"Flare.Cache.SegmentCache"}
{"@t":"2022-10-29T13:37:22.1540846Z","@mt":"Memory is overutilized, so cooling down segment {Segment} ({HotCount} events)","Segment":"2022-10-08T17:00:00.0000000Z","HotCount":187,"SourceContext":"Flare.Cache.SegmentCache"}
{"@t":"2022-10-29T13:37:22.1545837Z","@mt":"Memory is overutilized, so cooling down segment {Segment} ({HotCount} events)","Segment":"2022-10-09T10:00:00.0000000Z","HotCount":655,"SourceContext":"Flare.Cache.SegmentCache"}
{"@t":"2022-10-29T13:37:22.1548934Z","@mt":"Memory is overutilized, so cooling down segment {Segment} ({HotCount} events)","Segment":"2022-10-09T11:00:00.0000000Z","HotCount":774,"SourceContext":"Flare.Cache.SegmentCache"}
{"@t":"2022-10-29T13:37:22.1552190Z","@mt":"Memory is overutilized, so cooling down segment {Segment} ({HotCount} events)","Segment":"2022-10-11T17:00:00.0000000Z","HotCount":589,"SourceContext":"Flare.Cache.SegmentCache"}
{"@t":"2022-10-29T13:37:22.1555418Z","@mt":"Memory is overutilized, so cooling down segment {Segment} ({HotCount} events)","Segment":"2022-10-11T18:00:00.0000000Z","HotCount":806,"SourceContext":"Flare.Cache.SegmentCache"}
{"@t":"2022-10-29T13:37:22.1558829Z","@mt":"Memory is overutilized, so cooling down segment {Segment} ({HotCount} events)","Segment":"2022-10-12T17:00:00.0000000Z","HotCount":612,"SourceContext":"Flare.Cache.SegmentCache"}
{"@t":"2022-10-29T13:37:22.1561911Z","@mt":"Memory is overutilized, so cooling down segment {Segment} ({HotCount} events)","Segment":"2022-10-12T21:00:00.0000000Z","HotCount":268,"SourceContext":"Flare.Cache.SegmentCache"}
{"@t":"2022-10-29T13:37:22.1576231Z","@mt":"Memory is overutilized, so cooling down segment {Segment} ({HotCount} events)","Segment":"2022-10-12T22:00:00.0000000Z","HotCount":223,"SourceContext":"Flare.Cache.SegmentCache"}
{"@t":"2022-10-29T13:37:22.1580529Z","@mt":"Memory is overutilized, so cooling down segment {Segment} ({HotCount} events)","Segment":"2022-10-13T15:00:00.0000000Z","HotCount":369,"SourceContext":"Flare.Cache.SegmentCache"}
{"@t":"2022-10-29T13:37:22.1584115Z","@mt":"Memory is overutilized, so cooling down segment {Segment} ({HotCount} events)","Segment":"2022-10-13T16:00:00.0000000Z","HotCount":333,"SourceContext":"Flare.Cache.SegmentCache"}
{"@t":"2022-10-29T13:37:22.1587925Z","@mt":"Memory is overutilized, so cooling down segment {Segment} ({HotCount} events)","Segment":"2022-10-14T17:00:00.0000000Z","HotCount":11,"SourceContext":"Flare.Cache.SegmentCache"}
{"@t":"2022-10-29T13:37:22.1591174Z","@mt":"Memory is overutilized, so cooling down segment {Segment} ({HotCount} events)","Segment":"2022-10-14T18:00:00.0000000Z","HotCount":130,"SourceContext":"Flare.Cache.SegmentCache"}
{"@t":"2022-10-29T13:37:22.1594402Z","@mt":"Memory is overutilized, so cooling down segment {Segment} ({HotCount} events)","Segment":"2022-10-15T17:00:00.0000000Z","HotCount":799,"SourceContext":"Flare.Cache.SegmentCache"}
{"@t":"2022-10-29T13:37:22.1597947Z","@mt":"Memory is overutilized, so cooling down segment {Segment} ({HotCount} events)","Segment":"2022-10-15T18:00:00.0000000Z","HotCount":1320,"SourceContext":"Flare.Cache.SegmentCache"}
{"@t":"2022-10-29T13:37:22.1600577Z","@mt":"Memory is overutilized, so cooling down segment {Segment} ({HotCount} events)","Segment":"2022-10-15T19:00:00.0000000Z","HotCount":65,"SourceContext":"Flare.Cache.SegmentCache"}
{"@t":"2022-10-29T13:37:22.1604841Z","@mt":"Memory is overutilized, so cooling down segment {Segment} ({HotCount} events)","Segment":"2022-10-15T20:00:00.0000000Z","HotCount":325,"SourceContext":"Flare.Cache.SegmentCache"}
{"@t":"2022-10-29T13:37:22.1607362Z","@mt":"Memory is overutilized, so cooling down segment {Segment} ({HotCount} events)","Segment":"2022-10-17T13:00:00.0000000Z","HotCount":65,"SourceContext":"Flare.Cache.SegmentCache"}
{"@t":"2022-10-29T13:37:22.1611447Z","@mt":"Memory is overutilized, so cooling down segment {Segment} ({HotCount} events)","Segment":"2022-10-18T17:00:00.0000000Z","HotCount":223,"SourceContext":"Flare.Cache.SegmentCache"}
{"@t":"2022-10-29T13:37:22.1615004Z","@mt":"Memory is overutilized, so cooling down segment {Segment} ({HotCount} events)","Segment":"2022-10-18T18:00:00.0000000Z","HotCount":880,"SourceContext":"Flare.Cache.SegmentCache"}
{"@t":"2022-10-29T13:37:22.1617993Z","@mt":"Memory is overutilized, so cooling down segment {Segment} ({HotCount} events)","Segment":"2022-10-18T19:00:00.0000000Z","HotCount":27,"SourceContext":"Flare.Cache.SegmentCache"}
{"@t":"2022-10-29T13:37:22.1621207Z","@mt":"Memory is overutilized, so cooling down segment {Segment} ({HotCount} events)","Segment":"2022-10-19T14:00:00.0000000Z","HotCount":65,"SourceContext":"Flare.Cache.SegmentCache"}
{"@t":"2022-10-29T13:37:22.1623467Z","@mt":"Memory is overutilized, so cooling down segment {Segment} ({HotCount} events)","Segment":"2022-10-20T15:00:00.0000000Z","HotCount":211,"SourceContext":"Flare.Cache.SegmentCache"}
{"@t":"2022-10-29T13:37:22.1626261Z","@mt":"Memory is overutilized, so cooling down segment {Segment} ({HotCount} events)","Segment":"2022-10-20T16:00:00.0000000Z","HotCount":904,"SourceContext":"Flare.Cache.SegmentCache"}
{"@t":"2022-10-29T13:37:22.1629721Z","@mt":"Memory is overutilized, so cooling down segment {Segment} ({HotCount} events)","Segment":"2022-10-22T15:00:00.0000000Z","HotCount":116,"SourceContext":"Flare.Cache.SegmentCache"}
{"@t":"2022-10-29T13:37:22.1633204Z","@mt":"Memory is overutilized, so cooling down segment {Segment} ({HotCount} events)","Segment":"2022-10-22T16:00:00.0000000Z","HotCount":65,"SourceContext":"Flare.Cache.SegmentCache"}
{"@t":"2022-10-29T13:37:22.1639101Z","@mt":"Memory is overutilized, so cooling down segment {Segment} ({HotCount} events)","Segment":"2022-10-22T18:00:00.0000000Z","HotCount":273,"SourceContext":"Flare.Cache.SegmentCache"}
{"@t":"2022-10-29T13:37:22.1641738Z","@mt":"Memory is overutilized, so cooling down segment {Segment} ({HotCount} events)","Segment":"2022-10-24T16:00:00.0000000Z","HotCount":288,"SourceContext":"Flare.Cache.SegmentCache"}
{"@t":"2022-10-29T13:37:22.1644808Z","@mt":"Memory is overutilized, so cooling down segment {Segment} ({HotCount} events)","Segment":"2022-10-24T17:00:00.0000000Z","HotCount":452,"SourceContext":"Flare.Cache.SegmentCache"}
{"@t":"2022-10-29T13:37:22.1647891Z","@mt":"Memory is overutilized, so cooling down segment {Segment} ({HotCount} events)","Segment":"2022-10-24T19:00:00.0000000Z","HotCount":175,"SourceContext":"Flare.Cache.SegmentCache"}
{"@t":"2022-10-29T13:37:22.1651035Z","@mt":"Memory is overutilized, so cooling down segment {Segment} ({HotCount} events)","Segment":"2022-10-24T20:00:00.0000000Z","HotCount":20,"SourceContext":"Flare.Cache.SegmentCache"}
{"@t":"2022-10-29T13:37:22.1654801Z","@mt":"Memory is overutilized, so cooling down segment {Segment} ({HotCount} events)","Segment":"2022-10-25T19:00:00.0000000Z","HotCount":223,"SourceContext":"Flare.Cache.SegmentCache"}
{"@t":"2022-10-29T13:37:22.1658707Z","@mt":"Memory is overutilized, so cooling down segment {Segment} ({HotCount} events)","Segment":"2022-10-26T14:00:00.0000000Z","HotCount":223,"SourceContext":"Flare.Cache.SegmentCache"}
{"@t":"2022-10-29T13:37:22.1662110Z","@mt":"Memory is overutilized, so cooling down segment {Segment} ({HotCount} events)","Segment":"2022-10-26T15:00:00.0000000Z","HotCount":1301,"SourceContext":"Flare.Cache.SegmentCache"}
{"@t":"2022-10-29T13:37:22.1664980Z","@mt":"Memory is overutilized, so cooling down segment {Segment} ({HotCount} events)","Segment":"2022-10-26T20:00:00.0000000Z","HotCount":1571,"SourceContext":"Flare.Cache.SegmentCache"}
{"@t":"2022-10-29T13:37:22.1668716Z","@mt":"Memory is overutilized, so cooling down segment {Segment} ({HotCount} events)","Segment":"2022-10-26T21:00:00.0000000Z","HotCount":102,"SourceContext":"Flare.Cache.SegmentCache"}
{"@t":"2022-10-29T13:37:22.1670928Z","@mt":"Memory is overutilized, so cooling down segment {Segment} ({HotCount} events)","Segment":"2022-10-29T13:00:00.0000000Z","HotCount":117,"SourceContext":"Flare.Cache.SegmentCache"}
{"@t":"2022-10-29T13:37:35.6836766Z","@mt":"{CollectionCount} more generation 2 garbage collection(s) occurred","CollectionCount":1,"SourceContext":"Seq.Server.Features.Diagnostics.GCLogger"}
{"@t":"2022-10-29T13:38:35.6878888Z","@mt":"Applying {Count} retention policies","Count":0,"SourceContext":"Seq.Server.Features.Retention.RetentionPolicyApplier"}
{"@t":"2022-10-29T13:38:35.6825350Z","@mt":"Metrics sampled","CacheDays":0,"CacheEvents":0,"SystemMemoryUtilization":0.7636381168663768,"ProcessWorkingSetBytes":294068224,"GCTotalHeapSizeBytes":21099864,"GCTotalFragmentedBytes":42920,"GCPauseTimePercentage":0.02,"GCGen0EnterHeapSizeBytes":234109152,"GCGen0ExitHeapSizeBytes":288,"GCGen0EnterFragmentedBytes":338344,"GCGen0ExitFragmentedBytes":0,"GCGen1EnterHeapSizeBytes":18089568,"GCGen1ExitHeapSizeBytes":20470472,"GCGen1EnterFragmentedBytes":349344,"GCGen1ExitFragmentedBytes":380784,"GCGen2EnterHeapSizeBytes":7128616,"GCGen2ExitHeapSizeBytes":14768488,"GCGen2EnterFragmentedBytes":336,"GCGen2ExitFragmentedBytes":11688,"GCGen3EnterHeapSizeBytes":53249032,"GCGen3ExitHeapSizeBytes":42763216,"GCGen3EnterFragmentedBytes":384,"GCGen3ExitFragmentedBytes":352,"GCGen4EnterHeapSizeBytes":622880,"GCGen4ExitHeapSizeBytes":622880,"GCGen4EnterFragmentedBytes":0,"GCGen4ExitFragmentedBytes":0,"GCPause0DurationMs":9.066,"GCPause1DurationMs":9.066,"ProcessThreads":32,"ArrivedEventsPerMinute":109,"IngestedEventsPerMinute":109,"IngestedBytesPerMinute":81958,"InvalidPayloadsPerMinute":0,"UnauthorizedPayloadsPerMinute":0,"TotalWriteTimeLastMinute":"Flare.Diagnostics.Counters.RateCounter","BroadcastQueueCount":0,"BroadcastSubscriptionQueuesAggregateCount":0}
{"@t":"2022-10-29T13:38:35.6931998Z","@mt":"Retention processing and compaction took {Elapsed} ms; allocating {Allocation} ms for indexing","Elapsed":8.1822,"Allocation":599991.8178}
{"@t":"2022-10-29T13:38:35.7032996Z","@mt":"Beginning indexing","SourceContext":"Seq.Server.Features.Indexing.EventStoreIndexer"}
{"@t":"2022-10-29T13:38:35.9392725Z","@mt":"Wrote {IndexSetCount} index sets in {Elapsed:0.000} ms","@r":["235.000"],"IndexSetCount":0,"Elapsed":235,"SourceContext":"Seq.Server.Features.Indexing.EventStoreIndexer"}
{"@t":"2022-10-29T13:38:35.9398213Z","@mt":"Indexing took {Elapsed} ms; total iteration time was {Iteration} ms","Elapsed":245,"Iteration":253.9176}
{"@t":"2022-10-29T13:43:35.6837609Z","@mt":"Metrics sampled","CacheDays":0,"CacheEvents":0,"SystemMemoryUtilization":0.7659110543478047,"ProcessWorkingSetBytes":297570304,"GCTotalHeapSizeBytes":21099864,"GCTotalFragmentedBytes":42920,"GCPauseTimePercentage":0.02,"GCGen0EnterHeapSizeBytes":234109152,"GCGen0ExitHeapSizeBytes":288,"GCGen0EnterFragmentedBytes":338344,"GCGen0ExitFragmentedBytes":0,"GCGen1EnterHeapSizeBytes":18089568,"GCGen1ExitHeapSizeBytes":20470472,"GCGen1EnterFragmentedBytes":349344,"GCGen1ExitFragmentedBytes":380784,"GCGen2EnterHeapSizeBytes":7128616,"GCGen2ExitHeapSizeBytes":14768488,"GCGen2EnterFragmentedBytes":336,"GCGen2ExitFragmentedBytes":11688,"GCGen3EnterHeapSizeBytes":53249032,"GCGen3ExitHeapSizeBytes":42763216,"GCGen3EnterFragmentedBytes":384,"GCGen3ExitFragmentedBytes":352,"GCGen4EnterHeapSizeBytes":622880,"GCGen4ExitHeapSizeBytes":622880,"GCGen4EnterFragmentedBytes":0,"GCGen4ExitFragmentedBytes":0,"GCPause0DurationMs":9.066,"GCPause1DurationMs":9.066,"ProcessThreads":31,"ArrivedEventsPerMinute":0,"IngestedEventsPerMinute":0,"IngestedBytesPerMinute":0,"InvalidPayloadsPerMinute":0,"UnauthorizedPayloadsPerMinute":0,"TotalWriteTimeLastMinute":"Flare.Diagnostics.Counters.RateCounter","BroadcastQueueCount":0,"BroadcastSubscriptionQueuesAggregateCount":0}
{"@t":"2022-10-29T13:46:59.5872162Z","@mt":"Termination signal received"}
{"@t":"2022-10-29T13:46:59.5999580Z","@mt":"Signalling for {Workers} worker task(s) to complete","Workers":3,"SourceContext":"Flare.Workers.WorkerPool"}
{"@t":"2022-10-29T13:47:14.7350024Z","@mt":"Seq {SeqVersion} running on OS {OSCaption}","SeqVersion":"2022.1.7929","OSCaption":"Linux 5.10.124-linuxkit #1 SMP Thu Jun 30 08:19:10 UTC 2022","SourceContext":"Seq.Server.Features.Diagnostics.EnvironmentInformationWriter"}
{"@t":"2022-10-29T13:47:14.8048178Z","@mt":"Seq detected {TotalRAM} MB of RAM","TotalRAM":2081.394688,"SourceContext":"Seq.Server.Features.Diagnostics.EnvironmentInformationWriter"}
{"@t":"2022-10-29T13:47:15.1864329Z","@mt":"Opening event store at {StreamPath}","StreamPath":"/data/Stream/stream.flare","SourceContext":"Flare.Cluster.StorageNodeCoordinator"}
{"@t":"2022-10-29T13:47:15.6557780Z","@mt":"Ingestion enabled","SourceContext":"Flare.Cluster.StorageNodeCoordinator"}
{"@t":"2022-10-29T13:47:15.6653312Z","@mt":"Cache warm-up is required","SourceContext":"Flare.Cache.SegmentCache","OperationId":"c269a1ff-3272-4c6f-a669-27fc12729bb8"}
{"@t":"2022-10-29T13:47:15.6715424Z","@mt":"Opening metastore {MetastorePath}","MetastorePath":"/data/Documents/metastore.flare","SourceContext":"Quince.Storage.Native.NativeDocumentStore"}
{"@t":"2022-10-29T13:47:15.9535489Z","@mt":"Storage subsystem available"}
{"@t":"2022-10-29T13:47:16.0820380Z","@mt":"Seq listening on {ListenUris}","ListenUris":["http://localhost/","https://localhost/","http://localhost:5341/","https://localhost:45341/"]}
{"@t":"2022-10-29T13:47:17.3937706Z","@mt":"Initial memory cache warm-up {Outcome} in {Elapsed:0.0} ms","@r":["1728.3"],"Outcome":"completed","Elapsed":1728.3336,"OperationId":"c269a1ff-3272-4c6f-a669-27fc12729bb8"}
{"@t":"2022-10-29T13:47:17.3950727Z","@mt":"{WarmSegments} segments warmed up ({@Shared})","WarmSegments":1217,"Shared":{"Schemata":115,"Strings":2198},"SourceContext":"Flare.Cache.SegmentCache"}
{"@t":"2022-10-29T13:48:16.1656735Z","@mt":"{CollectionCount} more generation 2 garbage collection(s) occurred","CollectionCount":2,"SourceContext":"Seq.Server.Features.Diagnostics.GCLogger"}
{"@t":"2022-10-29T13:52:16.1737553Z","@mt":"Metrics sampled","CacheDays":50.708333333333336,"CacheEvents":24136,"SystemMemoryUtilization":0.6825168797586554,"ProcessWorkingSetBytes":299786240,"GCTotalHeapSizeBytes":28946792,"GCTotalFragmentedBytes":227312,"GCPauseTimePercentage":5.47,"GCGen0EnterHeapSizeBytes":181449792,"GCGen0ExitHeapSizeBytes":96,"GCGen0EnterFragmentedBytes":681536,"GCGen0ExitFragmentedBytes":0,"GCGen1EnterHeapSizeBytes":7565208,"GCGen1ExitHeapSizeBytes":10667528,"GCGen1EnterFragmentedBytes":142248,"GCGen1ExitFragmentedBytes":226848,"GCGen2EnterHeapSizeBytes":96,"GCGen2ExitHeapSizeBytes":7220968,"GCGen2EnterFragmentedBytes":0,"GCGen2ExitFragmentedBytes":336,"GCGen3EnterHeapSizeBytes":21332368,"GCGen3ExitHeapSizeBytes":10846552,"GCGen3EnterFragmentedBytes":160,"GCGen3ExitFragmentedBytes":128,"GCGen4EnterHeapSizeBytes":211648,"GCGen4ExitHeapSizeBytes":211648,"GCGen4EnterFragmentedBytes":0,"GCGen4ExitFragmentedBytes":0,"GCPause0DurationMs":68.184,"GCPause1DurationMs":68.184,"ProcessThreads":35,"ArrivedEventsPerMinute":4,"IngestedEventsPerMinute":4,"IngestedBytesPerMinute":1488,"InvalidPayloadsPerMinute":0,"UnauthorizedPayloadsPerMinute":0,"TotalWriteTimeLastMinute":"Flare.Diagnostics.Counters.RateCounter","BroadcastQueueCount":0,"BroadcastSubscriptionQueuesAggregateCount":0}
{"@t":"2022-10-29T13:57:16.1660741Z","@mt":"Metrics sampled","CacheDays":50.708333333333336,"CacheEvents":24142,"SystemMemoryUtilization":0.6864841888171476,"ProcessWorkingSetBytes":299073536,"GCTotalHeapSizeBytes":28946792,"GCTotalFragmentedBytes":227312,"GCPauseTimePercentage":5.47,"GCGen0EnterHeapSizeBytes":181449792,"GCGen0ExitHeapSizeBytes":96,"GCGen0EnterFragmentedBytes":681536,"GCGen0ExitFragmentedBytes":0,"GCGen1EnterHeapSizeBytes":7565208,"GCGen1ExitHeapSizeBytes":10667528,"GCGen1EnterFragmentedBytes":142248,"GCGen1ExitFragmentedBytes":226848,"GCGen2EnterHeapSizeBytes":96,"GCGen2ExitHeapSizeBytes":7220968,"GCGen2EnterFragmentedBytes":0,"GCGen2ExitFragmentedBytes":336,"GCGen3EnterHeapSizeBytes":21332368,"GCGen3ExitHeapSizeBytes":10846552,"GCGen3EnterFragmentedBytes":160,"GCGen3ExitFragmentedBytes":128,"GCGen4EnterHeapSizeBytes":211648,"GCGen4ExitHeapSizeBytes":211648,"GCGen4EnterFragmentedBytes":0,"GCGen4ExitFragmentedBytes":0,"GCPause0DurationMs":68.184,"GCPause1DurationMs":68.184,"ProcessThreads":37,"ArrivedEventsPerMinute":0,"IngestedEventsPerMinute":0,"IngestedBytesPerMinute":0,"InvalidPayloadsPerMinute":0,"UnauthorizedPayloadsPerMinute":0,"TotalWriteTimeLastMinute":"Flare.Diagnostics.Counters.RateCounter","BroadcastQueueCount":0,"BroadcastSubscriptionQueuesAggregateCount":0}
{"@t":"2022-10-29T13:57:16.1760005Z","@mt":"Applying {Count} retention policies","Count":0,"SourceContext":"Seq.Server.Features.Retention.RetentionPolicyApplier"}
{"@t":"2022-10-29T13:57:16.1804995Z","@mt":"Retention processing and compaction took {Elapsed} ms; allocating {Allocation} ms for indexing","Elapsed":6.7473,"Allocation":599993.2527}
{"@t":"2022-10-29T13:57:16.1833791Z","@mt":"Beginning indexing","SourceContext":"Seq.Server.Features.Indexing.EventStoreIndexer"}
{"@t":"2022-10-29T13:57:16.3413252Z","@mt":"Wrote {IndexSetCount} index sets in {Elapsed:0.000} ms","@r":["157.000"],"IndexSetCount":0,"Elapsed":157,"SourceContext":"Seq.Server.Features.Indexing.EventStoreIndexer"}
{"@t":"2022-10-29T13:57:16.3419647Z","@mt":"Indexing took {Elapsed} ms; total iteration time was {Iteration} ms","Elapsed":160,"Iteration":166.987}
{"@t":"2022-10-29T13:58:42.8246143Z","@mt":"Termination signal received"}
{"@t":"2022-10-29T13:58:42.8348805Z","@mt":"Signalling for {Workers} worker task(s) to complete","Workers":3,"SourceContext":"Flare.Workers.WorkerPool"}
{"@t":"2022-10-29T13:59:02.1851777Z","@mt":"Seq {SeqVersion} running on OS {OSCaption}","SeqVersion":"2022.1.7929","OSCaption":"Linux 5.10.124-linuxkit #1 SMP Thu Jun 30 08:19:10 UTC 2022","SourceContext":"Seq.Server.Features.Diagnostics.EnvironmentInformationWriter"}
{"@t":"2022-10-29T13:59:02.2723051Z","@mt":"Seq detected {TotalRAM} MB of RAM","TotalRAM":2081.394688,"SourceContext":"Seq.Server.Features.Diagnostics.EnvironmentInformationWriter"}
{"@t":"2022-10-29T13:59:02.8213697Z","@mt":"Opening event store at {StreamPath}","StreamPath":"/data/Stream/stream.flare","SourceContext":"Flare.Cluster.StorageNodeCoordinator"}
{"@t":"2022-10-29T13:59:03.2510341Z","@mt":"Ingestion enabled","SourceContext":"Flare.Cluster.StorageNodeCoordinator"}
{"@t":"2022-10-29T13:59:03.2542194Z","@mt":"Cache warm-up is required","SourceContext":"Flare.Cache.SegmentCache","OperationId":"d67708ba-d710-4cc0-9d1b-2f3beaa21095"}
{"@t":"2022-10-29T13:59:03.2695506Z","@mt":"Opening metastore {MetastorePath}","MetastorePath":"/data/Documents/metastore.flare","SourceContext":"Quince.Storage.Native.NativeDocumentStore"}
{"@t":"2022-10-29T13:59:03.3985704Z","@mt":"Storage subsystem available"}
{"@t":"2022-10-29T13:59:03.4865712Z","@mt":"Error running the server application","@l":"Fatal","@x":"System.IO.IOException: Failed to bind to address http://0.0.0.0:45341: address already in use.\n ---> Microsoft.AspNetCore.Connections.AddressInUseException: Address already in use\n ---> System.Net.Sockets.SocketException (98): Address already in use\n   at System.Net.Sockets.Socket.UpdateStatusAfterSocketErrorAndThrowException(SocketError error, String callerName)\n   at System.Net.Sockets.Socket.DoBind(EndPoint endPointSnapshot, SocketAddress socketAddress)\n   at System.Net.Sockets.Socket.Bind(EndPoint localEP)\n   at Microsoft.AspNetCore.Server.Kestrel.Transport.Sockets.SocketTransportOptions.CreateDefaultBoundListenSocket(EndPoint endpoint)\n   at Microsoft.AspNetCore.Server.Kestrel.Transport.Sockets.SocketConnectionListener.Bind()\n   --- End of inner exception stack trace ---\n   at Microsoft.AspNetCore.Server.Kestrel.Transport.Sockets.SocketConnectionListener.Bind()\n   at Microsoft.AspNetCore.Server.Kestrel.Transport.Sockets.SocketTransportFactory.BindAsync(EndPoint endpoint, CancellationToken cancellationToken)\n   at Microsoft.AspNetCore.Server.Kestrel.Core.Internal.Infrastructure.TransportManager.BindAsync(EndPoint endPoint, ConnectionDelegate connectionDelegate, EndpointConfig endpointConfig, CancellationToken cancellationToken)\n   at Microsoft.AspNetCore.Server.Kestrel.Core.KestrelServerImpl.<>c__DisplayClass30_0`1.<<StartAsync>g__OnBind|0>d.MoveNext()\n--- End of stack trace from previous location ---\n   at Microsoft.AspNetCore.Server.Kestrel.Core.Internal.AddressBinder.BindEndpointAsync(ListenOptions endpoint, AddressBindContext context, CancellationToken cancellationToken)\n   --- End of inner exception stack trace ---\n   at Microsoft.AspNetCore.Server.Kestrel.Core.Internal.AddressBinder.BindEndpointAsync(ListenOptions endpoint, AddressBindContext context, CancellationToken cancellationToken)\n   at Microsoft.AspNetCore.Server.Kestrel.Core.ListenOptions.BindAsync(AddressBindContext context, CancellationToken cancellationToken)\n   at Microsoft.AspNetCore.Server.Kestrel.Core.Internal.AddressBinder.EndpointsStrategy.BindAsync(AddressBindContext context, CancellationToken cancellationToken)\n   at Microsoft.AspNetCore.Server.Kestrel.Core.Internal.AddressBinder.BindAsync(IEnumerable`1 listenOptions, AddressBindContext context, CancellationToken cancellationToken)\n   at Microsoft.AspNetCore.Server.Kestrel.Core.KestrelServerImpl.BindAsync(CancellationToken cancellationToken)\n   at Microsoft.AspNetCore.Server.Kestrel.Core.KestrelServerImpl.StartAsync[TContext](IHttpApplication`1 application, CancellationToken cancellationToken)\n   at Microsoft.AspNetCore.Hosting.WebHost.StartAsync(CancellationToken cancellationToken)\n   at Microsoft.AspNetCore.Hosting.WebHost.Start()\n   at Seq.Server.ServiceProcess.ServerService.Start()"}
{"@t":"2022-10-29T13:59:03.4998811Z","@mt":"Failed to start server","@l":"Fatal","@x":"System.IO.IOException: Failed to bind to address http://0.0.0.0:45341: address already in use.\n ---> Microsoft.AspNetCore.Connections.AddressInUseException: Address already in use\n ---> System.Net.Sockets.SocketException (98): Address already in use\n   at System.Net.Sockets.Socket.UpdateStatusAfterSocketErrorAndThrowException(SocketError error, String callerName)\n   at System.Net.Sockets.Socket.DoBind(EndPoint endPointSnapshot, SocketAddress socketAddress)\n   at System.Net.Sockets.Socket.Bind(EndPoint localEP)\n   at Microsoft.AspNetCore.Server.Kestrel.Transport.Sockets.SocketTransportOptions.CreateDefaultBoundListenSocket(EndPoint endpoint)\n   at Microsoft.AspNetCore.Server.Kestrel.Transport.Sockets.SocketConnectionListener.Bind()\n   --- End of inner exception stack trace ---\n   at Microsoft.AspNetCore.Server.Kestrel.Transport.Sockets.SocketConnectionListener.Bind()\n   at Microsoft.AspNetCore.Server.Kestrel.Transport.Sockets.SocketTransportFactory.BindAsync(EndPoint endpoint, CancellationToken cancellationToken)\n   at Microsoft.AspNetCore.Server.Kestrel.Core.Internal.Infrastructure.TransportManager.BindAsync(EndPoint endPoint, ConnectionDelegate connectionDelegate, EndpointConfig endpointConfig, CancellationToken cancellationToken)\n   at Microsoft.AspNetCore.Server.Kestrel.Core.KestrelServerImpl.<>c__DisplayClass30_0`1.<<StartAsync>g__OnBind|0>d.MoveNext()\n--- End of stack trace from previous location ---\n   at Microsoft.AspNetCore.Server.Kestrel.Core.Internal.AddressBinder.BindEndpointAsync(ListenOptions endpoint, AddressBindContext context, CancellationToken cancellationToken)\n   --- End of inner exception stack trace ---\n   at Microsoft.AspNetCore.Server.Kestrel.Core.Internal.AddressBinder.BindEndpointAsync(ListenOptions endpoint, AddressBindContext context, CancellationToken cancellationToken)\n   at Microsoft.AspNetCore.Server.Kestrel.Core.ListenOptions.BindAsync(AddressBindContext context, CancellationToken cancellationToken)\n   at Microsoft.AspNetCore.Server.Kestrel.Core.Internal.AddressBinder.EndpointsStrategy.BindAsync(AddressBindContext context, CancellationToken cancellationToken)\n   at Microsoft.AspNetCore.Server.Kestrel.Core.Internal.AddressBinder.BindAsync(IEnumerable`1 listenOptions, AddressBindContext context, CancellationToken cancellationToken)\n   at Microsoft.AspNetCore.Server.Kestrel.Core.KestrelServerImpl.BindAsync(CancellationToken cancellationToken)\n   at Microsoft.AspNetCore.Server.Kestrel.Core.KestrelServerImpl.StartAsync[TContext](IHttpApplication`1 application, CancellationToken cancellationToken)\n   at Microsoft.AspNetCore.Hosting.WebHost.StartAsync(CancellationToken cancellationToken)\n   at Microsoft.AspNetCore.Hosting.WebHost.Start()\n   at Seq.Server.ServiceProcess.ServerService.Start()\n   at Seq.Server.Cli.RunCommand.RunStandardIOAsync(Func`1 bootstrap, TextWriter cout)"}
{"@t":"2022-10-29T13:59:05.5787204Z","@mt":"Seq {SeqVersion} running on OS {OSCaption}","SeqVersion":"2022.1.7929","OSCaption":"Linux 5.10.124-linuxkit #1 SMP Thu Jun 30 08:19:10 UTC 2022","SourceContext":"Seq.Server.Features.Diagnostics.EnvironmentInformationWriter"}
{"@t":"2022-10-29T13:59:05.6458725Z","@mt":"Seq detected {TotalRAM} MB of RAM","TotalRAM":2081.394688,"SourceContext":"Seq.Server.Features.Diagnostics.EnvironmentInformationWriter"}
{"@t":"2022-10-29T13:59:05.9217424Z","@mt":"Opening event store at {StreamPath}","StreamPath":"/data/Stream/stream.flare","SourceContext":"Flare.Cluster.StorageNodeCoordinator"}
{"@t":"2022-10-29T13:59:06.2925218Z","@mt":"Ingestion enabled","SourceContext":"Flare.Cluster.StorageNodeCoordinator"}
{"@t":"2022-10-29T13:59:06.2970040Z","@mt":"Cache warm-up is required","SourceContext":"Flare.Cache.SegmentCache","OperationId":"c13f6b7b-4951-4d15-896c-10d2e185b6c7"}
{"@t":"2022-10-29T13:59:06.3044853Z","@mt":"Opening metastore {MetastorePath}","MetastorePath":"/data/Documents/metastore.flare","SourceContext":"Quince.Storage.Native.NativeDocumentStore"}
{"@t":"2022-10-29T13:59:06.4049191Z","@mt":"Storage subsystem available"}
{"@t":"2022-10-29T13:59:06.4641572Z","@mt":"Seq listening on {ListenUris}","ListenUris":["http://localhost/","https://localhost/","http://localhost:5341/","https://localhost:45341/"]}
{"@t":"2022-10-29T13:59:07.4313586Z","@mt":"Initial memory cache warm-up {Outcome} in {Elapsed:0.0} ms","@r":["1134.2"],"Outcome":"completed","Elapsed":1134.231,"OperationId":"c13f6b7b-4951-4d15-896c-10d2e185b6c7"}
{"@t":"2022-10-29T13:59:07.4326499Z","@mt":"{WarmSegments} segments warmed up ({@Shared})","WarmSegments":1217,"Shared":{"Schemata":115,"Strings":2236},"SourceContext":"Flare.Cache.SegmentCache"}
{"@t":"2022-10-29T14:00:06.5075618Z","@mt":"{CollectionCount} more generation 2 garbage collection(s) occurred","CollectionCount":2,"SourceContext":"Seq.Server.Features.Diagnostics.GCLogger"}
{"@t":"2022-10-29T14:01:43.4689545Z","@mt":"Termination signal received"}
{"@t":"2022-10-29T14:01:43.4964099Z","@mt":"Signalling for {Workers} worker task(s) to complete","Workers":3,"SourceContext":"Flare.Workers.WorkerPool"}
{"@t":"2022-10-29T14:01:43.5100492Z","@mt":"Work {WorkDescription} ({WorkId}) observed cancellation and completed","WorkDescription":"Manage event cache resources","WorkId":"86699f24-a3de-4193-bc36-fa265c14df06","SourceContext":"Flare.Workers.WorkerPool"}
{"@t":"2022-10-29T14:01:43.6036411Z","@mt":"Work {WorkDescription} ({WorkId}) observed cancellation and completed","WorkDescription":"Monitor alerts and trigger notifications","WorkId":"3644280b-f6cc-4c15-b2e8-b5f2155e15ae","SourceContext":"Flare.Workers.WorkerPool"}
{"@t":"2022-10-29T14:01:59.9642679Z","@mt":"Seq {SeqVersion} running on OS {OSCaption}","SeqVersion":"2022.1.7929","OSCaption":"Linux 5.10.124-linuxkit #1 SMP Thu Jun 30 08:19:10 UTC 2022","SourceContext":"Seq.Server.Features.Diagnostics.EnvironmentInformationWriter"}
{"@t":"2022-10-29T14:02:00.0463884Z","@mt":"Seq detected {TotalRAM} MB of RAM","TotalRAM":2081.394688,"SourceContext":"Seq.Server.Features.Diagnostics.EnvironmentInformationWriter"}
{"@t":"2022-10-29T14:02:00.6041151Z","@mt":"Opening event store at {StreamPath}","StreamPath":"/data/Stream/stream.flare","SourceContext":"Flare.Cluster.StorageNodeCoordinator"}
{"@t":"2022-10-29T14:02:01.1542847Z","@mt":"Ingestion enabled","SourceContext":"Flare.Cluster.StorageNodeCoordinator"}
{"@t":"2022-10-29T14:02:01.1622035Z","@mt":"Cache warm-up is required","SourceContext":"Flare.Cache.SegmentCache","OperationId":"bae7e5aa-a71d-42c7-90aa-4ce3d7416a4c"}
{"@t":"2022-10-29T14:02:01.1729220Z","@mt":"Opening metastore {MetastorePath}","MetastorePath":"/data/Documents/metastore.flare","SourceContext":"Quince.Storage.Native.NativeDocumentStore"}
{"@t":"2022-10-29T14:02:01.3841548Z","@mt":"Storage subsystem available"}
{"@t":"2022-10-29T14:02:01.6889751Z","@mt":"Seq listening on {ListenUris}","ListenUris":["http://localhost/","https://localhost/","http://localhost:5341/","https://localhost:45341/"]}
{"@t":"2022-10-29T14:02:03.1680672Z","@mt":"Initial memory cache warm-up {Outcome} in {Elapsed:0.0} ms","@r":["2005.6"],"Outcome":"completed","Elapsed":2005.6446,"OperationId":"bae7e5aa-a71d-42c7-90aa-4ce3d7416a4c"}
{"@t":"2022-10-29T14:02:03.1698512Z","@mt":"{WarmSegments} segments warmed up ({@Shared})","WarmSegments":1218,"Shared":{"Schemata":115,"Strings":2260},"SourceContext":"Flare.Cache.SegmentCache"}
{"@t":"2022-10-29T14:03:01.7738403Z","@mt":"{CollectionCount} more generation 2 garbage collection(s) occurred","CollectionCount":2,"SourceContext":"Seq.Server.Features.Diagnostics.GCLogger"}
{"@t":"2022-10-29T14:03:22.6948020Z","@mt":"Termination signal received"}
{"@t":"2022-10-29T14:03:22.7278131Z","@mt":"Signalling for {Workers} worker task(s) to complete","Workers":3,"SourceContext":"Flare.Workers.WorkerPool"}
{"@t":"2022-10-29T14:03:22.8472761Z","@mt":"Work {WorkDescription} ({WorkId}) observed cancellation and completed","WorkDescription":"Monitor alerts and trigger notifications","WorkId":"e827cc20-ddef-475f-a295-9387a0f477ef","SourceContext":"Flare.Workers.WorkerPool"}
{"@t":"2022-10-29T14:03:23.2512118Z","@mt":"Work {WorkDescription} ({WorkId}) observed cancellation and completed","WorkDescription":"Manage event cache resources","WorkId":"6af795a0-face-4070-97bc-9985af1880e8","SourceContext":"Flare.Workers.WorkerPool"}
{"@t":"2022-10-29T14:03:43.5620798Z","@mt":"Seq {SeqVersion} running on OS {OSCaption}","SeqVersion":"2022.1.7929","OSCaption":"Linux 5.10.124-linuxkit #1 SMP Thu Jun 30 08:19:10 UTC 2022","SourceContext":"Seq.Server.Features.Diagnostics.EnvironmentInformationWriter"}
{"@t":"2022-10-29T14:03:43.6552107Z","@mt":"Seq detected {TotalRAM} MB of RAM","TotalRAM":2081.394688,"SourceContext":"Seq.Server.Features.Diagnostics.EnvironmentInformationWriter"}
{"@t":"2022-10-29T14:03:44.0747914Z","@mt":"Opening event store at {StreamPath}","StreamPath":"/data/Stream/stream.flare","SourceContext":"Flare.Cluster.StorageNodeCoordinator"}
{"@t":"2022-10-29T14:03:44.4985606Z","@mt":"Ingestion enabled","SourceContext":"Flare.Cluster.StorageNodeCoordinator"}
{"@t":"2022-10-29T14:03:44.5051330Z","@mt":"Cache warm-up is required","SourceContext":"Flare.Cache.SegmentCache","OperationId":"986982aa-5ef3-4ab3-ae07-101c5f99a2e0"}
{"@t":"2022-10-29T14:03:44.5217526Z","@mt":"Opening metastore {MetastorePath}","MetastorePath":"/data/Documents/metastore.flare","SourceContext":"Quince.Storage.Native.NativeDocumentStore"}
{"@t":"2022-10-29T14:03:44.6703831Z","@mt":"Storage subsystem available"}
{"@t":"2022-10-29T14:03:44.7694673Z","@mt":"Seq listening on {ListenUris}","ListenUris":["http://localhost/","https://localhost/","http://localhost:5341/","https://localhost:45341/"]}
{"@t":"2022-10-29T14:03:45.9953571Z","@mt":"Initial memory cache warm-up {Outcome} in {Elapsed:0.0} ms","@r":["1490.0"],"Outcome":"completed","Elapsed":1489.9594,"OperationId":"986982aa-5ef3-4ab3-ae07-101c5f99a2e0"}
{"@t":"2022-10-29T14:03:45.9972781Z","@mt":"{WarmSegments} segments warmed up ({@Shared})","WarmSegments":1218,"Shared":{"Schemata":115,"Strings":2286},"SourceContext":"Flare.Cache.SegmentCache"}
{"@t":"2022-10-29T14:04:44.8162873Z","@mt":"{CollectionCount} more generation 2 garbage collection(s) occurred","CollectionCount":2,"SourceContext":"Seq.Server.Features.Diagnostics.GCLogger"}
{"@t":"2022-10-29T14:08:44.8232932Z","@mt":"Metrics sampled","CacheDays":50.75,"CacheEvents":24745,"SystemMemoryUtilization":0.674867608771374,"ProcessWorkingSetBytes":313118720,"GCTotalHeapSizeBytes":29244904,"GCTotalFragmentedBytes":241664,"GCPauseTimePercentage":2.3,"GCGen0EnterHeapSizeBytes":193722848,"GCGen0ExitHeapSizeBytes":96,"GCGen0EnterFragmentedBytes":245776,"GCGen0ExitFragmentedBytes":0,"GCGen1EnterHeapSizeBytes":7166776,"GCGen1ExitHeapSizeBytes":11331320,"GCGen1EnterFragmentedBytes":122368,"GCGen1ExitFragmentedBytes":241200,"GCGen2EnterHeapSizeBytes":96,"GCGen2ExitHeapSizeBytes":6855288,"GCGen2EnterFragmentedBytes":0,"GCGen2ExitFragmentedBytes":336,"GCGen3EnterHeapSizeBytes":21332368,"GCGen3ExitHeapSizeBytes":10846552,"GCGen3EnterFragmentedBytes":160,"GCGen3ExitFragmentedBytes":128,"GCGen4EnterHeapSizeBytes":211648,"GCGen4ExitHeapSizeBytes":211648,"GCGen4EnterFragmentedBytes":0,"GCGen4ExitFragmentedBytes":0,"GCPause0DurationMs":38.106,"GCPause1DurationMs":38.106,"ProcessThreads":33,"ArrivedEventsPerMinute":0,"IngestedEventsPerMinute":0,"IngestedBytesPerMinute":0,"InvalidPayloadsPerMinute":0,"UnauthorizedPayloadsPerMinute":0,"TotalWriteTimeLastMinute":"Flare.Diagnostics.Counters.RateCounter","BroadcastQueueCount":0,"BroadcastSubscriptionQueuesAggregateCount":0}
{"@t":"2022-10-29T14:09:26.7656612Z","@mt":"Termination signal received"}
{"@t":"2022-10-29T14:09:26.7803745Z","@mt":"Signalling for {Workers} worker task(s) to complete","Workers":3,"SourceContext":"Flare.Workers.WorkerPool"}
{"@t":"2022-10-29T14:09:26.9758841Z","@mt":"Work {WorkDescription} ({WorkId}) observed cancellation and completed","WorkDescription":"Monitor alerts and trigger notifications","WorkId":"ac8a9d39-5e9c-4def-b303-d5acbef113a0","SourceContext":"Flare.Workers.WorkerPool"}
{"@t":"2022-10-29T14:09:27.1378875Z","@mt":"Work {WorkDescription} ({WorkId}) observed cancellation and completed","WorkDescription":"Manage event cache resources","WorkId":"91631b2f-05e5-47a9-8475-f81eae53d09b","SourceContext":"Flare.Workers.WorkerPool"}
{"@t":"2022-10-29T14:09:40.5101425Z","@mt":"Seq {SeqVersion} running on OS {OSCaption}","SeqVersion":"2022.1.7929","OSCaption":"Linux 5.10.124-linuxkit #1 SMP Thu Jun 30 08:19:10 UTC 2022","SourceContext":"Seq.Server.Features.Diagnostics.EnvironmentInformationWriter"}
{"@t":"2022-10-29T14:09:40.5756872Z","@mt":"Seq detected {TotalRAM} MB of RAM","TotalRAM":2081.394688,"SourceContext":"Seq.Server.Features.Diagnostics.EnvironmentInformationWriter"}
{"@t":"2022-10-29T14:09:40.9425675Z","@mt":"Opening event store at {StreamPath}","StreamPath":"/data/Stream/stream.flare","SourceContext":"Flare.Cluster.StorageNodeCoordinator"}
{"@t":"2022-10-29T14:09:41.3917847Z","@mt":"Ingestion enabled","SourceContext":"Flare.Cluster.StorageNodeCoordinator"}
{"@t":"2022-10-29T14:09:41.3968713Z","@mt":"Cache warm-up is required","SourceContext":"Flare.Cache.SegmentCache","OperationId":"1b99ff44-268a-454f-b1f1-d580b9fae741"}
{"@t":"2022-10-29T14:09:41.4112656Z","@mt":"Opening metastore {MetastorePath}","MetastorePath":"/data/Documents/metastore.flare","SourceContext":"Quince.Storage.Native.NativeDocumentStore"}
{"@t":"2022-10-29T14:09:41.6364046Z","@mt":"Storage subsystem available"}
{"@t":"2022-10-29T14:09:41.7837482Z","@mt":"Seq listening on {ListenUris}","ListenUris":["http://localhost/","https://localhost/","http://localhost:5341/","https://localhost:45341/"]}
{"@t":"2022-10-29T14:09:42.9594656Z","@mt":"Initial memory cache warm-up {Outcome} in {Elapsed:0.0} ms","@r":["1562.4"],"Outcome":"completed","Elapsed":1562.3876,"OperationId":"1b99ff44-268a-454f-b1f1-d580b9fae741"}
{"@t":"2022-10-29T14:09:42.9608251Z","@mt":"{WarmSegments} segments warmed up ({@Shared})","WarmSegments":1218,"Shared":{"Schemata":115,"Strings":2302},"SourceContext":"Flare.Cache.SegmentCache"}
{"@t":"2022-10-29T14:10:41.8871794Z","@mt":"{CollectionCount} more generation 2 garbage collection(s) occurred","CollectionCount":2,"SourceContext":"Seq.Server.Features.Diagnostics.GCLogger"}
{"@t":"2022-10-29T14:14:41.8968297Z","@mt":"Metrics sampled","CacheDays":50.75,"CacheEvents":25019,"SystemMemoryUtilization":0.6686450734326079,"ProcessWorkingSetBytes":306851840,"GCTotalHeapSizeBytes":29405960,"GCTotalFragmentedBytes":237928,"GCPauseTimePercentage":3.34,"GCGen0EnterHeapSizeBytes":190963944,"GCGen0ExitHeapSizeBytes":96,"GCGen0EnterFragmentedBytes":394000,"GCGen0ExitFragmentedBytes":0,"GCGen1EnterHeapSizeBytes":7449592,"GCGen1ExitHeapSizeBytes":11284096,"GCGen1EnterFragmentedBytes":130280,"GCGen1ExitFragmentedBytes":237432,"GCGen2EnterHeapSizeBytes":96,"GCGen2ExitHeapSizeBytes":6920176,"GCGen2EnterFragmentedBytes":0,"GCGen2ExitFragmentedBytes":336,"GCGen3EnterHeapSizeBytes":21475760,"GCGen3ExitHeapSizeBytes":10989944,"GCGen3EnterFragmentedBytes":192,"GCGen3ExitFragmentedBytes":160,"GCGen4EnterHeapSizeBytes":211648,"GCGen4ExitHeapSizeBytes":211648,"GCGen4EnterFragmentedBytes":0,"GCGen4ExitFragmentedBytes":0,"GCPause0DurationMs":37.928,"GCPause1DurationMs":37.928,"ProcessThreads":32,"ArrivedEventsPerMinute":4,"IngestedEventsPerMinute":4,"IngestedBytesPerMinute":1488,"InvalidPayloadsPerMinute":0,"UnauthorizedPayloadsPerMinute":0,"TotalWriteTimeLastMinute":"Flare.Diagnostics.Counters.RateCounter","BroadcastQueueCount":0,"BroadcastSubscriptionQueuesAggregateCount":0}
{"@t":"2022-10-29T14:16:16.8904793Z","@mt":"Termination signal received"}
{"@t":"2022-10-29T14:16:16.9040468Z","@mt":"Signalling for {Workers} worker task(s) to complete","Workers":3,"SourceContext":"Flare.Workers.WorkerPool"}
{"@t":"2022-10-29T14:16:31.4100818Z","@mt":"Seq {SeqVersion} running on OS {OSCaption}","SeqVersion":"2022.1.7929","OSCaption":"Linux 5.10.124-linuxkit #1 SMP Thu Jun 30 08:19:10 UTC 2022","SourceContext":"Seq.Server.Features.Diagnostics.EnvironmentInformationWriter"}
{"@t":"2022-10-29T14:16:31.4735848Z","@mt":"Seq detected {TotalRAM} MB of RAM","TotalRAM":2081.394688,"SourceContext":"Seq.Server.Features.Diagnostics.EnvironmentInformationWriter"}
{"@t":"2022-10-29T14:16:32.1172814Z","@mt":"Opening event store at {StreamPath}","StreamPath":"/data/Stream/stream.flare","SourceContext":"Flare.Cluster.StorageNodeCoordinator"}
{"@t":"2022-10-29T14:16:32.7224243Z","@mt":"Ingestion enabled","SourceContext":"Flare.Cluster.StorageNodeCoordinator"}
{"@t":"2022-10-29T14:16:32.7322951Z","@mt":"Cache warm-up is required","SourceContext":"Flare.Cache.SegmentCache","OperationId":"f311b9a2-4756-4306-b5bd-cecfeda0e398"}
{"@t":"2022-10-29T14:16:32.7467222Z","@mt":"Opening metastore {MetastorePath}","MetastorePath":"/data/Documents/metastore.flare","SourceContext":"Quince.Storage.Native.NativeDocumentStore"}
{"@t":"2022-10-29T14:16:32.9746779Z","@mt":"Storage subsystem available"}
{"@t":"2022-10-29T14:16:33.1712778Z","@mt":"Seq listening on {ListenUris}","ListenUris":["http://localhost/","https://localhost/","http://localhost:5341/","https://localhost:45341/"]}
{"@t":"2022-10-29T14:16:34.5386874Z","@mt":"Initial memory cache warm-up {Outcome} in {Elapsed:0.0} ms","@r":["1806.1"],"Outcome":"completed","Elapsed":1806.1346,"OperationId":"f311b9a2-4756-4306-b5bd-cecfeda0e398"}
{"@t":"2022-10-29T14:16:34.5422995Z","@mt":"{WarmSegments} segments warmed up ({@Shared})","WarmSegments":1218,"Shared":{"Schemata":115,"Strings":2329},"SourceContext":"Flare.Cache.SegmentCache"}
{"@t":"2022-10-29T14:17:33.2291194Z","@mt":"{CollectionCount} more generation 2 garbage collection(s) occurred","CollectionCount":2,"SourceContext":"Seq.Server.Features.Diagnostics.GCLogger"}
{"@t":"2022-10-29T14:21:10.3949317Z","@mt":"Termination signal received"}
{"@t":"2022-10-29T14:21:10.4067187Z","@mt":"Signalling for {Workers} worker task(s) to complete","Workers":3,"SourceContext":"Flare.Workers.WorkerPool"}
{"@t":"2022-10-29T14:21:10.6679152Z","@mt":"Work {WorkDescription} ({WorkId}) observed cancellation and completed","WorkDescription":"Manage event cache resources","WorkId":"035be9fc-8d2c-4b7e-852c-f007b0c2e16e","SourceContext":"Flare.Workers.WorkerPool"}
{"@t":"2022-10-29T14:21:11.3572222Z","@mt":"Work {WorkDescription} ({WorkId}) observed cancellation and completed","WorkDescription":"Monitor alerts and trigger notifications","WorkId":"522c54d0-f495-4aeb-ba08-84e112e953d7","SourceContext":"Flare.Workers.WorkerPool"}
{"@t":"2022-10-29T14:21:12.7682194Z","@mt":"Work {WorkDescription} ({WorkId}) observed cancellation and completed","WorkDescription":"Sample system memory","WorkId":"bfa517c6-fc4c-4520-81ca-2a9f7974079e","SourceContext":"Flare.Workers.WorkerPool"}
{"@t":"2022-10-29T14:21:12.8138386Z","@mt":"Stopping {Tasks} scheduled tasks","Tasks":15,"SourceContext":"Seq.Server.Tasks.TaskRunner"}
{"@t":"2022-10-29T14:21:12.8184273Z","@mt":"Stopping input channel","SourceContext":"Seq.Server.Features.Apps.Inputs.InputChannel"}
{"@t":"2022-10-29T14:21:13.2693508Z","@mt":"Shutting down input channel; {AcceptedCount} queued events will be written","AcceptedCount":0,"SourceContext":"Seq.Server.Features.Apps.Inputs.InputChannel"}
{"@t":"2022-10-29T14:21:13.2713237Z","@mt":"Stopping broadcast channel","SourceContext":"Flare.Broadcast.BroadcastChannel"}
{"@t":"2022-10-29T14:21:14.2632070Z","@mt":"Shutting down broadcast channel with {AllowableFlush} flushable event batches (+{Tolerance} tolerance)","AllowableFlush":0,"Tolerance":15,"SourceContext":"Flare.Broadcast.BroadcastChannel"}
{"@t":"2022-10-29T14:21:14.2698946Z","@mt":"Closing event store","SourceContext":"Flare.Cluster.StorageNodeCoordinator"}
{"@t":"2022-10-29T14:21:14.2713511Z","@mt":"Closing metastore","SourceContext":"Quince.Storage.Native.NativeDocumentStore"}
{"@t":"2022-10-29T14:21:14.2746769Z","@mt":"Server stopped cleanly"}
