{"@t":"2023-01-10T18:15:51.9840570Z","@mt":"Seq {SeqVersion} running on OS {OSCaption}","SeqVersion":"2022.1.7929","OSCaption":"Linux 5.15.49-linuxkit #1 SMP Tue Sep 13 07:51:46 UTC 2022","SourceContext":"Seq.Server.Features.Diagnostics.EnvironmentInformationWriter"}
{"@t":"2023-01-10T18:15:52.1646785Z","@mt":"Seq detected {TotalRAM} MB of RAM","TotalRAM":2080.894976,"SourceContext":"Seq.Server.Features.Diagnostics.EnvironmentInformationWriter"}
{"@t":"2023-01-10T18:15:52.6316213Z","@mt":"Opening event store at {StreamPath}","StreamPath":"/data/Stream/stream.flare","SourceContext":"Flare.Cluster.StorageNodeCoordinator"}
{"@t":"2023-01-10T18:15:52.7882693Z","@mt":"Ingestion enabled","SourceContext":"Flare.Cluster.StorageNodeCoordinator"}
{"@t":"2023-01-10T18:15:52.8011973Z","@mt":"Cache warm-up is required","SourceContext":"Flare.Cache.SegmentCache","OperationId":"23d8d98b-555b-4749-a03c-71dbf5f8b5a7"}
{"@t":"2023-01-10T18:15:52.8102318Z","@mt":"Opening metastore {MetastorePath}","MetastorePath":"/data/Documents/metastore.flare","SourceContext":"Quince.Storage.Native.NativeDocumentStore"}
{"@t":"2023-01-10T18:15:52.9796285Z","@mt":"Storage subsystem available"}
{"@t":"2023-01-10T18:15:53.2018028Z","@mt":"Seq listening on {ListenUris}","ListenUris":["http://localhost/","https://localhost/","http://localhost:5341/","https://localhost:45341/"]}
{"@t":"2023-01-10T18:15:57.5153017Z","@mt":"Initial memory cache warm-up {Outcome} in {Elapsed:0.0} ms","@r":["4713.9"],"Outcome":"completed","Elapsed":4713.9346,"OperationId":"23d8d98b-555b-4749-a03c-71dbf5f8b5a7"}
{"@t":"2023-01-10T18:15:57.5181273Z","@mt":"{WarmSegments} segments warmed up ({@Shared})","WarmSegments":2901,"Shared":{"Schemata":115,"Strings":4459},"SourceContext":"Flare.Cache.SegmentCache"}
{"@t":"2023-01-10T18:16:07.5950369Z","@mt":"Memory is overutilized, so cooling down segment {Segment} ({HotCount} events)","Segment":"2022-09-08T21:00:00.0000000Z","HotCount":268,"SourceContext":"Flare.Cache.SegmentCache"}
{"@t":"2023-01-10T18:16:07.5967049Z","@mt":"Memory is overutilized, so cooling down segment {Segment} ({HotCount} events)","Segment":"2022-09-08T22:00:00.0000000Z","HotCount":3,"SourceContext":"Flare.Cache.SegmentCache"}
{"@t":"2023-01-10T18:16:07.5974995Z","@mt":"Memory is overutilized, so cooling down segment {Segment} ({HotCount} events)","Segment":"2022-09-20T18:00:00.0000000Z","HotCount":1380,"SourceContext":"Flare.Cache.SegmentCache"}
{"@t":"2023-01-10T18:16:07.5982371Z","@mt":"Memory is overutilized, so cooling down segment {Segment} ({HotCount} events)","Segment":"2022-09-20T19:00:00.0000000Z","HotCount":130,"SourceContext":"Flare.Cache.SegmentCache"}
{"@t":"2023-01-10T18:16:07.5986161Z","@mt":"Memory is overutilized, so cooling down segment {Segment} ({HotCount} events)","Segment":"2022-09-22T16:00:00.0000000Z","HotCount":734,"SourceContext":"Flare.Cache.SegmentCache"}
{"@t":"2023-01-10T18:16:07.5989818Z","@mt":"Memory is overutilized, so cooling down segment {Segment} ({HotCount} events)","Segment":"2022-09-22T17:00:00.0000000Z","HotCount":4002,"SourceContext":"Flare.Cache.SegmentCache"}
{"@t":"2023-01-10T18:16:07.5993605Z","@mt":"Memory is overutilized, so cooling down segment {Segment} ({HotCount} events)","Segment":"2022-09-24T10:00:00.0000000Z","HotCount":732,"SourceContext":"Flare.Cache.SegmentCache"}
{"@t":"2023-01-10T18:16:07.5996370Z","@mt":"Memory is overutilized, so cooling down segment {Segment} ({HotCount} events)","Segment":"2022-09-24T11:00:00.0000000Z","HotCount":7,"SourceContext":"Flare.Cache.SegmentCache"}
{"@t":"2023-01-10T18:16:07.5999914Z","@mt":"Memory is overutilized, so cooling down segment {Segment} ({HotCount} events)","Segment":"2022-09-25T15:00:00.0000000Z","HotCount":156,"SourceContext":"Flare.Cache.SegmentCache"}
{"@t":"2023-01-10T18:16:07.6003194Z","@mt":"Memory is overutilized, so cooling down segment {Segment} ({HotCount} events)","Segment":"2022-09-27T14:00:00.0000000Z","HotCount":201,"SourceContext":"Flare.Cache.SegmentCache"}
{"@t":"2023-01-10T18:16:07.6005948Z","@mt":"Memory is overutilized, so cooling down segment {Segment} ({HotCount} events)","Segment":"2022-09-27T15:00:00.0000000Z","HotCount":6,"SourceContext":"Flare.Cache.SegmentCache"}
{"@t":"2023-01-10T18:16:07.6011695Z","@mt":"Memory is overutilized, so cooling down segment {Segment} ({HotCount} events)","Segment":"2022-09-29T15:00:00.0000000Z","HotCount":156,"SourceContext":"Flare.Cache.SegmentCache"}
{"@t":"2023-01-10T18:16:07.6014636Z","@mt":"Memory is overutilized, so cooling down segment {Segment} ({HotCount} events)","Segment":"2022-10-02T11:00:00.0000000Z","HotCount":468,"SourceContext":"Flare.Cache.SegmentCache"}
{"@t":"2023-01-10T18:16:07.6017832Z","@mt":"Memory is overutilized, so cooling down segment {Segment} ({HotCount} events)","Segment":"2022-10-04T17:00:00.0000000Z","HotCount":331,"SourceContext":"Flare.Cache.SegmentCache"}
{"@t":"2023-01-10T18:16:07.6020580Z","@mt":"Memory is overutilized, so cooling down segment {Segment} ({HotCount} events)","Segment":"2022-10-04T18:00:00.0000000Z","HotCount":161,"SourceContext":"Flare.Cache.SegmentCache"}
{"@t":"2023-01-10T18:16:07.6024445Z","@mt":"Memory is overutilized, so cooling down segment {Segment} ({HotCount} events)","Segment":"2022-10-08T16:00:00.0000000Z","HotCount":300,"SourceContext":"Flare.Cache.SegmentCache"}
{"@t":"2023-01-10T18:16:07.6027550Z","@mt":"Memory is overutilized, so cooling down segment {Segment} ({HotCount} events)","Segment":"2022-10-08T17:00:00.0000000Z","HotCount":187,"SourceContext":"Flare.Cache.SegmentCache"}
{"@t":"2023-01-10T18:16:07.6030553Z","@mt":"Memory is overutilized, so cooling down segment {Segment} ({HotCount} events)","Segment":"2022-10-09T10:00:00.0000000Z","HotCount":655,"SourceContext":"Flare.Cache.SegmentCache"}
{"@t":"2023-01-10T18:16:07.6033493Z","@mt":"Memory is overutilized, so cooling down segment {Segment} ({HotCount} events)","Segment":"2022-10-09T11:00:00.0000000Z","HotCount":774,"SourceContext":"Flare.Cache.SegmentCache"}
{"@t":"2023-01-10T18:16:07.6038037Z","@mt":"Memory is overutilized, so cooling down segment {Segment} ({HotCount} events)","Segment":"2022-10-11T17:00:00.0000000Z","HotCount":589,"SourceContext":"Flare.Cache.SegmentCache"}
{"@t":"2023-01-10T18:16:07.6042316Z","@mt":"Memory is overutilized, so cooling down segment {Segment} ({HotCount} events)","Segment":"2022-10-11T18:00:00.0000000Z","HotCount":806,"SourceContext":"Flare.Cache.SegmentCache"}
{"@t":"2023-01-10T18:16:07.6045315Z","@mt":"Memory is overutilized, so cooling down segment {Segment} ({HotCount} events)","Segment":"2022-10-12T17:00:00.0000000Z","HotCount":612,"SourceContext":"Flare.Cache.SegmentCache"}
{"@t":"2023-01-10T18:16:07.6048213Z","@mt":"Memory is overutilized, so cooling down segment {Segment} ({HotCount} events)","Segment":"2022-10-12T21:00:00.0000000Z","HotCount":268,"SourceContext":"Flare.Cache.SegmentCache"}
{"@t":"2023-01-10T18:16:07.6051707Z","@mt":"Memory is overutilized, so cooling down segment {Segment} ({HotCount} events)","Segment":"2022-10-12T22:00:00.0000000Z","HotCount":223,"SourceContext":"Flare.Cache.SegmentCache"}
{"@t":"2023-01-10T18:16:07.6054725Z","@mt":"Memory is overutilized, so cooling down segment {Segment} ({HotCount} events)","Segment":"2022-10-13T15:00:00.0000000Z","HotCount":369,"SourceContext":"Flare.Cache.SegmentCache"}
{"@t":"2023-01-10T18:16:07.6058199Z","@mt":"Memory is overutilized, so cooling down segment {Segment} ({HotCount} events)","Segment":"2022-10-13T16:00:00.0000000Z","HotCount":333,"SourceContext":"Flare.Cache.SegmentCache"}
{"@t":"2023-01-10T18:16:07.6060920Z","@mt":"Memory is overutilized, so cooling down segment {Segment} ({HotCount} events)","Segment":"2022-10-14T17:00:00.0000000Z","HotCount":11,"SourceContext":"Flare.Cache.SegmentCache"}
{"@t":"2023-01-10T18:16:07.6064535Z","@mt":"Memory is overutilized, so cooling down segment {Segment} ({HotCount} events)","Segment":"2022-10-14T18:00:00.0000000Z","HotCount":130,"SourceContext":"Flare.Cache.SegmentCache"}
{"@t":"2023-01-10T18:16:07.6068691Z","@mt":"Memory is overutilized, so cooling down segment {Segment} ({HotCount} events)","Segment":"2022-10-15T17:00:00.0000000Z","HotCount":799,"SourceContext":"Flare.Cache.SegmentCache"}
{"@t":"2023-01-10T18:16:07.6074533Z","@mt":"Memory is overutilized, so cooling down segment {Segment} ({HotCount} events)","Segment":"2022-10-15T18:00:00.0000000Z","HotCount":1320,"SourceContext":"Flare.Cache.SegmentCache"}
{"@t":"2023-01-10T18:16:07.6077882Z","@mt":"Memory is overutilized, so cooling down segment {Segment} ({HotCount} events)","Segment":"2022-10-15T19:00:00.0000000Z","HotCount":65,"SourceContext":"Flare.Cache.SegmentCache"}
{"@t":"2023-01-10T18:16:07.6081003Z","@mt":"Memory is overutilized, so cooling down segment {Segment} ({HotCount} events)","Segment":"2022-10-15T20:00:00.0000000Z","HotCount":325,"SourceContext":"Flare.Cache.SegmentCache"}
{"@t":"2023-01-10T18:16:07.6084271Z","@mt":"Memory is overutilized, so cooling down segment {Segment} ({HotCount} events)","Segment":"2022-10-17T13:00:00.0000000Z","HotCount":65,"SourceContext":"Flare.Cache.SegmentCache"}
{"@t":"2023-01-10T18:16:07.6087743Z","@mt":"Memory is overutilized, so cooling down segment {Segment} ({HotCount} events)","Segment":"2022-10-18T17:00:00.0000000Z","HotCount":223,"SourceContext":"Flare.Cache.SegmentCache"}
{"@t":"2023-01-10T18:16:07.6090457Z","@mt":"Memory is overutilized, so cooling down segment {Segment} ({HotCount} events)","Segment":"2022-10-18T18:00:00.0000000Z","HotCount":880,"SourceContext":"Flare.Cache.SegmentCache"}
{"@t":"2023-01-10T18:16:07.6095566Z","@mt":"Memory is overutilized, so cooling down segment {Segment} ({HotCount} events)","Segment":"2022-10-18T19:00:00.0000000Z","HotCount":27,"SourceContext":"Flare.Cache.SegmentCache"}
{"@t":"2023-01-10T18:16:07.6099284Z","@mt":"Memory is overutilized, so cooling down segment {Segment} ({HotCount} events)","Segment":"2022-10-19T14:00:00.0000000Z","HotCount":65,"SourceContext":"Flare.Cache.SegmentCache"}
{"@t":"2023-01-10T18:16:07.6102225Z","@mt":"Memory is overutilized, so cooling down segment {Segment} ({HotCount} events)","Segment":"2022-10-20T15:00:00.0000000Z","HotCount":211,"SourceContext":"Flare.Cache.SegmentCache"}
{"@t":"2023-01-10T18:16:07.6105077Z","@mt":"Memory is overutilized, so cooling down segment {Segment} ({HotCount} events)","Segment":"2022-10-20T16:00:00.0000000Z","HotCount":904,"SourceContext":"Flare.Cache.SegmentCache"}
{"@t":"2023-01-10T18:16:07.6108226Z","@mt":"Memory is overutilized, so cooling down segment {Segment} ({HotCount} events)","Segment":"2022-10-22T15:00:00.0000000Z","HotCount":116,"SourceContext":"Flare.Cache.SegmentCache"}
{"@t":"2023-01-10T18:16:07.6111026Z","@mt":"Memory is overutilized, so cooling down segment {Segment} ({HotCount} events)","Segment":"2022-10-22T16:00:00.0000000Z","HotCount":65,"SourceContext":"Flare.Cache.SegmentCache"}
{"@t":"2023-01-10T18:16:07.6113778Z","@mt":"Memory is overutilized, so cooling down segment {Segment} ({HotCount} events)","Segment":"2022-10-22T18:00:00.0000000Z","HotCount":273,"SourceContext":"Flare.Cache.SegmentCache"}
{"@t":"2023-01-10T18:16:07.6116401Z","@mt":"Memory is overutilized, so cooling down segment {Segment} ({HotCount} events)","Segment":"2022-10-24T16:00:00.0000000Z","HotCount":288,"SourceContext":"Flare.Cache.SegmentCache"}
{"@t":"2023-01-10T18:16:07.6120092Z","@mt":"Memory is overutilized, so cooling down segment {Segment} ({HotCount} events)","Segment":"2022-10-24T17:00:00.0000000Z","HotCount":452,"SourceContext":"Flare.Cache.SegmentCache"}
{"@t":"2023-01-10T18:16:07.6123120Z","@mt":"Memory is overutilized, so cooling down segment {Segment} ({HotCount} events)","Segment":"2022-10-24T19:00:00.0000000Z","HotCount":175,"SourceContext":"Flare.Cache.SegmentCache"}
{"@t":"2023-01-10T18:16:07.6126453Z","@mt":"Memory is overutilized, so cooling down segment {Segment} ({HotCount} events)","Segment":"2022-10-24T20:00:00.0000000Z","HotCount":20,"SourceContext":"Flare.Cache.SegmentCache"}
{"@t":"2023-01-10T18:16:07.6128875Z","@mt":"Memory is overutilized, so cooling down segment {Segment} ({HotCount} events)","Segment":"2022-10-25T19:00:00.0000000Z","HotCount":223,"SourceContext":"Flare.Cache.SegmentCache"}
{"@t":"2023-01-10T18:16:07.6131635Z","@mt":"Memory is overutilized, so cooling down segment {Segment} ({HotCount} events)","Segment":"2022-10-26T14:00:00.0000000Z","HotCount":223,"SourceContext":"Flare.Cache.SegmentCache"}
{"@t":"2023-01-10T18:16:07.6136873Z","@mt":"Memory is overutilized, so cooling down segment {Segment} ({HotCount} events)","Segment":"2022-10-26T15:00:00.0000000Z","HotCount":1301,"SourceContext":"Flare.Cache.SegmentCache"}
{"@t":"2023-01-10T18:16:07.6139928Z","@mt":"Memory is overutilized, so cooling down segment {Segment} ({HotCount} events)","Segment":"2022-10-26T20:00:00.0000000Z","HotCount":1571,"SourceContext":"Flare.Cache.SegmentCache"}
{"@t":"2023-01-10T18:16:07.6142700Z","@mt":"Memory is overutilized, so cooling down segment {Segment} ({HotCount} events)","Segment":"2022-10-26T21:00:00.0000000Z","HotCount":102,"SourceContext":"Flare.Cache.SegmentCache"}
{"@t":"2023-01-10T18:16:07.6145999Z","@mt":"Memory is overutilized, so cooling down segment {Segment} ({HotCount} events)","Segment":"2022-10-29T13:00:00.0000000Z","HotCount":541,"SourceContext":"Flare.Cache.SegmentCache"}
{"@t":"2023-01-10T18:16:07.6149643Z","@mt":"Memory is overutilized, so cooling down segment {Segment} ({HotCount} events)","Segment":"2022-10-29T14:00:00.0000000Z","HotCount":1316,"SourceContext":"Flare.Cache.SegmentCache"}
{"@t":"2023-01-10T18:16:07.6152667Z","@mt":"Memory is overutilized, so cooling down segment {Segment} ({HotCount} events)","Segment":"2022-10-30T11:00:00.0000000Z","HotCount":506,"SourceContext":"Flare.Cache.SegmentCache"}
{"@t":"2023-01-10T18:16:07.6155244Z","@mt":"Memory is overutilized, so cooling down segment {Segment} ({HotCount} events)","Segment":"2022-10-30T12:00:00.0000000Z","HotCount":152,"SourceContext":"Flare.Cache.SegmentCache"}
{"@t":"2023-01-10T18:16:07.6158969Z","@mt":"Memory is overutilized, so cooling down segment {Segment} ({HotCount} events)","Segment":"2022-10-30T16:00:00.0000000Z","HotCount":65,"SourceContext":"Flare.Cache.SegmentCache"}
{"@t":"2023-01-10T18:16:07.6162156Z","@mt":"Memory is overutilized, so cooling down segment {Segment} ({HotCount} events)","Segment":"2022-10-30T17:00:00.0000000Z","HotCount":1537,"SourceContext":"Flare.Cache.SegmentCache"}
{"@t":"2023-01-10T18:16:07.6165401Z","@mt":"Memory is overutilized, so cooling down segment {Segment} ({HotCount} events)","Segment":"2022-10-31T17:00:00.0000000Z","HotCount":65,"SourceContext":"Flare.Cache.SegmentCache"}
{"@t":"2023-01-10T18:16:07.6168801Z","@mt":"Memory is overutilized, so cooling down segment {Segment} ({HotCount} events)","Segment":"2022-11-01T18:00:00.0000000Z","HotCount":840,"SourceContext":"Flare.Cache.SegmentCache"}
{"@t":"2023-01-10T18:16:07.6172794Z","@mt":"Memory is overutilized, so cooling down segment {Segment} ({HotCount} events)","Segment":"2022-11-01T19:00:00.0000000Z","HotCount":649,"SourceContext":"Flare.Cache.SegmentCache"}
{"@t":"2023-01-10T18:16:07.6177023Z","@mt":"Memory is overutilized, so cooling down segment {Segment} ({HotCount} events)","Segment":"2022-11-02T16:00:00.0000000Z","HotCount":106,"SourceContext":"Flare.Cache.SegmentCache"}
{"@t":"2023-01-10T18:16:07.6180223Z","@mt":"Memory is overutilized, so cooling down segment {Segment} ({HotCount} events)","Segment":"2022-11-04T20:00:00.0000000Z","HotCount":371,"SourceContext":"Flare.Cache.SegmentCache"}
{"@t":"2023-01-10T18:16:07.6183813Z","@mt":"Memory is overutilized, so cooling down segment {Segment} ({HotCount} events)","Segment":"2022-11-05T11:00:00.0000000Z","HotCount":297,"SourceContext":"Flare.Cache.SegmentCache"}
{"@t":"2023-01-10T18:16:07.6186401Z","@mt":"Memory is overutilized, so cooling down segment {Segment} ({HotCount} events)","Segment":"2022-11-05T17:00:00.0000000Z","HotCount":288,"SourceContext":"Flare.Cache.SegmentCache"}
{"@t":"2023-01-10T18:16:07.6189775Z","@mt":"Memory is overutilized, so cooling down segment {Segment} ({HotCount} events)","Segment":"2022-11-05T18:00:00.0000000Z","HotCount":88,"SourceContext":"Flare.Cache.SegmentCache"}
{"@t":"2023-01-10T18:16:07.6193544Z","@mt":"Memory is overutilized, so cooling down segment {Segment} ({HotCount} events)","Segment":"2022-11-06T13:00:00.0000000Z","HotCount":130,"SourceContext":"Flare.Cache.SegmentCache"}
{"@t":"2023-01-10T18:16:07.6198677Z","@mt":"Memory is overutilized, so cooling down segment {Segment} ({HotCount} events)","Segment":"2022-11-08T18:00:00.0000000Z","HotCount":65,"SourceContext":"Flare.Cache.SegmentCache"}
{"@t":"2023-01-10T18:16:07.6202015Z","@mt":"Memory is overutilized, so cooling down segment {Segment} ({HotCount} events)","Segment":"2022-11-08T19:00:00.0000000Z","HotCount":65,"SourceContext":"Flare.Cache.SegmentCache"}
{"@t":"2023-01-10T18:16:07.6205260Z","@mt":"Memory is overutilized, so cooling down segment {Segment} ({HotCount} events)","Segment":"2022-11-10T17:00:00.0000000Z","HotCount":226,"SourceContext":"Flare.Cache.SegmentCache"}
{"@t":"2023-01-10T18:16:07.6208194Z","@mt":"Memory is overutilized, so cooling down segment {Segment} ({HotCount} events)","Segment":"2022-11-10T18:00:00.0000000Z","HotCount":226,"SourceContext":"Flare.Cache.SegmentCache"}
{"@t":"2023-01-10T18:16:07.6212117Z","@mt":"Memory is overutilized, so cooling down segment {Segment} ({HotCount} events)","Segment":"2022-11-10T19:00:00.0000000Z","HotCount":356,"SourceContext":"Flare.Cache.SegmentCache"}
{"@t":"2023-01-10T18:16:07.6215036Z","@mt":"Memory is overutilized, so cooling down segment {Segment} ({HotCount} events)","Segment":"2022-11-10T20:00:00.0000000Z","HotCount":360,"SourceContext":"Flare.Cache.SegmentCache"}
{"@t":"2023-01-10T18:16:07.6218007Z","@mt":"Memory is overutilized, so cooling down segment {Segment} ({HotCount} events)","Segment":"2022-11-11T17:00:00.0000000Z","HotCount":452,"SourceContext":"Flare.Cache.SegmentCache"}
{"@t":"2023-01-10T18:16:07.6221062Z","@mt":"Memory is overutilized, so cooling down segment {Segment} ({HotCount} events)","Segment":"2022-11-12T16:00:00.0000000Z","HotCount":991,"SourceContext":"Flare.Cache.SegmentCache"}
{"@t":"2023-01-10T18:16:07.6225129Z","@mt":"Memory is overutilized, so cooling down segment {Segment} ({HotCount} events)","Segment":"2022-11-13T18:00:00.0000000Z","HotCount":244,"SourceContext":"Flare.Cache.SegmentCache"}
{"@t":"2023-01-10T18:16:07.6228554Z","@mt":"Memory is overutilized, so cooling down segment {Segment} ({HotCount} events)","Segment":"2022-11-14T20:00:00.0000000Z","HotCount":434,"SourceContext":"Flare.Cache.SegmentCache"}
{"@t":"2023-01-10T18:16:07.6231173Z","@mt":"Memory is overutilized, so cooling down segment {Segment} ({HotCount} events)","Segment":"2022-11-14T21:00:00.0000000Z","HotCount":226,"SourceContext":"Flare.Cache.SegmentCache"}
{"@t":"2023-01-10T18:16:07.6234928Z","@mt":"Memory is overutilized, so cooling down segment {Segment} ({HotCount} events)","Segment":"2022-11-15T16:00:00.0000000Z","HotCount":793,"SourceContext":"Flare.Cache.SegmentCache"}
{"@t":"2023-01-10T18:16:07.6238139Z","@mt":"Memory is overutilized, so cooling down segment {Segment} ({HotCount} events)","Segment":"2022-11-16T20:00:00.0000000Z","HotCount":110,"SourceContext":"Flare.Cache.SegmentCache"}
{"@t":"2023-01-10T18:16:07.6241176Z","@mt":"Memory is overutilized, so cooling down segment {Segment} ({HotCount} events)","Segment":"2022-11-17T18:00:00.0000000Z","HotCount":401,"SourceContext":"Flare.Cache.SegmentCache"}
{"@t":"2023-01-10T18:16:07.6243908Z","@mt":"Memory is overutilized, so cooling down segment {Segment} ({HotCount} events)","Segment":"2022-11-17T19:00:00.0000000Z","HotCount":493,"SourceContext":"Flare.Cache.SegmentCache"}
{"@t":"2023-01-10T18:16:07.6248118Z","@mt":"Memory is overutilized, so cooling down segment {Segment} ({HotCount} events)","Segment":"2022-11-17T20:00:00.0000000Z","HotCount":494,"SourceContext":"Flare.Cache.SegmentCache"}
{"@t":"2023-01-10T18:16:07.6251053Z","@mt":"Memory is overutilized, so cooling down segment {Segment} ({HotCount} events)","Segment":"2022-11-18T13:00:00.0000000Z","HotCount":226,"SourceContext":"Flare.Cache.SegmentCache"}
{"@t":"2023-01-10T18:16:07.6254475Z","@mt":"Memory is overutilized, so cooling down segment {Segment} ({HotCount} events)","Segment":"2022-11-18T15:00:00.0000000Z","HotCount":466,"SourceContext":"Flare.Cache.SegmentCache"}
{"@t":"2023-01-10T18:16:07.6260030Z","@mt":"Memory is overutilized, so cooling down segment {Segment} ({HotCount} events)","Segment":"2022-11-18T16:00:00.0000000Z","HotCount":1181,"SourceContext":"Flare.Cache.SegmentCache"}
{"@t":"2023-01-10T18:16:07.6263765Z","@mt":"Memory is overutilized, so cooling down segment {Segment} ({HotCount} events)","Segment":"2022-11-18T20:00:00.0000000Z","HotCount":460,"SourceContext":"Flare.Cache.SegmentCache"}
{"@t":"2023-01-10T18:16:07.6266580Z","@mt":"Memory is overutilized, so cooling down segment {Segment} ({HotCount} events)","Segment":"2022-11-18T21:00:00.0000000Z","HotCount":238,"SourceContext":"Flare.Cache.SegmentCache"}
{"@t":"2023-01-10T18:16:07.6269678Z","@mt":"Memory is overutilized, so cooling down segment {Segment} ({HotCount} events)","Segment":"2022-11-19T15:00:00.0000000Z","HotCount":244,"SourceContext":"Flare.Cache.SegmentCache"}
{"@t":"2023-01-10T18:16:07.6273217Z","@mt":"Memory is overutilized, so cooling down segment {Segment} ({HotCount} events)","Segment":"2022-11-19T16:00:00.0000000Z","HotCount":1099,"SourceContext":"Flare.Cache.SegmentCache"}
{"@t":"2023-01-10T18:16:07.6275893Z","@mt":"Memory is overutilized, so cooling down segment {Segment} ({HotCount} events)","Segment":"2022-11-19T17:00:00.0000000Z","HotCount":565,"SourceContext":"Flare.Cache.SegmentCache"}
{"@t":"2023-01-10T18:16:07.6279291Z","@mt":"Memory is overutilized, so cooling down segment {Segment} ({HotCount} events)","Segment":"2022-11-19T19:00:00.0000000Z","HotCount":270,"SourceContext":"Flare.Cache.SegmentCache"}
{"@t":"2023-01-10T18:16:07.6282432Z","@mt":"Memory is overutilized, so cooling down segment {Segment} ({HotCount} events)","Segment":"2022-11-21T15:00:00.0000000Z","HotCount":254,"SourceContext":"Flare.Cache.SegmentCache"}
{"@t":"2023-01-10T18:16:07.6284935Z","@mt":"Memory is overutilized, so cooling down segment {Segment} ({HotCount} events)","Segment":"2022-11-21T17:00:00.0000000Z","HotCount":91,"SourceContext":"Flare.Cache.SegmentCache"}
{"@t":"2023-01-10T18:16:07.6288351Z","@mt":"Memory is overutilized, so cooling down segment {Segment} ({HotCount} events)","Segment":"2022-11-22T17:00:00.0000000Z","HotCount":764,"SourceContext":"Flare.Cache.SegmentCache"}
{"@t":"2023-01-10T18:16:07.6291433Z","@mt":"Memory is overutilized, so cooling down segment {Segment} ({HotCount} events)","Segment":"2022-11-22T18:00:00.0000000Z","HotCount":656,"SourceContext":"Flare.Cache.SegmentCache"}
{"@t":"2023-01-10T18:16:07.6294798Z","@mt":"Memory is overutilized, so cooling down segment {Segment} ({HotCount} events)","Segment":"2022-11-23T16:00:00.0000000Z","HotCount":1151,"SourceContext":"Flare.Cache.SegmentCache"}
{"@t":"2023-01-10T18:16:07.6297407Z","@mt":"Memory is overutilized, so cooling down segment {Segment} ({HotCount} events)","Segment":"2022-11-24T16:00:00.0000000Z","HotCount":277,"SourceContext":"Flare.Cache.SegmentCache"}
{"@t":"2023-01-10T18:16:07.6300246Z","@mt":"Memory is overutilized, so cooling down segment {Segment} ({HotCount} events)","Segment":"2022-11-24T17:00:00.0000000Z","HotCount":624,"SourceContext":"Flare.Cache.SegmentCache"}
{"@t":"2023-01-10T18:16:07.6303285Z","@mt":"Memory is overutilized, so cooling down segment {Segment} ({HotCount} events)","Segment":"2022-11-29T16:00:00.0000000Z","HotCount":300,"SourceContext":"Flare.Cache.SegmentCache"}
{"@t":"2023-01-10T18:16:07.6306023Z","@mt":"Memory is overutilized, so cooling down segment {Segment} ({HotCount} events)","Segment":"2022-12-01T16:00:00.0000000Z","HotCount":291,"SourceContext":"Flare.Cache.SegmentCache"}
{"@t":"2023-01-10T18:16:07.6309189Z","@mt":"Memory is overutilized, so cooling down segment {Segment} ({HotCount} events)","Segment":"2022-12-01T17:00:00.0000000Z","HotCount":354,"SourceContext":"Flare.Cache.SegmentCache"}
{"@t":"2023-01-10T18:16:07.6311828Z","@mt":"Memory is overutilized, so cooling down segment {Segment} ({HotCount} events)","Segment":"2022-12-01T18:00:00.0000000Z","HotCount":240,"SourceContext":"Flare.Cache.SegmentCache"}
{"@t":"2023-01-10T18:16:07.6314670Z","@mt":"Memory is overutilized, so cooling down segment {Segment} ({HotCount} events)","Segment":"2022-12-05T19:00:00.0000000Z","HotCount":584,"SourceContext":"Flare.Cache.SegmentCache"}
{"@t":"2023-01-10T18:16:07.6319406Z","@mt":"Memory is overutilized, so cooling down segment {Segment} ({HotCount} events)","Segment":"2022-12-05T20:00:00.0000000Z","HotCount":533,"SourceContext":"Flare.Cache.SegmentCache"}
{"@t":"2023-01-10T18:16:07.6322532Z","@mt":"Memory is overutilized, so cooling down segment {Segment} ({HotCount} events)","Segment":"2022-12-07T18:00:00.0000000Z","HotCount":138,"SourceContext":"Flare.Cache.SegmentCache"}
{"@t":"2023-01-10T18:16:07.6325260Z","@mt":"Memory is overutilized, so cooling down segment {Segment} ({HotCount} events)","Segment":"2022-12-08T15:00:00.0000000Z","HotCount":69,"SourceContext":"Flare.Cache.SegmentCache"}
{"@t":"2023-01-10T18:16:07.6328377Z","@mt":"Memory is overutilized, so cooling down segment {Segment} ({HotCount} events)","Segment":"2022-12-08T17:00:00.0000000Z","HotCount":129,"SourceContext":"Flare.Cache.SegmentCache"}
{"@t":"2023-01-10T18:16:07.6331180Z","@mt":"Memory is overutilized, so cooling down segment {Segment} ({HotCount} events)","Segment":"2022-12-08T18:00:00.0000000Z","HotCount":224,"SourceContext":"Flare.Cache.SegmentCache"}
{"@t":"2023-01-10T18:16:07.6333463Z","@mt":"Memory is overutilized, so cooling down segment {Segment} ({HotCount} events)","Segment":"2022-12-21T18:00:00.0000000Z","HotCount":30,"SourceContext":"Flare.Cache.SegmentCache"}
{"@t":"2023-01-10T18:16:07.6335631Z","@mt":"Memory is overutilized, so cooling down segment {Segment} ({HotCount} events)","Segment":"2022-12-21T20:00:00.0000000Z","HotCount":41,"SourceContext":"Flare.Cache.SegmentCache"}
{"@t":"2023-01-10T18:16:07.6338919Z","@mt":"Memory is overutilized, so cooling down segment {Segment} ({HotCount} events)","Segment":"2022-12-22T17:00:00.0000000Z","HotCount":26,"SourceContext":"Flare.Cache.SegmentCache"}
{"@t":"2023-01-10T18:16:07.6341077Z","@mt":"Memory is overutilized, so cooling down segment {Segment} ({HotCount} events)","Segment":"2022-12-22T18:00:00.0000000Z","HotCount":54,"SourceContext":"Flare.Cache.SegmentCache"}
{"@t":"2023-01-10T18:16:07.6343856Z","@mt":"Memory is overutilized, so cooling down segment {Segment} ({HotCount} events)","Segment":"2022-12-22T20:00:00.0000000Z","HotCount":284,"SourceContext":"Flare.Cache.SegmentCache"}
{"@t":"2023-01-10T18:16:07.6346326Z","@mt":"Memory is overutilized, so cooling down segment {Segment} ({HotCount} events)","Segment":"2022-12-23T11:00:00.0000000Z","HotCount":38,"SourceContext":"Flare.Cache.SegmentCache"}
{"@t":"2023-01-10T18:16:07.6348891Z","@mt":"Memory is overutilized, so cooling down segment {Segment} ({HotCount} events)","Segment":"2022-12-23T12:00:00.0000000Z","HotCount":173,"SourceContext":"Flare.Cache.SegmentCache"}
{"@t":"2023-01-10T18:16:07.6351534Z","@mt":"Memory is overutilized, so cooling down segment {Segment} ({HotCount} events)","Segment":"2022-12-23T13:00:00.0000000Z","HotCount":624,"SourceContext":"Flare.Cache.SegmentCache"}
{"@t":"2023-01-10T18:16:07.6354837Z","@mt":"Memory is overutilized, so cooling down segment {Segment} ({HotCount} events)","Segment":"2022-12-24T12:00:00.0000000Z","HotCount":376,"SourceContext":"Flare.Cache.SegmentCache"}
{"@t":"2023-01-10T18:16:07.6357337Z","@mt":"Memory is overutilized, so cooling down segment {Segment} ({HotCount} events)","Segment":"2022-12-25T11:00:00.0000000Z","HotCount":10,"SourceContext":"Flare.Cache.SegmentCache"}
{"@t":"2023-01-10T18:16:07.6359525Z","@mt":"Memory is overutilized, so cooling down segment {Segment} ({HotCount} events)","Segment":"2022-12-25T15:00:00.0000000Z","HotCount":123,"SourceContext":"Flare.Cache.SegmentCache"}
{"@t":"2023-01-10T18:16:07.6362225Z","@mt":"Memory is overutilized, so cooling down segment {Segment} ({HotCount} events)","Segment":"2022-12-25T16:00:00.0000000Z","HotCount":134,"SourceContext":"Flare.Cache.SegmentCache"}
{"@t":"2023-01-10T18:16:07.6364827Z","@mt":"Memory is overutilized, so cooling down segment {Segment} ({HotCount} events)","Segment":"2022-12-27T16:00:00.0000000Z","HotCount":152,"SourceContext":"Flare.Cache.SegmentCache"}
{"@t":"2023-01-10T18:16:12.6467613Z","@mt":"Memory is overutilized, so cooling down segment {Segment} ({HotCount} events)","Segment":"2022-12-27T17:00:00.0000000Z","HotCount":621,"SourceContext":"Flare.Cache.SegmentCache"}
{"@t":"2023-01-10T18:16:12.6476971Z","@mt":"Memory is overutilized, so cooling down segment {Segment} ({HotCount} events)","Segment":"2022-12-27T18:00:00.0000000Z","HotCount":579,"SourceContext":"Flare.Cache.SegmentCache"}
{"@t":"2023-01-10T18:16:12.6481607Z","@mt":"Memory is overutilized, so cooling down segment {Segment} ({HotCount} events)","Segment":"2022-12-27T20:00:00.0000000Z","HotCount":352,"SourceContext":"Flare.Cache.SegmentCache"}
{"@t":"2023-01-10T18:16:12.6485431Z","@mt":"Memory is overutilized, so cooling down segment {Segment} ({HotCount} events)","Segment":"2023-01-07T13:00:00.0000000Z","HotCount":123,"SourceContext":"Flare.Cache.SegmentCache"}
{"@t":"2023-01-10T18:16:12.6489508Z","@mt":"Memory is overutilized, so cooling down segment {Segment} ({HotCount} events)","Segment":"2023-01-07T17:00:00.0000000Z","HotCount":29,"SourceContext":"Flare.Cache.SegmentCache"}
{"@t":"2023-01-10T18:16:12.6495528Z","@mt":"Memory is overutilized, so cooling down segment {Segment} ({HotCount} events)","Segment":"2023-01-10T18:00:00.0000000Z","HotCount":32,"SourceContext":"Flare.Cache.SegmentCache"}
{"@t":"2023-01-10T18:16:53.2994798Z","@mt":"{CollectionCount} more generation 2 garbage collection(s) occurred","CollectionCount":4,"SourceContext":"Seq.Server.Features.Diagnostics.GCLogger"}
{"@t":"2023-01-10T18:20:53.2958704Z","@mt":"Metrics sampled","CacheDays":0,"CacheEvents":0,"SystemMemoryUtilization":0.7541508293785222,"ProcessWorkingSetBytes":358780928,"GCTotalHeapSizeBytes":20253624,"GCTotalFragmentedBytes":15608,"GCPauseTimePercentage":1,"GCGen0EnterHeapSizeBytes":168245472,"GCGen0ExitHeapSizeBytes":384,"GCGen0EnterFragmentedBytes":167168,"GCGen0ExitFragmentedBytes":0,"GCGen1EnterHeapSizeBytes":31858736,"GCGen1ExitHeapSizeBytes":15885696,"GCGen1EnterFragmentedBytes":639840,"GCGen1ExitFragmentedBytes":298920,"GCGen2EnterHeapSizeBytes":31493024,"GCGen2ExitHeapSizeBytes":40394632,"GCGen2EnterFragmentedBytes":36488,"GCGen2ExitFragmentedBytes":51520,"GCGen3EnterHeapSizeBytes":64914688,"GCGen3ExitHeapSizeBytes":54428872,"GCGen3EnterFragmentedBytes":736,"GCGen3ExitFragmentedBytes":704,"GCGen4EnterHeapSizeBytes":846888,"GCGen4ExitHeapSizeBytes":846888,"GCGen4EnterFragmentedBytes":0,"GCGen4ExitFragmentedBytes":0,"GCPause0DurationMs":5.018,"GCPause1DurationMs":5.018,"ProcessThreads":31,"ArrivedEventsPerMinute":0,"IngestedEventsPerMinute":0,"IngestedBytesPerMinute":0,"InvalidPayloadsPerMinute":0,"UnauthorizedPayloadsPerMinute":0,"TotalWriteTimeLastMinute":"Flare.Diagnostics.Counters.RateCounter","BroadcastQueueCount":0,"BroadcastSubscriptionQueuesAggregateCount":0}
{"@t":"2023-01-10T18:23:58.4331945Z","@mt":"Termination signal received"}
{"@t":"2023-01-10T18:23:58.4523965Z","@mt":"Signalling for {Workers} worker task(s) to complete","Workers":3,"SourceContext":"Flare.Workers.WorkerPool"}
{"@t":"2023-01-10T18:23:58.4734770Z","@mt":"Work {WorkDescription} ({WorkId}) observed cancellation and completed","WorkDescription":"Monitor alerts and trigger notifications","WorkId":"e8d488f3-e4cf-4111-a4b8-e08cf4f3c109","SourceContext":"Flare.Workers.WorkerPool"}
{"@t":"2023-01-10T18:23:58.8991871Z","@mt":"Work {WorkDescription} ({WorkId}) observed cancellation and completed","WorkDescription":"Manage event cache resources","WorkId":"c673ef02-1487-4db5-876c-67f73b10a16e","SourceContext":"Flare.Workers.WorkerPool"}
{"@t":"2023-01-10T18:24:02.8557549Z","@mt":"Work {WorkDescription} ({WorkId}) observed cancellation and completed","WorkDescription":"Sample system memory","WorkId":"88ef8ae2-dcc8-4890-b67d-2aa802b68523","SourceContext":"Flare.Workers.WorkerPool"}
{"@t":"2023-01-10T18:24:02.8624573Z","@mt":"Stopping {Tasks} scheduled tasks","Tasks":15,"SourceContext":"Seq.Server.Tasks.TaskRunner"}
{"@t":"2023-01-10T18:24:02.8663058Z","@mt":"Stopping input channel","SourceContext":"Seq.Server.Features.Apps.Inputs.InputChannel"}
{"@t":"2023-01-10T18:24:03.3527293Z","@mt":"Shutting down input channel; {AcceptedCount} queued events will be written","AcceptedCount":0,"SourceContext":"Seq.Server.Features.Apps.Inputs.InputChannel"}
{"@t":"2023-01-10T18:24:03.3546229Z","@mt":"Stopping broadcast channel","SourceContext":"Flare.Broadcast.BroadcastChannel"}
{"@t":"2023-01-10T18:24:04.3468424Z","@mt":"Shutting down broadcast channel with {AllowableFlush} flushable event batches (+{Tolerance} tolerance)","AllowableFlush":0,"Tolerance":15,"SourceContext":"Flare.Broadcast.BroadcastChannel"}
{"@t":"2023-01-10T18:24:04.3509917Z","@mt":"Closing event store","SourceContext":"Flare.Cluster.StorageNodeCoordinator"}
{"@t":"2023-01-10T18:24:04.3526465Z","@mt":"Closing metastore","SourceContext":"Quince.Storage.Native.NativeDocumentStore"}
{"@t":"2023-01-10T18:24:04.3552803Z","@mt":"Server stopped cleanly"}
