{"@t":"2022-09-20T18:05:01.2985541Z","@mt":"Seq {SeqVersion} running on OS {OSCaption}","SeqVersion":"2022.1.7929","OSCaption":"Linux 5.10.104-linuxkit #1 SMP Thu Mar 17 17:08:06 UTC 2022","SourceContext":"Seq.Server.Features.Diagnostics.EnvironmentInformationWriter"}
{"@t":"2022-09-20T18:05:01.3539535Z","@mt":"Seq detected {TotalRAM} MB of RAM","TotalRAM":2081.386496,"SourceContext":"Seq.Server.Features.Diagnostics.EnvironmentInformationWriter"}
{"@t":"2022-09-20T18:05:01.8066257Z","@mt":"Opening event store at {StreamPath}","StreamPath":"/data/Stream/stream.flare","SourceContext":"Flare.Cluster.StorageNodeCoordinator"}
{"@t":"2022-09-20T18:05:01.9132298Z","@mt":"Ingestion enabled","SourceContext":"Flare.Cluster.StorageNodeCoordinator"}
{"@t":"2022-09-20T18:05:01.9224659Z","@mt":"Cache warm-up is required","SourceContext":"Flare.Cache.SegmentCache","OperationId":"efaca802-11e8-419f-b391-286365325eae"}
{"@t":"2022-09-20T18:05:01.9298988Z","@mt":"Opening metastore {MetastorePath}","MetastorePath":"/data/Documents/metastore.flare","SourceContext":"Quince.Storage.Native.NativeDocumentStore"}
{"@t":"2022-09-20T18:05:01.9535926Z","@mt":"Initial memory cache warm-up {Outcome} in {Elapsed:0.0} ms","@r":["31.0"],"Outcome":"completed","Elapsed":31.0463,"OperationId":"efaca802-11e8-419f-b391-286365325eae"}
{"@t":"2022-09-20T18:05:01.9550008Z","@mt":"{WarmSegments} segments warmed up ({@Shared})","WarmSegments":2,"Shared":{"Schemata":68,"Strings":238},"SourceContext":"Flare.Cache.SegmentCache"}
{"@t":"2022-09-20T18:05:02.0269403Z","@mt":"Storage subsystem available"}
{"@t":"2022-09-20T18:05:02.0893649Z","@mt":"Seq listening on {ListenUris}","ListenUris":["http://localhost/","https://localhost/","http://localhost:5341/","https://localhost:45341/"]}
{"@t":"2022-09-20T18:06:02.1228842Z","@mt":"{CollectionCount} more generation 2 garbage collection(s) occurred","CollectionCount":1,"SourceContext":"Seq.Server.Features.Diagnostics.GCLogger"}
{"@t":"2022-09-20T18:10:02.1320292Z","@mt":"Metrics sampled","CacheDays":0.08333333333333333,"CacheEvents":271,"SystemMemoryUtilization":0.22481900065138116,"ProcessWorkingSetBytes":129228800,"GCTotalHeapSizeBytes":21247664,"GCTotalFragmentedBytes":3718536,"GCPauseTimePercentage":1.2,"GCGen0EnterHeapSizeBytes":23395944,"GCGen0ExitHeapSizeBytes":3604872,"GCGen0EnterFragmentedBytes":3344,"GCGen0ExitFragmentedBytes":3604688,"GCGen1EnterHeapSizeBytes":96,"GCGen1ExitHeapSizeBytes":6879416,"GCGen1EnterFragmentedBytes":0,"GCGen1ExitFragmentedBytes":113784,"GCGen2EnterHeapSizeBytes":96,"GCGen2ExitHeapSizeBytes":96,"GCGen2EnterFragmentedBytes":0,"GCGen2ExitFragmentedBytes":0,"GCGen3EnterHeapSizeBytes":21070112,"GCGen3ExitHeapSizeBytes":10584296,"GCGen3EnterFragmentedBytes":96,"GCGen3ExitFragmentedBytes":64,"GCGen4EnterHeapSizeBytes":178984,"GCGen4ExitHeapSizeBytes":178984,"GCGen4EnterFragmentedBytes":0,"GCGen4ExitFragmentedBytes":0,"GCPause0DurationMs":12.604,"GCPause1DurationMs":12.604,"ProcessThreads":27,"ArrivedEventsPerMinute":0,"IngestedEventsPerMinute":0,"IngestedBytesPerMinute":0,"InvalidPayloadsPerMinute":0,"UnauthorizedPayloadsPerMinute":0,"TotalWriteTimeLastMinute":"Flare.Diagnostics.Counters.RateCounter","BroadcastQueueCount":0,"BroadcastSubscriptionQueuesAggregateCount":0}
{"@t":"2022-09-20T18:15:02.1291055Z","@mt":"Applying {Count} retention policies","Count":0,"SourceContext":"Seq.Server.Features.Retention.RetentionPolicyApplier"}
{"@t":"2022-09-20T18:15:02.1236253Z","@mt":"Metrics sampled","CacheDays":11.916666666666666,"CacheEvents":392,"SystemMemoryUtilization":0.5994104114721805,"ProcessWorkingSetBytes":170688512,"GCTotalHeapSizeBytes":21247664,"GCTotalFragmentedBytes":3718536,"GCPauseTimePercentage":1.2,"GCGen0EnterHeapSizeBytes":23395944,"GCGen0ExitHeapSizeBytes":3604872,"GCGen0EnterFragmentedBytes":3344,"GCGen0ExitFragmentedBytes":3604688,"GCGen1EnterHeapSizeBytes":96,"GCGen1ExitHeapSizeBytes":6879416,"GCGen1EnterFragmentedBytes":0,"GCGen1ExitFragmentedBytes":113784,"GCGen2EnterHeapSizeBytes":96,"GCGen2ExitHeapSizeBytes":96,"GCGen2EnterFragmentedBytes":0,"GCGen2ExitFragmentedBytes":0,"GCGen3EnterHeapSizeBytes":21070112,"GCGen3ExitHeapSizeBytes":10584296,"GCGen3EnterFragmentedBytes":96,"GCGen3ExitFragmentedBytes":64,"GCGen4EnterHeapSizeBytes":178984,"GCGen4ExitHeapSizeBytes":178984,"GCGen4EnterFragmentedBytes":0,"GCGen4ExitFragmentedBytes":0,"GCPause0DurationMs":12.604,"GCPause1DurationMs":12.604,"ProcessThreads":34,"ArrivedEventsPerMinute":4,"IngestedEventsPerMinute":4,"IngestedBytesPerMinute":1488,"InvalidPayloadsPerMinute":0,"UnauthorizedPayloadsPerMinute":0,"TotalWriteTimeLastMinute":"Flare.Diagnostics.Counters.RateCounter","BroadcastQueueCount":0,"BroadcastSubscriptionQueuesAggregateCount":0}
{"@t":"2022-09-20T18:15:02.1331224Z","@mt":"Retention processing and compaction took {Elapsed} ms; allocating {Allocation} ms for indexing","Elapsed":6.9491,"Allocation":599993.0509}
{"@t":"2022-09-20T18:15:02.1349738Z","@mt":"Beginning indexing","SourceContext":"Seq.Server.Features.Indexing.EventStoreIndexer"}
{"@t":"2022-09-20T18:15:02.1816309Z","@mt":"Wrote {IndexSetCount} index sets in {Elapsed:0.000} ms","@r":["46.000"],"IndexSetCount":1,"Elapsed":46,"SourceContext":"Seq.Server.Features.Indexing.EventStoreIndexer"}
{"@t":"2022-09-20T18:15:02.1821632Z","@mt":"Indexing took {Elapsed} ms; total iteration time was {Iteration} ms","Elapsed":48,"Iteration":55.4231}
{"@t":"2022-09-20T18:16:02.9685133Z","@mt":"Created {DocumentId}","DocumentId":"signal-33","SourceContext":"Seq.Server.Web.Api.SignalsController","Principal":{"Id":"user-admin","OnBehalfOfUserId":"user-admin"},"ActionId":"7008a5b8-8281-4f4f-950c-88aef1704b30","ActionName":"Seq.Server.Web.Api.SignalsController.Create (Seq)","RequestId":"0HMKR6EE347JC:00000014","RequestPath":"/api/signals/","ConnectionId":"0HMKR6EE347JC"}
{"@t":"2022-09-20T18:16:03.4917116Z","@mt":"Updated {DocumentId}","DocumentId":"workspace-15","SourceContext":"Seq.Server.Web.Api.WorkspacesController","Principal":{"Id":"user-admin","OnBehalfOfUserId":"user-admin"},"ActionId":"3a7bacd2-c95f-40f6-862f-b09193101790","ActionName":"Seq.Server.Web.Api.WorkspacesController.Update (Seq)","RequestId":"0HMKR6EE347JC:00000016","RequestPath":"/api/workspaces/workspace-15","ConnectionId":"0HMKR6EE347JC"}
{"@t":"2022-09-20T18:17:06.5251380Z","@mt":"Updated {DocumentId}","DocumentId":"workspace-15","SourceContext":"Seq.Server.Web.Api.WorkspacesController","Principal":{"Id":"user-admin","OnBehalfOfUserId":"user-admin"},"ActionId":"3a7bacd2-c95f-40f6-862f-b09193101790","ActionName":"Seq.Server.Web.Api.WorkspacesController.Update (Seq)","RequestId":"0HMKR6EE347JI:00000003","RequestPath":"/api/workspaces/workspace-15","ConnectionId":"0HMKR6EE347JI"}
{"@t":"2022-09-20T18:19:34.6264843Z","@mt":"Termination signal received"}
{"@t":"2022-09-20T18:19:34.6386434Z","@mt":"Signalling for {Workers} worker task(s) to complete","Workers":3,"SourceContext":"Flare.Workers.WorkerPool"}
{"@t":"2022-09-20T18:19:35.2137952Z","@mt":"Work {WorkDescription} ({WorkId}) observed cancellation and completed","WorkDescription":"Manage event cache resources","WorkId":"ba6d87db-8cd8-4f5a-ba46-c4a49301f670","SourceContext":"Flare.Workers.WorkerPool"}
{"@t":"2022-09-20T18:19:35.3925891Z","@mt":"Work {WorkDescription} ({WorkId}) observed cancellation and completed","WorkDescription":"Monitor alerts and trigger notifications","WorkId":"c1da19b9-ea4c-4b0d-8592-e5904276cf3d","SourceContext":"Flare.Workers.WorkerPool"}
{"@t":"2022-09-20T18:19:37.0461307Z","@mt":"Work {WorkDescription} ({WorkId}) observed cancellation and completed","WorkDescription":"Sample system memory","WorkId":"33602651-4d00-430d-8e12-0c211b65955e","SourceContext":"Flare.Workers.WorkerPool"}
{"@t":"2022-09-20T18:19:37.1458558Z","@mt":"Stopping {Tasks} scheduled tasks","Tasks":15,"SourceContext":"Seq.Server.Tasks.TaskRunner"}
{"@t":"2022-09-20T18:19:37.1492705Z","@mt":"Stopping input channel","SourceContext":"Seq.Server.Features.Apps.Inputs.InputChannel"}
{"@t":"2022-09-20T18:19:37.2959997Z","@mt":"Shutting down input channel; {AcceptedCount} queued events will be written","AcceptedCount":0,"SourceContext":"Seq.Server.Features.Apps.Inputs.InputChannel"}
{"@t":"2022-09-20T18:19:37.2977846Z","@mt":"Stopping broadcast channel","SourceContext":"Flare.Broadcast.BroadcastChannel"}
{"@t":"2022-09-20T18:19:38.2952998Z","@mt":"Shutting down broadcast channel with {AllowableFlush} flushable event batches (+{Tolerance} tolerance)","AllowableFlush":0,"Tolerance":15,"SourceContext":"Flare.Broadcast.BroadcastChannel"}
{"@t":"2022-09-20T18:19:38.3005443Z","@mt":"Closing event store","SourceContext":"Flare.Cluster.StorageNodeCoordinator"}
{"@t":"2022-09-20T18:19:38.3017449Z","@mt":"Closing metastore","SourceContext":"Quince.Storage.Native.NativeDocumentStore"}
{"@t":"2022-09-20T18:19:38.3049784Z","@mt":"Server stopped cleanly"}
{"@t":"2022-09-20T18:22:10.0424357Z","@mt":"Seq {SeqVersion} running on OS {OSCaption}","SeqVersion":"2022.1.7929","OSCaption":"Linux 5.10.104-linuxkit #1 SMP Thu Mar 17 17:08:06 UTC 2022","SourceContext":"Seq.Server.Features.Diagnostics.EnvironmentInformationWriter"}
{"@t":"2022-09-20T18:22:10.0903829Z","@mt":"Seq detected {TotalRAM} MB of RAM","TotalRAM":2081.386496,"SourceContext":"Seq.Server.Features.Diagnostics.EnvironmentInformationWriter"}
{"@t":"2022-09-20T18:22:10.3651713Z","@mt":"Opening event store at {StreamPath}","StreamPath":"/data/Stream/stream.flare","SourceContext":"Flare.Cluster.StorageNodeCoordinator"}
{"@t":"2022-09-20T18:22:10.4508858Z","@mt":"Ingestion enabled","SourceContext":"Flare.Cluster.StorageNodeCoordinator"}
{"@t":"2022-09-20T18:22:10.4577493Z","@mt":"Cache warm-up is required","SourceContext":"Flare.Cache.SegmentCache","OperationId":"86d22a75-de30-43aa-9118-08d7da421a31"}
{"@t":"2022-09-20T18:22:10.4656658Z","@mt":"Opening metastore {MetastorePath}","MetastorePath":"/data/Documents/metastore.flare","SourceContext":"Quince.Storage.Native.NativeDocumentStore"}
{"@t":"2022-09-20T18:22:10.5048009Z","@mt":"Initial memory cache warm-up {Outcome} in {Elapsed:0.0} ms","@r":["46.9"],"Outcome":"completed","Elapsed":46.9249,"OperationId":"86d22a75-de30-43aa-9118-08d7da421a31"}
{"@t":"2022-09-20T18:22:10.5059844Z","@mt":"{WarmSegments} segments warmed up ({@Shared})","WarmSegments":286,"Shared":{"Schemata":71,"Strings":441},"SourceContext":"Flare.Cache.SegmentCache"}
{"@t":"2022-09-20T18:22:10.5814233Z","@mt":"Storage subsystem available"}
{"@t":"2022-09-20T18:22:10.6504042Z","@mt":"Seq listening on {ListenUris}","ListenUris":["http://localhost/","https://localhost/","http://localhost:5341/","https://localhost:45341/"]}
{"@t":"2022-09-20T18:23:10.6914755Z","@mt":"{CollectionCount} more generation 2 garbage collection(s) occurred","CollectionCount":1,"SourceContext":"Seq.Server.Features.Diagnostics.GCLogger"}
{"@t":"2022-09-20T18:27:10.6955357Z","@mt":"Metrics sampled","CacheDays":11.916666666666666,"CacheEvents":668,"SystemMemoryUtilization":0.6173676722076706,"ProcessWorkingSetBytes":170340352,"GCTotalHeapSizeBytes":22185216,"GCTotalFragmentedBytes":4423112,"GCPauseTimePercentage":2.06,"GCGen0EnterHeapSizeBytes":25432800,"GCGen0ExitHeapSizeBytes":4307064,"GCGen0EnterFragmentedBytes":11656,"GCGen0ExitFragmentedBytes":4306880,"GCGen1EnterHeapSizeBytes":96,"GCGen1ExitHeapSizeBytes":6971384,"GCGen1EnterFragmentedBytes":0,"GCGen1ExitFragmentedBytes":116136,"GCGen2EnterHeapSizeBytes":96,"GCGen2ExitHeapSizeBytes":96,"GCGen2EnterFragmentedBytes":0,"GCGen2ExitFragmentedBytes":0,"GCGen3EnterHeapSizeBytes":21213504,"GCGen3ExitHeapSizeBytes":10727688,"GCGen3EnterFragmentedBytes":128,"GCGen3ExitFragmentedBytes":96,"GCGen4EnterHeapSizeBytes":178984,"GCGen4ExitHeapSizeBytes":178984,"GCGen4EnterFragmentedBytes":0,"GCGen4ExitFragmentedBytes":0,"GCPause0DurationMs":16.847,"GCPause1DurationMs":16.847,"ProcessThreads":28,"ArrivedEventsPerMinute":0,"IngestedEventsPerMinute":0,"IngestedBytesPerMinute":0,"InvalidPayloadsPerMinute":0,"UnauthorizedPayloadsPerMinute":0,"TotalWriteTimeLastMinute":"Flare.Diagnostics.Counters.RateCounter","BroadcastQueueCount":0,"BroadcastSubscriptionQueuesAggregateCount":0}
{"@t":"2022-09-20T18:28:15.5330019Z","@mt":"Termination signal received"}
{"@t":"2022-09-20T18:28:15.5509123Z","@mt":"Signalling for {Workers} worker task(s) to complete","Worker{"@t":"2022-09-20T18:30:41.7915274Z","@mt":"Seq {SeqVersion} running on OS {OSCaption}","SeqVersion":"2022.1.7929","OSCaption":"Linux 5.10.104-linuxkit #1 SMP Thu Mar 17 17:08:06 UTC 2022","SourceContext":"Seq.Server.Features.Diagnostics.EnvironmentInformationWriter"}
{"@t":"2022-09-20T18:30:41.8480183Z","@mt":"Seq detected {TotalRAM} MB of RAM","TotalRAM":2081.386496,"SourceContext":"Seq.Server.Features.Diagnostics.EnvironmentInformationWriter"}
{"@t":"2022-09-20T18:30:42.1733766Z","@mt":"Opening event store at {StreamPath}","StreamPath":"/data/Stream/stream.flare","SourceContext":"Flare.Cluster.StorageNodeCoordinator"}
{"@t":"2022-09-20T18:30:42.2702365Z","@mt":"Ingestion enabled","SourceContext":"Flare.Cluster.StorageNodeCoordinator"}
{"@t":"2022-09-20T18:30:42.2760127Z","@mt":"Cache warm-up is required","SourceContext":"Flare.Cache.SegmentCache","OperationId":"502223c5-872e-41a9-9cb4-3763f1e7d363"}
{"@t":"2022-09-20T18:30:42.2838495Z","@mt":"Opening metastore {MetastorePath}","MetastorePath":"/data/Documents/metastore.flare","SourceContext":"Quince.Storage.Native.NativeDocumentStore"}
{"@t":"2022-09-20T18:30:42.3637854Z","@mt":"Initial memory cache warm-up {Outcome} in {Elapsed:0.0} ms","@r":["87.6"],"Outcome":"completed","Elapsed":87.604,"OperationId":"502223c5-872e-41a9-9cb4-3763f1e7d363"}
{"@t":"2022-09-20T18:30:42.3716246Z","@mt":"{WarmSegments} segments warmed up ({@Shared})","WarmSegments":286,"Shared":{"Schemata":77,"Strings":498},"SourceContext":"Flare.Cache.SegmentCache"}
{"@t":"2022-09-20T18:30:42.4411629Z","@mt":"Storage subsystem available"}
{"@t":"2022-09-20T18:30:42.5142492Z","@mt":"Seq listening on {ListenUris}","ListenUris":["http://localhost/","https://localhost/","http://localhost:5341/","https://localhost:45341/"]}
{"@t":"2022-09-20T18:31:42.5703507Z","@mt":"{CollectionCount} more generation 2 garbage collection(s) occurred","CollectionCount":2,"SourceContext":"Seq.Server.Features.Diagnostics.GCLogger"}
{"@t":"2022-09-20T18:39:12.2211881Z","@mt":"Seq {SeqVersion} running on OS {OSCaption}","SeqVersion":"2022.1.7929","OSCaption":"Linux 5.10.104-linuxkit #1 SMP Thu Mar 17 17:08:06 UTC 2022","SourceContext":"Seq.Server.Features.Diagnostics.EnvironmentInformationWriter"}
{"@t":"2022-09-20T18:39:12.2678272Z","@mt":"Seq detected {TotalRAM} MB of RAM","TotalRAM":2081.386496,"SourceContext":"Seq.Server.Features.Diagnostics.EnvironmentInformationWriter"}
{"@t":"2022-09-20T18:39:12.5480663Z","@mt":"Opening event store at {StreamPath}","StreamPath":"/data/Stream/stream.flare","SourceContext":"Flare.Cluster.StorageNodeCoordinator"}
{"@t":"2022-09-20T18:39:12.6352305Z","@mt":"Ingestion enabled","SourceContext":"Flare.Cluster.StorageNodeCoordinator"}
{"@t":"2022-09-20T18:39:12.6405475Z","@mt":"Cache warm-up is required","SourceContext":"Flare.Cache.SegmentCache","OperationId":"a2cf10b4-6f79-4e3b-a580-5d1cad6c8c2c"}
{"@t":"2022-09-20T18:39:12.6466814Z","@mt":"Opening metastore {MetastorePath}","MetastorePath":"/data/Documents/metastore.flare","SourceContext":"Quince.Storage.Native.NativeDocumentStore"}
{"@t":"2022-09-20T18:39:12.7095956Z","@mt":"Initial memory cache warm-up {Outcome} in {Elapsed:0.0} ms","@r":["68.9"],"Outcome":"completed","Elapsed":68.8869,"OperationId":"a2cf10b4-6f79-4e3b-a580-5d1cad6c8c2c"}
{"@t":"2022-09-20T18:39:12.7112050Z","@mt":"{WarmSegments} segments warmed up ({@Shared})","WarmSegments":286,"Shared":{"Schemata":84,"Strings":535},"SourceContext":"Flare.Cache.SegmentCache"}
{"@t":"2022-09-20T18:39:12.7726281Z","@mt":"Storage subsystem available"}
{"@t":"2022-09-20T18:39:12.8565032Z","@mt":"Seq listening on {ListenUris}","ListenUris":["http://localhost/","https://localhost/","http://localhost:5341/","https://localhost:45341/"]}
{"@t":"2022-09-20T18:40:12.9037890Z","@mt":"{CollectionCount} more generation 2 garbage collection(s) occurred","CollectionCount":1,"SourceContext":"Seq.Server.Features.Diagnostics.GCLogger"}
{"@t":"2022-09-20T18:41:19.9751952Z","@mt":"Termination signal received"}
{"@t":"2022-09-20T18:43:47.9519549Z","@mt":"Seq {SeqVersion} running on OS {OSCaption}","SeqVersion":"2022.1.7929","OSCaption":"Linux 5.10.104-linuxkit #1 SMP Thu Mar 17 17:08:06 UTC 2022","SourceContext":"Seq.Server.Features.Diagnostics.EnvironmentInformationWriter"}
{"@t":"2022-09-20T18:43:47.9995589Z","@mt":"Seq detected {TotalRAM} MB of RAM","TotalRAM":2081.386496,"SourceContext":"Seq.Server.Features.Diagnostics.EnvironmentInformationWriter"}
{"@t":"2022-09-20T18:43:48.2771844Z","@mt":"Opening event store at {StreamPath}","StreamPath":"/data/Stream/stream.flare","SourceContext":"Flare.Cluster.StorageNodeCoordinator"}
{"@t":"2022-09-20T18:43:48.3817879Z","@mt":"Ingestion enabled","SourceContext":"Flare.Cluster.StorageNodeCoordinator"}
{"@t":"2022-09-20T18:43:48.3859144Z","@mt":"Cache warm-up is required","SourceContext":"Flare.Cache.SegmentCache","OperationId":"eb9d4afa-bced-4866-969e-72572f1feffd"}
{"@t":"2022-09-20T18:43:48.3922530Z","@mt":"Opening metastore {MetastorePath}","MetastorePath":"/data/Documents/metastore.flare","SourceContext":"Quince.Storage.Native.NativeDocumentStore"}
{"@t":"2022-09-20T18:43:48.5434995Z","@mt":"Initial memory cache warm-up {Outcome} in {Elapsed:0.0} ms","@r":["157.5"],"Outcome":"completed","Elapsed":157.4719,"OperationId":"eb9d4afa-bced-4866-969e-72572f1feffd"}
{"@t":"2022-09-20T18:43:48.5470423Z","@mt":"{WarmSegments} segments warmed up ({@Shared})","WarmSegments":286,"Shared":{"Schemata":84,"Strings":602},"SourceContext":"Flare.Cache.SegmentCache"}
{"@t":"2022-09-20T18:43:48.6192351Z","@mt":"Storage subsystem available"}
{"@t":"2022-09-20T18:43:48.6945116Z","@mt":"Seq listening on {ListenUris}","ListenUris":["http://localhost/","https://localhost/","http://localhost:5341/","https://localhost:45341/"]}
{"@t":"2022-09-20T18:44:48.7359533Z","@mt":"{CollectionCount} more generation 2 garbage collection(s) occurred","CollectionCount":2,"SourceContext":"Seq.Server.Features.Diagnostics.GCLogger"}
{"@t":"2022-09-20T18:48:48.7346823Z","@mt":"Metrics sampled","CacheDays":11.916666666666666,"CacheEvents":1495,"SystemMemoryUtilization":0.6376844678058293,"ProcessWorkingSetBytes":192745472,"GCTotalHeapSizeBytes":18036496,"GCTotalFragmentedBytes":5176,"GCPauseTimePercentage":10.47,"GCGen0EnterHeapSizeBytes":7063952,"GCGen0ExitHeapSizeBytes":96,"GCGen0EnterFragmentedBytes":4716920,"GCGen0ExitFragmentedBytes":0,"GCGen1EnterHeapSizeBytes":7243248,"GCGen1ExitHeapSizeBytes":234112,"GCGen1EnterFragmentedBytes":132136,"GCGen1ExitFragmentedBytes":4824,"GCGen2EnterHeapSizeBytes":96,"GCGen2ExitHeapSizeBytes":7039008,"GCGen2EnterFragmentedBytes":0,"GCGen2ExitFragmentedBytes":288,"GCGen3EnterHeapSizeBytes":21070112,"GCGen3ExitHeapSizeBytes":10584296,"GCGen3EnterFragmentedBytes":96,"GCGen3ExitFragmentedBytes":64,"GCGen4EnterHeapSizeBytes":178984,"GCGen4ExitHeapSizeBytes":178984,"GCGen4EnterFragmentedBytes":0,"GCGen4ExitFragmentedBytes":0,"GCPause0DurationMs":25.811,"GCPause1DurationMs":25.811,"ProcessThreads":31,"ArrivedEventsPerMinute":0,"IngestedEventsPerMinute":0,"IngestedBytesPerMinute":0,"InvalidPayloadsPerMinute":0,"UnauthorizedPayloadsPerMinute":0,"TotalWriteTimeLastMinute":"Flare.Diagnostics.Counters.RateCounter","BroadcastQueueCount":0,"BroadcastSubscriptionQueuesAggregateCount":0}
{"@t":"2022-09-20T18:48:51.7307657Z","@mt":"Termination signal received"}
{"@t":"2022-09-20T18:51:36.1411685Z","@mt":"Seq {SeqVersion} running on OS {OSCaption}","SeqVersion":"2022.1.7929","OSCaption":"Linux 5.10.104-linuxkit #1 SMP Thu Mar 17 17:08:06 UTC 2022","SourceContext":"Seq.Server.Features.Diagnostics.EnvironmentInformationWriter"}
{"@t":"2022-09-20T18:51:36.2099077Z","@mt":"Seq detected {TotalRAM} MB of RAM","TotalRAM":2081.386496,"SourceContext":"Seq.Server.Features.Diagnostics.EnvironmentInformationWriter"}
{"@t":"2022-09-20T18:51:36.5375833Z","@mt":"Opening event store at {StreamPath}","StreamPath":"/data/Stream/stream.flare","SourceContext":"Flare.Cluster.StorageNodeCoordinator"}
{"@t":"2022-09-20T18:51:36.6389069Z","@mt":"Ingestion enabled","SourceContext":"Flare.Cluster.StorageNodeCoordinator"}
{"@t":"2022-09-20T18:51:36.6455525Z","@mt":"Cache warm-up is required","SourceContext":"Flare.Cache.SegmentCache","OperationId":"4f61ef63-342c-4aca-98f1-69ede10416c1"}
{"@t":"2022-09-20T18:51:36.6634451Z","@mt":"Opening metastore {MetastorePath}","MetastorePath":"/data/Documents/metastore.flare","SourceContext":"Quince.Storage.Native.NativeDocumentStore"}
{"@t":"2022-09-20T18:51:36.8086403Z","@mt":"Initial memory cache warm-up {Outcome} in {Elapsed:0.0} ms","@r":["163.0"],"Outcome":"completed","Elapsed":163.0001,"OperationId":"4f61ef63-342c-4aca-98f1-69ede10416c1"}
{"@t":"2022-09-20T18:51:36.8147805Z","@mt":"Storage subsystem available"}
{"@t":"2022-09-20T18:51:36.8100719Z","@mt":"{WarmSegments} segments warmed up ({@Shared})","WarmSegments":286,"Shared":{"Schemata":85,"Strings":629},"SourceContext":"Flare.Cache.SegmentCache"}
{"@t":"2022-09-20T18:51:36.9111738Z","@mt":"Seq listening on {ListenUris}","ListenUris":["http://localhost/","https://localhost/","http://localhost:5341/","https://localhost:45341/"]}
{"@t":"2022-09-20T18:52:36.9577244Z","@mt":"{CollectionCount} more generation 2 garbage collection(s) occurred","CollectionCount":2,"SourceContext":"Seq.Server.Features.Diagnostics.GCLogger"}
{"@t":"2022-09-20T18:56:36.9584802Z","@mt":"Metrics sampled","CacheDays":11.916666666666666,"CacheEvents":1651,"SystemMemoryUtilization":0.6202644489531655,"ProcessWorkingSetBytes":158179328,"GCTotalHeapSizeBytes":18505624,"GCTotalFragmentedBytes":9912,"GCPauseTimePercentage":6.24,"GCGen0EnterHeapSizeBytes":7379064,"GCGen0ExitHeapSizeBytes":96,"GCGen0EnterFragmentedBytes":4218960,"GCGen0ExitFragmentedBytes":0,"GCGen1EnterHeapSizeBytes":7306376,"GCGen1ExitHeapSizeBytes":506648,"GCGen1EnterFragmentedBytes":123016,"GCGen1ExitFragmentedBytes":9528,"GCGen2EnterHeapSizeBytes":96,"GCGen2ExitHeapSizeBytes":7059544,"GCGen2EnterFragmentedBytes":0,"GCGen2ExitFragmentedBytes":288,"GCGen3EnterHeapSizeBytes":21213504,"GCGen3ExitHeapSizeBytes":10727688,"GCGen3EnterFragmentedBytes":128,"GCGen3ExitFragmentedBytes":96,"GCGen4EnterHeapSizeBytes":211648,"GCGen4ExitHeapSizeBytes":211648,"GCGen4EnterFragmentedBytes":0,"GCGen4ExitFragmentedBytes":0,"GCPause0DurationMs":17.517,"GCPause1DurationMs":17.517,"ProcessThreads":32,"ArrivedEventsPerMinute":0,"IngestedEventsPerMinute":0,"IngestedBytesPerMinute":0,"InvalidPayloadsPerMinute":0,"UnauthorizedPayloadsPerMinute":0,"TotalWriteTimeLastMinute":"Flare.Diagnostics.Counters.RateCounter","BroadcastQueueCount":0,"BroadcastSubscriptionQueuesAggregateCount":0}
{"@t":"2022-09-20T19:01:36.9512856Z","@mt":"Metrics sampled","CacheDays":11.916666666666666,"CacheEvents":1651,"SystemMemoryUtilization":0.6293149083638525,"ProcessWorkingSetBytes":166326272,"GCTotalHeapSizeBytes":18505624,"GCTotalFragmentedBytes":9912,"GCPauseTimePercentage":6.24,"GCGen0EnterHeapSizeBytes":7379064,"GCGen0ExitHeapSizeBytes":96,"GCGen0EnterFragmentedBytes":4218960,"GCGen0ExitFragmentedBytes":0,"GCGen1EnterHeapSizeBytes":7306376,"GCGen1ExitHeapSizeBytes":506648,"GCGen1EnterFragmentedBytes":123016,"GCGen1ExitFragmentedBytes":9528,"GCGen2EnterHeapSizeBytes":96,"GCGen2ExitHeapSizeBytes":7059544,"GCGen2EnterFragmentedBytes":0,"GCGen2ExitFragmentedBytes":288,"GCGen3EnterHeapSizeBytes":21213504,"GCGen3ExitHeapSizeBytes":10727688,"GCGen3EnterFragmentedBytes":128,"GCGen3ExitFragmentedBytes":96,"GCGen4EnterHeapSizeBytes":211648,"GCGen4ExitHeapSizeBytes":211648,"GCGen4EnterFragmentedBytes":0,"GCGen4ExitFragmentedBytes":0,"GCPause0DurationMs":17.517,"GCPause1DurationMs":17.517,"ProcessThreads":33,"ArrivedEventsPerMinute":0,"IngestedEventsPerMinute":0,"IngestedBytesPerMinute":0,"InvalidPayloadsPerMinute":0,"UnauthorizedPayloadsPerMinute":0,"TotalWriteTimeLastMinute":"Flare.Diagnostics.Counters.RateCounter","BroadcastQueueCount":0,"BroadcastSubscriptionQueuesAggregateCount":0}
{"@t":"2022-09-20T19:01:36.9550747Z","@mt":"Applying {Count} retention policies","Count":0,"SourceContext":"Seq.Server.Features.Retention.RetentionPolicyApplier"}
{"@t":"2022-09-20T19:01:36.9596603Z","@mt":"Retention processing and compaction took {Elapsed} ms; allocating {Allocation} ms for indexing","Elapsed":7.8073,"Allocation":599992.1927}
{"@t":"2022-09-20T19:01:36.9625016Z","@mt":"Beginning indexing","SourceContext":"Seq.Server.Features.Indexing.EventStoreIndexer"}
{"@t":"2022-09-20T19:01:37.0636971Z","@mt":"Wrote {IndexSetCount} index sets in {Elapsed:0.000} ms","@r":["100.000"],"IndexSetCount":0,"Elapsed":100,"SourceContext":"Seq.Server.Features.Indexing.EventStoreIndexer"}
{"@t":"2022-09-20T19:01:37.0644003Z","@mt":"Indexing took {Elapsed} ms; total iteration time was {Iteration} ms","Elapsed":103,"Iteration":111.1102}
{"@t":"2022-09-20T19:06:36.9520767Z","@mt":"Metrics sampled","CacheDays":11.916666666666666,"CacheEvents":1651,"SystemMemoryUtilization":0.6338962237602602,"ProcessWorkingSetBytes":179666944,"GCTotalHeapSizeBytes":18505624,"GCTotalFragmentedBytes":9912,"GCPauseTimePercentage":6.24,"GCGen0EnterHeapSizeBytes":7379064,"GCGen0ExitHeapSizeBytes":96,"GCGen0EnterFragmentedBytes":4218960,"GCGen0ExitFragmentedBytes":0,"GCGen1EnterHeapSizeBytes":7306376,"GCGen1ExitHeapSizeBytes":506648,"GCGen1EnterFragmentedBytes":123016,"GCGen1ExitFragmentedBytes":9528,"GCGen2EnterHeapSizeBytes":96,"GCGen2ExitHeapSizeBytes":7059544,"GCGen2EnterFragmentedBytes":0,"GCGen2ExitFragmentedBytes":288,"GCGen3EnterHeapSizeBytes":21213504,"GCGen3ExitHeapSizeBytes":10727688,"GCGen3EnterFragmentedBytes":128,"GCGen3ExitFragmentedBytes":96,"GCGen4EnterHeapSizeBytes":211648,"GCGen4ExitHeapSizeBytes":211648,"GCGen4EnterFragmentedBytes":0,"GCGen4ExitFragmentedBytes":0,"GCPause0DurationMs":17.517,"GCPause1DurationMs":17.517,"ProcessThreads":32,"ArrivedEventsPerMinute":0,"IngestedEventsPerMinute":0,"IngestedBytesPerMinute":0,"InvalidPayloadsPerMinute":0,"UnauthorizedPayloadsPerMinute":0,"TotalWriteTimeLastMinute":"Flare.Diagnostics.Counters.RateCounter","BroadcastQueueCount":0,"BroadcastSubscriptionQueuesAggregateCount":0}
{"@t":"2022-09-20T19:11:36.9512271Z","@mt":"Applying {Count} retention policies","Count":0,"SourceContext":"Seq.Server.Features.Retention.RetentionPolicyApplier"}
{"@t":"2022-09-20T19:11:36.9517855Z","@mt":"Retention processing and compaction took {Elapsed} ms; allocating {Allocation} ms for indexing","Elapsed":0.5865,"Allocation":599999.4135}
{"@t":"2022-09-20T19:11:36.9522354Z","@mt":"Beginning indexing","SourceContext":"Seq.Server.Features.Indexing.EventStoreIndexer"}
{"@t":"2022-09-20T19:11:36.9522301Z","@mt":"Metrics sampled","CacheDays":11.916666666666666,"CacheEvents":1651,"SystemMemoryUtilization":0.6391505674494393,"ProcessWorkingSetBytes":189952000,"GCTotalHeapSizeBytes":18505624,"GCTotalFragmentedBytes":9912,"GCPauseTimePercentage":6.24,"GCGen0EnterHeapSizeBytes":7379064,"GCGen0ExitHeapSizeBytes":96,"GCGen0EnterFragmentedBytes":4218960,"GCGen0ExitFragmentedBytes":0,"GCGen1EnterHeapSizeBytes":7306376,"GCGen1ExitHeapSizeBytes":506648,"GCGen1EnterFragmentedBytes":123016,"GCGen1ExitFragmentedBytes":9528,"GCGen2EnterHeapSizeBytes":96,"GCGen2ExitHeapSizeBytes":7059544,"GCGen2EnterFragmentedBytes":0,"GCGen2ExitFragmentedBytes":288,"GCGen3EnterHeapSizeBytes":21213504,"GCGen3ExitHeapSizeBytes":10727688,"GCGen3EnterFragmentedBytes":128,"GCGen3ExitFragmentedBytes":96,"GCGen4EnterHeapSizeBytes":211648,"GCGen4ExitHeapSizeBytes":211648,"GCGen4EnterFragmentedBytes":0,"GCGen4ExitFragmentedBytes":0,"GCPause0DurationMs":17.517,"GCPause1DurationMs":17.517,"ProcessThreads":33,"ArrivedEventsPerMinute":0,"IngestedEventsPerMinute":0,"IngestedBytesPerMinute":0,"InvalidPayloadsPerMinute":0,"UnauthorizedPayloadsPerMinute":0,"TotalWriteTimeLastMinute":"Flare.Diagnostics.Counters.RateCounter","BroadcastQueueCount":0,"BroadcastSubscriptionQueuesAggregateCount":0}
{"@t":"2022-09-20T19:11:36.9553827Z","@mt":"Wrote {IndexSetCount} index sets in {Elapsed:0.000} ms","@r":["2.000"],"IndexSetCount":0,"Elapsed":2,"SourceContext":"Seq.Server.Features.Indexing.EventStoreIndexer"}
{"@t":"2022-09-20T19:11:36.9573881Z","@mt":"Indexing took {Elapsed} ms; total iteration time was {Iteration} ms","Elapsed":5,"Iteration":5.7359}
{"@t":"2022-09-20T19:16:36.9515801Z","@mt":"Metrics sampled","CacheDays":11.916666666666666,"CacheEvents":1651,"SystemMemoryUtilization":0.6436630056813821,"ProcessWorkingSetBytes":201027584,"GCTotalHeapSizeBytes":18505624,"GCTotalFragmentedBytes":9912,"GCPauseTimePercentage":6.24,"GCGen0EnterHeapSizeBytes":7379064,"GCGen0ExitHeapSizeBytes":96,"GCGen0EnterFragmentedBytes":4218960,"GCGen0ExitFragmentedBytes":0,"GCGen1EnterHeapSizeBytes":7306376,"GCGen1ExitHeapSizeBytes":506648,"GCGen1EnterFragmentedBytes":123016,"GCGen1ExitFragmentedBytes":9528,"GCGen2EnterHeapSizeBytes":96,"GCGen2ExitHeapSizeBytes":7059544,"GCGen2EnterFragmentedBytes":0,"GCGen2ExitFragmentedBytes":288,"GCGen3EnterHeapSizeBytes":21213504,"GCGen3ExitHeapSizeBytes":10727688,"GCGen3EnterFragmentedBytes":128,"GCGen3ExitFragmentedBytes":96,"GCGen4EnterHeapSizeBytes":211648,"GCGen4ExitHeapSizeBytes":211648,"GCGen4EnterFragmentedBytes":0,"GCGen4ExitFragmentedBytes":0,"GCPause0DurationMs":17.517,"GCPause1DurationMs":17.517,"ProcessThreads":32,"ArrivedEventsPerMinute":0,"IngestedEventsPerMinute":0,"IngestedBytesPerMinute":0,"InvalidPayloadsPerMinute":0,"UnauthorizedPayloadsPerMinute":0,"TotalWriteTimeLastMinute":"Flare.Diagnostics.Counters.RateCounter","BroadcastQueueCount":0,"BroadcastSubscriptionQueuesAggregateCount":0}
{"@t":"2022-09-20T19:21:36.9506253Z","@mt":"Applying {Count} retention policies","Count":0,"SourceContext":"Seq.Server.Features.Retention.RetentionPolicyApplier"}
{"@t":"2022-09-20T19:21:36.9513125Z","@mt":"Retention processing and compaction took {Elapsed} ms; allocating {Allocation} ms for indexing","Elapsed":0.7065,"Allocation":599999.2935}
{"@t":"2022-09-20T19:21:36.9502816Z","@mt":"Metrics sampled","CacheDays":11.916666666666666,"CacheEvents":1651,"SystemMemoryUtilization":0.6497261640732774,"ProcessWorkingSetBytes":210989056,"GCTotalHeapSizeBytes":18505624,"GCTotalFragmentedBytes":9912,"GCPauseTimePercentage":6.24,"GCGen0EnterHeapSizeBytes":7379064,"GCGen0ExitHeapSizeBytes":96,"GCGen0EnterFragmentedBytes":4218960,"GCGen0ExitFragmentedBytes":0,"GCGen1EnterHeapSizeBytes":7306376,"GCGen1ExitHeapSizeBytes":506648,"GCGen1EnterFragmentedBytes":123016,"GCGen1ExitFragmentedBytes":9528,"GCGen2EnterHeapSizeBytes":96,"GCGen2ExitHeapSizeBytes":7059544,"GCGen2EnterFragmentedBytes":0,"GCGen2ExitFragmentedBytes":288,"GCGen3EnterHeapSizeBytes":21213504,"GCGen3ExitHeapSizeBytes":10727688,"GCGen3EnterFragmentedBytes":128,"GCGen3ExitFragmentedBytes":96,"GCGen4EnterHeapSizeBytes":211648,"GCGen4ExitHeapSizeBytes":211648,"GCGen4EnterFragmentedBytes":0,"GCGen4ExitFragmentedBytes":0,"GCPause0DurationMs":17.517,"GCPause1DurationMs":17.517,"ProcessThreads":32,"ArrivedEventsPerMinute":0,"IngestedEventsPerMinute":0,"IngestedBytesPerMinute":0,"InvalidPayloadsPerMinute":0,"UnauthorizedPayloadsPerMinute":0,"TotalWriteTimeLastMinute":"Flare.Diagnostics.Counters.RateCounter","BroadcastQueueCount":0,"BroadcastSubscriptionQueuesAggregateCount":0}
{"@t":"2022-09-20T19:21:36.9518096Z","@mt":"Beginning indexing","SourceContext":"Seq.Server.Features.Indexing.EventStoreIndexer"}
{"@t":"2022-09-20T19:21:36.9544918Z","@mt":"Wrote {IndexSetCount} index sets in {Elapsed:0.000} ms","@r":["2.000"],"IndexSetCount":0,"Elapsed":2,"SourceContext":"Seq.Server.Features.Indexing.EventStoreIndexer"}
{"@t":"2022-09-20T19:21:36.9548854Z","@mt":"Indexing took {Elapsed} ms; total iteration time was {Iteration} ms","Elapsed":3,"Iteration":3.78}
{"@t":"2022-09-20T19:26:36.9495824Z","@mt":"Metrics sampled","CacheDays":11.916666666666666,"CacheEvents":1651,"SystemMemoryUtilization":0.6556436964603041,"ProcessWorkingSetBytes":214159360,"GCTotalHeapSizeBytes":18505624,"GCTotalFragmentedBytes":9912,"GCPauseTimePercentage":6.24,"GCGen0EnterHeapSizeBytes":7379064,"GCGen0ExitHeapSizeBytes":96,"GCGen0EnterFragmentedBytes":4218960,"GCGen0ExitFragmentedBytes":0,"GCGen1EnterHeapSizeBytes":7306376,"GCGen1ExitHeapSizeBytes":506648,"GCGen1EnterFragmentedBytes":123016,"GCGen1ExitFragmentedBytes":9528,"GCGen2EnterHeapSizeBytes":96,"GCGen2ExitHeapSizeBytes":7059544,"GCGen2EnterFragmentedBytes":0,"GCGen2ExitFragmentedBytes":288,"GCGen3EnterHeapSizeBytes":21213504,"GCGen3ExitHeapSizeBytes":10727688,"GCGen3EnterFragmentedBytes":128,"GCGen3ExitFragmentedBytes":96,"GCGen4EnterHeapSizeBytes":211648,"GCGen4ExitHeapSizeBytes":211648,"GCGen4EnterFragmentedBytes":0,"GCGen4ExitFragmentedBytes":0,"GCPause0DurationMs":17.517,"GCPause1DurationMs":17.517,"ProcessThreads":32,"ArrivedEventsPerMinute":0,"IngestedEventsPerMinute":0,"IngestedBytesPerMinute":0,"InvalidPayloadsPerMinute":0,"UnauthorizedPayloadsPerMinute":0,"TotalWriteTimeLastMinute":"Flare.Diagnostics.Counters.RateCounter","BroadcastQueueCount":0,"BroadcastSubscriptionQueuesAggregateCount":0}
{"@t":"2022-09-20T19:31:10.8873029Z","@mt":"Updated {DocumentId}","DocumentId":"workspace-15","SourceContext":"Seq.Server.Web.Api.WorkspacesController","Principal":{"Id":"user-admin","OnBehalfOfUserId":"user-admin"},"ActionId":"34be38b6-dd3e-403d-840f-7f61cb82da73","ActionName":"Seq.Server.Web.Api.WorkspacesController.Update (Seq)","RequestId":"0HMKR74J39KS8:00000025","RequestPath":"/api/workspaces/workspace-15","ConnectionId":"0HMKR74J39KS8"}
{"@t":"2022-09-20T19:31:36.9495986Z","@mt":"Applying {Count} retention policies","Count":0,"SourceContext":"Seq.Server.Features.Retention.RetentionPolicyApplier"}
{"@t":"2022-09-20T19:31:36.9503282Z","@mt":"Retention processing and compaction took {Elapsed} ms; allocating {Allocation} ms for indexing","Elapsed":0.7496,"Allocation":599999.2504}
{"@t":"2022-09-20T19:31:36.9508899Z","@mt":"Beginning indexing","SourceContext":"Seq.Server.Features.Indexing.EventStoreIndexer"}
{"@t":"2022-09-20T19:31:36.9504653Z","@mt":"Metrics sampled","CacheDays":11.958333333333334,"CacheEvents":1778,"SystemMemoryUtilization":0.6705998807441096,"ProcessWorkingSetBytes":223064064,"GCTotalHeapSizeBytes":18505624,"GCTotalFragmentedBytes":9912,"GCPauseTimePercentage":6.24,"GCGen0EnterHeapSizeBytes":7379064,"GCGen0ExitHeapSizeBytes":96,"GCGen0EnterFragmentedBytes":4218960,"GCGen0ExitFragmentedBytes":0,"GCGen1EnterHeapSizeBytes":7306376,"GCGen1ExitHeapSizeBytes":506648,"GCGen1EnterFragmentedBytes":123016,"GCGen1ExitFragmentedBytes":9528,"GCGen2EnterHeapSizeBytes":96,"GCGen2ExitHeapSizeBytes":7059544,"GCGen2EnterFragmentedBytes":0,"GCGen2ExitFragmentedBytes":288,"GCGen3EnterHeapSizeBytes":21213504,"GCGen3ExitHeapSizeBytes":10727688,"GCGen3EnterFragmentedBytes":128,"GCGen3ExitFragmentedBytes":96,"GCGen4EnterHeapSizeBytes":211648,"GCGen4ExitHeapSizeBytes":211648,"GCGen4EnterFragmentedBytes":0,"GCGen4ExitFragmentedBytes":0,"GCPause0DurationMs":17.517,"GCPause1DurationMs":17.517,"ProcessThreads":38,"ArrivedEventsPerMinute":0,"IngestedEventsPerMinute":0,"IngestedBytesPerMinute":0,"InvalidPayloadsPerMinute":0,"UnauthorizedPayloadsPerMinute":0,"TotalWriteTimeLastMinute":"Flare.Diagnostics.Counters.RateCounter","BroadcastQueueCount":0,"BroadcastSubscriptionQueuesAggregateCount":0}
{"@t":"2022-09-20T19:31:36.9547956Z","@mt":"Wrote {IndexSetCount} index sets in {Elapsed:0.000} ms","@r":["2.000"],"IndexSetCount":0,"Elapsed":2,"SourceContext":"Seq.Server.Features.Indexing.EventStoreIndexer"}
{"@t":"2022-09-20T19:31:36.9551854Z","@mt":"Indexing took {Elapsed} ms; total iteration time was {Iteration} ms","Elapsed":4,"Iteration":5.0434}
{"@t":"2022-09-20T19:36:36.9492976Z","@mt":"Metrics sampled","CacheDays":11.958333333333334,"CacheEvents":1781,"SystemMemoryUtilization":0.6715523535327097,"ProcessWorkingSetBytes":224829440,"GCTotalHeapSizeBytes":18505624,"GCTotalFragmentedBytes":9912,"GCPauseTimePercentage":6.24,"GCGen0EnterHeapSizeBytes":7379064,"GCGen0ExitHeapSizeBytes":96,"GCGen0EnterFragmentedBytes":4218960,"GCGen0ExitFragmentedBytes":0,"GCGen1EnterHeapSizeBytes":7306376,"GCGen1ExitHeapSizeBytes":506648,"GCGen1EnterFragmentedBytes":123016,"GCGen1ExitFragmentedBytes":9528,"GCGen2EnterHeapSizeBytes":96,"GCGen2ExitHeapSizeBytes":7059544,"GCGen2EnterFragmentedBytes":0,"GCGen2ExitFragmentedBytes":288,"GCGen3EnterHeapSizeBytes":21213504,"GCGen3ExitHeapSizeBytes":10727688,"GCGen3EnterFragmentedBytes":128,"GCGen3ExitFragmentedBytes":96,"GCGen4EnterHeapSizeBytes":211648,"GCGen4ExitHeapSizeBytes":211648,"GCGen4EnterFragmentedBytes":0,"GCGen4ExitFragmentedBytes":0,"GCPause0DurationMs":17.517,"GCPause1DurationMs":17.517,"ProcessThreads":31,"ArrivedEventsPerMinute":0,"IngestedEventsPerMinute":0,"IngestedBytesPerMinute":0,"InvalidPayloadsPerMinute":0,"UnauthorizedPayloadsPerMinute":0,"TotalWriteTimeLastMinute":"Flare.Diagnostics.Counters.RateCounter","BroadcastQueueCount":0,"BroadcastSubscriptionQueuesAggregateCount":0}
