{"@t":"2022-10-22T15:39:49.0678360Z","@mt":"Seq {SeqVersion} running on OS {OSCaption}","SeqVersion":"2022.1.7929","OSCaption":"Linux 5.10.124-linuxkit #1 SMP Thu Jun 30 08:19:10 UTC 2022","SourceContext":"Seq.Server.Features.Diagnostics.EnvironmentInformationWriter"}
{"@t":"2022-10-22T15:39:49.2366398Z","@mt":"Seq detected {TotalRAM} MB of RAM","TotalRAM":2081.394688,"SourceContext":"Seq.Server.Features.Diagnostics.EnvironmentInformationWriter"}
{"@t":"2022-10-22T15:39:49.7428039Z","@mt":"Opening event store at {StreamPath}","StreamPath":"/data/Stream/stream.flare","SourceContext":"Flare.Cluster.StorageNodeCoordinator"}
{"@t":"2022-10-22T15:39:50.5172707Z","@mt":"Ingestion enabled","SourceContext":"Flare.Cluster.StorageNodeCoordinator"}
{"@t":"2022-10-22T15:39:50.5223389Z","@mt":"Cache warm-up is required","SourceContext":"Flare.Cache.SegmentCache","OperationId":"2e2e7a48-697e-451a-8749-445800beba9f"}
{"@t":"2022-10-22T15:39:50.5333865Z","@mt":"Opening metastore {MetastorePath}","MetastorePath":"/data/Documents/metastore.flare","SourceContext":"Quince.Storage.Native.NativeDocumentStore"}
{"@t":"2022-10-22T15:39:50.7010264Z","@mt":"Storage subsystem available"}
{"@t":"2022-10-22T15:39:50.7959686Z","@mt":"Seq listening on {ListenUris}","ListenUris":["http://localhost/","https://localhost/","http://localhost:5341/","https://localhost:45341/"]}
{"@t":"2022-10-22T15:39:52.0888583Z","@mt":"Initial memory cache warm-up {Outcome} in {Elapsed:0.0} ms","@r":["1566.4"],"Outcome":"completed","Elapsed":1566.3821,"OperationId":"2e2e7a48-697e-451a-8749-445800beba9f"}
{"@t":"2022-10-22T15:39:52.0904491Z","@mt":"{WarmSegments} segments warmed up ({@Shared})","WarmSegments":1004,"Shared":{"Schemata":113,"Strings":1908},"SourceContext":"Flare.Cache.SegmentCache"}
{"@t":"2022-10-22T15:40:50.8526648Z","@mt":"{CollectionCount} more generation 2 garbage collection(s) occurred","CollectionCount":2,"SourceContext":"Seq.Server.Features.Diagnostics.GCLogger"}
{"@t":"2022-10-22T15:44:50.8615074Z","@mt":"Metrics sampled","CacheDays":43.791666666666664,"CacheEvents":18941,"SystemMemoryUtilization":0.6624933828984578,"ProcessWorkingSetBytes":261619712,"GCTotalHeapSizeBytes":26893024,"GCTotalFragmentedBytes":186512,"GCPauseTimePercentage":1.44,"GCGen0EnterHeapSizeBytes":145816760,"GCGen0ExitHeapSizeBytes":96,"GCGen0EnterFragmentedBytes":193224,"GCGen0ExitFragmentedBytes":0,"GCGen1EnterHeapSizeBytes":7272448,"GCGen1ExitHeapSizeBytes":8888680,"GCGen1EnterFragmentedBytes":121152,"GCGen1ExitFragmentedBytes":186048,"GCGen2EnterHeapSizeBytes":96,"GCGen2ExitHeapSizeBytes":6946048,"GCGen2EnterFragmentedBytes":0,"GCGen2ExitFragmentedBytes":336,"GCGen3EnterHeapSizeBytes":21332368,"GCGen3ExitHeapSizeBytes":10846552,"GCGen3EnterFragmentedBytes":160,"GCGen3ExitFragmentedBytes":128,"GCGen4EnterHeapSizeBytes":211648,"GCGen4ExitHeapSizeBytes":211648,"GCGen4EnterFragmentedBytes":0,"GCGen4ExitFragmentedBytes":0,"GCPause0DurationMs":29.685,"GCPause1DurationMs":29.685,"ProcessThreads":36,"ArrivedEventsPerMinute":0,"IngestedEventsPerMinute":0,"IngestedBytesPerMinute":0,"InvalidPayloadsPerMinute":0,"UnauthorizedPayloadsPerMinute":0,"TotalWriteTimeLastMinute":"Flare.Diagnostics.Counters.RateCounter","BroadcastQueueCount":0,"BroadcastSubscriptionQueuesAggregateCount":0}
{"@t":"2022-10-22T15:49:50.8515626Z","@mt":"Metrics sampled","CacheDays":43.791666666666664,"CacheEvents":18941,"SystemMemoryUtilization":0.6649099779003568,"ProcessWorkingSetBytes":262828032,"GCTotalHeapSizeBytes":26893024,"GCTotalFragmentedBytes":186512,"GCPauseTimePercentage":1.44,"GCGen0EnterHeapSizeBytes":145816760,"GCGen0ExitHeapSizeBytes":96,"GCGen0EnterFragmentedBytes":193224,"GCGen0ExitFragmentedBytes":0,"GCGen1EnterHeapSizeBytes":7272448,"GCGen1ExitHeapSizeBytes":8888680,"GCGen1EnterFragmentedBytes":121152,"GCGen1ExitFragmentedBytes":186048,"GCGen2EnterHeapSizeBytes":96,"GCGen2ExitHeapSizeBytes":6946048,"GCGen2EnterFragmentedBytes":0,"GCGen2ExitFragmentedBytes":336,"GCGen3EnterHeapSizeBytes":21332368,"GCGen3ExitHeapSizeBytes":10846552,"GCGen3EnterFragmentedBytes":160,"GCGen3ExitFragmentedBytes":128,"GCGen4EnterHeapSizeBytes":211648,"GCGen4ExitHeapSizeBytes":211648,"GCGen4EnterFragmentedBytes":0,"GCGen4ExitFragmentedBytes":0,"GCPause0DurationMs":29.685,"GCPause1DurationMs":29.685,"ProcessThreads":38,"ArrivedEventsPerMinute":0,"IngestedEventsPerMinute":0,"IngestedBytesPerMinute":0,"InvalidPayloadsPerMinute":0,"UnauthorizedPayloadsPerMinute":0,"TotalWriteTimeLastMinute":"Flare.Diagnostics.Counters.RateCounter","BroadcastQueueCount":0,"BroadcastSubscriptionQueuesAggregateCount":0}
{"@t":"2022-10-22T15:49:50.8561753Z","@mt":"Applying {Count} retention policies","Count":0,"SourceContext":"Seq.Server.Features.Retention.RetentionPolicyApplier"}
{"@t":"2022-10-22T15:49:50.8597066Z","@mt":"Retention processing and compaction took {Elapsed} ms; allocating {Allocation} ms for indexing","Elapsed":6.2957,"Allocation":599993.7043}
{"@t":"2022-10-22T15:49:50.8624925Z","@mt":"Beginning indexing","SourceContext":"Seq.Server.Features.Indexing.EventStoreIndexer"}
{"@t":"2022-10-22T15:49:51.1637327Z","@mt":"Wrote {IndexSetCount} index sets in {Elapsed:0.000} ms","@r":["300.000"],"IndexSetCount":0,"Elapsed":300,"SourceContext":"Seq.Server.Features.Indexing.EventStoreIndexer"}
{"@t":"2022-10-22T15:49:51.1647991Z","@mt":"Indexing took {Elapsed} ms; total iteration time was {Iteration} ms","Elapsed":304,"Iteration":310.3763}
{"@t":"2022-10-22T15:54:50.8505410Z","@mt":"Metrics sampled","CacheDays":43.791666666666664,"CacheEvents":18992,"SystemMemoryUtilization":0.6716481059838277,"ProcessWorkingSetBytes":267898880,"GCTotalHeapSizeBytes":26893024,"GCTotalFragmentedBytes":186512,"GCPauseTimePercentage":1.44,"GCGen0EnterHeapSizeBytes":145816760,"GCGen0ExitHeapSizeBytes":96,"GCGen0EnterFragmentedBytes":193224,"GCGen0ExitFragmentedBytes":0,"GCGen1EnterHeapSizeBytes":7272448,"GCGen1ExitHeapSizeBytes":8888680,"GCGen1EnterFragmentedBytes":121152,"GCGen1ExitFragmentedBytes":186048,"GCGen2EnterHeapSizeBytes":96,"GCGen2ExitHeapSizeBytes":6946048,"GCGen2EnterFragmentedBytes":0,"GCGen2ExitFragmentedBytes":336,"GCGen3EnterHeapSizeBytes":21332368,"GCGen3ExitHeapSizeBytes":10846552,"GCGen3EnterFragmentedBytes":160,"GCGen3ExitFragmentedBytes":128,"GCGen4EnterHeapSizeBytes":211648,"GCGen4ExitHeapSizeBytes":211648,"GCGen4EnterFragmentedBytes":0,"GCGen4ExitFragmentedBytes":0,"GCPause0DurationMs":29.685,"GCPause1DurationMs":29.685,"ProcessThreads":32,"ArrivedEventsPerMinute":9,"IngestedEventsPerMinute":9,"IngestedBytesPerMinute":3543,"InvalidPayloadsPerMinute":0,"UnauthorizedPayloadsPerMinute":0,"TotalWriteTimeLastMinute":"Flare.Diagnostics.Counters.RateCounter","BroadcastQueueCount":0,"BroadcastSubscriptionQueuesAggregateCount":0}
{"@t":"2022-10-22T15:59:50.8523461Z","@mt":"Applying {Count} retention policies","Count":0,"SourceContext":"Seq.Server.Features.Retention.RetentionPolicyApplier"}
{"@t":"2022-10-22T15:59:50.8544136Z","@mt":"Retention processing and compaction took {Elapsed} ms; allocating {Allocation} ms for indexing","Elapsed":2.0967,"Allocation":599997.9033}
{"@t":"2022-10-22T15:59:50.8560239Z","@mt":"Beginning indexing","SourceContext":"Seq.Server.Features.Indexing.EventStoreIndexer"}
{"@t":"2022-10-22T15:59:50.8516546Z","@mt":"Metrics sampled","CacheDays":43.791666666666664,"CacheEvents":18992,"SystemMemoryUtilization":0.6721912494858833,"ProcessWorkingSetBytes":268017664,"GCTotalHeapSizeBytes":26893024,"GCTotalFragmentedBytes":186512,"GCPauseTimePercentage":1.44,"GCGen0EnterHeapSizeBytes":145816760,"GCGen0ExitHeapSizeBytes":96,"GCGen0EnterFragmentedBytes":193224,"GCGen0ExitFragmentedBytes":0,"GCGen1EnterHeapSizeBytes":7272448,"GCGen1ExitHeapSizeBytes":8888680,"GCGen1EnterFragmentedBytes":121152,"GCGen1ExitFragmentedBytes":186048,"GCGen2EnterHeapSizeBytes":96,"GCGen2ExitHeapSizeBytes":6946048,"GCGen2EnterFragmentedBytes":0,"GCGen2ExitFragmentedBytes":336,"GCGen3EnterHeapSizeBytes":21332368,"GCGen3ExitHeapSizeBytes":10846552,"GCGen3EnterFragmentedBytes":160,"GCGen3ExitFragmentedBytes":128,"GCGen4EnterHeapSizeBytes":211648,"GCGen4ExitHeapSizeBytes":211648,"GCGen4EnterFragmentedBytes":0,"GCGen4ExitFragmentedBytes":0,"GCPause0DurationMs":29.685,"GCPause1DurationMs":29.685,"ProcessThreads":32,"ArrivedEventsPerMinute":0,"IngestedEventsPerMinute":0,"IngestedBytesPerMinute":0,"InvalidPayloadsPerMinute":0,"UnauthorizedPayloadsPerMinute":0,"TotalWriteTimeLastMinute":"Flare.Diagnostics.Counters.RateCounter","BroadcastQueueCount":0,"BroadcastSubscriptionQueuesAggregateCount":0}
{"@t":"2022-10-22T15:59:50.8616012Z","@mt":"Wrote {IndexSetCount} index sets in {Elapsed:0.000} ms","@r":["4.000"],"IndexSetCount":0,"Elapsed":4,"SourceContext":"Seq.Server.Features.Indexing.EventStoreIndexer"}
{"@t":"2022-10-22T15:59:50.8623238Z","@mt":"Indexing took {Elapsed} ms; total iteration time was {Iteration} ms","Elapsed":6,"Iteration":8.3963}
{"@t":"2022-10-22T16:04:50.8516799Z","@mt":"Metrics sampled","CacheDays":43.791666666666664,"CacheEvents":18992,"SystemMemoryUtilization":0.67275997583405,"ProcessWorkingSetBytes":268095488,"GCTotalHeapSizeBytes":26893024,"GCTotalFragmentedBytes":186512,"GCPauseTimePercentage":1.44,"GCGen0EnterHeapSizeBytes":145816760,"GCGen0ExitHeapSizeBytes":96,"GCGen0EnterFragmentedBytes":193224,"GCGen0ExitFragmentedBytes":0,"GCGen1EnterHeapSizeBytes":7272448,"GCGen1ExitHeapSizeBytes":8888680,"GCGen1EnterFragmentedBytes":121152,"GCGen1ExitFragmentedBytes":186048,"GCGen2EnterHeapSizeBytes":96,"GCGen2ExitHeapSizeBytes":6946048,"GCGen2EnterFragmentedBytes":0,"GCGen2ExitFragmentedBytes":336,"GCGen3EnterHeapSizeBytes":21332368,"GCGen3ExitHeapSizeBytes":10846552,"GCGen3EnterFragmentedBytes":160,"GCGen3ExitFragmentedBytes":128,"GCGen4EnterHeapSizeBytes":211648,"GCGen4ExitHeapSizeBytes":211648,"GCGen4EnterFragmentedBytes":0,"GCGen4ExitFragmentedBytes":0,"GCPause0DurationMs":29.685,"GCPause1DurationMs":29.685,"ProcessThreads":30,"ArrivedEventsPerMinute":0,"IngestedEventsPerMinute":0,"IngestedBytesPerMinute":0,"InvalidPayloadsPerMinute":0,"UnauthorizedPayloadsPerMinute":0,"TotalWriteTimeLastMinute":"Flare.Diagnostics.Counters.RateCounter","BroadcastQueueCount":0,"BroadcastSubscriptionQueuesAggregateCount":0}
{"@t":"2022-10-22T16:41:52.3846359Z","@mt":"Metrics sampled","CacheDays":43.791666666666664,"CacheEvents":18992,"SystemMemoryUtilization":0.6722975166928071,"ProcessWorkingSetBytes":268050432,"GCTotalHeapSizeBytes":26893024,"GCTotalFragmentedBytes":186512,"GCPauseTimePercentage":1.44,"GCGen0EnterHeapSizeBytes":145816760,"GCGen0ExitHeapSizeBytes":96,"GCGen0EnterFragmentedBytes":193224,"GCGen0ExitFragmentedBytes":0,"GCGen1EnterHeapSizeBytes":7272448,"GCGen1ExitHeapSizeBytes":8888680,"GCGen1EnterFragmentedBytes":121152,"GCGen1ExitFragmentedBytes":186048,"GCGen2EnterHeapSizeBytes":96,"GCGen2ExitHeapSizeBytes":6946048,"GCGen2EnterFragmentedBytes":0,"GCGen2ExitFragmentedBytes":336,"GCGen3EnterHeapSizeBytes":21332368,"GCGen3ExitHeapSizeBytes":10846552,"GCGen3EnterFragmentedBytes":160,"GCGen3ExitFragmentedBytes":128,"GCGen4EnterHeapSizeBytes":211648,"GCGen4ExitHeapSizeBytes":211648,"GCGen4EnterFragmentedBytes":0,"GCGen4ExitFragmentedBytes":0,"GCPause0DurationMs":29.685,"GCPause1DurationMs":29.685,"ProcessThreads":31,"ArrivedEventsPerMinute":0,"IngestedEventsPerMinute":0,"IngestedBytesPerMinute":0,"InvalidPayloadsPerMinute":0,"UnauthorizedPayloadsPerMinute":0,"TotalWriteTimeLastMinute":"Flare.Diagnostics.Counters.RateCounter","BroadcastQueueCount":0,"BroadcastSubscriptionQueuesAggregateCount":0}
{"@t":"2022-10-22T16:41:52.5034436Z","@mt":"Applying {Count} retention policies","Count":0,"SourceContext":"Seq.Server.Features.Retention.RetentionPolicyApplier"}
{"@t":"2022-10-22T16:41:52.5040982Z","@mt":"Native storage metrics sampled","ABI_INTERNAL_ERROR":0,"ABI_IO_ERROR":0,"ABI_PANIC":0,"DELETE_ABANDON":0,"DELETE_BEGIN":0,"DELETE_COMPLETE":0,"DELETE_EXCLUDE_EVENT":0,"DELETE_SKIP_SPAN":0,"DOC_COLL_CHECKPOINT":0,"DOC_COLL_CREATE":0,"DOC_COLL_KVS_REMOVE":0,"DOC_COLL_READ_BEGIN":1,"DOC_COLL_READ_COMPLETE":1,"DOC_COLL_REMOVE":0,"DOC_COLL_WRITE_ABORT":0,"DOC_COLL_WRITE_BEGIN":0,"DOC_COLL_WRITE_COMMIT":0,"DOC_COLL_WRITE_RECORD_DELETE":0,"DOC_COLL_WRITE_RECORD_SET":0,"INDEX_SET_CREATE":0,"INDEX_SET_LOAD":2,"INDEX_SET_MISSING_INDEX_LOOKUP":0,"INDEX_SET_REMOVE":0,"INDEXER_ABORT":0,"INDEXER_BEGIN_NEW":0,"INDEXER_BEGIN_OUTDATED":0,"INDEXER_COALESCED":0,"INDEXER_COMMIT":0,"INGEST_BUF_CACHE_EVENT_FROM_DISK":0,"INGEST_BUF_CACHE_EVENT_INCOMING":0,"INGEST_BUF_CREATE":2,"INGEST_BUF_READ":88,"INGEST_BUF_READ_TRUNCATED":0,"INGEST_BUF_REMOVE":0,"INGEST_BUF_WRITE_EVENT":116,"KEYVALUES_READ_TRUNCATED":0,"MAINTENANCE_TRANSACTION_BEGIN":2,"MAINTENANCE_TRANSACTION_COMPLETE":2,"MAINTENANCE_TRANSACTION_DIRTY_COMPLETE":0,"NET_INCOMING_COMPLETED":0,"NET_INCOMING_ESTABLISHED":0,"NET_INCOMING_FAILED":0,"NET_INCOMING_INVALID_KEY":0,"NET_INCOMING_SOCKET_ACCEPTED":0,"NODE_MESSAGE_BYTES_RECEIVED":0,"NODE_MESSAGE_BYTES_SENT":0,"NODE_MESSAGE_RECEIVED":0,"NODE_MESSAGE_SENT":0,"QUERY_BEGIN":7,"QUERY_END":7,"QUERY_ROW_HIT":500,"QUERY_ROW_MISS_FRAGMENT":0,"QUERY_ROW_MISS_PREDICATE":0,"READ_TRANSACTION_BEGIN":1010,"READ_TRANSACTION_COMPLETE":1010,"READ_TRANSACTION_DIRTY_COMPLETE":0,"REGION_INCLUDED_INGEST_BUF":344,"REGION_INCLUDED_STABLE_SPAN":345,"REGION_READ":629,"REPLICATION_FULL_SYNC":0,"STABLE_SPAN_CREATE":0,"STABLE_SPAN_LAST_SEEK_PROBES":5,"STABLE_SPAN_READ":340,"STABLE_SPAN_READ_NO_INDEX_SET":0,"STABLE_SPAN_READ_SKIP":0,"STABLE_SPAN_REMOVE":0,"STABLE_SPAN_SEEK":337,"STABLE_SPAN_SPARSE_READ":0,"STORE_CLOSE":0,"STORE_CREATE":0,"STORE_OPEN":2,"TRUNCATE_COMPLETE":0,"WRITE_TRANSACTION_BEGIN":7,"WRITE_TRANSACTION_COMPLETE":7,"WRITE_TRANSACTION_DIRTY_COMPLETE":0,"WRITER_ABORT":0,"WRITER_BEGIN":6,"WRITER_COMMIT":6,"WRITER_COMMIT_MULTIPLE_BUFS":0}
{"@t":"2022-10-22T16:41:53.1739879Z","@mt":"Retention processing and compaction took {Elapsed} ms; allocating {Allocation} ms for indexing","Elapsed":714.3476,"Allocation":599285.6524}
{"@t":"2022-10-22T16:41:53.3852694Z","@mt":"Beginning indexing","SourceContext":"Seq.Server.Features.Indexing.EventStoreIndexer"}
{"@t":"2022-10-22T16:41:55.1866291Z","@mt":"Wrote {IndexSetCount} index sets in {Elapsed:0.000} ms","@r":["1786.000"],"IndexSetCount":0,"Elapsed":1786,"SourceContext":"Seq.Server.Features.Indexing.EventStoreIndexer"}
{"@t":"2022-10-22T16:41:55.1877701Z","@mt":"Indexing took {Elapsed} ms; total iteration time was {Iteration} ms","Elapsed":1802,"Iteration":2516.8461}
{"@t":"2022-10-22T16:46:52.3844758Z","@mt":"Metrics sampled","CacheDays":43.791666666666664,"CacheEvents":18992,"SystemMemoryUtilization":0.6782189616119554,"ProcessWorkingSetBytes":268849152,"GCTotalHeapSizeBytes":26893024,"GCTotalFragmentedBytes":186512,"GCPauseTimePercentage":1.44,"GCGen0EnterHeapSizeBytes":145816760,"GCGen0ExitHeapSizeBytes":96,"GCGen0EnterFragmentedBytes":193224,"GCGen0ExitFragmentedBytes":0,"GCGen1EnterHeapSizeBytes":7272448,"GCGen1ExitHeapSizeBytes":8888680,"GCGen1EnterFragmentedBytes":121152,"GCGen1ExitFragmentedBytes":186048,"GCGen2EnterHeapSizeBytes":96,"GCGen2ExitHeapSizeBytes":6946048,"GCGen2EnterFragmentedBytes":0,"GCGen2ExitFragmentedBytes":336,"GCGen3EnterHeapSizeBytes":21332368,"GCGen3ExitHeapSizeBytes":10846552,"GCGen3EnterFragmentedBytes":160,"GCGen3ExitFragmentedBytes":128,"GCGen4EnterHeapSizeBytes":211648,"GCGen4ExitHeapSizeBytes":211648,"GCGen4EnterFragmentedBytes":0,"GCGen4ExitFragmentedBytes":0,"GCPause0DurationMs":29.685,"GCPause1DurationMs":29.685,"ProcessThreads":30,"ArrivedEventsPerMinute":0,"IngestedEventsPerMinute":0,"IngestedBytesPerMinute":0,"InvalidPayloadsPerMinute":0,"UnauthorizedPayloadsPerMinute":0,"TotalWriteTimeLastMinute":"Flare.Diagnostics.Counters.RateCounter","BroadcastQueueCount":0,"BroadcastSubscriptionQueuesAggregateCount":0}
{"@t":"2022-10-22T16:50:20.0865194Z","@mt":"Termination signal received"}
{"@t":"2022-10-22T16:50:20.1007802Z","@mt":"Signalling for {Workers} worker task(s) to complete","Workers":3,"SourceContext":"Flare.Workers.WorkerPool"}
{"@t":"2022-10-22T16:50:20.4519830Z","@mt":"Work {WorkDescription} ({WorkId}) observed cancellation and completed","WorkDescription":"Monitor alerts and trigger notifications","WorkId":"4dd51fd3-013b-4de2-b701-57ab20d37ed6","SourceContext":"Flare.Workers.WorkerPool"}
{"@t":"2022-10-22T16:50:20.4663134Z","@mt":"Work {WorkDescription} ({WorkId}) observed cancellation and completed","WorkDescription":"Manage event cache resources","WorkId":"738c8286-7303-4363-b1df-f8d87653de54","SourceContext":"Flare.Workers.WorkerPool"}
{"@t":"2022-10-22T16:50:22.4152165Z","@mt":"Work {WorkDescription} ({WorkId}) observed cancellation and completed","WorkDescription":"Sample system memory","WorkId":"69eb28fa-4c08-497b-8baa-52f21af679a3","SourceContext":"Flare.Workers.WorkerPool"}
{"@t":"2022-10-22T16:50:22.5102369Z","@mt":"Stopping {Tasks} scheduled tasks","Tasks":15,"SourceContext":"Seq.Server.Tasks.TaskRunner"}
{"@t":"2022-10-22T16:50:22.5164823Z","@mt":"Stopping input channel","SourceContext":"Seq.Server.Features.Apps.Inputs.InputChannel"}
{"@t":"2022-10-22T16:50:22.5561445Z","@mt":"Shutting down input channel; {AcceptedCount} queued events will be written","AcceptedCount":0,"SourceContext":"Seq.Server.Features.Apps.Inputs.InputChannel"}
{"@t":"2022-10-22T16:50:22.5579501Z","@mt":"Stopping broadcast channel","SourceContext":"Flare.Broadcast.BroadcastChannel"}
{"@t":"2022-10-22T16:50:23.4523357Z","@mt":"Shutting down broadcast channel with {AllowableFlush} flushable event batches (+{Tolerance} tolerance)","AllowableFlush":0,"Tolerance":15,"SourceContext":"Flare.Broadcast.BroadcastChannel"}
{"@t":"2022-10-22T16:50:23.4602640Z","@mt":"Closing event store","SourceContext":"Flare.Cluster.StorageNodeCoordinator"}
{"@t":"2022-10-22T16:50:23.4623914Z","@mt":"Closing metastore","SourceContext":"Quince.Storage.Native.NativeDocumentStore"}
{"@t":"2022-10-22T16:50:23.4684772Z","@mt":"Server stopped cleanly"}
{"@t":"2022-10-22T16:50:26.8866020Z","@mt":"Seq {SeqVersion} running on OS {OSCaption}","SeqVersion":"2022.1.7929","OSCaption":"Linux 5.10.124-linuxkit #1 SMP Thu Jun 30 08:19:10 UTC 2022","SourceContext":"Seq.Server.Features.Diagnostics.EnvironmentInformationWriter"}
{"@t":"2022-10-22T16:50:26.9675275Z","@mt":"Seq detected {TotalRAM} MB of RAM","TotalRAM":2081.394688,"SourceContext":"Seq.Server.Features.Diagnostics.EnvironmentInformationWriter"}
{"@t":"2022-10-22T16:50:27.3182832Z","@mt":"Opening event store at {StreamPath}","StreamPath":"/data/Stream/stream.flare","SourceContext":"Flare.Cluster.StorageNodeCoordinator"}
{"@t":"2022-10-22T16:50:27.6323489Z","@mt":"Ingestion enabled","SourceContext":"Flare.Cluster.StorageNodeCoordinator"}
{"@t":"2022-10-22T16:50:27.6383260Z","@mt":"Cache warm-up is required","SourceContext":"Flare.Cache.SegmentCache","OperationId":"72c45481-0940-4c4c-816e-43a7b071f471"}
{"@t":"2022-10-22T16:50:27.6462160Z","@mt":"Opening metastore {MetastorePath}","MetastorePath":"/data/Documents/metastore.flare","SourceContext":"Quince.Storage.Native.NativeDocumentStore"}
{"@t":"2022-10-22T16:50:27.7532331Z","@mt":"Storage subsystem available"}
{"@t":"2022-10-22T16:50:27.8324702Z","@mt":"Seq listening on {ListenUris}","ListenUris":["http://localhost/","https://localhost/","http://localhost:5341/","https://localhost:45341/"]}
{"@t":"2022-10-22T16:50:28.6914775Z","@mt":"Initial memory cache warm-up {Outcome} in {Elapsed:0.0} ms","@r":["1053.0"],"Outcome":"completed","Elapsed":1053.0351,"OperationId":"72c45481-0940-4c4c-816e-43a7b071f471"}
{"@t":"2022-10-22T16:50:28.6930126Z","@mt":"{WarmSegments} segments warmed up ({@Shared})","WarmSegments":1051,"Shared":{"Schemata":113,"Strings":1924},"SourceContext":"Flare.Cache.SegmentCache"}
{"@t":"2022-10-22T16:51:27.8761387Z","@mt":"{CollectionCount} more generation 2 garbage collection(s) occurred","CollectionCount":2,"SourceContext":"Seq.Server.Features.Diagnostics.GCLogger"}
{"@t":"2022-10-22T16:55:27.8855875Z","@mt":"Metrics sampled","CacheDays":43.833333333333336,"CacheEvents":19057,"SystemMemoryUtilization":0.6697293925254795,"ProcessWorkingSetBytes":266764288,"GCTotalHeapSizeBytes":27032968,"GCTotalFragmentedBytes":191440,"GCPauseTimePercentage":2.02,"GCGen0EnterHeapSizeBytes":149993160,"GCGen0ExitHeapSizeBytes":96,"GCGen0EnterFragmentedBytes":166384,"GCGen0ExitFragmentedBytes":0,"GCGen1EnterHeapSizeBytes":7138288,"GCGen1ExitHeapSizeBytes":9187280,"GCGen1EnterFragmentedBytes":116920,"GCGen1ExitFragmentedBytes":190944,"GCGen2EnterHeapSizeBytes":96,"GCGen2ExitHeapSizeBytes":6644000,"GCGen2EnterFragmentedBytes":0,"GCGen2ExitFragmentedBytes":336,"GCGen3EnterHeapSizeBytes":21475760,"GCGen3ExitHeapSizeBytes":10989944,"GCGen3EnterFragmentedBytes":192,"GCGen3ExitFragmentedBytes":160,"GCGen4EnterHeapSizeBytes":211648,"GCGen4ExitHeapSizeBytes":211648,"GCGen4EnterFragmentedBytes":0,"GCGen4ExitFragmentedBytes":0,"GCPause0DurationMs":28.186,"GCPause1DurationMs":28.186,"ProcessThreads":31,"ArrivedEventsPerMinute":0,"IngestedEventsPerMinute":0,"IngestedBytesPerMinute":0,"InvalidPayloadsPerMinute":0,"UnauthorizedPayloadsPerMinute":0,"TotalWriteTimeLastMinute":"Flare.Diagnostics.Counters.RateCounter","BroadcastQueueCount":0,"BroadcastSubscriptionQueuesAggregateCount":0}
{"@t":"2022-10-22T16:57:53.7303938Z","@mt":"Termination signal received"}
{"@t":"2022-10-22T18:31:43.1212460Z","@mt":"Seq {SeqVersion} running on OS {OSCaption}","SeqVersion":"2022.1.7929","OSCaption":"Linux 5.10.124-linuxkit #1 SMP Thu Jun 30 08:19:10 UTC 2022","SourceContext":"Seq.Server.Features.Diagnostics.EnvironmentInformationWriter"}
{"@t":"2022-10-22T18:31:43.1802036Z","@mt":"Seq detected {TotalRAM} MB of RAM","TotalRAM":2081.394688,"SourceContext":"Seq.Server.Features.Diagnostics.EnvironmentInformationWriter"}
{"@t":"2022-10-22T18:31:43.5399809Z","@mt":"Opening event store at {StreamPath}","StreamPath":"/data/Stream/stream.flare","SourceContext":"Flare.Cluster.StorageNodeCoordinator"}
{"@t":"2022-10-22T18:31:43.8663776Z","@mt":"Ingestion enabled","SourceContext":"Flare.Cluster.StorageNodeCoordinator"}
{"@t":"2022-10-22T18:31:43.8725849Z","@mt":"Cache warm-up is required","SourceContext":"Flare.Cache.SegmentCache","OperationId":"fafd0330-6e1d-4d71-9700-5fb7881dd67f"}
{"@t":"2022-10-22T18:31:43.8837652Z","@mt":"Opening metastore {MetastorePath}","MetastorePath":"/data/Documents/metastore.flare","SourceContext":"Quince.Storage.Native.NativeDocumentStore"}
{"@t":"2022-10-22T18:31:44.0422733Z","@mt":"Storage subsystem available"}
{"@t":"2022-10-22T18:31:44.1472367Z","@mt":"Seq listening on {ListenUris}","ListenUris":["http://localhost/","https://localhost/","http://localhost:5341/","https://localhost:45341/"]}
{"@t":"2022-10-22T18:31:45.1437211Z","@mt":"Initial memory cache warm-up {Outcome} in {Elapsed:0.0} ms","@r":["1270.9"],"Outcome":"completed","Elapsed":1270.9472,"OperationId":"fafd0330-6e1d-4d71-9700-5fb7881dd67f"}
{"@t":"2022-10-22T18:31:45.1493454Z","@mt":"{WarmSegments} segments warmed up ({@Shared})","WarmSegments":1052,"Shared":{"Schemata":113,"Strings":1924},"SourceContext":"Flare.Cache.SegmentCache"}
{"@t":"2022-10-22T18:32:44.2136033Z","@mt":"{CollectionCount} more generation 2 garbage collection(s) occurred","CollectionCount":2,"SourceContext":"Seq.Server.Features.Diagnostics.GCLogger"}
{"@t":"2022-10-22T18:36:44.2265937Z","@mt":"Metrics sampled","CacheDays":43.916666666666664,"CacheEvents":19107,"SystemMemoryUtilization":0.6447546309871239,"ProcessWorkingSetBytes":261320704,"GCTotalHeapSizeBytes":26933152,"GCTotalFragmentedBytes":187688,"GCPauseTimePercentage":4.4,"GCGen0EnterHeapSizeBytes":147022344,"GCGen0ExitHeapSizeBytes":96,"GCGen0EnterFragmentedBytes":160576,"GCGen0ExitFragmentedBytes":0,"GCGen1EnterHeapSizeBytes":7279968,"GCGen1ExitHeapSizeBytes":8921928,"GCGen1EnterFragmentedBytes":124112,"GCGen1ExitFragmentedBytes":187224,"GCGen2EnterHeapSizeBytes":96,"GCGen2ExitHeapSizeBytes":6952928,"GCGen2EnterFragmentedBytes":0,"GCGen2ExitFragmentedBytes":336,"GCGen3EnterHeapSizeBytes":21332368,"GCGen3ExitHeapSizeBytes":10846552,"GCGen3EnterFragmentedBytes":160,"GCGen3ExitFragmentedBytes":128,"GCGen4EnterHeapSizeBytes":211648,"GCGen4ExitHeapSizeBytes":211648,"GCGen4EnterFragmentedBytes":0,"GCGen4ExitFragmentedBytes":0,"GCPause0DurationMs":65.608,"GCPause1DurationMs":65.608,"ProcessThreads":32,"ArrivedEventsPerMinute":0,"IngestedEventsPerMinute":0,"IngestedBytesPerMinute":0,"InvalidPayloadsPerMinute":0,"UnauthorizedPayloadsPerMinute":0,"TotalWriteTimeLastMinute":"Flare.Diagnostics.Counters.RateCounter","BroadcastQueueCount":0,"BroadcastSubscriptionQueuesAggregateCount":0}
{"@t":"2022-10-22T18:41:44.2016723Z","@mt":"Metrics sampled","CacheDays":43.916666666666664,"CacheEvents":19107,"SystemMemoryUtilization":0.660558926150195,"ProcessWorkingSetBytes":260243456,"GCTotalHeapSizeBytes":26933152,"GCTotalFragmentedBytes":187688,"GCPauseTimePercentage":4.4,"GCGen0EnterHeapSizeBytes":147022344,"GCGen0ExitHeapSizeBytes":96,"GCGen0EnterFragmentedBytes":160576,"GCGen0ExitFragmentedBytes":0,"GCGen1EnterHeapSizeBytes":7279968,"GCGen1ExitHeapSizeBytes":8921928,"GCGen1EnterFragmentedBytes":124112,"GCGen1ExitFragmentedBytes":187224,"GCGen2EnterHeapSizeBytes":96,"GCGen2ExitHeapSizeBytes":6952928,"GCGen2EnterFragmentedBytes":0,"GCGen2ExitFragmentedBytes":336,"GCGen3EnterHeapSizeBytes":21332368,"GCGen3ExitHeapSizeBytes":10846552,"GCGen3EnterFragmentedBytes":160,"GCGen3ExitFragmentedBytes":128,"GCGen4EnterHeapSizeBytes":211648,"GCGen4ExitHeapSizeBytes":211648,"GCGen4EnterFragmentedBytes":0,"GCGen4ExitFragmentedBytes":0,"GCPause0DurationMs":65.608,"GCPause1DurationMs":65.608,"ProcessThreads":32,"ArrivedEventsPerMinute":0,"IngestedEventsPerMinute":0,"IngestedBytesPerMinute":0,"InvalidPayloadsPerMinute":0,"UnauthorizedPayloadsPerMinute":0,"TotalWriteTimeLastMinute":"Flare.Diagnostics.Counters.RateCounter","BroadcastQueueCount":0,"BroadcastSubscriptionQueuesAggregateCount":0}
{"@t":"2022-10-22T18:41:44.2062214Z","@mt":"Applying {Count} retention policies","Count":0,"SourceContext":"Seq.Server.Features.Retention.RetentionPolicyApplier"}
{"@t":"2022-10-22T18:41:44.2099708Z","@mt":"Retention processing and compaction took {Elapsed} ms; allocating {Allocation} ms for indexing","Elapsed":6.2477,"Allocation":599993.7523}
{"@t":"2022-10-22T18:41:44.2125870Z","@mt":"Beginning indexing","SourceContext":"Seq.Server.Features.Indexing.EventStoreIndexer"}
{"@t":"2022-10-22T18:41:44.3995302Z","@mt":"Wrote {IndexSetCount} index sets in {Elapsed:0.000} ms","@r":["186.000"],"IndexSetCount":0,"Elapsed":186,"SourceContext":"Seq.Server.Features.Indexing.EventStoreIndexer"}
{"@t":"2022-10-22T18:41:44.4002102Z","@mt":"Indexing took {Elapsed} ms; total iteration time was {Iteration} ms","Elapsed":189,"Iteration":195.6058}
{"@t":"2022-10-22T18:48:03.2592267Z","@mt":"Seq {SeqVersion} running on OS {OSCaption}","SeqVersion":"2022.1.7929","OSCaption":"Linux 5.10.124-linuxkit #1 SMP Thu Jun 30 08:19:10 UTC 2022","SourceContext":"Seq.Server.Features.Diagnostics.EnvironmentInformationWriter"}
{"@t":"2022-10-22T18:48:03.3320327Z","@mt":"Seq detected {TotalRAM} MB of RAM","TotalRAM":2081.394688,"SourceContext":"Seq.Server.Features.Diagnostics.EnvironmentInformationWriter"}
{"@t":"2022-10-22T18:48:03.8109950Z","@mt":"Opening event store at {StreamPath}","StreamPath":"/data/Stream/stream.flare","SourceContext":"Flare.Cluster.StorageNodeCoordinator"}
{"@t":"2022-10-22T18:48:04.1937804Z","@mt":"Ingestion enabled","SourceContext":"Flare.Cluster.StorageNodeCoordinator"}
{"@t":"2022-10-22T18:48:04.1996557Z","@mt":"Cache warm-up is required","SourceContext":"Flare.Cache.SegmentCache","OperationId":"071f0984-7e0c-4b7b-bc05-00fa25d80d09"}
{"@t":"2022-10-22T18:48:04.2090875Z","@mt":"Opening metastore {MetastorePath}","MetastorePath":"/data/Documents/metastore.flare","SourceContext":"Quince.Storage.Native.NativeDocumentStore"}
{"@t":"2022-10-22T18:48:04.4083165Z","@mt":"Storage subsystem available"}
{"@t":"2022-10-22T18:48:04.5533252Z","@mt":"Seq listening on {ListenUris}","ListenUris":["http://localhost/","https://localhost/","http://localhost:5341/","https://localhost:45341/"]}
{"@t":"2022-10-22T18:48:05.7087787Z","@mt":"Initial memory cache warm-up {Outcome} in {Elapsed:0.0} ms","@r":["1509.1"],"Outcome":"completed","Elapsed":1509.0649,"OperationId":"071f0984-7e0c-4b7b-bc05-00fa25d80d09"}
{"@t":"2022-10-22T18:48:05.7124508Z","@mt":"{WarmSegments} segments warmed up ({@Shared})","WarmSegments":1054,"Shared":{"Schemata":113,"Strings":1924},"SourceContext":"Flare.Cache.SegmentCache"}
{"@t":"2022-10-22T18:48:25.7931797Z","@mt":"Memory is overutilized, so cooling down segment {Segment} ({HotCount} events)","Segment":"2022-09-08T21:00:00.0000000Z","HotCount":268,"SourceContext":"Flare.Cache.SegmentCache"}
{"@t":"2022-10-22T18:48:25.7945240Z","@mt":"Memory is overutilized, so cooling down segment {Segment} ({HotCount} events)","Segment":"2022-09-08T22:00:00.0000000Z","HotCount":3,"SourceContext":"Flare.Cache.SegmentCache"}
{"@t":"2022-10-22T18:48:25.7955938Z","@mt":"Memory is overutilized, so cooling down segment {Segment} ({HotCount} events)","Segment":"2022-09-20T18:00:00.0000000Z","HotCount":1380,"SourceContext":"Flare.Cache.SegmentCache"}
{"@t":"2022-10-22T18:48:25.7960954Z","@mt":"Memory is overutilized, so cooling down segment {Segment} ({HotCount} events)","Segment":"2022-09-20T19:00:00.0000000Z","HotCount":130,"SourceContext":"Flare.Cache.SegmentCache"}
{"@t":"2022-10-22T18:48:25.7965680Z","@mt":"Memory is overutilized, so cooling down segment {Segment} ({HotCount} events)","Segment":"2022-09-22T16:00:00.0000000Z","HotCount":734,"SourceContext":"Flare.Cache.SegmentCache"}
{"@t":"2022-10-22T18:48:25.7969148Z","@mt":"Memory is overutilized, so cooling down segment {Segment} ({HotCount} events)","Segment":"2022-09-22T17:00:00.0000000Z","HotCount":4002,"SourceContext":"Flare.Cache.SegmentCache"}
{"@t":"2022-10-22T18:48:25.7973661Z","@mt":"Memory is overutilized, so cooling down segment {Segment} ({HotCount} events)","Segment":"2022-09-24T10:00:00.0000000Z","HotCount":732,"SourceContext":"Flare.Cache.SegmentCache"}
{"@t":"2022-10-22T18:48:25.7978379Z","@mt":"Memory is overutilized, so cooling down segment {Segment} ({HotCount} events)","Segment":"2022-09-24T11:00:00.0000000Z","HotCount":7,"SourceContext":"Flare.Cache.SegmentCache"}
{"@t":"2022-10-22T18:48:25.7983230Z","@mt":"Memory is overutilized, so cooling down segment {Segment} ({HotCount} events)","Segment":"2022-09-25T15:00:00.0000000Z","HotCount":156,"SourceContext":"Flare.Cache.SegmentCache"}
{"@t":"2022-10-22T18:48:25.7987441Z","@mt":"Memory is overutilized, so cooling down segment {Segment} ({HotCount} events)","Segment":"2022-09-27T14:00:00.0000000Z","HotCount":201,"SourceContext":"Flare.Cache.SegmentCache"}
{"@t":"2022-10-22T18:48:25.7991534Z","@mt":"Memory is overutilized, so cooling down segment {Segment} ({HotCount} events)","Segment":"2022-09-27T15:00:00.0000000Z","HotCount":6,"SourceContext":"Flare.Cache.SegmentCache"}
{"@t":"2022-10-22T18:48:25.7994891Z","@mt":"Memory is overutilized, so cooling down segment {Segment} ({HotCount} events)","Segment":"2022-09-29T15:00:00.0000000Z","HotCount":156,"SourceContext":"Flare.Cache.SegmentCache"}
{"@t":"2022-10-22T18:48:25.7998702Z","@mt":"Memory is overutilized, so cooling down segment {Segment} ({HotCount} events)","Segment":"2022-10-02T11:00:00.0000000Z","HotCount":468,"SourceContext":"Flare.Cache.SegmentCache"}
{"@t":"2022-10-22T18:48:25.8001838Z","@mt":"Memory is overutilized, so cooling down segment {Segment} ({HotCount} events)","Segment":"2022-10-04T17:00:00.0000000Z","HotCount":331,"SourceContext":"Flare.Cache.SegmentCache"}
{"@t":"2022-10-22T18:48:25.8005085Z","@mt":"Memory is overutilized, so cooling down segment {Segment} ({HotCount} events)","Segment":"2022-10-04T18:00:00.0000000Z","HotCount":161,"SourceContext":"Flare.Cache.SegmentCache"}
{"@t":"2022-10-22T18:48:25.8007790Z","@mt":"Memory is overutilized, so cooling down segment {Segment} ({HotCount} events)","Segment":"2022-10-08T16:00:00.0000000Z","HotCount":300,"SourceContext":"Flare.Cache.SegmentCache"}
{"@t":"2022-10-22T18:48:25.8011301Z","@mt":"Memory is overutilized, so cooling down segment {Segment} ({HotCount} events)","Segment":"2022-10-08T17:00:00.0000000Z","HotCount":187,"SourceContext":"Flare.Cache.SegmentCache"}
{"@t":"2022-10-22T18:48:25.8015172Z","@mt":"Memory is overutilized, so cooling down segment {Segment} ({HotCount} events)","Segment":"2022-10-09T10:00:00.0000000Z","HotCount":655,"SourceContext":"Flare.Cache.SegmentCache"}
{"@t":"2022-10-22T18:48:25.8018281Z","@mt":"Memory is overutilized, so cooling down segment {Segment} ({HotCount} events)","Segment":"2022-10-09T11:00:00.0000000Z","HotCount":774,"SourceContext":"Flare.Cache.SegmentCache"}
{"@t":"2022-10-22T18:48:25.8021360Z","@mt":"Memory is overutilized, so cooling down segment {Segment} ({HotCount} events)","Segment":"2022-10-11T17:00:00.0000000Z","HotCount":589,"SourceContext":"Flare.Cache.SegmentCache"}
{"@t":"2022-10-22T18:48:25.8028444Z","@mt":"Memory is overutilized, so cooling down segment {Segment} ({HotCount} events)","Segment":"2022-10-11T18:00:00.0000000Z","HotCount":806,"SourceContext":"Flare.Cache.SegmentCache"}
{"@t":"2022-10-22T18:48:25.8031851Z","@mt":"Memory is overutilized, so cooling down segment {Segment} ({HotCount} events)","Segment":"2022-10-12T17:00:00.0000000Z","HotCount":612,"SourceContext":"Flare.Cache.SegmentCache"}
{"@t":"2022-10-22T18:48:25.8034413Z","@mt":"Memory is overutilized, so cooling down segment {Segment} ({HotCount} events)","Segment":"2022-10-12T21:00:00.0000000Z","HotCount":268,"SourceContext":"Flare.Cache.SegmentCache"}
{"@t":"2022-10-22T18:48:25.8038201Z","@mt":"Memory is overutilized, so cooling down segment {Segment} ({HotCount} events)","Segment":"2022-10-12T22:00:00.0000000Z","HotCount":223,"SourceContext":"Flare.Cache.SegmentCache"}
{"@t":"2022-10-22T18:48:25.8041285Z","@mt":"Memory is overutilized, so cooling down segment {Segment} ({HotCount} events)","Segment":"2022-10-13T15:00:00.0000000Z","HotCount":369,"SourceContext":"Flare.Cache.SegmentCache"}
{"@t":"2022-10-22T18:48:25.8044840Z","@mt":"Memory is overutilized, so cooling down segment {Segment} ({HotCount} events)","Segment":"2022-10-13T16:00:00.0000000Z","HotCount":333,"SourceContext":"Flare.Cache.SegmentCache"}
{"@t":"2022-10-22T18:48:25.8048357Z","@mt":"Memory is overutilized, so cooling down segment {Segment} ({HotCount} events)","Segment":"2022-10-14T17:00:00.0000000Z","HotCount":11,"SourceContext":"Flare.Cache.SegmentCache"}
{"@t":"2022-10-22T18:48:25.8051677Z","@mt":"Memory is overutilized, so cooling down segment {Segment} ({HotCount} events)","Segment":"2022-10-14T18:00:00.0000000Z","HotCount":130,"SourceContext":"Flare.Cache.SegmentCache"}
{"@t":"2022-10-22T18:48:25.8053966Z","@mt":"Memory is overutilized, so cooling down segment {Segment} ({HotCount} events)","Segment":"2022-10-15T17:00:00.0000000Z","HotCount":799,"SourceContext":"Flare.Cache.SegmentCache"}
{"@t":"2022-10-22T18:48:25.8057895Z","@mt":"Memory is overutilized, so cooling down segment {Segment} ({HotCount} events)","Segment":"2022-10-15T18:00:00.0000000Z","HotCount":1320,"SourceContext":"Flare.Cache.SegmentCache"}
{"@t":"2022-10-22T18:48:25.8060789Z","@mt":"Memory is overutilized, so cooling down segment {Segment} ({HotCount} events)","Segment":"2022-10-15T19:00:00.0000000Z","HotCount":65,"SourceContext":"Flare.Cache.SegmentCache"}
{"@t":"2022-10-22T18:48:25.8065332Z","@mt":"Memory is overutilized, so cooling down segment {Segment} ({HotCount} events)","Segment":"2022-10-15T20:00:00.0000000Z","HotCount":325,"SourceContext":"Flare.Cache.SegmentCache"}
{"@t":"2022-10-22T18:48:25.8069623Z","@mt":"Memory is overutilized, so cooling down segment {Segment} ({HotCount} events)","Segment":"2022-10-17T13:00:00.0000000Z","HotCount":65,"SourceContext":"Flare.Cache.SegmentCache"}
{"@t":"2022-10-22T18:48:25.8072739Z","@mt":"Memory is overutilized, so cooling down segment {Segment} ({HotCount} events)","Segment":"2022-10-18T17:00:00.0000000Z","HotCount":223,"SourceContext":"Flare.Cache.SegmentCache"}
{"@t":"2022-10-22T18:48:25.8076289Z","@mt":"Memory is overutilized, so cooling down segment {Segment} ({HotCount} events)","Segment":"2022-10-18T18:00:00.0000000Z","HotCount":880,"SourceContext":"Flare.Cache.SegmentCache"}
{"@t":"2022-10-22T18:48:25.8080173Z","@mt":"Memory is overutilized, so cooling down segment {Segment} ({HotCount} events)","Segment":"2022-10-18T19:00:00.0000000Z","HotCount":27,"SourceContext":"Flare.Cache.SegmentCache"}
{"@t":"2022-10-22T18:48:25.8084099Z","@mt":"Memory is overutilized, so cooling down segment {Segment} ({HotCount} events)","Segment":"2022-10-19T14:00:00.0000000Z","HotCount":65,"SourceContext":"Flare.Cache.SegmentCache"}
{"@t":"2022-10-22T18:48:25.8088276Z","@mt":"Memory is overutilized, so cooling down segment {Segment} ({HotCount} events)","Segment":"2022-10-20T15:00:00.0000000Z","HotCount":211,"SourceContext":"Flare.Cache.SegmentCache"}
{"@t":"2022-10-22T18:48:25.8093529Z","@mt":"Memory is overutilized, so cooling down segment {Segment} ({HotCount} events)","Segment":"2022-10-20T16:00:00.0000000Z","HotCount":904,"SourceContext":"Flare.Cache.SegmentCache"}
{"@t":"2022-10-22T18:48:25.8096277Z","@mt":"Memory is overutilized, so cooling down segment {Segment} ({HotCount} events)","Segment":"2022-10-22T15:00:00.0000000Z","HotCount":116,"SourceContext":"Flare.Cache.SegmentCache"}
{"@t":"2022-10-22T18:48:25.8099063Z","@mt":"Memory is overutilized, so cooling down segment {Segment} ({HotCount} events)","Segment":"2022-10-22T16:00:00.0000000Z","HotCount":65,"SourceContext":"Flare.Cache.SegmentCache"}
{"@t":"2022-10-22T18:48:25.8102212Z","@mt":"Memory is overutilized, so cooling down segment {Segment} ({HotCount} events)","Segment":"2022-10-22T18:00:00.0000000Z","HotCount":273,"SourceContext":"Flare.Cache.SegmentCache"}
{"@t":"2022-10-22T18:49:04.6221345Z","@mt":"{CollectionCount} more generation 2 garbage collection(s) occurred","CollectionCount":3,"SourceContext":"Seq.Server.Features.Diagnostics.GCLogger"}
