{"@t":"2022-12-07T18:23:19.3076158Z","@mt":"Seq {SeqVersion} running on OS {OSCaption}","SeqVersion":"2022.1.7929","OSCaption":"Linux 5.15.49-linuxkit #1 SMP Tue Sep 13 07:51:46 UTC 2022","SourceContext":"Seq.Server.Features.Diagnostics.EnvironmentInformationWriter"}
{"@t":"2022-12-07T18:23:19.4330275Z","@mt":"Seq detected {TotalRAM} MB of RAM","TotalRAM":2080.894976,"SourceContext":"Seq.Server.Features.Diagnostics.EnvironmentInformationWriter"}
{"@t":"2022-12-07T18:23:19.8568368Z","@mt":"Opening event store at {StreamPath}","StreamPath":"/data/Stream/stream.flare","SourceContext":"Flare.Cluster.StorageNodeCoordinator"}
{"@t":"2022-12-07T18:23:20.0706781Z","@mt":"Ingestion enabled","SourceContext":"Flare.Cluster.StorageNodeCoordinator"}
{"@t":"2022-12-07T18:23:20.0862250Z","@mt":"Cache warm-up is required","SourceContext":"Flare.Cache.SegmentCache","OperationId":"1d8a7212-7b46-4d95-b992-cd2410d65c40"}
{"@t":"2022-12-07T18:23:20.0950177Z","@mt":"Opening metastore {MetastorePath}","MetastorePath":"/data/Documents/metastore.flare","SourceContext":"Quince.Storage.Native.NativeDocumentStore"}
{"@t":"2022-12-07T18:23:20.2428423Z","@mt":"Storage subsystem available"}
{"@t":"2022-12-07T18:23:20.4893900Z","@mt":"Seq listening on {ListenUris}","ListenUris":["http://localhost/","https://localhost/","http://localhost:5341/","https://localhost:45341/"]}
{"@t":"2022-12-07T18:23:24.4634187Z","@mt":"Initial memory cache warm-up {Outcome} in {Elapsed:0.0} ms","@r":["4377.0"],"Outcome":"completed","Elapsed":4377.025,"OperationId":"1d8a7212-7b46-4d95-b992-cd2410d65c40"}
{"@t":"2022-12-07T18:23:24.4652472Z","@mt":"{WarmSegments} segments warmed up ({@Shared})","WarmSegments":2112,"Shared":{"Schemata":115,"Strings":3708},"SourceContext":"Flare.Cache.SegmentCache"}
{"@t":"2022-12-07T18:23:34.5497484Z","@mt":"Memory is overutilized, so cooling down segment {Segment} ({HotCount} events)","Segment":"2022-09-08T21:00:00.0000000Z","HotCount":268,"SourceContext":"Flare.Cache.SegmentCache"}
{"@t":"2022-12-07T18:23:34.5647262Z","@mt":"Memory is overutilized, so cooling down segment {Segment} ({HotCount} events)","Segment":"2022-09-08T22:00:00.0000000Z","HotCount":3,"SourceContext":"Flare.Cache.SegmentCache"}
{"@t":"2022-12-07T18:23:34.5771859Z","@mt":"Memory is overutilized, so cooling down segment {Segment} ({HotCount} events)","Segment":"2022-09-20T18:00:00.0000000Z","HotCount":1380,"SourceContext":"Flare.Cache.SegmentCache"}
{"@t":"2022-12-07T18:23:34.5782548Z","@mt":"Memory is overutilized, so cooling down segment {Segment} ({HotCount} events)","Segment":"2022-09-20T19:00:00.0000000Z","HotCount":130,"SourceContext":"Flare.Cache.SegmentCache"}
{"@t":"2022-12-07T18:23:34.5789695Z","@mt":"Memory is overutilized, so cooling down segment {Segment} ({HotCount} events)","Segment":"2022-09-22T16:00:00.0000000Z","HotCount":734,"SourceContext":"Flare.Cache.SegmentCache"}
{"@t":"2022-12-07T18:23:34.5958038Z","@mt":"Memory is overutilized, so cooling down segment {Segment} ({HotCount} events)","Segment":"2022-09-22T17:00:00.0000000Z","HotCount":4002,"SourceContext":"Flare.Cache.SegmentCache"}
{"@t":"2022-12-07T18:23:34.5993727Z","@mt":"Memory is overutilized, so cooling down segment {Segment} ({HotCount} events)","Segment":"2022-09-24T10:00:00.0000000Z","HotCount":732,"SourceContext":"Flare.Cache.SegmentCache"}
{"@t":"2022-12-07T18:23:34.6127378Z","@mt":"Memory is overutilized, so cooling down segment {Segment} ({HotCount} events)","Segment":"2022-09-24T11:00:00.0000000Z","HotCount":7,"SourceContext":"Flare.Cache.SegmentCache"}
{"@t":"2022-12-07T18:23:34.6171795Z","@mt":"Memory is overutilized, so cooling down segment {Segment} ({HotCount} events)","Segment":"2022-09-25T15:00:00.0000000Z","HotCount":156,"SourceContext":"Flare.Cache.SegmentCache"}
{"@t":"2022-12-07T18:23:34.6177831Z","@mt":"Memory is overutilized, so cooling down segment {Segment} ({HotCount} events)","Segment":"2022-09-27T14:00:00.0000000Z","HotCount":201,"SourceContext":"Flare.Cache.SegmentCache"}
{"@t":"2022-12-07T18:23:34.6184556Z","@mt":"Memory is overutilized, so cooling down segment {Segment} ({HotCount} events)","Segment":"2022-09-27T15:00:00.0000000Z","HotCount":6,"SourceContext":"Flare.Cache.SegmentCache"}
{"@t":"2022-12-07T18:23:34.6196245Z","@mt":"Memory is overutilized, so cooling down segment {Segment} ({HotCount} events)","Segment":"2022-09-29T15:00:00.0000000Z","HotCount":156,"SourceContext":"Flare.Cache.SegmentCache"}
{"@t":"2022-12-07T18:23:34.6202123Z","@mt":"Memory is overutilized, so cooling down segment {Segment} ({HotCount} events)","Segment":"2022-10-02T11:00:00.0000000Z","HotCount":468,"SourceContext":"Flare.Cache.SegmentCache"}
{"@t":"2022-12-07T18:23:34.6208917Z","@mt":"Memory is overutilized, so cooling down segment {Segment} ({HotCount} events)","Segment":"2022-10-04T17:00:00.0000000Z","HotCount":331,"SourceContext":"Flare.Cache.SegmentCache"}
{"@t":"2022-12-07T18:23:34.6213198Z","@mt":"Memory is overutilized, so cooling down segment {Segment} ({HotCount} events)","Segment":"2022-10-04T18:00:00.0000000Z","HotCount":161,"SourceContext":"Flare.Cache.SegmentCache"}
{"@t":"2022-12-07T18:23:34.6218276Z","@mt":"Memory is overutilized, so cooling down segment {Segment} ({HotCount} events)","Segment":"2022-10-08T16:00:00.0000000Z","HotCount":300,"SourceContext":"Flare.Cache.SegmentCache"}
{"@t":"2022-12-07T18:23:34.6224047Z","@mt":"Memory is overutilized, so cooling down segment {Segment} ({HotCount} events)","Segment":"2022-10-08T17:00:00.0000000Z","HotCount":187,"SourceContext":"Flare.Cache.SegmentCache"}
{"@t":"2022-12-07T18:23:34.6230025Z","@mt":"Memory is overutilized, so cooling down segment {Segment} ({HotCount} events)","Segment":"2022-10-09T10:00:00.0000000Z","HotCount":655,"SourceContext":"Flare.Cache.SegmentCache"}
{"@t":"2022-12-07T18:23:34.6246557Z","@mt":"Memory is overutilized, so cooling down segment {Segment} ({HotCount} events)","Segment":"2022-10-09T11:00:00.0000000Z","HotCount":774,"SourceContext":"Flare.Cache.SegmentCache"}
{"@t":"2022-12-07T18:23:34.6254024Z","@mt":"Memory is overutilized, so cooling down segment {Segment} ({HotCount} events)","Segment":"2022-10-11T17:00:00.0000000Z","HotCount":589,"SourceContext":"Flare.Cache.SegmentCache"}
{"@t":"2022-12-07T18:23:34.6258729Z","@mt":"Memory is overutilized, so cooling down segment {Segment} ({HotCount} events)","Segment":"2022-10-11T18:00:00.0000000Z","HotCount":806,"SourceContext":"Flare.Cache.SegmentCache"}
{"@t":"2022-12-07T18:23:34.6263401Z","@mt":"Memory is overutilized, so cooling down segment {Segment} ({HotCount} events)","Segment":"2022-10-12T17:00:00.0000000Z","HotCount":612,"SourceContext":"Flare.Cache.SegmentCache"}
{"@t":"2022-12-07T18:23:34.6268960Z","@mt":"Memory is overutilized, so cooling down segment {Segment} ({HotCount} events)","Segment":"2022-10-12T21:00:00.0000000Z","HotCount":268,"SourceContext":"Flare.Cache.SegmentCache"}
{"@t":"2022-12-07T18:23:34.6272838Z","@mt":"Memory is overutilized, so cooling down segment {Segment} ({HotCount} events)","Segment":"2022-10-12T22:00:00.0000000Z","HotCount":223,"SourceContext":"Flare.Cache.SegmentCache"}
{"@t":"2022-12-07T18:23:34.6277143Z","@mt":"Memory is overutilized, so cooling down segment {Segment} ({HotCount} events)","Segment":"2022-10-13T15:00:00.0000000Z","HotCount":369,"SourceContext":"Flare.Cache.SegmentCache"}
{"@t":"2022-12-07T18:23:34.6282542Z","@mt":"Memory is overutilized, so cooling down segment {Segment} ({HotCount} events)","Segment":"2022-10-13T16:00:00.0000000Z","HotCount":333,"SourceContext":"Flare.Cache.SegmentCache"}
{"@t":"2022-12-07T18:23:34.6285965Z","@mt":"Memory is overutilized, so cooling down segment {Segment} ({HotCount} events)","Segment":"2022-10-14T17:00:00.0000000Z","HotCount":11,"SourceContext":"Flare.Cache.SegmentCache"}
{"@t":"2022-12-07T18:23:34.6289799Z","@mt":"Memory is overutilized, so cooling down segment {Segment} ({HotCount} events)","Segment":"2022-10-14T18:00:00.0000000Z","HotCount":130,"SourceContext":"Flare.Cache.SegmentCache"}
{"@t":"2022-12-07T18:23:34.6293555Z","@mt":"Memory is overutilized, so cooling down segment {Segment} ({HotCount} events)","Segment":"2022-10-15T17:00:00.0000000Z","HotCount":799,"SourceContext":"Flare.Cache.SegmentCache"}
{"@t":"2022-12-07T18:23:34.6300150Z","@mt":"Memory is overutilized, so cooling down segment {Segment} ({HotCount} events)","Segment":"2022-10-15T18:00:00.0000000Z","HotCount":1320,"SourceContext":"Flare.Cache.SegmentCache"}
{"@t":"2022-12-07T18:23:34.6304109Z","@mt":"Memory is overutilized, so cooling down segment {Segment} ({HotCount} events)","Segment":"2022-10-15T19:00:00.0000000Z","HotCount":65,"SourceContext":"Flare.Cache.SegmentCache"}
{"@t":"2022-12-07T18:23:34.6307749Z","@mt":"Memory is overutilized, so cooling down segment {Segment} ({HotCount} events)","Segment":"2022-10-15T20:00:00.0000000Z","HotCount":325,"SourceContext":"Flare.Cache.SegmentCache"}
{"@t":"2022-12-07T18:23:34.6310983Z","@mt":"Memory is overutilized, so cooling down segment {Segment} ({HotCount} events)","Segment":"2022-10-17T13:00:00.0000000Z","HotCount":65,"SourceContext":"Flare.Cache.SegmentCache"}
{"@t":"2022-12-07T18:23:34.6314354Z","@mt":"Memory is overutilized, so cooling down segment {Segment} ({HotCount} events)","Segment":"2022-10-18T17:00:00.0000000Z","HotCount":223,"SourceContext":"Flare.Cache.SegmentCache"}
{"@t":"2022-12-07T18:23:34.6320992Z","@mt":"Memory is overutilized, so cooling down segment {Segment} ({HotCount} events)","Segment":"2022-10-18T18:00:00.0000000Z","HotCount":880,"SourceContext":"Flare.Cache.SegmentCache"}
{"@t":"2022-12-07T18:23:34.6324874Z","@mt":"Memory is overutilized, so cooling down segment {Segment} ({HotCount} events)","Segment":"2022-10-18T19:00:00.0000000Z","HotCount":27,"SourceContext":"Flare.Cache.SegmentCache"}
{"@t":"2022-12-07T18:23:34.6328343Z","@mt":"Memory is overutilized, so cooling down segment {Segment} ({HotCount} events)","Segment":"2022-10-19T14:00:00.0000000Z","HotCount":65,"SourceContext":"Flare.Cache.SegmentCache"}
{"@t":"2022-12-07T18:23:34.6332542Z","@mt":"Memory is overutilized, so cooling down segment {Segment} ({HotCount} events)","Segment":"2022-10-20T15:00:00.0000000Z","HotCount":211,"SourceContext":"Flare.Cache.SegmentCache"}
{"@t":"2022-12-07T18:23:34.6336987Z","@mt":"Memory is overutilized, so cooling down segment {Segment} ({HotCount} events)","Segment":"2022-10-20T16:00:00.0000000Z","HotCount":904,"SourceContext":"Flare.Cache.SegmentCache"}
{"@t":"2022-12-07T18:23:34.6340504Z","@mt":"Memory is overutilized, so cooling down segment {Segment} ({HotCount} events)","Segment":"2022-10-22T15:00:00.0000000Z","HotCount":116,"SourceContext":"Flare.Cache.SegmentCache"}
{"@t":"2022-12-07T18:23:34.6345648Z","@mt":"Memory is overutilized, so cooling down segment {Segment} ({HotCount} events)","Segment":"2022-10-22T16:00:00.0000000Z","HotCount":65,"SourceContext":"Flare.Cache.SegmentCache"}
{"@t":"2022-12-07T18:23:34.6350276Z","@mt":"Memory is overutilized, so cooling down segment {Segment} ({HotCount} events)","Segment":"2022-10-22T18:00:00.0000000Z","HotCount":273,"SourceContext":"Flare.Cache.SegmentCache"}
{"@t":"2022-12-07T18:23:34.6354497Z","@mt":"Memory is overutilized, so cooling down segment {Segment} ({HotCount} events)","Segment":"2022-10-24T16:00:00.0000000Z","HotCount":288,"SourceContext":"Flare.Cache.SegmentCache"}
{"@t":"2022-12-07T18:23:34.6359026Z","@mt":"Memory is overutilized, so cooling down segment {Segment} ({HotCount} events)","Segment":"2022-10-24T17:00:00.0000000Z","HotCount":452,"SourceContext":"Flare.Cache.SegmentCache"}
{"@t":"2022-12-07T18:23:34.6363503Z","@mt":"Memory is overutilized, so cooling down segment {Segment} ({HotCount} events)","Segment":"2022-10-24T19:00:00.0000000Z","HotCount":175,"SourceContext":"Flare.Cache.SegmentCache"}
{"@t":"2022-12-07T18:23:34.6367466Z","@mt":"Memory is overutilized, so cooling down segment {Segment} ({HotCount} events)","Segment":"2022-10-24T20:00:00.0000000Z","HotCount":20,"SourceContext":"Flare.Cache.SegmentCache"}
{"@t":"2022-12-07T18:23:34.6371139Z","@mt":"Memory is overutilized, so cooling down segment {Segment} ({HotCount} events)","Segment":"2022-10-25T19:00:00.0000000Z","HotCount":223,"SourceContext":"Flare.Cache.SegmentCache"}
{"@t":"2022-12-07T18:23:34.6375940Z","@mt":"Memory is overutilized, so cooling down segment {Segment} ({HotCount} events)","Segment":"2022-10-26T14:00:00.0000000Z","HotCount":223,"SourceContext":"Flare.Cache.SegmentCache"}
{"@t":"2022-12-07T18:23:34.6401648Z","@mt":"Memory is overutilized, so cooling down segment {Segment} ({HotCount} events)","Segment":"2022-10-26T15:00:00.0000000Z","HotCount":1301,"SourceContext":"Flare.Cache.SegmentCache"}
{"@t":"2022-12-07T18:23:34.6416516Z","@mt":"Memory is overutilized, so cooling down segment {Segment} ({HotCount} events)","Segment":"2022-10-26T20:00:00.0000000Z","HotCount":1571,"SourceContext":"Flare.Cache.SegmentCache"}
{"@t":"2022-12-07T18:23:34.6425764Z","@mt":"Memory is overutilized, so cooling down segment {Segment} ({HotCount} events)","Segment":"2022-10-26T21:00:00.0000000Z","HotCount":102,"SourceContext":"Flare.Cache.SegmentCache"}
{"@t":"2022-12-07T18:23:34.6434049Z","@mt":"Memory is overutilized, so cooling down segment {Segment} ({HotCount} events)","Segment":"2022-10-29T13:00:00.0000000Z","HotCount":541,"SourceContext":"Flare.Cache.SegmentCache"}
{"@t":"2022-12-07T18:23:34.6439369Z","@mt":"Memory is overutilized, so cooling down segment {Segment} ({HotCount} events)","Segment":"2022-10-29T14:00:00.0000000Z","HotCount":1316,"SourceContext":"Flare.Cache.SegmentCache"}
{"@t":"2022-12-07T18:23:34.6446321Z","@mt":"Memory is overutilized, so cooling down segment {Segment} ({HotCount} events)","Segment":"2022-10-30T11:00:00.0000000Z","HotCount":506,"SourceContext":"Flare.Cache.SegmentCache"}
{"@t":"2022-12-07T18:23:34.6451570Z","@mt":"Memory is overutilized, so cooling down segment {Segment} ({HotCount} events)","Segment":"2022-10-30T12:00:00.0000000Z","HotCount":152,"SourceContext":"Flare.Cache.SegmentCache"}
{"@t":"2022-12-07T18:23:34.6456661Z","@mt":"Memory is overutilized, so cooling down segment {Segment} ({HotCount} events)","Segment":"2022-10-30T16:00:00.0000000Z","HotCount":65,"SourceContext":"Flare.Cache.SegmentCache"}
{"@t":"2022-12-07T18:23:34.6462468Z","@mt":"Memory is overutilized, so cooling down segment {Segment} ({HotCount} events)","Segment":"2022-10-30T17:00:00.0000000Z","HotCount":1537,"SourceContext":"Flare.Cache.SegmentCache"}
{"@t":"2022-12-07T18:23:34.6467626Z","@mt":"Memory is overutilized, so cooling down segment {Segment} ({HotCount} events)","Segment":"2022-10-31T17:00:00.0000000Z","HotCount":65,"SourceContext":"Flare.Cache.SegmentCache"}
{"@t":"2022-12-07T18:23:34.6473100Z","@mt":"Memory is overutilized, so cooling down segment {Segment} ({HotCount} events)","Segment":"2022-11-01T18:00:00.0000000Z","HotCount":840,"SourceContext":"Flare.Cache.SegmentCache"}
{"@t":"2022-12-07T18:23:34.6477395Z","@mt":"Memory is overutilized, so cooling down segment {Segment} ({HotCount} events)","Segment":"2022-11-01T19:00:00.0000000Z","HotCount":649,"SourceContext":"Flare.Cache.SegmentCache"}
{"@t":"2022-12-07T18:23:34.6482301Z","@mt":"Memory is overutilized, so cooling down segment {Segment} ({HotCount} events)","Segment":"2022-11-02T16:00:00.0000000Z","HotCount":106,"SourceContext":"Flare.Cache.SegmentCache"}
{"@t":"2022-12-07T18:23:34.6486528Z","@mt":"Memory is overutilized, so cooling down segment {Segment} ({HotCount} events)","Segment":"2022-11-04T20:00:00.0000000Z","HotCount":371,"SourceContext":"Flare.Cache.SegmentCache"}
{"@t":"2022-12-07T18:23:34.6490184Z","@mt":"Memory is overutilized, so cooling down segment {Segment} ({HotCount} events)","Segment":"2022-11-05T11:00:00.0000000Z","HotCount":297,"SourceContext":"Flare.Cache.SegmentCache"}
{"@t":"2022-12-07T18:23:34.6495181Z","@mt":"Memory is overutilized, so cooling down segment {Segment} ({HotCount} events)","Segment":"2022-11-05T17:00:00.0000000Z","HotCount":288,"SourceContext":"Flare.Cache.SegmentCache"}
{"@t":"2022-12-07T18:23:34.6499089Z","@mt":"Memory is overutilized, so cooling down segment {Segment} ({HotCount} events)","Segment":"2022-11-05T18:00:00.0000000Z","HotCount":88,"SourceContext":"Flare.Cache.SegmentCache"}
{"@t":"2022-12-07T18:23:34.6502843Z","@mt":"Memory is overutilized, so cooling down segment {Segment} ({HotCount} events)","Segment":"2022-11-06T13:00:00.0000000Z","HotCount":130,"SourceContext":"Flare.Cache.SegmentCache"}
{"@t":"2022-12-07T18:23:34.6512716Z","@mt":"Memory is overutilized, so cooling down segment {Segment} ({HotCount} events)","Segment":"2022-11-08T18:00:00.0000000Z","HotCount":65,"SourceContext":"Flare.Cache.SegmentCache"}
{"@t":"2022-12-07T18:23:34.6517588Z","@mt":"Memory is overutilized, so cooling down segment {Segment} ({HotCount} events)","Segment":"2022-11-08T19:00:00.0000000Z","HotCount":65,"SourceContext":"Flare.Cache.SegmentCache"}
{"@t":"2022-12-07T18:23:34.6523195Z","@mt":"Memory is overutilized, so cooling down segment {Segment} ({HotCount} events)","Segment":"2022-11-10T17:00:00.0000000Z","HotCount":226,"SourceContext":"Flare.Cache.SegmentCache"}
{"@t":"2022-12-07T18:23:34.6527581Z","@mt":"Memory is overutilized, so cooling down segment {Segment} ({HotCount} events)","Segment":"2022-11-10T18:00:00.0000000Z","HotCount":226,"SourceContext":"Flare.Cache.SegmentCache"}
{"@t":"2022-12-07T18:23:34.6531671Z","@mt":"Memory is overutilized, so cooling down segment {Segment} ({HotCount} events)","Segment":"2022-11-10T19:00:00.0000000Z","HotCount":356,"SourceContext":"Flare.Cache.SegmentCache"}
{"@t":"2022-12-07T18:23:34.6537392Z","@mt":"Memory is overutilized, so cooling down segment {Segment} ({HotCount} events)","Segment":"2022-11-10T20:00:00.0000000Z","HotCount":360,"SourceContext":"Flare.Cache.SegmentCache"}
{"@t":"2022-12-07T18:23:34.6543320Z","@mt":"Memory is overutilized, so cooling down segment {Segment} ({HotCount} events)","Segment":"2022-11-11T17:00:00.0000000Z","HotCount":452,"SourceContext":"Flare.Cache.SegmentCache"}
{"@t":"2022-12-07T18:23:34.6546464Z","@mt":"Memory is overutilized, so cooling down segment {Segment} ({HotCount} events)","Segment":"2022-11-12T16:00:00.0000000Z","HotCount":991,"SourceContext":"Flare.Cache.SegmentCache"}
{"@t":"2022-12-07T18:23:34.6554294Z","@mt":"Memory is overutilized, so cooling down segment {Segment} ({HotCount} events)","Segment":"2022-11-13T18:00:00.0000000Z","HotCount":244,"SourceContext":"Flare.Cache.SegmentCache"}
{"@t":"2022-12-07T18:23:34.6573129Z","@mt":"Memory is overutilized, so cooling down segment {Segment} ({HotCount} events)","Segment":"2022-11-14T20:00:00.0000000Z","HotCount":434,"SourceContext":"Flare.Cache.SegmentCache"}
{"@t":"2022-12-07T18:23:34.6589813Z","@mt":"Memory is overutilized, so cooling down segment {Segment} ({HotCount} events)","Segment":"2022-11-14T21:00:00.0000000Z","HotCount":226,"SourceContext":"Flare.Cache.SegmentCache"}
{"@t":"2022-12-07T18:23:34.6597449Z","@mt":"Memory is overutilized, so cooling down segment {Segment} ({HotCount} events)","Segment":"2022-11-15T16:00:00.0000000Z","HotCount":793,"SourceContext":"Flare.Cache.SegmentCache"}
{"@t":"2022-12-07T18:23:34.6602514Z","@mt":"Memory is overutilized, so cooling down segment {Segment} ({HotCount} events)","Segment":"2022-11-16T20:00:00.0000000Z","HotCount":110,"SourceContext":"Flare.Cache.SegmentCache"}
{"@t":"2022-12-07T18:23:34.6606388Z","@mt":"Memory is overutilized, so cooling down segment {Segment} ({HotCount} events)","Segment":"2022-11-17T18:00:00.0000000Z","HotCount":401,"SourceContext":"Flare.Cache.SegmentCache"}
{"@t":"2022-12-07T18:23:34.6610530Z","@mt":"Memory is overutilized, so cooling down segment {Segment} ({HotCount} events)","Segment":"2022-11-17T19:00:00.0000000Z","HotCount":493,"SourceContext":"Flare.Cache.SegmentCache"}
{"@t":"2022-12-07T18:23:34.6614137Z","@mt":"Memory is overutilized, so cooling down segment {Segment} ({HotCount} events)","Segment":"2022-11-17T20:00:00.0000000Z","HotCount":494,"SourceContext":"Flare.Cache.SegmentCache"}
{"@t":"2022-12-07T18:23:34.6618286Z","@mt":"Memory is overutilized, so cooling down segment {Segment} ({HotCount} events)","Segment":"2022-11-18T13:00:00.0000000Z","HotCount":226,"SourceContext":"Flare.Cache.SegmentCache"}
{"@t":"2022-12-07T18:23:34.6623023Z","@mt":"Memory is overutilized, so cooling down segment {Segment} ({HotCount} events)","Segment":"2022-11-18T15:00:00.0000000Z","HotCount":466,"SourceContext":"Flare.Cache.SegmentCache"}
{"@t":"2022-12-07T18:23:34.6630279Z","@mt":"Memory is overutilized, so cooling down segment {Segment} ({HotCount} events)","Segment":"2022-11-18T16:00:00.0000000Z","HotCount":1181,"SourceContext":"Flare.Cache.SegmentCache"}
{"@t":"2022-12-07T18:23:34.6634504Z","@mt":"Memory is overutilized, so cooling down segment {Segment} ({HotCount} events)","Segment":"2022-11-18T20:00:00.0000000Z","HotCount":460,"SourceContext":"Flare.Cache.SegmentCache"}
{"@t":"2022-12-07T18:23:34.6638138Z","@mt":"Memory is overutilized, so cooling down segment {Segment} ({HotCount} events)","Segment":"2022-11-18T21:00:00.0000000Z","HotCount":238,"SourceContext":"Flare.Cache.SegmentCache"}
{"@t":"2022-12-07T18:23:34.6641450Z","@mt":"Memory is overutilized, so cooling down segment {Segment} ({HotCount} events)","Segment":"2022-11-19T15:00:00.0000000Z","HotCount":244,"SourceContext":"Flare.Cache.SegmentCache"}
{"@t":"2022-12-07T18:23:34.6644575Z","@mt":"Memory is overutilized, so cooling down segment {Segment} ({HotCount} events)","Segment":"2022-11-19T16:00:00.0000000Z","HotCount":1099,"SourceContext":"Flare.Cache.SegmentCache"}
{"@t":"2022-12-07T18:23:34.6648289Z","@mt":"Memory is overutilized, so cooling down segment {Segment} ({HotCount} events)","Segment":"2022-11-19T17:00:00.0000000Z","HotCount":565,"SourceContext":"Flare.Cache.SegmentCache"}
{"@t":"2022-12-07T18:23:34.6652720Z","@mt":"Memory is overutilized, so cooling down segment {Segment} ({HotCount} events)","Segment":"2022-11-19T19:00:00.0000000Z","HotCount":270,"SourceContext":"Flare.Cache.SegmentCache"}
{"@t":"2022-12-07T18:23:34.6657998Z","@mt":"Memory is overutilized, so cooling down segment {Segment} ({HotCount} events)","Segment":"2022-11-21T15:00:00.0000000Z","HotCount":254,"SourceContext":"Flare.Cache.SegmentCache"}
{"@t":"2022-12-07T18:23:34.6661867Z","@mt":"Memory is overutilized, so cooling down segment {Segment} ({HotCount} events)","Segment":"2022-11-21T17:00:00.0000000Z","HotCount":91,"SourceContext":"Flare.Cache.SegmentCache"}
{"@t":"2022-12-07T18:23:34.6665833Z","@mt":"Memory is overutilized, so cooling down segment {Segment} ({HotCount} events)","Segment":"2022-11-22T17:00:00.0000000Z","HotCount":764,"SourceContext":"Flare.Cache.SegmentCache"}
{"@t":"2022-12-07T18:23:34.6669707Z","@mt":"Memory is overutilized, so cooling down segment {Segment} ({HotCount} events)","Segment":"2022-11-22T18:00:00.0000000Z","HotCount":656,"SourceContext":"Flare.Cache.SegmentCache"}
{"@t":"2022-12-07T18:23:34.6673645Z","@mt":"Memory is overutilized, so cooling down segment {Segment} ({HotCount} events)","Segment":"2022-11-23T16:00:00.0000000Z","HotCount":1151,"SourceContext":"Flare.Cache.SegmentCache"}
{"@t":"2022-12-07T18:23:34.6677531Z","@mt":"Memory is overutilized, so cooling down segment {Segment} ({HotCount} events)","Segment":"2022-11-24T16:00:00.0000000Z","HotCount":277,"SourceContext":"Flare.Cache.SegmentCache"}
{"@t":"2022-12-07T18:23:34.6680860Z","@mt":"Memory is overutilized, so cooling down segment {Segment} ({HotCount} events)","Segment":"2022-11-24T17:00:00.0000000Z","HotCount":624,"SourceContext":"Flare.Cache.SegmentCache"}
{"@t":"2022-12-07T18:23:34.6684195Z","@mt":"Memory is overutilized, so cooling down segment {Segment} ({HotCount} events)","Segment":"2022-11-29T16:00:00.0000000Z","HotCount":300,"SourceContext":"Flare.Cache.SegmentCache"}
{"@t":"2022-12-07T18:23:34.6687579Z","@mt":"Memory is overutilized, so cooling down segment {Segment} ({HotCount} events)","Segment":"2022-12-01T16:00:00.0000000Z","HotCount":291,"SourceContext":"Flare.Cache.SegmentCache"}
{"@t":"2022-12-07T18:23:34.6691806Z","@mt":"Memory is overutilized, so cooling down segment {Segment} ({HotCount} events)","Segment":"2022-12-01T17:00:00.0000000Z","HotCount":354,"SourceContext":"Flare.Cache.SegmentCache"}
{"@t":"2022-12-07T18:23:34.6695601Z","@mt":"Memory is overutilized, so cooling down segment {Segment} ({HotCount} events)","Segment":"2022-12-01T18:00:00.0000000Z","HotCount":240,"SourceContext":"Flare.Cache.SegmentCache"}
{"@t":"2022-12-07T18:23:34.6699114Z","@mt":"Memory is overutilized, so cooling down segment {Segment} ({HotCount} events)","Segment":"2022-12-05T19:00:00.0000000Z","HotCount":584,"SourceContext":"Flare.Cache.SegmentCache"}
{"@t":"2022-12-07T18:23:34.6709781Z","@mt":"Memory is overutilized, so cooling down segment {Segment} ({HotCount} events)","Segment":"2022-12-05T20:00:00.0000000Z","HotCount":533,"SourceContext":"Flare.Cache.SegmentCache"}
{"@t":"2022-12-07T18:23:34.6715452Z","@mt":"Memory is overutilized, so cooling down segment {Segment} ({HotCount} events)","Segment":"2022-12-07T18:00:00.0000000Z","HotCount":69,"SourceContext":"Flare.Cache.SegmentCache"}
{"@t":"2022-12-07T18:24:20.6035614Z","@mt":"{CollectionCount} more generation 2 garbage collection(s) occurred","CollectionCount":3,"SourceContext":"Seq.Server.Features.Diagnostics.GCLogger"}
