{"@t":"2022-10-02T11:29:22.1045351Z","@mt":"Seq {SeqVersion} running on OS {OSCaption}","SeqVersion":"2022.1.7929","OSCaption":"Linux 5.10.124-linuxkit #1 SMP Thu Jun 30 08:19:10 UTC 2022","SourceContext":"Seq.Server.Features.Diagnostics.EnvironmentInformationWriter"}
{"@t":"2022-10-02T11:29:22.2082637Z","@mt":"Seq detected {TotalRAM} MB of RAM","TotalRAM":2081.394688,"SourceContext":"Seq.Server.Features.Diagnostics.EnvironmentInformationWriter"}
{"@t":"2022-10-02T11:29:22.8000127Z","@mt":"Opening event store at {StreamPath}","StreamPath":"/data/Stream/stream.flare","SourceContext":"Flare.Cluster.StorageNodeCoordinator"}
{"@t":"2022-10-02T11:29:23.0634245Z","@mt":"Ingestion enabled","SourceContext":"Flare.Cluster.StorageNodeCoordinator"}
{"@t":"2022-10-02T11:29:23.0701534Z","@mt":"Cache warm-up is required","SourceContext":"Flare.Cache.SegmentCache","OperationId":"09dcba0a-b311-4018-9998-28e4097c1a2d"}
{"@t":"2022-10-02T11:29:23.0773573Z","@mt":"Opening metastore {MetastorePath}","MetastorePath":"/data/Documents/metastore.flare","SourceContext":"Quince.Storage.Native.NativeDocumentStore"}
{"@t":"2022-10-02T11:29:23.2420376Z","@mt":"Storage subsystem available"}
{"@t":"2022-10-02T11:29:23.3404174Z","@mt":"Seq listening on {ListenUris}","ListenUris":["http://localhost/","https://localhost/","http://localhost:5341/","https://localhost:45341/"]}
{"@t":"2022-10-02T11:29:23.4518461Z","@mt":"Initial memory cache warm-up {Outcome} in {Elapsed:0.0} ms","@r":["381.6"],"Outcome":"completed","Elapsed":381.5953,"OperationId":"09dcba0a-b311-4018-9998-28e4097c1a2d"}
{"@t":"2022-10-02T11:29:23.4547764Z","@mt":"{WarmSegments} segments warmed up ({@Shared})","WarmSegments":499,"Shared":{"Schemata":85,"Strings":1198},"SourceContext":"Flare.Cache.SegmentCache"}
{"@t":"2022-10-02T11:30:23.3771482Z","@mt":"{CollectionCount} more generation 2 garbage collection(s) occurred","CollectionCount":2,"SourceContext":"Seq.Server.Features.Diagnostics.GCLogger"}
{"@t":"2022-10-02T11:35:02.2275419Z","@mt":"Seq {SeqVersion} running on OS {OSCaption}","SeqVersion":"2022.1.7929","OSCaption":"Linux 5.10.124-linuxkit #1 SMP Thu Jun 30 08:19:10 UTC 2022","SourceContext":"Seq.Server.Features.Diagnostics.EnvironmentInformationWriter"}
{"@t":"2022-10-02T11:35:02.2770677Z","@mt":"Seq detected {TotalRAM} MB of RAM","TotalRAM":2081.394688,"SourceContext":"Seq.Server.Features.Diagnostics.EnvironmentInformationWriter"}
{"@t":"2022-10-02T11:35:02.6433953Z","@mt":"Opening event store at {StreamPath}","StreamPath":"/data/Stream/stream.flare","SourceContext":"Flare.Cluster.StorageNodeCoordinator"}
{"@t":"2022-10-02T11:35:02.8236121Z","@mt":"Ingestion enabled","SourceContext":"Flare.Cluster.StorageNodeCoordinator"}
{"@t":"2022-10-02T11:35:02.8333455Z","@mt":"Cache warm-up is required","SourceContext":"Flare.Cache.SegmentCache","OperationId":"84e4b3d6-08c8-4789-939d-5826fbd9fb61"}
{"@t":"2022-10-02T11:35:02.8396434Z","@mt":"Opening metastore {MetastorePath}","MetastorePath":"/data/Documents/metastore.flare","SourceContext":"Quince.Storage.Native.NativeDocumentStore"}
{"@t":"2022-10-02T11:35:03.0128268Z","@mt":"Storage subsystem available"}
{"@t":"2022-10-02T11:35:03.1059665Z","@mt":"Seq listening on {ListenUris}","ListenUris":["http://localhost/","https://localhost/","http://localhost:5341/","https://localhost:45341/"]}
{"@t":"2022-10-02T11:35:03.2293098Z","@mt":"Initial memory cache warm-up {Outcome} in {Elapsed:0.0} ms","@r":["395.9"],"Outcome":"completed","Elapsed":395.855,"OperationId":"84e4b3d6-08c8-4789-939d-5826fbd9fb61"}
{"@t":"2022-10-02T11:35:03.2321258Z","@mt":"{WarmSegments} segments warmed up ({@Shared})","WarmSegments":567,"Shared":{"Schemata":85,"Strings":1198},"SourceContext":"Flare.Cache.SegmentCache"}
{"@t":"2022-10-02T11:36:03.1647382Z","@mt":"{CollectionCount} more generation 2 garbage collection(s) occurred","CollectionCount":2,"SourceContext":"Seq.Server.Features.Diagnostics.GCLogger"}
{"@t":"2022-10-02T11:36:19.2028727Z","@mt":"Termination signal received"}
{"@t":"2022-10-02T11:36:19.2146848Z","@mt":"Signalling for {Workers} worker task(s) to complete","Workers":3,"SourceContext":"Flare.Workers.WorkerPool"}
{"@t":"2022-10-02T11:36:19.2321080Z","@mt":"Work {WorkDescription} ({WorkId}) observed cancellation and completed","WorkDescription":"Monitor alerts and trigger notifications","WorkId":"2fcf659d-69bd-4b15-8503-93b2087e3d65","SourceContext":"Flare.Workers.WorkerPool"}
{"@t":"2022-10-02T11:36:19.2805645Z","@mt":"Work {WorkDescription} ({WorkId}) observed cancellation and completed","WorkDescription":"Manage event cache resources","WorkId":"e5f9e795-629b-4d4d-8963-a68a9eb22757","SourceContext":"Flare.Workers.WorkerPool"}
{"@t":"2022-10-02T11:36:29.5137576Z","@mt":"Seq {SeqVersion} running on OS {OSCaption}","SeqVersion":"2022.1.7929","OSCaption":"Linux 5.10.124-linuxkit #1 SMP Thu Jun 30 08:19:10 UTC 2022","SourceContext":"Seq.Server.Features.Diagnostics.EnvironmentInformationWriter"}
{"@t":"2022-10-02T11:36:29.5633352Z","@mt":"Seq detected {TotalRAM} MB of RAM","TotalRAM":2081.394688,"SourceContext":"Seq.Server.Features.Diagnostics.EnvironmentInformationWriter"}
{"@t":"2022-10-02T11:36:29.8510101Z","@mt":"Opening event store at {StreamPath}","StreamPath":"/data/Stream/stream.flare","SourceContext":"Flare.Cluster.StorageNodeCoordinator"}
{"@t":"2022-10-02T11:36:30.0156033Z","@mt":"Ingestion enabled","SourceContext":"Flare.Cluster.StorageNodeCoordinator"}
{"@t":"2022-10-02T11:36:30.0211096Z","@mt":"Cache warm-up is required","SourceContext":"Flare.Cache.SegmentCache","OperationId":"799ebec5-42eb-416e-800a-18b888ea9368"}
{"@t":"2022-10-02T11:36:30.0267746Z","@mt":"Opening metastore {MetastorePath}","MetastorePath":"/data/Documents/metastore.flare","SourceContext":"Quince.Storage.Native.NativeDocumentStore"}
{"@t":"2022-10-02T11:36:30.1206018Z","@mt":"Storage subsystem available"}
{"@t":"2022-10-02T11:36:30.2048435Z","@mt":"Seq listening on {ListenUris}","ListenUris":["http://localhost/","https://localhost/","http://localhost:5341/","https://localhost:45341/"]}
{"@t":"2022-10-02T11:36:30.3276262Z","@mt":"Initial memory cache warm-up {Outcome} in {Elapsed:0.0} ms","@r":["306.5"],"Outcome":"completed","Elapsed":306.4936,"OperationId":"799ebec5-42eb-416e-800a-18b888ea9368"}
{"@t":"2022-10-02T11:36:30.3310949Z","@mt":"{WarmSegments} segments warmed up ({@Shared})","WarmSegments":567,"Shared":{"Schemata":85,"Strings":1200},"SourceContext":"Flare.Cache.SegmentCache"}
{"@t":"2022-10-02T11:37:30.2472909Z","@mt":"{CollectionCount} more generation 2 garbage collection(s) occurred","CollectionCount":2,"SourceContext":"Seq.Server.Features.Diagnostics.GCLogger"}
{"@t":"2022-10-02T11:41:30.2605741Z","@mt":"Metrics sampled","CacheDays":23.625,"CacheEvents":8243,"SystemMemoryUtilization":0.6036784196885583,"ProcessWorkingSetBytes":180510720,"GCTotalHeapSizeBytes":22265000,"GCTotalFragmentedBytes":92600,"GCPauseTimePercentage":3.63,"GCGen0EnterHeapSizeBytes":65674136,"GCGen0ExitHeapSizeBytes":96,"GCGen0EnterFragmentedBytes":328720,"GCGen0ExitFragmentedBytes":0,"GCGen1EnterHeapSizeBytes":6955680,"GCGen1ExitHeapSizeBytes":4532152,"GCGen1EnterFragmentedBytes":114072,"GCGen1ExitFragmentedBytes":92184,"GCGen2EnterHeapSizeBytes":96,"GCGen2ExitHeapSizeBytes":6674552,"GCGen2EnterFragmentedBytes":0,"GCGen2ExitFragmentedBytes":288,"GCGen3EnterHeapSizeBytes":21332368,"GCGen3ExitHeapSizeBytes":10846552,"GCGen3EnterFragmentedBytes":160,"GCGen3ExitFragmentedBytes":128,"GCGen4EnterHeapSizeBytes":211648,"GCGen4ExitHeapSizeBytes":211648,"GCGen4EnterFragmentedBytes":0,"GCGen4ExitFragmentedBytes":0,"GCPause0DurationMs":22.925,"GCPause1DurationMs":22.925,"ProcessThreads":37,"ArrivedEventsPerMinute":0,"IngestedEventsPerMinute":0,"IngestedBytesPerMinute":0,"InvalidPayloadsPerMinute":0,"UnauthorizedPayloadsPerMinute":0,"TotalWriteTimeLastMinute":"Flare.Diagnostics.Counters.RateCounter","BroadcastQueueCount":0,"BroadcastSubscriptionQueuesAggregateCount":0}
{"@t":"2022-10-02T11:46:30.2479993Z","@mt":"Metrics sampled","CacheDays":23.625,"CacheEvents":8243,"SystemMemoryUtilization":0.6305187610818002,"ProcessWorkingSetBytes":179220480,"GCTotalHeapSizeBytes":22265000,"GCTotalFragmentedBytes":92600,"GCPauseTimePercentage":3.63,"GCGen0EnterHeapSizeBytes":65674136,"GCGen0ExitHeapSizeBytes":96,"GCGen0EnterFragmentedBytes":328720,"GCGen0ExitFragmentedBytes":0,"GCGen1EnterHeapSizeBytes":6955680,"GCGen1ExitHeapSizeBytes":4532152,"GCGen1EnterFragmentedBytes":114072,"GCGen1ExitFragmentedBytes":92184,"GCGen2EnterHeapSizeBytes":96,"GCGen2ExitHeapSizeBytes":6674552,"GCGen2EnterFragmentedBytes":0,"GCGen2ExitFragmentedBytes":288,"GCGen3EnterHeapSizeBytes":21332368,"GCGen3ExitHeapSizeBytes":10846552,"GCGen3EnterFragmentedBytes":160,"GCGen3ExitFragmentedBytes":128,"GCGen4EnterHeapSizeBytes":211648,"GCGen4ExitHeapSizeBytes":211648,"GCGen4EnterFragmentedBytes":0,"GCGen4ExitFragmentedBytes":0,"GCPause0DurationMs":22.925,"GCPause1DurationMs":22.925,"ProcessThreads":37,"ArrivedEventsPerMinute":0,"IngestedEventsPerMinute":0,"IngestedBytesPerMinute":0,"InvalidPayloadsPerMinute":0,"UnauthorizedPayloadsPerMinute":0,"TotalWriteTimeLastMinute":"Flare.Diagnostics.Counters.RateCounter","BroadcastQueueCount":0,"BroadcastSubscriptionQueuesAggregateCount":0}
{"@t":"2022-10-02T11:46:30.2535322Z","@mt":"Applying {Count} retention policies","Count":0,"SourceContext":"Seq.Server.Features.Retention.RetentionPolicyApplier"}
{"@t":"2022-10-02T11:46:30.2568894Z","@mt":"Retention processing and compaction took {Elapsed} ms; allocating {Allocation} ms for indexing","Elapsed":6.1321,"Allocation":599993.8679}
{"@t":"2022-10-02T11:46:30.2595025Z","@mt":"Beginning indexing","SourceContext":"Seq.Server.Features.Indexing.EventStoreIndexer"}
{"@t":"2022-10-02T11:46:30.4020346Z","@mt":"Wrote {IndexSetCount} index sets in {Elapsed:0.000} ms","@r":["141.000"],"IndexSetCount":0,"Elapsed":141,"SourceContext":"Seq.Server.Features.Indexing.EventStoreIndexer"}
{"@t":"2022-10-02T11:46:30.4026852Z","@mt":"Indexing took {Elapsed} ms; total iteration time was {Iteration} ms","Elapsed":144,"Iteration":150.9994}
{"@t":"2022-10-02T11:51:30.2466006Z","@mt":"Metrics sampled","CacheDays":23.625,"CacheEvents":8243,"SystemMemoryUtilization":0.6367983658465068,"ProcessWorkingSetBytes":190619648,"GCTotalHeapSizeBytes":22265000,"GCTotalFragmentedBytes":92600,"GCPauseTimePercentage":3.63,"GCGen0EnterHeapSizeBytes":65674136,"GCGen0ExitHeapSizeBytes":96,"GCGen0EnterFragmentedBytes":328720,"GCGen0ExitFragmentedBytes":0,"GCGen1EnterHeapSizeBytes":6955680,"GCGen1ExitHeapSizeBytes":4532152,"GCGen1EnterFragmentedBytes":114072,"GCGen1ExitFragmentedBytes":92184,"GCGen2EnterHeapSizeBytes":96,"GCGen2ExitHeapSizeBytes":6674552,"GCGen2EnterFragmentedBytes":0,"GCGen2ExitFragmentedBytes":288,"GCGen3EnterHeapSizeBytes":21332368,"GCGen3ExitHeapSizeBytes":10846552,"GCGen3EnterFragmentedBytes":160,"GCGen3ExitFragmentedBytes":128,"GCGen4EnterHeapSizeBytes":211648,"GCGen4ExitHeapSizeBytes":211648,"GCGen4EnterFragmentedBytes":0,"GCGen4ExitFragmentedBytes":0,"GCPause0DurationMs":22.925,"GCPause1DurationMs":22.925,"ProcessThreads":36,"ArrivedEventsPerMinute":0,"IngestedEventsPerMinute":0,"IngestedBytesPerMinute":0,"InvalidPayloadsPerMinute":0,"UnauthorizedPayloadsPerMinute":0,"TotalWriteTimeLastMinute":"Flare.Diagnostics.Counters.RateCounter","BroadcastQueueCount":0,"BroadcastSubscriptionQueuesAggregateCount":0}
{"@t":"2022-10-02T11:56:30.2457894Z","@mt":"Metrics sampled","CacheDays":23.625,"CacheEvents":8243,"SystemMemoryUtilization":0.6411238347505575,"ProcessWorkingSetBytes":197873664,"GCTotalHeapSizeBytes":22265000,"GCTotalFragmentedBytes":92600,"GCPauseTimePercentage":3.63,"GCGen0EnterHeapSizeBytes":65674136,"GCGen0ExitHeapSizeBytes":96,"GCGen0EnterFragmentedBytes":328720,"GCGen0ExitFragmentedBytes":0,"GCGen1EnterHeapSizeBytes":6955680,"GCGen1ExitHeapSizeBytes":4532152,"GCGen1EnterFragmentedBytes":114072,"GCGen1ExitFragmentedBytes":92184,"GCGen2EnterHeapSizeBytes":96,"GCGen2ExitHeapSizeBytes":6674552,"GCGen2EnterFragmentedBytes":0,"GCGen2ExitFragmentedBytes":288,"GCGen3EnterHeapSizeBytes":21332368,"GCGen3ExitHeapSizeBytes":10846552,"GCGen3EnterFragmentedBytes":160,"GCGen3ExitFragmentedBytes":128,"GCGen4EnterHeapSizeBytes":211648,"GCGen4ExitHeapSizeBytes":211648,"GCGen4EnterFragmentedBytes":0,"GCGen4ExitFragmentedBytes":0,"GCPause0DurationMs":22.925,"GCPause1DurationMs":22.925,"ProcessThreads":31,"ArrivedEventsPerMinute":0,"IngestedEventsPerMinute":0,"IngestedBytesPerMinute":0,"InvalidPayloadsPerMinute":0,"UnauthorizedPayloadsPerMinute":0,"TotalWriteTimeLastMinute":"Flare.Diagnostics.Counters.RateCounter","BroadcastQueueCount":0,"BroadcastSubscriptionQueuesAggregateCount":0}
{"@t":"2022-10-02T11:56:30.2513681Z","@mt":"Applying {Count} retention policies","Count":0,"SourceContext":"Seq.Server.Features.Retention.RetentionPolicyApplier"}
{"@t":"2022-10-02T11:56:30.2520059Z","@mt":"Retention processing and compaction took {Elapsed} ms; allocating {Allocation} ms for indexing","Elapsed":0.6724,"Allocation":599999.3276}
{"@t":"2022-10-02T11:56:30.2524312Z","@mt":"Beginning indexing","SourceContext":"Seq.Server.Features.Indexing.EventStoreIndexer"}
{"@t":"2022-10-02T11:56:30.2553325Z","@mt":"Wrote {IndexSetCount} index sets in {Elapsed:0.000} ms","@r":["2.000"],"IndexSetCount":0,"Elapsed":2,"SourceContext":"Seq.Server.Features.Indexing.EventStoreIndexer"}
{"@t":"2022-10-02T11:56:30.2558540Z","@mt":"Indexing took {Elapsed} ms; total iteration time was {Iteration} ms","Elapsed":3,"Iteration":4.0921}
{"@t":"2022-10-02T12:01:30.2442670Z","@mt":"Metrics sampled","CacheDays":23.625,"CacheEvents":8243,"SystemMemoryUtilization":0.6451127908326824,"ProcessWorkingSetBytes":202637312,"GCTotalHeapSizeBytes":22265000,"GCTotalFragmentedBytes":92600,"GCPauseTimePercentage":3.63,"GCGen0EnterHeapSizeBytes":65674136,"GCGen0ExitHeapSizeBytes":96,"GCGen0EnterFragmentedBytes":328720,"GCGen0ExitFragmentedBytes":0,"GCGen1EnterHeapSizeBytes":6955680,"GCGen1ExitHeapSizeBytes":4532152,"GCGen1EnterFragmentedBytes":114072,"GCGen1ExitFragmentedBytes":92184,"GCGen2EnterHeapSizeBytes":96,"GCGen2ExitHeapSizeBytes":6674552,"GCGen2EnterFragmentedBytes":0,"GCGen2ExitFragmentedBytes":288,"GCGen3EnterHeapSizeBytes":21332368,"GCGen3ExitHeapSizeBytes":10846552,"GCGen3EnterFragmentedBytes":160,"GCGen3ExitFragmentedBytes":128,"GCGen4EnterHeapSizeBytes":211648,"GCGen4ExitHeapSizeBytes":211648,"GCGen4EnterFragmentedBytes":0,"GCGen4ExitFragmentedBytes":0,"GCPause0DurationMs":22.925,"GCPause1DurationMs":22.925,"ProcessThreads":32,"ArrivedEventsPerMinute":0,"IngestedEventsPerMinute":0,"IngestedBytesPerMinute":0,"InvalidPayloadsPerMinute":0,"UnauthorizedPayloadsPerMinute":0,"TotalWriteTimeLastMinute":"Flare.Diagnostics.Counters.RateCounter","BroadcastQueueCount":0,"BroadcastSubscriptionQueuesAggregateCount":0}
{"@t":"2022-10-02T12:06:30.2444000Z","@mt":"Metrics sampled","CacheDays":23.625,"CacheEvents":8243,"SystemMemoryUtilization":0.645425688719736,"ProcessWorkingSetBytes":204308480,"GCTotalHeapSizeBytes":22265000,"GCTotalFragmentedBytes":92600,"GCPauseTimePercentage":3.63,"GCGen0EnterHeapSizeBytes":65674136,"GCGen0ExitHeapSizeBytes":96,"GCGen0EnterFragmentedBytes":328720,"GCGen0ExitFragmentedBytes":0,"GCGen1EnterHeapSizeBytes":6955680,"GCGen1ExitHeapSizeBytes":4532152,"GCGen1EnterFragmentedBytes":114072,"GCGen1ExitFragmentedBytes":92184,"GCGen2EnterHeapSizeBytes":96,"GCGen2ExitHeapSizeBytes":6674552,"GCGen2EnterFragmentedBytes":0,"GCGen2ExitFragmentedBytes":288,"GCGen3EnterHeapSizeBytes":21332368,"GCGen3ExitHeapSizeBytes":10846552,"GCGen3EnterFragmentedBytes":160,"GCGen3ExitFragmentedBytes":128,"GCGen4EnterHeapSizeBytes":211648,"GCGen4ExitHeapSizeBytes":211648,"GCGen4EnterFragmentedBytes":0,"GCGen4ExitFragmentedBytes":0,"GCPause0DurationMs":22.925,"GCPause1DurationMs":22.925,"ProcessThreads":32,"ArrivedEventsPerMinute":0,"IngestedEventsPerMinute":0,"IngestedBytesPerMinute":0,"InvalidPayloadsPerMinute":0,"UnauthorizedPayloadsPerMinute":0,"TotalWriteTimeLastMinute":"Flare.Diagnostics.Counters.RateCounter","BroadcastQueueCount":0,"BroadcastSubscriptionQueuesAggregateCount":0}
{"@t":"2022-10-02T12:06:30.2542285Z","@mt":"Applying {Count} retention policies","Count":0,"SourceContext":"Seq.Server.Features.Retention.RetentionPolicyApplier"}
{"@t":"2022-10-02T12:06:30.2547650Z","@mt":"Retention processing and compaction took {Elapsed} ms; allocating {Allocation} ms for indexing","Elapsed":0.5653,"Allocation":599999.4347}
{"@t":"2022-10-02T12:06:30.2553964Z","@mt":"Beginning indexing","SourceContext":"Seq.Server.Features.Indexing.EventStoreIndexer"}
{"@t":"2022-10-02T12:06:30.2583338Z","@mt":"Wrote {IndexSetCount} index sets in {Elapsed:0.000} ms","@r":["2.000"],"IndexSetCount":0,"Elapsed":2,"SourceContext":"Seq.Server.Features.Indexing.EventStoreIndexer"}
{"@t":"2022-10-02T12:06:30.2587580Z","@mt":"Indexing took {Elapsed} ms; total iteration time was {Iteration} ms","Elapsed":3,"Iteration":3.9249}
{"@t":"2022-10-02T12:11:30.2442535Z","@mt":"Metrics sampled","CacheDays":23.625,"CacheEvents":8243,"SystemMemoryUtilization":0.6516521598809808,"ProcessWorkingSetBytes":205127680,"GCTotalHeapSizeBytes":22265000,"GCTotalFragmentedBytes":92600,"GCPauseTimePercentage":3.63,"GCGen0EnterHeapSizeBytes":65674136,"GCGen0ExitHeapSizeBytes":96,"GCGen0EnterFragmentedBytes":328720,"GCGen0ExitFragmentedBytes":0,"GCGen1EnterHeapSizeBytes":6955680,"GCGen1ExitHeapSizeBytes":4532152,"GCGen1EnterFragmentedBytes":114072,"GCGen1ExitFragmentedBytes":92184,"GCGen2EnterHeapSizeBytes":96,"GCGen2ExitHeapSizeBytes":6674552,"GCGen2EnterFragmentedBytes":0,"GCGen2ExitFragmentedBytes":288,"GCGen3EnterHeapSizeBytes":21332368,"GCGen3ExitHeapSizeBytes":10846552,"GCGen3EnterFragmentedBytes":160,"GCGen3ExitFragmentedBytes":128,"GCGen4EnterHeapSizeBytes":211648,"GCGen4ExitHeapSizeBytes":211648,"GCGen4EnterFragmentedBytes":0,"GCGen4ExitFragmentedBytes":0,"GCPause0DurationMs":22.925,"GCPause1DurationMs":22.925,"ProcessThreads":31,"ArrivedEventsPerMinute":0,"IngestedEventsPerMinute":0,"IngestedBytesPerMinute":0,"InvalidPayloadsPerMinute":0,"UnauthorizedPayloadsPerMinute":0,"TotalWriteTimeLastMinute":"Flare.Diagnostics.Counters.RateCounter","BroadcastQueueCount":0,"BroadcastSubscriptionQueuesAggregateCount":0}
{"@t":"2022-10-02T12:16:30.2448950Z","@mt":"Metrics sampled","CacheDays":23.625,"CacheEvents":8243,"SystemMemoryUtilization":0.652022127193975,"ProcessWorkingSetBytes":205770752,"GCTotalHeapSizeBytes":22265000,"GCTotalFragmentedBytes":92600,"GCPauseTimePercentage":3.63,"GCGen0EnterHeapSizeBytes":65674136,"GCGen0ExitHeapSizeBytes":96,"GCGen0EnterFragmentedBytes":328720,"GCGen0ExitFragmentedBytes":0,"GCGen1EnterHeapSizeBytes":6955680,"GCGen1ExitHeapSizeBytes":4532152,"GCGen1EnterFragmentedBytes":114072,"GCGen1ExitFragmentedBytes":92184,"GCGen2EnterHeapSizeBytes":96,"GCGen2ExitHeapSizeBytes":6674552,"GCGen2EnterFragmentedBytes":0,"GCGen2ExitFragmentedBytes":288,"GCGen3EnterHeapSizeBytes":21332368,"GCGen3ExitHeapSizeBytes":10846552,"GCGen3EnterFragmentedBytes":160,"GCGen3ExitFragmentedBytes":128,"GCGen4EnterHeapSizeBytes":211648,"GCGen4ExitHeapSizeBytes":211648,"GCGen4EnterFragmentedBytes":0,"GCGen4ExitFragmentedBytes":0,"GCPause0DurationMs":22.925,"GCPause1DurationMs":22.925,"ProcessThreads":31,"ArrivedEventsPerMinute":0,"IngestedEventsPerMinute":0,"IngestedBytesPerMinute":0,"InvalidPayloadsPerMinute":0,"UnauthorizedPayloadsPerMinute":0,"TotalWriteTimeLastMinute":"Flare.Diagnostics.Counters.RateCounter","BroadcastQueueCount":0,"BroadcastSubscriptionQueuesAggregateCount":0}
{"@t":"2022-10-02T12:16:30.2550252Z","@mt":"Applying {Count} retention policies","Count":0,"SourceContext":"Seq.Server.Features.Retention.RetentionPolicyApplier"}
{"@t":"2022-10-02T12:16:30.2555245Z","@mt":"Retention processing and compaction took {Elapsed} ms; allocating {Allocation} ms for indexing","Elapsed":0.5298,"Allocation":599999.4702}
{"@t":"2022-10-02T12:16:30.2559547Z","@mt":"Beginning indexing","SourceContext":"Seq.Server.Features.Indexing.EventStoreIndexer"}
{"@t":"2022-10-02T12:16:30.2595399Z","@mt":"Wrote {IndexSetCount} index sets in {Elapsed:0.000} ms","@r":["1.000"],"IndexSetCount":0,"Elapsed":1,"SourceContext":"Seq.Server.Features.Indexing.EventStoreIndexer"}
{"@t":"2022-10-02T12:16:30.2598856Z","@mt":"Indexing took {Elapsed} ms; total iteration time was {Iteration} ms","Elapsed":3,"Iteration":4.4595}
{"@t":"2022-10-02T12:19:56.6045831Z","@mt":"Termination signal received"}
{"@t":"2022-10-02T12:19:56.6194078Z","@mt":"Signalling for {Workers} worker task(s) to complete","Workers":3,"SourceContext":"Flare.Workers.WorkerPool"}
{"@t":"2022-10-02T12:19:56.9349637Z","@mt":"Work {WorkDescription} ({WorkId}) observed cancellation and completed","WorkDescription":"Monitor alerts and trigger notifications","WorkId":"3157b15e-1a8d-4ecf-9777-d4038276a494","SourceContext":"Flare.Workers.WorkerPool"}
{"@t":"2022-10-02T12:19:56.9821693Z","@mt":"Work {WorkDescription} ({WorkId}) observed cancellation and completed","WorkDescription":"Manage event cache resources","WorkId":"cd7f7048-c6ff-4542-b605-d18df9ad3909","SourceContext":"Flare.Workers.WorkerPool"}
{"@t":"2022-10-02T12:20:00.3574286Z","@mt":"Work {WorkDescription} ({WorkId}) observed cancellation and completed","WorkDescription":"Sample system memory","WorkId":"b2dbcba7-371b-4aa7-b012-8896e5b0e5a8","SourceContext":"Flare.Workers.WorkerPool"}
{"@t":"2022-10-02T12:20:00.4327816Z","@mt":"Stopping {Tasks} scheduled tasks","Tasks":15,"SourceContext":"Seq.Server.Tasks.TaskRunner"}
{"@t":"2022-10-02T12:20:00.4388264Z","@mt":"Stopping input channel","SourceContext":"Seq.Server.Features.Apps.Inputs.InputChannel"}
{"@t":"2022-10-02T12:20:00.8187690Z","@mt":"Shutting down input channel; {AcceptedCount} queued events will be written","AcceptedCount":0,"SourceContext":"Seq.Server.Features.Apps.Inputs.InputChannel"}
{"@t":"2022-10-02T12:20:00.8206039Z","@mt":"Stopping broadcast channel","SourceContext":"Flare.Broadcast.BroadcastChannel"}
{"@t":"2022-10-02T12:20:01.8167571Z","@mt":"Shutting down broadcast channel with {AllowableFlush} flushable event batches (+{Tolerance} tolerance)","AllowableFlush":0,"Tolerance":15,"SourceContext":"Flare.Broadcast.BroadcastChannel"}
{"@t":"2022-10-02T12:20:01.8203893Z","@mt":"Closing event store","SourceContext":"Flare.Cluster.StorageNodeCoordinator"}
{"@t":"2022-10-02T12:20:01.8215170Z","@mt":"Closing metastore","SourceContext":"Quince.Storage.Native.NativeDocumentStore"}
{"@t":"2022-10-02T12:20:01.8238064Z","@mt":"Server stopped cleanly"}
