{"@t":"2022-10-14T17:56:51.9547705Z","@mt":"Seq {SeqVersion} running on OS {OSCaption}","SeqVersion":"2022.1.7929","OSCaption":"Linux 5.10.124-linuxkit #1 SMP Thu Jun 30 08:19:10 UTC 2022","SourceContext":"Seq.Server.Features.Diagnostics.EnvironmentInformationWriter"}
{"@t":"2022-10-14T17:56:52.0495486Z","@mt":"Seq detected {TotalRAM} MB of RAM","TotalRAM":2081.394688,"SourceContext":"Seq.Server.Features.Diagnostics.EnvironmentInformationWriter"}
{"@t":"2022-10-14T17:56:52.4013667Z","@mt":"Opening event store at {StreamPath}","StreamPath":"/data/Stream/stream.flare","SourceContext":"Flare.Cluster.StorageNodeCoordinator"}
{"@t":"2022-10-14T17:56:52.6021773Z","@mt":"Ingestion enabled","SourceContext":"Flare.Cluster.StorageNodeCoordinator"}
{"@t":"2022-10-14T17:56:52.6066260Z","@mt":"Cache warm-up is required","SourceContext":"Flare.Cache.SegmentCache","OperationId":"329b511a-a674-4ad3-9fe1-88f07a8e5dd9"}
{"@t":"2022-10-14T17:56:52.6131406Z","@mt":"Opening metastore {MetastorePath}","MetastorePath":"/data/Documents/metastore.flare","SourceContext":"Quince.Storage.Native.NativeDocumentStore"}
{"@t":"2022-10-14T17:56:52.7179966Z","@mt":"Storage subsystem available"}
{"@t":"2022-10-14T17:56:52.7977848Z","@mt":"Seq listening on {ListenUris}","ListenUris":["http://localhost/","https://localhost/","http://localhost:5341/","https://localhost:45341/"]}
{"@t":"2022-10-14T17:56:53.3845087Z","@mt":"Initial memory cache warm-up {Outcome} in {Elapsed:0.0} ms","@r":["777.7"],"Outcome":"completed","Elapsed":777.71,"OperationId":"329b511a-a674-4ad3-9fe1-88f07a8e5dd9"}
{"@t":"2022-10-14T17:56:53.3857572Z","@mt":"{WarmSegments} segments warmed up ({@Shared})","WarmSegments":836,"Shared":{"Schemata":108,"Strings":1711},"SourceContext":"Flare.Cache.SegmentCache"}
{"@t":"2022-10-14T17:57:10.6797544Z","@mt":"Termination signal received"}
{"@t":"2022-10-14T17:57:10.6888212Z","@mt":"Signalling for {Workers} worker task(s) to complete","Workers":3,"SourceContext":"Flare.Workers.WorkerPool"}
{"@t":"2022-10-14T17:57:10.6897967Z","@mt":"Work {WorkDescription} ({WorkId}) observed cancellation and completed","WorkDescription":"Monitor alerts and trigger notifications","WorkId":"8865042e-5e4e-4557-880f-926b94432f80","SourceContext":"Flare.Workers.WorkerPool"}
{"@t":"2022-10-14T17:57:11.4197859Z","@mt":"Work {WorkDescription} ({WorkId}) observed cancellation and completed","WorkDescription":"Manage event cache resources","WorkId":"a4ce4819-c5ec-415f-8f6b-d2daa27f6d24","SourceContext":"Flare.Workers.WorkerPool"}
{"@t":"2022-10-14T17:57:12.6082220Z","@mt":"Work {WorkDescription} ({WorkId}) observed cancellation and completed","WorkDescription":"Sample system memory","WorkId":"b2a5a49a-8992-41d7-9fa9-2e32377f52c9","SourceContext":"Flare.Workers.WorkerPool"}
{"@t":"2022-10-14T17:57:12.6952061Z","@mt":"Stopping {Tasks} scheduled tasks","Tasks":15,"SourceContext":"Seq.Server.Tasks.TaskRunner"}
{"@t":"2022-10-14T17:57:12.6977015Z","@mt":"Stopping input channel","SourceContext":"Seq.Server.Features.Apps.Inputs.InputChannel"}
{"@t":"2022-10-14T17:57:12.8279410Z","@mt":"Shutting down input channel; {AcceptedCount} queued events will be written","AcceptedCount":0,"SourceContext":"Seq.Server.Features.Apps.Inputs.InputChannel"}
{"@t":"2022-10-14T17:57:12.8312834Z","@mt":"Stopping broadcast channel","SourceContext":"Flare.Broadcast.BroadcastChannel"}
{"@t":"2022-10-14T17:57:13.8223770Z","@mt":"Shutting down broadcast channel with {AllowableFlush} flushable event batches (+{Tolerance} tolerance)","AllowableFlush":0,"Tolerance":15,"SourceContext":"Flare.Broadcast.BroadcastChannel"}
{"@t":"2022-10-14T17:57:13.8260918Z","@mt":"Closing event store","SourceContext":"Flare.Cluster.StorageNodeCoordinator"}
{"@t":"2022-10-14T17:57:13.8276694Z","@mt":"Closing metastore","SourceContext":"Quince.Storage.Native.NativeDocumentStore"}
{"@t":"2022-10-14T17:57:13.8316828Z","@mt":"Server stopped cleanly"}
{"@t":"2022-10-14T17:57:23.5509753Z","@mt":"Seq {SeqVersion} running on OS {OSCaption}","SeqVersion":"2022.1.7929","OSCaption":"Linux 5.10.124-linuxkit #1 SMP Thu Jun 30 08:19:10 UTC 2022","SourceContext":"Seq.Server.Features.Diagnostics.EnvironmentInformationWriter"}
{"@t":"2022-10-14T17:57:23.6071831Z","@mt":"Seq detected {TotalRAM} MB of RAM","TotalRAM":2081.394688,"SourceContext":"Seq.Server.Features.Diagnostics.EnvironmentInformationWriter"}
{"@t":"2022-10-14T17:57:23.9703081Z","@mt":"Opening event store at {StreamPath}","StreamPath":"/data/Stream/stream.flare","SourceContext":"Flare.Cluster.StorageNodeCoordinator"}
{"@t":"2022-10-14T17:57:24.1482294Z","@mt":"Ingestion enabled","SourceContext":"Flare.Cluster.StorageNodeCoordinator"}
{"@t":"2022-10-14T17:57:24.1526728Z","@mt":"Cache warm-up is required","SourceContext":"Flare.Cache.SegmentCache","OperationId":"dfc06a69-ab48-44ff-a0c3-a2341decf121"}
{"@t":"2022-10-14T17:57:24.1596567Z","@mt":"Opening metastore {MetastorePath}","MetastorePath":"/data/Documents/metastore.flare","SourceContext":"Quince.Storage.Native.NativeDocumentStore"}
{"@t":"2022-10-14T17:57:24.2802403Z","@mt":"Storage subsystem available"}
{"@t":"2022-10-14T17:57:24.3761455Z","@mt":"Seq listening on {ListenUris}","ListenUris":["http://localhost/","https://localhost/","http://localhost:5341/","https://localhost:45341/"]}
{"@t":"2022-10-14T17:57:25.1960557Z","@mt":"Initial memory cache warm-up {Outcome} in {Elapsed:0.0} ms","@r":["1043.1"],"Outcome":"completed","Elapsed":1043.1451,"OperationId":"dfc06a69-ab48-44ff-a0c3-a2341decf121"}
{"@t":"2022-10-14T17:57:25.1979702Z","@mt":"{WarmSegments} segments warmed up ({@Shared})","WarmSegments":836,"Shared":{"Schemata":108,"Strings":1711},"SourceContext":"Flare.Cache.SegmentCache"}
{"@t":"2022-10-14T17:58:24.4223974Z","@mt":"{CollectionCount} more generation 2 garbage collection(s) occurred","CollectionCount":2,"SourceContext":"Seq.Server.Features.Diagnostics.GCLogger"}
{"@t":"2022-10-14T18:02:24.4308126Z","@mt":"Metrics sampled","CacheDays":35.875,"CacheEvents":13862,"SystemMemoryUtilization":0.6064295596011438,"ProcessWorkingSetBytes":224305152,"GCTotalHeapSizeBytes":24995544,"GCTotalFragmentedBytes":141928,"GCPauseTimePercentage":4.16,"GCGen0EnterHeapSizeBytes":107136944,"GCGen0ExitHeapSizeBytes":96,"GCGen0EnterFragmentedBytes":283616,"GCGen0ExitFragmentedBytes":0,"GCGen1EnterHeapSizeBytes":7310840,"GCGen1ExitHeapSizeBytes":6992896,"GCGen1EnterFragmentedBytes":123104,"GCGen1ExitFragmentedBytes":141432,"GCGen2EnterHeapSizeBytes":96,"GCGen2ExitHeapSizeBytes":6800960,"GCGen2EnterFragmentedBytes":0,"GCGen2ExitFragmentedBytes":336,"GCGen3EnterHeapSizeBytes":21475760,"GCGen3ExitHeapSizeBytes":10989944,"GCGen3EnterFragmentedBytes":192,"GCGen3ExitFragmentedBytes":160,"GCGen4EnterHeapSizeBytes":211648,"GCGen4ExitHeapSizeBytes":211648,"GCGen4EnterFragmentedBytes":0,"GCGen4ExitFragmentedBytes":0,"GCPause0DurationMs":58.897,"GCPause1DurationMs":58.897,"ProcessThreads":32,"ArrivedEventsPerMinute":0,"IngestedEventsPerMinute":0,"IngestedBytesPerMinute":0,"InvalidPayloadsPerMinute":0,"UnauthorizedPayloadsPerMinute":0,"TotalWriteTimeLastMinute":"Flare.Diagnostics.Counters.RateCounter","BroadcastQueueCount":0,"BroadcastSubscriptionQueuesAggregateCount":0}
{"@t":"2022-10-14T18:07:24.4228243Z","@mt":"Metrics sampled","CacheDays":35.875,"CacheEvents":13862,"SystemMemoryUtilization":0.6170267616249436,"ProcessWorkingSetBytes":225968128,"GCTotalHeapSizeBytes":24995544,"GCTotalFragmentedBytes":141928,"GCPauseTimePercentage":4.16,"GCGen0EnterHeapSizeBytes":107136944,"GCGen0ExitHeapSizeBytes":96,"GCGen0EnterFragmentedBytes":283616,"GCGen0ExitFragmentedBytes":0,"GCGen1EnterHeapSizeBytes":7310840,"GCGen1ExitHeapSizeBytes":6992896,"GCGen1EnterFragmentedBytes":123104,"GCGen1ExitFragmentedBytes":141432,"GCGen2EnterHeapSizeBytes":96,"GCGen2ExitHeapSizeBytes":6800960,"GCGen2EnterFragmentedBytes":0,"GCGen2ExitFragmentedBytes":336,"GCGen3EnterHeapSizeBytes":21475760,"GCGen3ExitHeapSizeBytes":10989944,"GCGen3EnterFragmentedBytes":192,"GCGen3ExitFragmentedBytes":160,"GCGen4EnterHeapSizeBytes":211648,"GCGen4ExitHeapSizeBytes":211648,"GCGen4EnterFragmentedBytes":0,"GCGen4ExitFragmentedBytes":0,"GCPause0DurationMs":58.897,"GCPause1DurationMs":58.897,"ProcessThreads":32,"ArrivedEventsPerMinute":0,"IngestedEventsPerMinute":0,"IngestedBytesPerMinute":0,"InvalidPayloadsPerMinute":0,"UnauthorizedPayloadsPerMinute":0,"TotalWriteTimeLastMinute":"Flare.Diagnostics.Counters.RateCounter","BroadcastQueueCount":0,"BroadcastSubscriptionQueuesAggregateCount":0}
{"@t":"2022-10-14T18:07:24.4314508Z","@mt":"Applying {Count} retention policies","Count":0,"SourceContext":"Seq.Server.Features.Retention.RetentionPolicyApplier"}
{"@t":"2022-10-14T18:07:24.4344534Z","@mt":"Retention processing and compaction took {Elapsed} ms; allocating {Allocation} ms for indexing","Elapsed":4.3662,"Allocation":599995.6338}
{"@t":"2022-10-14T18:07:24.4362502Z","@mt":"Beginning indexing","SourceContext":"Seq.Server.Features.Indexing.EventStoreIndexer"}
{"@t":"2022-10-14T18:07:24.5728390Z","@mt":"Wrote {IndexSetCount} index sets in {Elapsed:0.000} ms","@r":["135.000"],"IndexSetCount":0,"Elapsed":135,"SourceContext":"Seq.Server.Features.Indexing.EventStoreIndexer"}
{"@t":"2022-10-14T18:07:24.5734870Z","@mt":"Indexing took {Elapsed} ms; total iteration time was {Iteration} ms","Elapsed":138,"Iteration":142.7468}
{"@t":"2022-10-14T18:11:17.4198511Z","@mt":"Termination signal received"}
{"@t":"2022-10-14T18:11:17.4421021Z","@mt":"Signalling for {Workers} worker task(s) to complete","Workers":3,"SourceContext":"Flare.Workers.WorkerPool"}
{"@t":"2022-10-14T18:11:17.6838570Z","@mt":"Work {WorkDescription} ({WorkId}) observed cancellation and completed","WorkDescription":"Monitor alerts and trigger notifications","WorkId":"04d5fc33-0380-4f46-b15a-7e2e27682561","SourceContext":"Flare.Workers.WorkerPool"}
{"@t":"2022-10-14T18:11:18.4356159Z","@mt":"Work {WorkDescription} ({WorkId}) observed cancellation and completed","WorkDescription":"Manage event cache resources","WorkId":"b53fef34-01d5-48f2-9f11-dac8003c95ea","SourceContext":"Flare.Workers.WorkerPool"}
{"@t":"2022-10-14T18:11:19.2385838Z","@mt":"Work {WorkDescription} ({WorkId}) observed cancellation and completed","WorkDescription":"Sample system memory","WorkId":"9b45e96b-da09-4dfe-a64d-2c75ab079237","SourceContext":"Flare.Workers.WorkerPool"}
{"@t":"2022-10-14T18:11:19.2477211Z","@mt":"Stopping {Tasks} scheduled tasks","Tasks":15,"SourceContext":"Seq.Server.Tasks.TaskRunner"}
{"@t":"2022-10-14T18:11:19.2513842Z","@mt":"Stopping input channel","SourceContext":"Seq.Server.Features.Apps.Inputs.InputChannel"}
{"@t":"2022-10-14T18:11:19.5642804Z","@mt":"Shutting down input channel; {AcceptedCount} queued events will be written","AcceptedCount":0,"SourceContext":"Seq.Server.Features.Apps.Inputs.InputChannel"}
{"@t":"2022-10-14T18:11:19.5656932Z","@mt":"Stopping broadcast channel","SourceContext":"Flare.Broadcast.BroadcastChannel"}
{"@t":"2022-10-14T18:11:20.5636847Z","@mt":"Shutting down broadcast channel with {AllowableFlush} flushable event batches (+{Tolerance} tolerance)","AllowableFlush":0,"Tolerance":15,"SourceContext":"Flare.Broadcast.BroadcastChannel"}
{"@t":"2022-10-14T18:11:20.5675986Z","@mt":"Closing event store","SourceContext":"Flare.Cluster.StorageNodeCoordinator"}
{"@t":"2022-10-14T18:11:20.5685382Z","@mt":"Closing metastore","SourceContext":"Quince.Storage.Native.NativeDocumentStore"}
{"@t":"2022-10-14T18:11:20.5713997Z","@mt":"Server stopped cleanly"}
{"@t":"2022-10-14T18:11:23.5112612Z","@mt":"Seq {SeqVersion} running on OS {OSCaption}","SeqVersion":"2022.1.7929","OSCaption":"Linux 5.10.124-linuxkit #1 SMP Thu Jun 30 08:19:10 UTC 2022","SourceContext":"Seq.Server.Features.Diagnostics.EnvironmentInformationWriter"}
{"@t":"2022-10-14T18:11:23.5632123Z","@mt":"Seq detected {TotalRAM} MB of RAM","TotalRAM":2081.394688,"SourceContext":"Seq.Server.Features.Diagnostics.EnvironmentInformationWriter"}
{"@t":"2022-10-14T18:11:23.8277065Z","@mt":"Opening event store at {StreamPath}","StreamPath":"/data/Stream/stream.flare","SourceContext":"Flare.Cluster.StorageNodeCoordinator"}
{"@t":"2022-10-14T18:11:23.9846203Z","@mt":"Ingestion enabled","SourceContext":"Flare.Cluster.StorageNodeCoordinator"}
{"@t":"2022-10-14T18:11:23.9906843Z","@mt":"Cache warm-up is required","SourceContext":"Flare.Cache.SegmentCache","OperationId":"d6072c1a-a7d7-495a-afcb-8f64cc039909"}
{"@t":"2022-10-14T18:11:23.9976395Z","@mt":"Opening metastore {MetastorePath}","MetastorePath":"/data/Documents/metastore.flare","SourceContext":"Quince.Storage.Native.NativeDocumentStore"}
{"@t":"2022-10-14T18:11:24.0945423Z","@mt":"Storage subsystem available"}
{"@t":"2022-10-14T18:11:24.1498298Z","@mt":"Seq listening on {ListenUris}","ListenUris":["http://localhost/","https://localhost/","http://localhost:5341/","https://localhost:45341/"]}
{"@t":"2022-10-14T18:11:24.7126768Z","@mt":"Initial memory cache warm-up {Outcome} in {Elapsed:0.0} ms","@r":["721.9"],"Outcome":"completed","Elapsed":721.9008,"OperationId":"d6072c1a-a7d7-495a-afcb-8f64cc039909"}
{"@t":"2022-10-14T18:11:24.7135057Z","@mt":"{WarmSegments} segments warmed up ({@Shared})","WarmSegments":861,"Shared":{"Schemata":108,"Strings":1711},"SourceContext":"Flare.Cache.SegmentCache"}
{"@t":"2022-10-14T18:12:24.1875181Z","@mt":"{CollectionCount} more generation 2 garbage collection(s) occurred","CollectionCount":2,"SourceContext":"Seq.Server.Features.Diagnostics.GCLogger"}
{"@t":"2022-10-14T18:13:07.0649127Z","@mt":"Termination signal received"}
{"@t":"2022-10-14T18:13:07.0753611Z","@mt":"Signalling for {Workers} worker task(s) to complete","Workers":3,"SourceContext":"Flare.Workers.WorkerPool"}
{"@t":"2022-10-14T18:13:07.2760605Z","@mt":"Work {WorkDescription} ({WorkId}) observed cancellation and completed","WorkDescription":"Monitor alerts and trigger notifications","WorkId":"19b1672f-8cbe-47e0-a4e4-a63911e0d889","SourceContext":"Flare.Workers.WorkerPool"}
{"@t":"2022-10-14T18:13:07.7675848Z","@mt":"Work {WorkDescription} ({WorkId}) observed cancellation and completed","WorkDescription":"Manage event cache resources","WorkId":"e1723cda-9c18-4c77-a082-a804595c5fe0","SourceContext":"Flare.Workers.WorkerPool"}
{"@t":"2022-10-14T18:13:09.0083903Z","@mt":"Work {WorkDescription} ({WorkId}) observed cancellation and completed","WorkDescription":"Sample system memory","WorkId":"cdf735e5-4459-48f5-9bed-12808c409d04","SourceContext":"Flare.Workers.WorkerPool"}
{"@t":"2022-10-14T18:13:09.0813729Z","@mt":"Stopping {Tasks} scheduled tasks","Tasks":15,"SourceContext":"Seq.Server.Tasks.TaskRunner"}
{"@t":"2022-10-14T18:13:09.0845327Z","@mt":"Stopping input channel","SourceContext":"Seq.Server.Features.Apps.Inputs.InputChannel"}
{"@t":"2022-10-14T18:13:09.1916573Z","@mt":"Shutting down input channel; {AcceptedCount} queued events will be written","AcceptedCount":0,"SourceContext":"Seq.Server.Features.Apps.Inputs.InputChannel"}
{"@t":"2022-10-14T18:13:09.1939124Z","@mt":"Stopping broadcast channel","SourceContext":"Flare.Broadcast.BroadcastChannel"}
{"@t":"2022-10-14T18:13:10.1895637Z","@mt":"Shutting down broadcast channel with {AllowableFlush} flushable event batches (+{Tolerance} tolerance)","AllowableFlush":0,"Tolerance":15,"SourceContext":"Flare.Broadcast.BroadcastChannel"}
{"@t":"2022-10-14T18:13:10.1923321Z","@mt":"Closing event store","SourceContext":"Flare.Cluster.StorageNodeCoordinator"}
{"@t":"2022-10-14T18:13:10.1934815Z","@mt":"Closing metastore","SourceContext":"Quince.Storage.Native.NativeDocumentStore"}
{"@t":"2022-10-14T18:13:10.1955296Z","@mt":"Server stopped cleanly"}
{"@t":"2022-10-14T18:13:27.9725123Z","@mt":"Seq {SeqVersion} running on OS {OSCaption}","SeqVersion":"2022.1.7929","OSCaption":"Linux 5.10.124-linuxkit #1 SMP Thu Jun 30 08:19:10 UTC 2022","SourceContext":"Seq.Server.Features.Diagnostics.EnvironmentInformationWriter"}
{"@t":"2022-10-14T18:13:28.0329161Z","@mt":"Seq detected {TotalRAM} MB of RAM","TotalRAM":2081.394688,"SourceContext":"Seq.Server.Features.Diagnostics.EnvironmentInformationWriter"}
{"@t":"2022-10-14T18:13:28.3929104Z","@mt":"Opening event store at {StreamPath}","StreamPath":"/data/Stream/stream.flare","SourceContext":"Flare.Cluster.StorageNodeCoordinator"}
{"@t":"2022-10-14T18:13:28.5812897Z","@mt":"Ingestion enabled","SourceContext":"Flare.Cluster.StorageNodeCoordinator"}
{"@t":"2022-10-14T18:13:28.5910593Z","@mt":"Cache warm-up is required","SourceContext":"Flare.Cache.SegmentCache","OperationId":"4c092479-7dfd-4df1-8ce8-ee1c27e84147"}
{"@t":"2022-10-14T18:13:28.5942303Z","@mt":"Opening metastore {MetastorePath}","MetastorePath":"/data/Documents/metastore.flare","SourceContext":"Quince.Storage.Native.NativeDocumentStore"}
{"@t":"2022-10-14T18:13:28.7713362Z","@mt":"Storage subsystem available"}
{"@t":"2022-10-14T18:13:28.9037708Z","@mt":"Seq listening on {ListenUris}","ListenUris":["http://localhost/","https://localhost/","http://localhost:5341/","https://localhost:45341/"]}
{"@t":"2022-10-14T18:13:29.6231574Z","@mt":"Initial memory cache warm-up {Outcome} in {Elapsed:0.0} ms","@r":["1032.0"],"Outcome":"completed","Elapsed":1031.9514,"OperationId":"4c092479-7dfd-4df1-8ce8-ee1c27e84147"}
{"@t":"2022-10-14T18:13:29.6249526Z","@mt":"{WarmSegments} segments warmed up ({@Shared})","WarmSegments":862,"Shared":{"Schemata":108,"Strings":1712},"SourceContext":"Flare.Cache.SegmentCache"}
{"@t":"2022-10-14T18:14:28.9664987Z","@mt":"{CollectionCount} more generation 2 garbage collection(s) occurred","CollectionCount":2,"SourceContext":"Seq.Server.Features.Diagnostics.GCLogger"}
{"@t":"2022-10-14T18:18:28.9844889Z","@mt":"Metrics sampled","CacheDays":35.916666666666664,"CacheEvents":13992,"SystemMemoryUtilization":0.6185204062555962,"ProcessWorkingSetBytes":218509312,"GCTotalHeapSizeBytes":24920272,"GCTotalFragmentedBytes":143984,"GCPauseTimePercentage":3.83,"GCGen0EnterHeapSizeBytes":108603104,"GCGen0ExitHeapSizeBytes":96,"GCGen0EnterFragmentedBytes":283952,"GCGen0ExitFragmentedBytes":0,"GCGen1EnterHeapSizeBytes":7216216,"GCGen1ExitHeapSizeBytes":6941968,"GCGen1EnterFragmentedBytes":119304,"GCGen1ExitFragmentedBytes":143520,"GCGen2EnterHeapSizeBytes":96,"GCGen2ExitHeapSizeBytes":6920008,"GCGen2EnterFragmentedBytes":0,"GCGen2ExitFragmentedBytes":336,"GCGen3EnterHeapSizeBytes":21332368,"GCGen3ExitHeapSizeBytes":10846552,"GCGen3EnterFragmentedBytes":160,"GCGen3ExitFragmentedBytes":128,"GCGen4EnterHeapSizeBytes":211648,"GCGen4ExitHeapSizeBytes":211648,"GCGen4EnterFragmentedBytes":0,"GCGen4ExitFragmentedBytes":0,"GCPause0DurationMs":34.628,"GCPause1DurationMs":34.628,"ProcessThreads":36,"ArrivedEventsPerMinute":0,"IngestedEventsPerMinute":0,"IngestedBytesPerMinute":0,"InvalidPayloadsPerMinute":0,"UnauthorizedPayloadsPerMinute":0,"TotalWriteTimeLastMinute":"Flare.Diagnostics.Counters.RateCounter","BroadcastQueueCount":0,"BroadcastSubscriptionQueuesAggregateCount":0}
{"@t":"2022-10-14T18:23:28.9591944Z","@mt":"Applying {Count} retention policies","Count":0,"SourceContext":"Seq.Server.Features.Retention.RetentionPolicyApplier"}
{"@t":"2022-10-14T18:23:28.9559525Z","@mt":"Metrics sampled","CacheDays":35.916666666666664,"CacheEvents":13992,"SystemMemoryUtilization":0.6318549728133063,"ProcessWorkingSetBytes":215568384,"GCTotalHeapSizeBytes":24920272,"GCTotalFragmentedBytes":143984,"GCPauseTimePercentage":3.83,"GCGen0EnterHeapSizeBytes":108603104,"GCGen0ExitHeapSizeBytes":96,"GCGen0EnterFragmentedBytes":283952,"GCGen0ExitFragmentedBytes":0,"GCGen1EnterHeapSizeBytes":7216216,"GCGen1ExitHeapSizeBytes":6941968,"GCGen1EnterFragmentedBytes":119304,"GCGen1ExitFragmentedBytes":143520,"GCGen2EnterHeapSizeBytes":96,"GCGen2ExitHeapSizeBytes":6920008,"GCGen2EnterFragmentedBytes":0,"GCGen2ExitFragmentedBytes":336,"GCGen3EnterHeapSizeBytes":21332368,"GCGen3ExitHeapSizeBytes":10846552,"GCGen3EnterFragmentedBytes":160,"GCGen3ExitFragmentedBytes":128,"GCGen4EnterHeapSizeBytes":211648,"GCGen4ExitHeapSizeBytes":211648,"GCGen4EnterFragmentedBytes":0,"GCGen4ExitFragmentedBytes":0,"GCPause0DurationMs":34.628,"GCPause1DurationMs":34.628,"ProcessThreads":32,"ArrivedEventsPerMinute":0,"IngestedEventsPerMinute":0,"IngestedBytesPerMinute":0,"InvalidPayloadsPerMinute":0,"UnauthorizedPayloadsPerMinute":0,"TotalWriteTimeLastMinute":"Flare.Diagnostics.Counters.RateCounter","BroadcastQueueCount":0,"BroadcastSubscriptionQueuesAggregateCount":0}
{"@t":"2022-10-14T18:23:28.9635162Z","@mt":"Retention processing and compaction took {Elapsed} ms; allocating {Allocation} ms for indexing","Elapsed":6.7586,"Allocation":599993.2414}
{"@t":"2022-10-14T18:23:28.9662593Z","@mt":"Beginning indexing","SourceContext":"Seq.Server.Features.Indexing.EventStoreIndexer"}
{"@t":"2022-10-14T18:23:29.1001914Z","@mt":"Wrote {IndexSetCount} index sets in {Elapsed:0.000} ms","@r":["133.000"],"IndexSetCount":0,"Elapsed":133,"SourceContext":"Seq.Server.Features.Indexing.EventStoreIndexer"}
{"@t":"2022-10-14T18:23:29.1008602Z","@mt":"Indexing took {Elapsed} ms; total iteration time was {Iteration} ms","Elapsed":136,"Iteration":142.8777}
{"@t":"2022-10-14T18:28:28.9555438Z","@mt":"Metrics sampled","CacheDays":35.916666666666664,"CacheEvents":13992,"SystemMemoryUtilization":0.6334352055384893,"ProcessWorkingSetBytes":219250688,"GCTotalHeapSizeBytes":24920272,"GCTotalFragmentedBytes":143984,"GCPauseTimePercentage":3.83,"GCGen0EnterHeapSizeBytes":108603104,"GCGen0ExitHeapSizeBytes":96,"GCGen0EnterFragmentedBytes":283952,"GCGen0ExitFragmentedBytes":0,"GCGen1EnterHeapSizeBytes":7216216,"GCGen1ExitHeapSizeBytes":6941968,"GCGen1EnterFragmentedBytes":119304,"GCGen1ExitFragmentedBytes":143520,"GCGen2EnterHeapSizeBytes":96,"GCGen2ExitHeapSizeBytes":6920008,"GCGen2EnterFragmentedBytes":0,"GCGen2ExitFragmentedBytes":336,"GCGen3EnterHeapSizeBytes":21332368,"GCGen3ExitHeapSizeBytes":10846552,"GCGen3EnterFragmentedBytes":160,"GCGen3ExitFragmentedBytes":128,"GCGen4EnterHeapSizeBytes":211648,"GCGen4ExitHeapSizeBytes":211648,"GCGen4EnterFragmentedBytes":0,"GCGen4ExitFragmentedBytes":0,"GCPause0DurationMs":34.628,"GCPause1DurationMs":34.628,"ProcessThreads":32,"ArrivedEventsPerMinute":0,"IngestedEventsPerMinute":0,"IngestedBytesPerMinute":0,"InvalidPayloadsPerMinute":0,"UnauthorizedPayloadsPerMinute":0,"TotalWriteTimeLastMinute":"Flare.Diagnostics.Counters.RateCounter","BroadcastQueueCount":0,"BroadcastSubscriptionQueuesAggregateCount":0}
{"@t":"2022-10-14T18:33:01.1800087Z","@mt":"Termination signal received"}
{"@t":"2022-10-14T18:33:01.1963168Z","@mt":"Signalling for {Workers} worker task(s) to complete","Workers":3,"SourceContext":"Flare.Workers.WorkerPool"}
{"@t":"2022-10-14T18:33:01.2971511Z","@mt":"Work {WorkDescription} ({WorkId}) observed cancellation and completed","WorkDescription":"Monitor alerts and trigger notifications","WorkId":"559c4fdf-b609-43bb-b908-6444da505ae6","SourceContext":"Flare.Workers.WorkerPool"}
{"@t":"2022-10-14T18:33:01.9565214Z","@mt":"Work {WorkDescription} ({WorkId}) observed cancellation and completed","WorkDescription":"Manage event cache resources","WorkId":"9667c740-01d9-4221-a004-f4d5b72ec94c","SourceContext":"Flare.Workers.WorkerPool"}
{"@t":"2022-10-14T18:33:03.7496354Z","@mt":"Work {WorkDescription} ({WorkId}) observed cancellation and completed","WorkDescription":"Sample system memory","WorkId":"1a152eb4-54b2-4c53-abd3-723ac24ce494","SourceContext":"Flare.Workers.WorkerPool"}
{"@t":"2022-10-14T18:33:03.8028311Z","@mt":"Stopping {Tasks} scheduled tasks","Tasks":15,"SourceContext":"Seq.Server.Tasks.TaskRunner"}
{"@t":"2022-10-14T18:33:03.8059255Z","@mt":"Stopping input channel","SourceContext":"Seq.Server.Features.Apps.Inputs.InputChannel"}
{"@t":"2022-10-14T18:33:04.1981325Z","@mt":"Shutting down input channel; {AcceptedCount} queued events will be written","AcceptedCount":0,"SourceContext":"Seq.Server.Features.Apps.Inputs.InputChannel"}
{"@t":"2022-10-14T18:33:04.1994891Z","@mt":"Stopping broadcast channel","SourceContext":"Flare.Broadcast.BroadcastChannel"}
{"@t":"2022-10-14T18:33:05.1976440Z","@mt":"Shutting down broadcast channel with {AllowableFlush} flushable event batches (+{Tolerance} tolerance)","AllowableFlush":0,"Tolerance":15,"SourceContext":"Flare.Broadcast.BroadcastChannel"}
{"@t":"2022-10-14T18:33:05.2002964Z","@mt":"Closing event store","SourceContext":"Flare.Cluster.StorageNodeCoordinator"}
{"@t":"2022-10-14T18:33:05.2012965Z","@mt":"Closing metastore","SourceContext":"Quince.Storage.Native.NativeDocumentStore"}
{"@t":"2022-10-14T18:33:05.2037678Z","@mt":"Server stopped cleanly"}
