{"@t":"2022-12-02T15:23:30.1031352Z","@mt":"Seq {SeqVersion} running on OS {OSCaption}","SeqVersion":"2022.1.7929","OSCaption":"Linux 5.15.49-linuxkit #1 SMP Tue Sep 13 07:51:46 UTC 2022","SourceContext":"Seq.Server.Features.Diagnostics.EnvironmentInformationWriter"}
{"@t":"2022-12-02T15:23:30.2273929Z","@mt":"Seq detected {TotalRAM} MB of RAM","TotalRAM":2080.894976,"SourceContext":"Seq.Server.Features.Diagnostics.EnvironmentInformationWriter"}
{"@t":"2022-12-02T15:23:30.7231561Z","@mt":"Opening event store at {StreamPath}","StreamPath":"/data/Stream/stream.flare","SourceContext":"Flare.Cluster.StorageNodeCoordinator"}
{"@t":"2022-12-02T15:23:30.9447676Z","@mt":"Ingestion enabled","SourceContext":"Flare.Cluster.StorageNodeCoordinator"}
{"@t":"2022-12-02T15:23:30.9518259Z","@mt":"Cache warm-up is required","SourceContext":"Flare.Cache.SegmentCache","OperationId":"4603d0fd-526e-40c6-b085-fd68848dfa99"}
{"@t":"2022-12-02T15:23:30.9633404Z","@mt":"Opening metastore {MetastorePath}","MetastorePath":"/data/Documents/metastore.flare","SourceContext":"Quince.Storage.Native.NativeDocumentStore"}
{"@t":"2022-12-02T15:23:31.1127664Z","@mt":"Storage subsystem available"}
{"@t":"2022-12-02T15:23:31.2294981Z","@mt":"Seq listening on {ListenUris}","ListenUris":["http://localhost/","https://localhost/","http://localhost:5341/","https://localhost:45341/"]}
{"@t":"2022-12-02T15:23:34.0451134Z","@mt":"Initial memory cache warm-up {Outcome} in {Elapsed:0.0} ms","@r":["3093.1"],"Outcome":"completed","Elapsed":3093.1446,"OperationId":"4603d0fd-526e-40c6-b085-fd68848dfa99"}
{"@t":"2022-12-02T15:23:34.0465651Z","@mt":"{WarmSegments} segments warmed up ({@Shared})","WarmSegments":2014,"Shared":{"Schemata":115,"Strings":3696},"SourceContext":"Flare.Cache.SegmentCache"}
{"@t":"2022-12-02T15:24:31.2893645Z","@mt":"{CollectionCount} more generation 2 garbage collection(s) occurred","CollectionCount":2,"SourceContext":"Seq.Server.Features.Diagnostics.GCLogger"}
{"@t":"2022-12-02T15:28:31.2976774Z","@mt":"Metrics sampled","CacheDays":83.91666666666667,"CacheEvents":46323,"SystemMemoryUtilization":0.3886258909397261,"ProcessWorkingSetBytes":378503168,"GCTotalHeapSizeBytes":38083856,"GCTotalFragmentedBytes":109968,"GCPauseTimePercentage":2.08,"GCGen0EnterHeapSizeBytes":93727280,"GCGen0ExitHeapSizeBytes":96,"GCGen0EnterFragmentedBytes":40552,"GCGen0ExitFragmentedBytes":0,"GCGen1EnterHeapSizeBytes":15362616,"GCGen1ExitHeapSizeBytes":4931304,"GCGen1EnterFragmentedBytes":331416,"GCGen1ExitFragmentedBytes":107784,"GCGen2EnterHeapSizeBytes":6995696,"GCGen2ExitHeapSizeBytes":21853632,"GCGen2EnterFragmentedBytes":336,"GCGen2ExitFragmentedBytes":1992,"GCGen3EnterHeapSizeBytes":21572992,"GCGen3ExitHeapSizeBytes":11087176,"GCGen3EnterFragmentedBytes":224,"GCGen3ExitFragmentedBytes":192,"GCGen4EnterHeapSizeBytes":211648,"GCGen4ExitHeapSizeBytes":211648,"GCGen4EnterFragmentedBytes":0,"GCGen4ExitFragmentedBytes":0,"GCPause0DurationMs":26.016,"GCPause1DurationMs":26.016,"ProcessThreads":31,"ArrivedEventsPerMinute":0,"IngestedEventsPerMinute":0,"IngestedBytesPerMinute":0,"InvalidPayloadsPerMinute":0,"UnauthorizedPayloadsPerMinute":0,"TotalWriteTimeLastMinute":"Flare.Diagnostics.Counters.RateCounter","BroadcastQueueCount":0,"BroadcastSubscriptionQueuesAggregateCount":0}
{"@t":"2022-12-02T15:33:17.8476876Z","@mt":"Termination signal received"}
{"@t":"2022-12-02T15:33:17.8602503Z","@mt":"Signalling for {Workers} worker task(s) to complete","Workers":3,"SourceContext":"Flare.Workers.WorkerPool"}
{"@t":"2022-12-02T15:33:18.2631058Z","@mt":"Work {WorkDescription} ({WorkId}) observed cancellation and completed","WorkDescription":"Manage event cache resources","WorkId":"f460563d-9833-4a77-a4b0-b7d55f2ce95e","SourceContext":"Flare.Workers.WorkerPool"}
{"@t":"2022-12-02T15:33:18.4658284Z","@mt":"Work {WorkDescription} ({WorkId}) observed cancellation and completed","WorkDescription":"Monitor alerts and trigger notifications","WorkId":"06865285-f00c-4120-a1a2-7d5dfa985a1a","SourceContext":"Flare.Workers.WorkerPool"}
{"@t":"2022-12-02T15:33:21.0175534Z","@mt":"Work {WorkDescription} ({WorkId}) observed cancellation and completed","WorkDescription":"Sample system memory","WorkId":"d311374e-71d9-4f7c-b1ac-5ba5aa11f3b7","SourceContext":"Flare.Workers.WorkerPool"}
{"@t":"2022-12-02T15:33:21.0686361Z","@mt":"Stopping {Tasks} scheduled tasks","Tasks":15,"SourceContext":"Seq.Server.Tasks.TaskRunner"}
{"@t":"2022-12-02T15:33:21.0727908Z","@mt":"Stopping input channel","SourceContext":"Seq.Server.Features.Apps.Inputs.InputChannel"}
{"@t":"2022-12-02T15:33:21.3806607Z","@mt":"Shutting down input channel; {AcceptedCount} queued events will be written","AcceptedCount":0,"SourceContext":"Seq.Server.Features.Apps.Inputs.InputChannel"}
{"@t":"2022-12-02T15:33:21.3823071Z","@mt":"Stopping broadcast channel","SourceContext":"Flare.Broadcast.BroadcastChannel"}
{"@t":"2022-12-02T15:33:22.3796327Z","@mt":"Shutting down broadcast channel with {AllowableFlush} flushable event batches (+{Tolerance} tolerance)","AllowableFlush":0,"Tolerance":15,"SourceContext":"Flare.Broadcast.BroadcastChannel"}
{"@t":"2022-12-02T15:33:22.3821371Z","@mt":"Closing event store","SourceContext":"Flare.Cluster.StorageNodeCoordinator"}
{"@t":"2022-12-02T15:33:22.3831135Z","@mt":"Closing metastore","SourceContext":"Quince.Storage.Native.NativeDocumentStore"}
{"@t":"2022-12-02T15:33:22.3848110Z","@mt":"Server stopped cleanly"}
